Log file opened on Mon Jan 18 12:48:27 2016
Host: gromacs  pid: 8309  rank ID: 0  number of ranks:  1
GROMACS:    gmx mdrun, VERSION 5.0.8-dev-20160114-48f335f

GROMACS is written by:
Emile Apol         Rossen Apostolov   Herman J.C. Berendsen Par Bjelkmar       
Aldert van Buuren  Rudi van Drunen    Anton Feenstra     Sebastian Fritsch  
Gerrit Groenhof    Christoph Junghans Peter Kasson       Carsten Kutzner    
Per Larsson        Justin A. Lemkul   Magnus Lundborg    Pieter Meulenhoff  
Erik Marklund      Teemu Murtola      Szilard Pall       Sander Pronk       
Roland Schulz      Alexey Shvetsov    Michael Shirts     Alfons Sijbers     
Peter Tieleman     Christian Wennberg Maarten Wolf       
and the project leaders:
Mark Abraham, Berk Hess, Erik Lindahl, and David van der Spoel

Copyright (c) 1991-2000, University of Groningen, The Netherlands.
Copyright (c) 2001-2014, The GROMACS development team at
Uppsala University, Stockholm University and
the Royal Institute of Technology, Sweden.
check out http://www.gromacs.org for more information.

GROMACS is free software; you can redistribute it and/or modify it
under the terms of the GNU Lesser General Public License
as published by the Free Software Foundation; either version 2.1
of the License, or (at your option) any later version.

GROMACS:      gmx mdrun, VERSION 5.0.8-dev-20160114-48f335f
Executable:   /nethome/mark/git/r50-make-reference/build-cmake-reference-gromacs/bin/gmx
Library dir:  /nethome/mark/git/r50-make-reference/share/top
Command line:
  gmx mdrun -notunepme

Gromacs version:    VERSION 5.0.8-dev-20160114-48f335f
GIT SHA1 hash:      48f335f1ec0239591ef7221fdbac577bb36a78bf
Branched from:      1f04b58864d00c1e243d794f034cddbf1c160d1a (1 newer local commits)
Precision:          single
Memory model:       64 bit
MPI library:        thread_mpi
OpenMP support:     enabled
GPU support:        disabled
invsqrt routine:    gmx_software_invsqrt(x)
SIMD instructions:  SSE4.1
FFT library:        fftw-3.3.4-sse2
RDTSCP usage:       enabled
C++11 compilation:  enabled
TNG support:        enabled
Tracing support:    disabled
Built on:           Mon Jan 18 10:36:52 CET 2016
Built by:           mark@gromacs [CMAKE]
Build OS/arch:      Linux 3.13.0-74-generic x86_64
Build CPU vendor:   GenuineIntel
Build CPU brand:    Intel(R) Core(TM) i7 CPU         920  @ 2.67GHz
Build CPU family:   6   Model: 26   Stepping: 4
Build CPU features: apic clfsh cmov cx8 cx16 htt lahf_lm mmx msr nonstop_tsc pdcm popcnt pse rdtscp sse2 sse3 sse4.1 sse4.2 ssse3
C compiler:         /usr/bin/gcc-4.7 GNU 4.7.3
C compiler flags:    -msse4.1    -Wno-maybe-uninitialized -Wextra -Wno-missing-field-initializers -Wno-sign-compare -Wpointer-arith -Wall -Wno-unused -Wunused-value -Wunused-parameter  -g -fno-inline 
C++ compiler:       /usr/bin/g++-4.7 GNU 4.7.3
C++ compiler flags:  -msse4.1   -std=c++0x  -Wextra -Wno-missing-field-initializers -Wpointer-arith -Wall -Wno-unused-function  -g -fno-inline 
Boost version:      1.55.0 (internal)



++++ PLEASE READ AND CITE THE FOLLOWING REFERENCE ++++
M. J. Abraham, T. Murtola, R. Schulz, S. Páll, J. C. Smith, B. Hess, E.
Lindahl
GROMACS: High performance molecular simulations through multi-level
parallelism from laptops to supercomputers
SoftwareX 1 (2015) pp. 19-25
-------- -------- --- Thank You --- -------- --------


++++ PLEASE READ AND CITE THE FOLLOWING REFERENCE ++++
S. Páll, M. J. Abraham, C. Kutzner, B. Hess, E. Lindahl
Tackling Exascale Software Challenges in Molecular Dynamics Simulations with
GROMACS
In S. Markidis & E. Laure (Eds.), Solving Software Challenges for Exascale 8759 (2015) pp. 3-27
-------- -------- --- Thank You --- -------- --------


++++ PLEASE READ AND CITE THE FOLLOWING REFERENCE ++++
S. Pronk, S. Páll, R. Schulz, P. Larsson, P. Bjelkmar, R. Apostolov, M. R.
Shirts, J. C. Smith, P. M. Kasson, D. van der Spoel, B. Hess, and E. Lindahl
GROMACS 4.5: a high-throughput and highly parallel open source molecular
simulation toolkit
Bioinformatics 29 (2013) pp. 845-54
-------- -------- --- Thank You --- -------- --------


++++ PLEASE READ AND CITE THE FOLLOWING REFERENCE ++++
B. Hess and C. Kutzner and D. van der Spoel and E. Lindahl
GROMACS 4: Algorithms for highly efficient, load-balanced, and scalable
molecular simulation
J. Chem. Theory Comput. 4 (2008) pp. 435-447
-------- -------- --- Thank You --- -------- --------


++++ PLEASE READ AND CITE THE FOLLOWING REFERENCE ++++
D. van der Spoel, E. Lindahl, B. Hess, G. Groenhof, A. E. Mark and H. J. C.
Berendsen
GROMACS: Fast, Flexible and Free
J. Comp. Chem. 26 (2005) pp. 1701-1719
-------- -------- --- Thank You --- -------- --------


++++ PLEASE READ AND CITE THE FOLLOWING REFERENCE ++++
E. Lindahl and B. Hess and D. van der Spoel
GROMACS 3.0: A package for molecular simulation and trajectory analysis
J. Mol. Mod. 7 (2001) pp. 306-317
-------- -------- --- Thank You --- -------- --------


++++ PLEASE READ AND CITE THE FOLLOWING REFERENCE ++++
H. J. C. Berendsen, D. van der Spoel and R. van Drunen
GROMACS: A message-passing parallel molecular dynamics implementation
Comp. Phys. Comm. 91 (1995) pp. 43-56
-------- -------- --- Thank You --- -------- --------

Input Parameters:
   integrator                     = md-vv
   tinit                          = 0
   dt                             = 0.002
   nsteps                         = 60
   init-step                      = 0
   simulation-part                = 1
   comm-mode                      = None
   nstcomm                        = 0
   bd-fric                        = 0
   ld-seed                        = 1993
   emtol                          = 10
   emstep                         = 0.01
   niter                          = 20
   fcstep                         = 0
   nstcgsteep                     = 1000
   nbfgscorr                      = 10
   rtpi                           = 0.05
   nstxout                        = 20
   nstvout                        = 20
   nstfout                        = 20
   nstlog                         = 10
   nstcalcenergy                  = 1
   nstenergy                      = 1
   nstxout-compressed             = 5000
   compressed-x-precision         = 60
   cutoff-scheme                  = Group
   nstlist                        = -1
   ns-type                        = Grid
   pbc                            = xyz
   periodic-molecules             = FALSE
   verlet-buffer-tolerance        = 0.005
   rlist                          = 1.1
   rlistlong                      = 1.1
   nstcalclr                      = 0
   coulombtype                    = PME-Switch
   coulomb-modifier               = None
   rcoulomb-switch                = 0.89
   rcoulomb                       = 0.9
   epsilon-r                      = 1
   epsilon-rf                     = inf
   vdw-type                       = Switch
   vdw-modifier                   = None
   rvdw-switch                    = 0.88
   rvdw                           = 0.9
   DispCorr                       = AllEnerPres
   table-extension                = 1
   fourierspacing                 = 0.1
   fourier-nx                     = 32
   fourier-ny                     = 32
   fourier-nz                     = 32
   pme-order                      = 6
   ewald-rtol                     = 1e-06
   ewald-rtol-lj                  = 0.001
   lj-pme-comb-rule               = Geometric
   ewald-geometry                 = 0
   epsilon-surface                = 0
   implicit-solvent               = No
   gb-algorithm                   = Still
   nstgbradii                     = 1
   rgbradii                       = 1
   gb-epsilon-solvent             = 80
   gb-saltconc                    = 0
   gb-obc-alpha                   = 1
   gb-obc-beta                    = 0.8
   gb-obc-gamma                   = 4.85
   gb-dielectric-offset           = 0.009
   sa-algorithm                   = Ace-approximation
   sa-surface-tension             = 2.05016
   tcoupl                         = V-rescale
   nsttcouple                     = 10
   nh-chain-length                = 0
   print-nose-hoover-chain-variables = FALSE
   pcoupl                         = No
   pcoupltype                     = Isotropic
   nstpcouple                     = -1
   tau-p                          = 1.67
   compressibility (3x3):
      compressibility[    0]={ 0.00000e+00,  0.00000e+00,  0.00000e+00}
      compressibility[    1]={ 0.00000e+00,  0.00000e+00,  0.00000e+00}
      compressibility[    2]={ 0.00000e+00,  0.00000e+00,  0.00000e+00}
   ref-p (3x3):
      ref-p[    0]={ 0.00000e+00,  0.00000e+00,  0.00000e+00}
      ref-p[    1]={ 0.00000e+00,  0.00000e+00,  0.00000e+00}
      ref-p[    2]={ 0.00000e+00,  0.00000e+00,  0.00000e+00}
   refcoord-scaling               = No
   posres-com (3):
      posres-com[0]= 0.00000e+00
      posres-com[1]= 0.00000e+00
      posres-com[2]= 0.00000e+00
   posres-comB (3):
      posres-comB[0]= 0.00000e+00
      posres-comB[1]= 0.00000e+00
      posres-comB[2]= 0.00000e+00
   QMMM                           = FALSE
   QMconstraints                  = 0
   QMMMscheme                     = 0
   MMChargeScaleFactor            = 1
qm-opts:
   ngQM                           = 0
   constraint-algorithm           = Lincs
   continuation                   = FALSE
   Shake-SOR                      = TRUE
   shake-tol                      = 5e-06
   lincs-order                    = 8
   lincs-iter                     = 1
   lincs-warnangle                = 45
   nwall                          = 0
   wall-type                      = 9-3
   wall-r-linpot                  = -1
   wall-atomtype[0]               = -1
   wall-atomtype[1]               = -1
   wall-density[0]                = 0
   wall-density[1]                = 0
   wall-ewald-zfac                = 3
   pull                           = no
   rotation                       = FALSE
   interactiveMD                  = FALSE
   disre                          = No
   disre-weighting                = Conservative
   disre-mixed                    = FALSE
   dr-fc                          = 1000
   dr-tau                         = 0
   nstdisreout                    = 100
   orire-fc                       = 0
   orire-tau                      = 0
   nstorireout                    = 100
   free-energy                    = yes
   init-lambda                    = -1
   init-lambda-state              = 1
   delta-lambda                   = 0
   nstdhdl                        = 10
   n-lambdas                      = 5
   separate-dvdl:
       fep-lambdas =   TRUE
      mass-lambdas =   FALSE
      coul-lambdas =   FALSE
       vdw-lambdas =   FALSE
    bonded-lambdas =   FALSE
 restraint-lambdas =   FALSE
temperature-lambdas =   FALSE
all-lambdas:
       fep-lambdas =            0        0.25         0.5        0.75           1
      mass-lambdas =            0        0.25         0.5        0.75           1
      coul-lambdas =            0        0.25         0.5        0.75           1
       vdw-lambdas =            0        0.25         0.5        0.75           1
    bonded-lambdas =            0        0.25         0.5        0.75           1
 restraint-lambdas =            0        0.25         0.5        0.75           1
temperature-lambdas =            0        0.25         0.5        0.75           1
   calc-lambda-neighbors          = 1
   dhdl-print-energy              = no
   sc-alpha                       = 0
   sc-power                       = 1
   sc-r-power                     = 6
   sc-sigma                       = 0.3
   sc-sigma-min                   = 0.3
   sc-coul                        = FALSE
   dh-hist-size                   = 0
   dh-hist-spacing                = 0.1
   separate-dhdl-file             = yes
   dhdl-derivatives               = yes
   cos-acceleration               = 0
   deform (3x3):
      deform[    0]={ 0.00000e+00,  0.00000e+00,  0.00000e+00}
      deform[    1]={ 0.00000e+00,  0.00000e+00,  0.00000e+00}
      deform[    2]={ 0.00000e+00,  0.00000e+00,  0.00000e+00}
   simulated-tempering            = FALSE
   E-x:
      n = 0
   E-xt:
      n = 0
   E-y:
      n = 0
   E-yt:
      n = 0
   E-z:
      n = 0
   E-zt:
      n = 0
   swapcoords                     = no
   adress                         = FALSE
   userint1                       = 0
   userint2                       = 0
   userint3                       = 0
   userint4                       = 0
   userreal1                      = 0
   userreal2                      = 0
   userreal3                      = 0
   userreal4                      = 0
grpopts:
   nrdf:        5394
   ref-t:         300
   tau-t:           1
annealing:          No
annealing-npoints:           0
   acc:	           0           0           0
   nfreeze:           N           N           N
   energygrp-flags[  0]: 0

Initializing Domain Decomposition on 8 ranks
Dynamic load balancing: auto
Will sort the charge groups at every domain (re)decomposition
Initial maximum inter charge-group distances:
    two-body bonded interactions: 0.489 nm, LJ-14, atoms 8 18
  multi-body bonded interactions: 0.489 nm, Ryckaert-Bell., atoms 8 18
Minimum cell size due to bonded interactions: 0.538 nm
Using 0 separate PME ranks, as there are too few total
 ranks for efficient splitting
Scaling the initial minimum size with 1/0.8 (option -dds) = 1.25
Optimizing the DD grid for 8 cells with a minimum initial size of 0.672 nm
The maximum allowed number of cells is: X 4 Y 4 Z 4
Domain decomposition grid 4 x 2 x 1, separate PME ranks 0
PME domain decomposition: 4 x 2 x 1
Domain decomposition rank 0, coordinates 0 0 0

Using 8 MPI threads

Detecting CPU SIMD instructions.
Present hardware specification:
Vendor: GenuineIntel
Brand:  Intel(R) Core(TM) i7 CPU         920  @ 2.67GHz
Family:  6  Model: 26  Stepping:  4
Features: apic clfsh cmov cx8 cx16 htt lahf_lm mmx msr nonstop_tsc pdcm popcnt pse rdtscp sse2 sse3 sse4.1 sse4.2 ssse3
SIMD instructions most likely to fit this hardware: SSE4.1
SIMD instructions selected at GROMACS compile time: SSE4.1


NOTE: This file uses the deprecated 'group' cutoff_scheme. This will be
removed in a future release when 'verlet' supports all interaction forms.

Table routines are used for coulomb: TRUE
Table routines are used for vdw:     TRUE
Will do PME sum in reciprocal space for electrostatic interactions.

++++ PLEASE READ AND CITE THE FOLLOWING REFERENCE ++++
U. Essmann, L. Perera, M. L. Berkowitz, T. Darden, H. Lee and L. G. Pedersen 
A smooth particle mesh Ewald method
J. Chem. Phys. 103 (1995) pp. 8577-8592
-------- -------- --- Thank You --- -------- --------

Will do ordinary reciprocal space Ewald sum.
Using a Gaussian width (1/beta) of 0.260197 nm for Ewald
Using shifted Lennard-Jones, switch between 0.88 and 0.9 nm
Cut-off's:   NS: 1.1   Coulomb: 0.9   LJ: 0.9
Long Range LJ corr.: <C6> 2.7981e-04, <C12> 2.7541e-07
System total charge, top. A: -0.000 top. B: 0.000
Generated table with 1050 data points for Ewald-Switch.
Tabscale = 500 points/nm
Generated table with 1050 data points for LJ6Switch.
Tabscale = 500 points/nm
Generated table with 1050 data points for LJ12Switch.
Tabscale = 500 points/nm
Generated table with 1050 data points for 1-4 COUL.
Tabscale = 500 points/nm
Generated table with 1050 data points for 1-4 LJ6.
Tabscale = 500 points/nm
Generated table with 1050 data points for 1-4 LJ12.
Tabscale = 500 points/nm

Enabling SPC-like water optimization for 891 molecules.

Potential shift: LJ r^-12: 0.000e+00 r^-6: 0.000e+00, Ewald -0.000e+00
Initialized non-bonded Ewald correction tables, spacing: 8.41e-04 size: 2498

There are 19 atoms and 19 charges for free energy perturbation
Removing pbc first time
Pinning threads with an auto-selected logical core stride of 1

Initializing LINear Constraint Solver

++++ PLEASE READ AND CITE THE FOLLOWING REFERENCE ++++
B. Hess and H. Bekker and H. J. C. Berendsen and J. G. E. M. Fraaije
LINCS: A Linear Constraint Solver for molecular simulations
J. Comp. Chem. 18 (1997) pp. 1463-1472
-------- -------- --- Thank You --- -------- --------

The number of constraints is 9

++++ PLEASE READ AND CITE THE FOLLOWING REFERENCE ++++
S. Miyamoto and P. A. Kollman
SETTLE: An Analytical Version of the SHAKE and RATTLE Algorithms for Rigid
Water Models
J. Comp. Chem. 13 (1992) pp. 952-962
-------- -------- --- Thank You --- -------- --------


Linking all bonded interactions to atoms
There are 72 inter charge-group exclusions,
will use an extra communication step for exclusion forces for PME-Switch

The initial number of communication pulses is: X 2 Y 1
The initial domain decomposition cell size is: X 0.75 nm Y 1.50 nm

The maximum allowed distance for charge groups involved in interactions is:
                 non-bonded interactions           1.100 nm
            two-body bonded interactions  (-rdd)   1.100 nm
          multi-body bonded interactions  (-rdd)   0.752 nm

When dynamic load balancing gets turned on, these settings will change to:
The maximum number of communication pulses is: X 2 Y 1
The minimum size for domain decomposition cells is 0.601 nm
The requested allowed shrink of DD cells (option -dds) is: 0.80
The allowed shrink of domain decomposition cells is: X 0.80 Y 0.73
The maximum allowed distance for charge groups involved in interactions is:
                 non-bonded interactions           1.100 nm
            two-body bonded interactions  (-rdd)   1.100 nm
          multi-body bonded interactions  (-rdd)   0.601 nm


Making 2D domain decomposition grid 4 x 2 x 1, home cell index 0 0 0

Initial vector of lambda components:[     0.2500     0.2500     0.2500     0.2500     0.2500     0.2500     0.2500 ]

++++ PLEASE READ AND CITE THE FOLLOWING REFERENCE ++++
G. Bussi, D. Donadio and M. Parrinello
Canonical sampling through velocity rescaling
J. Chem. Phys. 126 (2007) pp. 014101
-------- -------- --- Thank You --- -------- --------

There are: 2692 Atoms
Charge group distribution at step 0: 108 113 121 105 110 115 115 111
Grid: 5 x 4 x 4 cells

Constraining the starting coordinates (step 0)
RMS relative constraint deviation after constraining: 1.42e-07
Initial temperature: 298.2 K

Started mdrun on rank 0 Mon Jan 18 12:48:27 2016
           Step           Time         Lambda
              0        0.00000        0.25000


   Energies (kJ/mol)
           Bond          Angle    Proper Dih. Ryckaert-Bell.          LJ-14
    3.48391e+01    3.49748e+01    5.83509e-01   -2.94833e+00    1.87212e+02
     Coulomb-14        LJ (SR)  Disper. corr.   Coulomb (SR)   Coul. recip.
    2.23901e+01    5.96810e+03   -2.22840e+02   -3.71902e+04   -6.24649e+03
      Potential    Kinetic En.   Total Energy  Conserved En.    Temperature
   -3.74144e+04    6.68691e+03   -3.07275e+04   -3.07275e+04    2.98200e+02
 Pres. DC (bar) Pressure (bar)    dVremain/dl   Constr. rmsd
   -1.36054e+02   -6.30461e+02    8.88982e+02    1.38680e-06

DD  step 0 load imb.: force 33.7%

At step 1 the performance loss due to force load imbalance is 10.0 %

NOTE: Turning on dynamic load balancing

DD  load balancing is limited by minimum cell size in dimension X
DD  step 9  vol min/aver 0.586! load imb.: force 12.1%

           Step           Time         Lambda
             10        0.02000        0.25000

   Energies (kJ/mol)
           Bond          Angle    Proper Dih. Ryckaert-Bell.          LJ-14
    3.03608e+01    4.69331e+01    7.77072e-01   -8.65864e-01    1.95214e+02
     Coulomb-14        LJ (SR)  Disper. corr.   Coulomb (SR)   Coul. recip.
    2.32433e+01    5.52552e+03   -2.22840e+02   -3.58061e+04   -6.21509e+03
      Potential    Kinetic En.   Total Energy  Conserved En.    Temperature
   -3.64228e+04    5.71354e+03   -3.07093e+04   -3.07192e+04    2.54793e+02
 Pres. DC (bar) Pressure (bar)    dVremain/dl   Constr. rmsd
   -1.36054e+02   -6.85629e+02    9.27302e+02    0.00000e+00

DD  load balancing is limited by minimum cell size in dimension X
DD  step 19  vol min/aver 0.585! load imb.: force 16.9%

           Step           Time         Lambda
             20        0.04000        0.25000

   Energies (kJ/mol)
           Bond          Angle    Proper Dih. Ryckaert-Bell.          LJ-14
    3.49785e+01    6.31008e+01    5.21914e-01   -8.68104e-01    1.80523e+02
     Coulomb-14        LJ (SR)  Disper. corr.   Coulomb (SR)   Coul. recip.
    2.32572e+01    6.17816e+03   -2.22840e+02   -3.61316e+04   -6.13436e+03
      Potential    Kinetic En.   Total Energy  Conserved En.    Temperature
   -3.60091e+04    5.38369e+03   -3.06254e+04   -3.07173e+04    2.40084e+02
 Pres. DC (bar) Pressure (bar)    dVremain/dl   Constr. rmsd
   -1.36054e+02    7.08303e+02    8.69546e+02    0.00000e+00

DD  load balancing is limited by minimum cell size in dimension X
DD  step 29  vol min/aver 0.585! load imb.: force  7.6%

           Step           Time         Lambda
             30        0.06000        0.25000

   Energies (kJ/mol)
           Bond          Angle    Proper Dih. Ryckaert-Bell.          LJ-14
    5.17144e+01    4.32001e+01    8.44302e-01   -2.06570e-01    1.83463e+02
     Coulomb-14        LJ (SR)  Disper. corr.   Coulomb (SR)   Coul. recip.
    2.19650e+01    6.47110e+03   -2.22840e+02   -3.55603e+04   -6.14706e+03
      Potential    Kinetic En.   Total Energy  Conserved En.    Temperature
   -3.51581e+04    4.55826e+03   -3.05998e+04   -3.07121e+04    2.03274e+02
 Pres. DC (bar) Pressure (bar)    dVremain/dl   Constr. rmsd
   -1.36054e+02    1.63525e+03    9.72655e+02    0.00000e+00

DD  load balancing is limited by minimum cell size in dimension X
DD  step 39  vol min/aver 0.585! load imb.: force  8.1%

           Step           Time         Lambda
             40        0.08000        0.25000

   Energies (kJ/mol)
           Bond          Angle    Proper Dih. Ryckaert-Bell.          LJ-14
    6.66910e+01    4.68981e+01    7.91445e-01   -4.29271e+00    1.56315e+02
     Coulomb-14        LJ (SR)  Disper. corr.   Coulomb (SR)   Coul. recip.
    2.24124e+01    6.04297e+03   -2.22840e+02   -3.58619e+04   -6.15847e+03
      Potential    Kinetic En.   Total Energy  Conserved En.    Temperature
   -3.59114e+04    5.44330e+03   -3.04682e+04   -3.07171e+04    2.42742e+02
 Pres. DC (bar) Pressure (bar)    dVremain/dl   Constr. rmsd
   -1.36054e+02    4.94395e+02    8.75050e+02    0.00000e+00

DD  load balancing is limited by minimum cell size in dimension X
DD  step 49  vol min/aver 0.585! load imb.: force  7.6%

           Step           Time         Lambda
             50        0.10000        0.25000

   Energies (kJ/mol)
           Bond          Angle    Proper Dih. Ryckaert-Bell.          LJ-14
    5.55531e+01    4.79454e+01    5.90839e-01    3.45626e+00    1.65965e+02
     Coulomb-14        LJ (SR)  Disper. corr.   Coulomb (SR)   Coul. recip.
    2.28025e+01    5.79138e+03   -2.22840e+02   -3.56831e+04   -6.16979e+03
      Potential    Kinetic En.   Total Energy  Conserved En.    Temperature
   -3.59880e+04    5.48544e+03   -3.05026e+04   -3.07165e+04    2.44621e+02
 Pres. DC (bar) Pressure (bar)    dVremain/dl   Constr. rmsd
   -1.36054e+02   -7.04003e+01    9.25066e+02    0.00000e+00

DD  load balancing is limited by minimum cell size in dimension X
DD  step 59  vol min/aver 0.585! load imb.: force  8.3%

           Step           Time         Lambda
             60        0.12000        0.25000

Writing checkpoint, step 60 at Mon Jan 18 12:48:28 2016


   Energies (kJ/mol)
           Bond          Angle    Proper Dih. Ryckaert-Bell.          LJ-14
    3.46726e+01    2.84814e+01    1.22658e+00   -6.55642e-02    1.91086e+02
     Coulomb-14        LJ (SR)  Disper. corr.   Coulomb (SR)   Coul. recip.
    2.23691e+01    5.78889e+03   -2.22840e+02   -3.58788e+04   -6.20995e+03
      Potential    Kinetic En.   Total Energy  Conserved En.    Temperature
   -3.62449e+04    5.73778e+03   -3.05071e+04   -3.07175e+04    2.55874e+02
 Pres. DC (bar) Pressure (bar)    dVremain/dl   Constr. rmsd
   -1.36054e+02   -4.36632e+01    1.05134e+03    0.00000e+00

	<======  ###############  ==>
	<====  A V E R A G E S  ====>
	<==  ###############  ======>

	Statistics over 61 steps using 61 frames

   Energies (kJ/mol)
           Bond          Angle    Proper Dih. Ryckaert-Bell.          LJ-14
    4.80213e+01    4.93537e+01    7.42534e-01   -7.53036e-01    1.72847e+02
     Coulomb-14        LJ (SR)  Disper. corr.   Coulomb (SR)   Coul. recip.
    2.25205e+01    5.96317e+03   -2.22840e+02   -3.59661e+04   -6.18438e+03
      Potential    Kinetic En.   Total Energy  Conserved En.    Temperature
   -3.61175e+04    5.54421e+03   -3.05732e+04   -3.07187e+04    2.47242e+02
 Pres. DC (bar) Pressure (bar)    dVremain/dl   Constr. rmsd
   -1.36054e+02    2.14571e+02    3.78239e+02    0.00000e+00

   Total Virial (kJ/mol)
    1.53238e+03   -2.02861e+01    1.08221e+02
   -2.02358e+01    1.85965e+03    2.63459e+02
    1.08157e+02    2.63461e+02    1.62502e+03

   Pressure (bar)
    3.73507e+02    5.81308e+01   -1.43555e+02
    5.80693e+01   -1.20129e+01   -3.37721e+02
   -1.43476e+02   -3.37724e+02    2.82218e+02

Average neighborlist lifetime: 1.0 steps, std.dev.: 0.0 steps
Average number of atoms that crossed the half buffer length: 6.7


	M E G A - F L O P S   A C C O U N T I N G

 NB=Group-cutoff nonbonded kernels    NxN=N-by-N cluster Verlet kernels
 RF=Reaction-Field  VdW=Van der Waals  QSTab=quadratic-spline table
 W3=SPC/TIP3p  W4=TIP4p (single or pairs)
 V&F=Potential and force  V=Potential only  F=Force only

 Computing:                               M-Number         M-Flops  % Flops
-----------------------------------------------------------------------------
 NB Elec. [W3,V&F]                      242.283847         242.284     5.8
 NB VdW & Elec. [W3,V&F]                150.905444         150.905     3.6
 NB VdW & Elec. [W3-W3,V&F]            1805.208784        1805.209    43.2
 NB Free energy kernel                   95.113398          95.113     2.3
 1,4 nonbonded interactions               0.003914           0.352     0.0
 Calc Weights                             0.492636          17.735     0.4
 Spread Q Bspline                        70.939584         141.879     3.4
 Gather F Bspline                        70.939584         425.638    10.2
 3D-FFT                                 119.930880         959.447    22.9
 Solve PME                                0.249856          15.991     0.4
 NS-Pairs                                13.144497         276.034     6.6
 Reset In Box                             0.054778           0.164     0.0
 CG-CoM                                   0.166904           0.501     0.0
 Bonds                                    0.000671           0.040     0.0
 Angles                                   0.002013           0.338     0.0
 Propers                                  0.000671           0.154     0.0
 RB-Dihedrals                             0.002623           0.648     0.0
 Virial                                   0.186172           3.351     0.1
 Calc-Ekin                                0.164212           4.434     0.1
 Lincs                                    0.001116           0.067     0.0
 Lincs-Mat                                0.007440           0.030     0.0
 Constraint-V                             0.164151           1.313     0.0
 Constraint-Vir                           0.164151           3.940     0.1
 Settle                                   0.110484          35.686     0.9
-----------------------------------------------------------------------------
 Total                                                    4181.253   100.0
-----------------------------------------------------------------------------


    D O M A I N   D E C O M P O S I T I O N   S T A T I S T I C S

 av. #atoms communicated per step for force:  2 x 8353.6

 Average load imbalance: 12.9 %
 Part of the total run time spent waiting due to load imbalance: 5.0 %
 Steps where the load balancing was limited by -rdd, -rcon and/or -dds: X 91 % Y 0 %

NOTE: 5.0 % of the available CPU time was lost due to load imbalance
      in the domain decomposition.
      You might want to decrease the cell size limit (options -rdd, -rcon and/or -dds).


     R E A L   C Y C L E   A N D   T I M E   A C C O U N T I N G

On 8 MPI ranks

 Computing:          Num   Num      Call    Wall time         Giga-Cycles
                     Ranks Threads  Count      (s)         total sum    %
-----------------------------------------------------------------------------
 Domain decomp.         8    1         61       0.038          0.815   2.8
 DD comm. load          8    1         60       0.001          0.024   0.1
 DD comm. bounds        8    1         60       0.001          0.026   0.1
 Neighbor search        8    1         61       0.188          4.027  13.8
 Comm. coord.           8    1         61       0.004          0.081   0.3
 Force                  8    1         61       0.521         11.139  38.1
 Wait + Comm. F         8    1         61       0.006          0.128   0.4
 PME mesh               8    1         61       0.536         11.465  39.2
 Write traj.            8    1          4       0.005          0.115   0.4
 Update                 8    1        244       0.006          0.135   0.5
 Constraints            8    1        122       0.010          0.224   0.8
 Comm. energies         8    1        122       0.038          0.820   2.8
 Rest                                           0.011          0.227   0.8
-----------------------------------------------------------------------------
 Total                                          1.367         29.226 100.0
-----------------------------------------------------------------------------
 Breakdown of PME mesh computation
-----------------------------------------------------------------------------
 PME redist. X/F        8    1        183       0.079          1.694   5.8
 PME spread/gather      8    1        244       0.372          7.961  27.2
 PME 3D-FFT             8    1        244       0.032          0.686   2.3
 PME 3D-FFT Comm.       8    1        488       0.006          0.132   0.5
 PME solve Elec         8    1        122       0.046          0.986   3.4
-----------------------------------------------------------------------------

               Core t (s)   Wall t (s)        (%)
       Time:       10.905        1.367      797.9
                 (ns/day)    (hour/ns)
Performance:        7.713        3.112
Finished mdrun on rank 0 Mon Jan 18 12:48:28 2016
