Log file opened on Fri Dec  5 02:16:32 2014
Host: gromacs  pid: 20555  rank ID: 0  number of ranks:  1
GROMACS:    gmx mdrun, VERSION 5.0.3-dev-20141201-a19ebef (double precision)

GROMACS is written by:
Emile Apol         Rossen Apostolov   Herman J.C. Berendsen Par Bjelkmar       
Aldert van Buuren  Rudi van Drunen    Anton Feenstra     Sebastian Fritsch  
Gerrit Groenhof    Christoph Junghans Peter Kasson       Carsten Kutzner    
Per Larsson        Justin A. Lemkul   Magnus Lundborg    Pieter Meulenhoff  
Erik Marklund      Teemu Murtola      Szilard Pall       Sander Pronk       
Roland Schulz      Alexey Shvetsov    Michael Shirts     Alfons Sijbers     
Peter Tieleman     Christian Wennberg Maarten Wolf       
and the project leaders:
Mark Abraham, Berk Hess, Erik Lindahl, and David van der Spoel

Copyright (c) 1991-2000, University of Groningen, The Netherlands.
Copyright (c) 2001-2014, The GROMACS development team at
Uppsala University, Stockholm University and
the Royal Institute of Technology, Sweden.
check out http://www.gromacs.org for more information.

GROMACS is free software; you can redistribute it and/or modify it
under the terms of the GNU Lesser General Public License
as published by the Free Software Foundation; either version 2.1
of the License, or (at your option) any later version.

GROMACS:      gmx mdrun, VERSION 5.0.3-dev-20141201-a19ebef (double precision)
Executable:   /nethome/mark/git/r50-make-reference/build-cmake-reference-double-gromacs/bin/gmx_d
Library dir:  /nethome/mark/git/r50-make-reference/share/top
Command line:
  gmx_d mdrun -notunepme

Gromacs version:    VERSION 5.0.3-dev-20141201-a19ebef
GIT SHA1 hash:      a19ebef3a16638284d25b29e623b618beff811a8
Precision:          double
Memory model:       64 bit
MPI library:        none
OpenMP support:     disabled
GPU support:        disabled
invsqrt routine:    (1.0/sqrt(x))
SIMD instructions:  NONE
FFT library:        fftpack (built-in)
RDTSCP usage:       enabled
C++11 compilation:  enabled
TNG support:        enabled
Tracing support:    disabled
Built on:           Thu Jul  3 16:06:35 CEST 2014
Built by:           mark@gromacs [CMAKE]
Build OS/arch:      Linux 3.11.0-24-generic x86_64
Build CPU vendor:   GenuineIntel
Build CPU brand:    Intel(R) Core(TM) i7 CPU         920  @ 2.67GHz
Build CPU family:   6   Model: 26   Stepping: 4
Build CPU features: apic clfsh cmov cx8 cx16 htt lahf_lm mmx msr nonstop_tsc pdcm popcnt pse rdtscp sse2 sse3 sse4.1 sse4.2 ssse3
C compiler:         /usr/bin/gcc-4.7 GNU 4.7.3
C compiler flags:       -Wno-maybe-uninitialized -Wextra -Wno-missing-field-initializers -Wno-sign-compare -Wpointer-arith -Wall -Wno-unused -Wunused-value -Wunused-parameter -Wno-unknown-pragmas  -O0 -g
C++ compiler:       /usr/bin/g++-4.7 GNU 4.7.3
C++ compiler flags:    -std=c++0x  -Wextra -Wno-missing-field-initializers -Wpointer-arith -Wall -Wno-unused-function -Wno-unknown-pragmas  -O0 -g
Boost version:      1.55.0 (internal)



++++ PLEASE READ AND CITE THE FOLLOWING REFERENCE ++++
B. Hess and C. Kutzner and D. van der Spoel and E. Lindahl
GROMACS 4: Algorithms for highly efficient, load-balanced, and scalable
molecular simulation
J. Chem. Theory Comput. 4 (2008) pp. 435-447
-------- -------- --- Thank You --- -------- --------


++++ PLEASE READ AND CITE THE FOLLOWING REFERENCE ++++
D. van der Spoel, E. Lindahl, B. Hess, G. Groenhof, A. E. Mark and H. J. C.
Berendsen
GROMACS: Fast, Flexible and Free
J. Comp. Chem. 26 (2005) pp. 1701-1719
-------- -------- --- Thank You --- -------- --------


++++ PLEASE READ AND CITE THE FOLLOWING REFERENCE ++++
E. Lindahl and B. Hess and D. van der Spoel
GROMACS 3.0: A package for molecular simulation and trajectory analysis
J. Mol. Mod. 7 (2001) pp. 306-317
-------- -------- --- Thank You --- -------- --------


++++ PLEASE READ AND CITE THE FOLLOWING REFERENCE ++++
H. J. C. Berendsen, D. van der Spoel and R. van Drunen
GROMACS: A message-passing parallel molecular dynamics implementation
Comp. Phys. Comm. 91 (1995) pp. 43-56
-------- -------- --- Thank You --- -------- --------

Input Parameters:
   integrator                     = md-vv
   tinit                          = 0
   dt                             = 0.002
   nsteps                         = 60
   init-step                      = 0
   simulation-part                = 1
   comm-mode                      = None
   nstcomm                        = 0
   bd-fric                        = 0
   ld-seed                        = 1993
   emtol                          = 10
   emstep                         = 0.01
   niter                          = 20
   fcstep                         = 0
   nstcgsteep                     = 1000
   nbfgscorr                      = 10
   rtpi                           = 0.05
   nstxout                        = 20
   nstvout                        = 20
   nstfout                        = 20
   nstlog                         = 10
   nstcalcenergy                  = 1
   nstenergy                      = 1
   nstxout-compressed             = 5000
   compressed-x-precision         = 60
   cutoff-scheme                  = Group
   nstlist                        = -1
   ns-type                        = Grid
   pbc                            = xyz
   periodic-molecules             = FALSE
   verlet-buffer-tolerance        = 0.005
   rlist                          = 1.1
   rlistlong                      = 1.1
   nstcalclr                      = 0
   coulombtype                    = PME-Switch
   coulomb-modifier               = None
   rcoulomb-switch                = 0.89
   rcoulomb                       = 0.9
   epsilon-r                      = 1
   epsilon-rf                     = inf
   vdw-type                       = Switch
   vdw-modifier                   = None
   rvdw-switch                    = 0.88
   rvdw                           = 0.9
   DispCorr                       = AllEnerPres
   table-extension                = 1
   fourierspacing                 = 0.1
   fourier-nx                     = 32
   fourier-ny                     = 32
   fourier-nz                     = 32
   pme-order                      = 6
   ewald-rtol                     = 1e-06
   ewald-rtol-lj                  = 0.001
   lj-pme-comb-rule               = Geometric
   ewald-geometry                 = 0
   epsilon-surface                = 0
   implicit-solvent               = No
   gb-algorithm                   = Still
   nstgbradii                     = 1
   rgbradii                       = 1
   gb-epsilon-solvent             = 80
   gb-saltconc                    = 0
   gb-obc-alpha                   = 1
   gb-obc-beta                    = 0.8
   gb-obc-gamma                   = 4.85
   gb-dielectric-offset           = 0.009
   sa-algorithm                   = Ace-approximation
   sa-surface-tension             = 2.05016
   tcoupl                         = V-rescale
   nsttcouple                     = 10
   nh-chain-length                = 0
   print-nose-hoover-chain-variables = FALSE
   pcoupl                         = No
   pcoupltype                     = Isotropic
   nstpcouple                     = -1
   tau-p                          = 1.67
   compressibility (3x3):
      compressibility[    0]={ 0.00000e+00,  0.00000e+00,  0.00000e+00}
      compressibility[    1]={ 0.00000e+00,  0.00000e+00,  0.00000e+00}
      compressibility[    2]={ 0.00000e+00,  0.00000e+00,  0.00000e+00}
   ref-p (3x3):
      ref-p[    0]={ 0.00000e+00,  0.00000e+00,  0.00000e+00}
      ref-p[    1]={ 0.00000e+00,  0.00000e+00,  0.00000e+00}
      ref-p[    2]={ 0.00000e+00,  0.00000e+00,  0.00000e+00}
   refcoord-scaling               = No
   posres-com (3):
      posres-com[0]= 0.00000e+00
      posres-com[1]= 0.00000e+00
      posres-com[2]= 0.00000e+00
   posres-comB (3):
      posres-comB[0]= 0.00000e+00
      posres-comB[1]= 0.00000e+00
      posres-comB[2]= 0.00000e+00
   QMMM                           = FALSE
   QMconstraints                  = 0
   QMMMscheme                     = 0
   MMChargeScaleFactor            = 1
qm-opts:
   ngQM                           = 0
   constraint-algorithm           = Lincs
   continuation                   = FALSE
   Shake-SOR                      = TRUE
   shake-tol                      = 5e-06
   lincs-order                    = 8
   lincs-iter                     = 1
   lincs-warnangle                = 45
   nwall                          = 0
   wall-type                      = 9-3
   wall-r-linpot                  = -1
   wall-atomtype[0]               = -1
   wall-atomtype[1]               = -1
   wall-density[0]                = 0
   wall-density[1]                = 0
   wall-ewald-zfac                = 3
   pull                           = no
   rotation                       = FALSE
   interactiveMD                  = FALSE
   disre                          = No
   disre-weighting                = Conservative
   disre-mixed                    = FALSE
   dr-fc                          = 1000
   dr-tau                         = 0
   nstdisreout                    = 100
   orire-fc                       = 0
   orire-tau                      = 0
   nstorireout                    = 100
   free-energy                    = yes
   init-lambda                    = -1
   init-lambda-state              = 1
   delta-lambda                   = 0
   nstdhdl                        = 10
   n-lambdas                      = 5
   separate-dvdl:
       fep-lambdas =   TRUE
      mass-lambdas =   FALSE
      coul-lambdas =   FALSE
       vdw-lambdas =   FALSE
    bonded-lambdas =   FALSE
 restraint-lambdas =   FALSE
temperature-lambdas =   FALSE
all-lambdas:
       fep-lambdas =            0        0.25         0.5        0.75           1
      mass-lambdas =            0        0.25         0.5        0.75           1
      coul-lambdas =            0        0.25         0.5        0.75           1
       vdw-lambdas =            0        0.25         0.5        0.75           1
    bonded-lambdas =            0        0.25         0.5        0.75           1
 restraint-lambdas =            0        0.25         0.5        0.75           1
temperature-lambdas =            0        0.25         0.5        0.75           1
   calc-lambda-neighbors          = 1
   dhdl-print-energy              = no
   sc-alpha                       = 0
   sc-power                       = 1
   sc-r-power                     = 6
   sc-sigma                       = 0.3
   sc-sigma-min                   = 0.3
   sc-coul                        = FALSE
   dh-hist-size                   = 0
   dh-hist-spacing                = 0.1
   separate-dhdl-file             = yes
   dhdl-derivatives               = yes
   cos-acceleration               = 0
   deform (3x3):
      deform[    0]={ 0.00000e+00,  0.00000e+00,  0.00000e+00}
      deform[    1]={ 0.00000e+00,  0.00000e+00,  0.00000e+00}
      deform[    2]={ 0.00000e+00,  0.00000e+00,  0.00000e+00}
   simulated-tempering            = FALSE
   E-x:
      n = 0
   E-xt:
      n = 0
   E-y:
      n = 0
   E-yt:
      n = 0
   E-z:
      n = 0
   E-zt:
      n = 0
   swapcoords                     = no
   adress                         = FALSE
   userint1                       = 0
   userint2                       = 0
   userint3                       = 0
   userint4                       = 0
   userreal1                      = 0
   userreal2                      = 0
   userreal3                      = 0
   userreal4                      = 0
grpopts:
   nrdf:        5394
   ref-t:         300
   tau-t:           1
annealing:          No
annealing-npoints:           0
   acc:	           0           0           0
   nfreeze:           N           N           N
   energygrp-flags[  0]: 0

Detecting CPU SIMD instructions.
Present hardware specification:
Vendor: GenuineIntel
Brand:  Intel(R) Core(TM) i7 CPU         920  @ 2.67GHz
Family:  6  Model: 26  Stepping:  4
Features: apic clfsh cmov cx8 cx16 htt lahf_lm mmx msr nonstop_tsc pdcm popcnt pse rdtscp sse2 sse3 sse4.1 sse4.2 ssse3
SIMD instructions most likely to fit this hardware: SSE4.1
SIMD instructions selected at GROMACS compile time: None


Binary not matching hardware - you might be losing performance.
SIMD instructions most likely to fit this hardware: SSE4.1
SIMD instructions selected at GROMACS compile time: None


NOTE: This file uses the deprecated 'group' cutoff_scheme. This will be
removed in a future release when 'verlet' supports all interaction forms.

Table routines are used for coulomb: TRUE
Table routines are used for vdw:     TRUE
Will do PME sum in reciprocal space for electrostatic interactions.

++++ PLEASE READ AND CITE THE FOLLOWING REFERENCE ++++
U. Essmann, L. Perera, M. L. Berkowitz, T. Darden, H. Lee and L. G. Pedersen 
A smooth particle mesh Ewald method
J. Chem. Phys. 103 (1995) pp. 8577-8592
-------- -------- --- Thank You --- -------- --------

Will do ordinary reciprocal space Ewald sum.
Using a Gaussian width (1/beta) of 0.260198 nm for Ewald
Using shifted Lennard-Jones, switch between 0.88 and 0.9 nm
Cut-off's:   NS: 1.1   Coulomb: 0.9   LJ: 0.9
Long Range LJ corr.: <C6> 2.7981e-04, <C12> 2.7541e-07
System total charge, top. A: 0.000 top. B: 0.000
Generated table with 4200 data points for Ewald-Switch.
Tabscale = 2000 points/nm
Generated table with 4200 data points for LJ6Switch.
Tabscale = 2000 points/nm
Generated table with 4200 data points for LJ12Switch.
Tabscale = 2000 points/nm
Generated table with 4200 data points for 1-4 COUL.
Tabscale = 2000 points/nm
Generated table with 4200 data points for 1-4 LJ6.
Tabscale = 2000 points/nm
Generated table with 4200 data points for 1-4 LJ12.
Tabscale = 2000 points/nm

Enabling SPC-like water optimization for 891 molecules.

Potential shift: LJ r^-12: 0.000e+00 r^-6: 0.000e+00, Ewald -0.000e+00
Initialized non-bonded Ewald correction tables, spacing: 8.41e-04 size: 2498

There are 19 atoms and 19 charges for free energy perturbation
Removing pbc first time

Initializing LINear Constraint Solver

++++ PLEASE READ AND CITE THE FOLLOWING REFERENCE ++++
B. Hess and H. Bekker and H. J. C. Berendsen and J. G. E. M. Fraaije
LINCS: A Linear Constraint Solver for molecular simulations
J. Comp. Chem. 18 (1997) pp. 1463-1472
-------- -------- --- Thank You --- -------- --------

The number of constraints is 9

++++ PLEASE READ AND CITE THE FOLLOWING REFERENCE ++++
S. Miyamoto and P. A. Kollman
SETTLE: An Analytical Version of the SHAKE and RATTLE Algorithms for Rigid
Water Models
J. Comp. Chem. 13 (1992) pp. 952-962
-------- -------- --- Thank You --- -------- --------

Initial vector of lambda components:[     0.2500     0.2500     0.2500     0.2500     0.2500     0.2500     0.2500 ]

++++ PLEASE READ AND CITE THE FOLLOWING REFERENCE ++++
G. Bussi, D. Donadio and M. Parrinello
Canonical sampling through velocity rescaling
J. Chem. Phys. 126 (2007) pp. 014101
-------- -------- --- Thank You --- -------- --------

There are: 2692 Atoms
Max number of connections per atom is 61
Total number of connections is 4136
Max number of graph edges per atom is 4
Total number of graph edges is 3604

Constraining the starting coordinates (step 0)
RMS relative constraint deviation after constraining: 1.02e-12
Initial temperature: 298.2 K

Started mdrun on rank 0 Fri Dec  5 02:16:32 2014
           Step           Time         Lambda
              0        0.00000        0.25000


Grid: 4 x 4 x 4 cells
   Energies (kJ/mol)
           Bond          Angle    Proper Dih. Ryckaert-Bell.          LJ-14
    3.48389e+01    3.49748e+01    5.83511e-01   -2.94831e+00    1.87212e+02
     Coulomb-14        LJ (SR)  Disper. corr.   Coulomb (SR)   Coul. recip.
    2.23901e+01    5.96810e+03   -2.22840e+02   -3.71902e+04   -6.24648e+03
      Potential    Kinetic En.   Total Energy  Conserved En.    Temperature
   -3.74144e+04    6.68692e+03   -3.07275e+04   -3.07275e+04    2.98200e+02
 Pres. DC (bar) Pressure (bar)    dVremain/dl   Constr. rmsd
   -1.36054e+02   -6.30155e+02    8.88991e+02    6.99754e-07

           Step           Time         Lambda
             10        0.02000        0.25000

   Energies (kJ/mol)
           Bond          Angle    Proper Dih. Ryckaert-Bell.          LJ-14
    3.03606e+01    4.69334e+01    7.77073e-01   -8.65879e-01    1.95214e+02
     Coulomb-14        LJ (SR)  Disper. corr.   Coulomb (SR)   Coul. recip.
    2.32433e+01    5.52552e+03   -2.22840e+02   -3.58061e+04   -6.21511e+03
      Potential    Kinetic En.   Total Energy  Conserved En.    Temperature
   -3.64229e+04    5.71354e+03   -3.07093e+04   -3.07192e+04    2.54793e+02
 Pres. DC (bar) Pressure (bar)    dVremain/dl   Constr. rmsd
   -1.36054e+02   -6.85929e+02    9.27313e+02    1.97210e-07

           Step           Time         Lambda
             20        0.04000        0.25000

   Energies (kJ/mol)
           Bond          Angle    Proper Dih. Ryckaert-Bell.          LJ-14
    3.49782e+01    6.31004e+01    5.21936e-01   -8.67854e-01    1.80524e+02
     Coulomb-14        LJ (SR)  Disper. corr.   Coulomb (SR)   Coul. recip.
    2.32573e+01    6.17816e+03   -2.22840e+02   -3.61316e+04   -6.13435e+03
      Potential    Kinetic En.   Total Energy  Conserved En.    Temperature
   -3.60091e+04    5.38369e+03   -3.06254e+04   -3.07173e+04    2.40084e+02
 Pres. DC (bar) Pressure (bar)    dVremain/dl   Constr. rmsd
   -1.36054e+02    7.08121e+02    8.69557e+02    2.78201e-07

           Step           Time         Lambda
             30        0.06000        0.25000

   Energies (kJ/mol)
           Bond          Angle    Proper Dih. Ryckaert-Bell.          LJ-14
    5.17139e+01    4.31994e+01    8.44344e-01   -2.06222e-01    1.83464e+02
     Coulomb-14        LJ (SR)  Disper. corr.   Coulomb (SR)   Coul. recip.
    2.19651e+01    6.47110e+03   -2.22840e+02   -3.55603e+04   -6.14705e+03
      Potential    Kinetic En.   Total Energy  Conserved En.    Temperature
   -3.51581e+04    4.55827e+03   -3.05998e+04   -3.07120e+04    2.03274e+02
 Pres. DC (bar) Pressure (bar)    dVremain/dl   Constr. rmsd
   -1.36054e+02    1.63434e+03    9.72663e+02    1.79623e-06

           Step           Time         Lambda
             40        0.08000        0.25000

   Energies (kJ/mol)
           Bond          Angle    Proper Dih. Ryckaert-Bell.          LJ-14
    6.66909e+01    4.68976e+01    7.91492e-01   -4.29238e+00    1.56314e+02
     Coulomb-14        LJ (SR)  Disper. corr.   Coulomb (SR)   Coul. recip.
    2.24123e+01    6.04297e+03   -2.22840e+02   -3.58619e+04   -6.15846e+03
      Potential    Kinetic En.   Total Energy  Conserved En.    Temperature
   -3.59114e+04    5.44329e+03   -3.04681e+04   -3.07170e+04    2.42741e+02
 Pres. DC (bar) Pressure (bar)    dVremain/dl   Constr. rmsd
   -1.36054e+02    4.96220e+02    8.75057e+02    1.28162e-06

           Step           Time         Lambda
             50        0.10000        0.25000

   Energies (kJ/mol)
           Bond          Angle    Proper Dih. Ryckaert-Bell.          LJ-14
    5.55513e+01    4.79465e+01    5.90851e-01    3.45693e+00    1.65965e+02
     Coulomb-14        LJ (SR)  Disper. corr.   Coulomb (SR)   Coul. recip.
    2.28026e+01    5.79139e+03   -2.22840e+02   -3.56830e+04   -6.16978e+03
      Potential    Kinetic En.   Total Energy  Conserved En.    Temperature
   -3.59880e+04    5.48544e+03   -3.05025e+04   -3.07165e+04    2.44621e+02
 Pres. DC (bar) Pressure (bar)    dVremain/dl   Constr. rmsd
   -1.36054e+02   -7.08362e+01    9.25076e+02    6.04521e-07

           Step           Time         Lambda
             60        0.12000        0.25000

Writing checkpoint, step 60 at Fri Dec  5 02:16:40 2014


   Energies (kJ/mol)
           Bond          Angle    Proper Dih. Ryckaert-Bell.          LJ-14
    3.46736e+01    2.84822e+01    1.22659e+00   -6.52316e-02    1.91085e+02
     Coulomb-14        LJ (SR)  Disper. corr.   Coulomb (SR)   Coul. recip.
    2.23691e+01    5.78891e+03   -2.22840e+02   -3.58788e+04   -6.20995e+03
      Potential    Kinetic En.   Total Energy  Conserved En.    Temperature
   -3.62449e+04    5.73777e+03   -3.05071e+04   -3.07175e+04    2.55874e+02
 Pres. DC (bar) Pressure (bar)    dVremain/dl   Constr. rmsd
   -1.36054e+02   -4.40364e+01    1.05135e+03    1.75068e-06

	<======  ###############  ==>
	<====  A V E R A G E S  ====>
	<==  ###############  ======>

	Statistics over 61 steps using 61 frames

   Energies (kJ/mol)
           Bond          Angle    Proper Dih. Ryckaert-Bell.          LJ-14
    4.80212e+01    4.93533e+01    7.42535e-01   -7.53032e-01    1.72847e+02
     Coulomb-14        LJ (SR)  Disper. corr.   Coulomb (SR)   Coul. recip.
    2.25205e+01    5.96317e+03   -2.22840e+02   -3.59661e+04   -6.18437e+03
      Potential    Kinetic En.   Total Energy  Conserved En.    Temperature
   -3.61174e+04    5.54421e+03   -3.05732e+04   -3.07187e+04    2.47242e+02
 Pres. DC (bar) Pressure (bar)    dVremain/dl   Constr. rmsd
   -1.36054e+02    2.14584e+02    3.78248e+02    0.00000e+00

   Total Virial (kJ/mol)
    1.53230e+03   -2.02492e+01    1.08118e+02
   -2.02492e+01    1.85970e+03    2.63430e+02
    1.08118e+02    2.63430e+02    1.62502e+03

   Pressure (bar)
    3.73602e+02    5.80862e+01   -1.43427e+02
    5.80862e+01   -1.20678e+01   -3.37689e+02
   -1.43427e+02   -3.37689e+02    2.82218e+02

Average neighborlist lifetime: 1.0 steps, std.dev.: 0.0 steps
Average number of atoms that crossed the half buffer length: 6.7


	M E G A - F L O P S   A C C O U N T I N G

 NB=Group-cutoff nonbonded kernels    NxN=N-by-N cluster Verlet kernels
 RF=Reaction-Field  VdW=Van der Waals  QSTab=quadratic-spline table
 W3=SPC/TIP3p  W4=TIP4p (single or pairs)
 V&F=Potential and force  V=Potential only  F=Force only

 Computing:                               M-Number         M-Flops  % Flops
-----------------------------------------------------------------------------
 NB Elec. [W3,V&F]                      148.723981         148.724     3.7
 NB VdW & Elec. [W3,V&F]                 92.774713          92.775     2.3
 NB VdW & Elec. [W3-W3,V&F]            1747.845344        1747.845    43.3
 NB Free energy kernel                   94.976358          94.976     2.4
 1,4 nonbonded interactions               0.003914           0.352     0.0
 Calc Weights                             0.492636          17.735     0.4
 Spread Q Bspline                        70.939584         141.879     3.5
 Gather F Bspline                        70.939584         425.638    10.5
 3D-FFT                                 119.930880         959.447    23.8
 Solve PME                                0.124928           7.995     0.2
 NS-Pairs                                16.591688         348.425     8.6
 Reset In Box                             0.054778           0.164     0.0
 Shift-X                                  0.328424           1.971     0.0
 CG-CoM                                   0.164212           0.493     0.0
 Bonds                                    0.000671           0.040     0.0
 Angles                                   0.002013           0.338     0.0
 Propers                                  0.000671           0.154     0.0
 RB-Dihedrals                             0.002623           0.648     0.0
 Virial                                   0.166957           3.005     0.1
 Calc-Ekin                                0.164212           4.434     0.1
 Lincs                                    0.001116           0.067     0.0
 Lincs-Mat                                0.007440           0.030     0.0
 Constraint-V                             0.164151           1.313     0.0
 Constraint-Vir                           0.164151           3.940     0.1
 Settle                                   0.110484          35.686     0.9
-----------------------------------------------------------------------------
 Total                                                    4038.074   100.0
-----------------------------------------------------------------------------


     R E A L   C Y C L E   A N D   T I M E   A C C O U N T I N G

On 1 MPI rank

 Computing:          Num   Num      Call    Wall time         Giga-Cycles
                     Ranks Threads  Count      (s)         total sum    %
-----------------------------------------------------------------------------
 Neighbor search        1    1         61       1.085          2.901  14.3
 Force                  1    1         61       3.693          9.875  48.8
 PME mesh               1    1         61       2.641          7.061  34.9
 Write traj.            1    1          4       0.039          0.104   0.5
 Update                 1    1        244       0.020          0.054   0.3
 Constraints            1    1        122       0.045          0.120   0.6
 Rest                                           0.040          0.107   0.5
-----------------------------------------------------------------------------
 Total                                          7.562         20.221 100.0
-----------------------------------------------------------------------------
 Breakdown of PME mesh computation
-----------------------------------------------------------------------------
 PME spread/gather      1    1        244       1.542          4.124  20.4
 PME 3D-FFT             1    1        244       0.852          2.278  11.3
 PME solve Elec         1    1        122       0.246          0.658   3.3
-----------------------------------------------------------------------------

               Core t (s)   Wall t (s)        (%)
       Time:        7.540        7.562       99.7
                 (ns/day)    (hour/ns)
Performance:        1.394       17.219
Finished mdrun on rank 0 Fri Dec  5 02:16:40 2014
