Log file opened on Wed Jul 19 10:49:27 2017
Host: BirdMac.lan  pid: 62588  rank ID: 0  number of ranks:  1
         :-) GROMACS - gmx mdrun, 2017-dev-20170719-ff03a6997-dirty (-:

                            GROMACS is written by:
     Emile Apol      Rossen Apostolov  Herman J.C. Berendsen    Par Bjelkmar   
 Aldert van Buuren   Rudi van Drunen     Anton Feenstra    Gerrit Groenhof  
 Christoph Junghans   Anca Hamuraru    Vincent Hindriksen Dimitrios Karkoulis
    Peter Kasson        Jiri Kraus      Carsten Kutzner      Per Larsson    
  Justin A. Lemkul   Magnus Lundborg   Pieter Meulenhoff    Erik Marklund   
   Teemu Murtola       Szilard Pall       Sander Pronk      Roland Schulz   
  Alexey Shvetsov     Michael Shirts     Alfons Sijbers     Peter Tieleman  
  Teemu Virolainen  Christian Wennberg    Maarten Wolf   
                           and the project leaders:
        Mark Abraham, Berk Hess, Erik Lindahl, and David van der Spoel

Copyright (c) 1991-2000, University of Groningen, The Netherlands.
Copyright (c) 2001-2017, The GROMACS development team at
Uppsala University, Stockholm University and
the Royal Institute of Technology, Sweden.
check out http://www.gromacs.org for more information.

GROMACS is free software; you can redistribute it and/or modify it
under the terms of the GNU Lesser General Public License
as published by the Free Software Foundation; either version 2.1
of the License, or (at your option) any later version.

GROMACS:      gmx mdrun, version 2017-dev-20170719-ff03a6997-dirty
Executable:   /Users/spoel/software-master/bin/gmx
Data prefix:  /Users/spoel/software-master
Working dir:  /Users/spoel/GG/regressiontests/complex/orientation-restraints
Command line:
  gmx mdrun -v

GROMACS version:    2017-dev-20170719-ff03a6997-dirty
GIT SHA1 hash:      ff03a6997c020742ba2cd32e8f1ed22ac601f747 (dirty)
Precision:          single
Memory model:       64 bit
MPI library:        MPI
OpenMP support:     disabled
GPU support:        disabled
SIMD instructions:  SSE4.1
FFT library:        fftw-3.3.5-sse2-avx
RDTSCP usage:       disabled
TNG support:        enabled
Hwloc support:      hwloc-1.11.0
Tracing support:    disabled
Built on:           Wed Jul 19 10:15:37 CEST 2017
Built by:           spoel@BirdMac.lan [CMAKE]
Build OS/arch:      Darwin 15.6.0 x86_64
Build CPU vendor:   Intel
Build CPU brand:    Intel(R) Core(TM) i7-4578U CPU @ 3.00GHz
Build CPU family:   6   Model: 69   Stepping: 1
Build CPU features: aes apic avx avx2 clfsh cmov cx8 cx16 f16c fma htt intel lahf mmx msr nonstop_tsc pcid pclmuldq pdcm pdpe1gb popcnt pse rdrnd rdtscp sse2 sse3 sse4.1 sse4.2 ssse3 tdt x2apic
C compiler:         /opt/local/bin/mpicc-openmpi-mp AppleClang 8.0.0.8000042
C compiler flags:    -msse4.1    -Wall -Wno-unused -Wunused-value -Wunused-parameter -Wno-unknown-pragmas  -g 
C++ compiler:       /opt/local/bin/mpicxx-openmpi-mp AppleClang 8.0.0.8000042
C++ compiler flags:  -msse4.1    -std=c++11  -Wdeprecated -Wextra -Wno-missing-field-initializers -Wpointer-arith -Wall -Wno-unused-function -Wno-unknown-pragmas  -g 


Running on 1 node with total 4 cores, 4 logical cores
Hardware detected on host BirdMac.lan (the node of MPI rank 0):
  CPU info:
    Vendor: Intel
    Brand:  Intel(R) Core(TM) i7-4578U CPU @ 3.00GHz
    Family: 6   Model: 69   Stepping: 1
    Features: aes apic avx avx2 clfsh cmov cx8 cx16 f16c fma htt intel lahf mmx msr nonstop_tsc pcid pclmuldq pdcm pdpe1gb popcnt pse rdrnd rdtscp sse2 sse3 sse4.1 sse4.2 ssse3 tdt x2apic
    SIMD instructions most likely to fit this hardware: AVX2_256
    SIMD instructions selected at GROMACS compile time: SSE4.1

  Hardware topology: Only logical processor count


Binary not matching hardware - you might be losing performance.
SIMD instructions most likely to fit this hardware: AVX2_256
SIMD instructions selected at GROMACS compile time: SSE4.1

The current CPU can measure timings more accurately than the code in
gmx mdrun was configured to use. This might affect your simulation
speed as accurate timings are needed for load-balancing.
Please consider rebuilding gmx mdrun with the GMX_USE_RDTSCP=ON CMake option.

++++ PLEASE READ AND CITE THE FOLLOWING REFERENCE ++++
M. J. Abraham, T. Murtola, R. Schulz, S. Páll, J. C. Smith, B. Hess, E.
Lindahl
GROMACS: High performance molecular simulations through multi-level
parallelism from laptops to supercomputers
SoftwareX 1 (2015) pp. 19-25
-------- -------- --- Thank You --- -------- --------


++++ PLEASE READ AND CITE THE FOLLOWING REFERENCE ++++
S. Páll, M. J. Abraham, C. Kutzner, B. Hess, E. Lindahl
Tackling Exascale Software Challenges in Molecular Dynamics Simulations with
GROMACS
In S. Markidis & E. Laure (Eds.), Solving Software Challenges for Exascale 8759 (2015) pp. 3-27
-------- -------- --- Thank You --- -------- --------


++++ PLEASE READ AND CITE THE FOLLOWING REFERENCE ++++
S. Pronk, S. Páll, R. Schulz, P. Larsson, P. Bjelkmar, R. Apostolov, M. R.
Shirts, J. C. Smith, P. M. Kasson, D. van der Spoel, B. Hess, and E. Lindahl
GROMACS 4.5: a high-throughput and highly parallel open source molecular
simulation toolkit
Bioinformatics 29 (2013) pp. 845-54
-------- -------- --- Thank You --- -------- --------


++++ PLEASE READ AND CITE THE FOLLOWING REFERENCE ++++
B. Hess and C. Kutzner and D. van der Spoel and E. Lindahl
GROMACS 4: Algorithms for highly efficient, load-balanced, and scalable
molecular simulation
J. Chem. Theory Comput. 4 (2008) pp. 435-447
-------- -------- --- Thank You --- -------- --------


++++ PLEASE READ AND CITE THE FOLLOWING REFERENCE ++++
D. van der Spoel, E. Lindahl, B. Hess, G. Groenhof, A. E. Mark and H. J. C.
Berendsen
GROMACS: Fast, Flexible and Free
J. Comp. Chem. 26 (2005) pp. 1701-1719
-------- -------- --- Thank You --- -------- --------


++++ PLEASE READ AND CITE THE FOLLOWING REFERENCE ++++
E. Lindahl and B. Hess and D. van der Spoel
GROMACS 3.0: A package for molecular simulation and trajectory analysis
J. Mol. Mod. 7 (2001) pp. 306-317
-------- -------- --- Thank You --- -------- --------


++++ PLEASE READ AND CITE THE FOLLOWING REFERENCE ++++
H. J. C. Berendsen, D. van der Spoel and R. van Drunen
GROMACS: A message-passing parallel molecular dynamics implementation
Comp. Phys. Comm. 91 (1995) pp. 43-56
-------- -------- --- Thank You --- -------- --------

Input Parameters:
   integrator                     = md
   tinit                          = 0
   dt                             = 0.002
   nsteps                         = 10
   init-step                      = 0
   simulation-part                = 1
   comm-mode                      = Angular
   nstcomm                        = 100
   bd-fric                        = 0
   ld-seed                        = 1993
   emtol                          = 20
   emstep                         = 0.01
   niter                          = 20
   fcstep                         = 0
   nstcgsteep                     = 200
   nbfgscorr                      = 10
   rtpi                           = 0.05
   nstxout                        = 10
   nstvout                        = 10
   nstfout                        = 10
   nstlog                         = 0
   nstcalcenergy                  = 10
   nstenergy                      = 10
   nstxout-compressed             = 0
   compressed-x-precision         = 1000
   cutoff-scheme                  = Group
   nstlist                        = 10
   ns-type                        = Grid
   pbc                            = no
   periodic-molecules             = false
   verlet-buffer-tolerance        = 0.005
   rlist                          = 5
   coulombtype                    = Cut-off
   coulomb-modifier               = None
   rcoulomb-switch                = 0
   rcoulomb                       = 5
   epsilon-r                      = 1
   epsilon-rf                     = 1
   vdw-type                       = Cut-off
   vdw-modifier                   = None
   rvdw-switch                    = 0
   rvdw                           = 5
   DispCorr                       = No
   table-extension                = 1
   fourierspacing                 = 0.12
   fourier-nx                     = 0
   fourier-ny                     = 0
   fourier-nz                     = 0
   pme-order                      = 4
   ewald-rtol                     = 1e-05
   ewald-rtol-lj                  = 0.001
   lj-pme-comb-rule               = Geometric
   ewald-geometry                 = 0
   epsilon-surface                = 0
   implicit-solvent               = No
   gb-algorithm                   = Still
   nstgbradii                     = 1
   rgbradii                       = 2
   gb-epsilon-solvent             = 80
   gb-saltconc                    = 0
   gb-obc-alpha                   = 1
   gb-obc-beta                    = 0.8
   gb-obc-gamma                   = 4.85
   gb-dielectric-offset           = 0.009
   sa-algorithm                   = Ace-approximation
   sa-surface-tension             = 2.05016
   tcoupl                         = V-rescale
   nsttcouple                     = 10
   nh-chain-length                = 0
   print-nose-hoover-chain-variables = false
   pcoupl                         = No
   pcoupltype                     = Isotropic
   nstpcouple                     = -1
   tau-p                          = 1
   compressibility (3x3):
      compressibility[    0]={ 0.00000e+00,  0.00000e+00,  0.00000e+00}
      compressibility[    1]={ 0.00000e+00,  0.00000e+00,  0.00000e+00}
      compressibility[    2]={ 0.00000e+00,  0.00000e+00,  0.00000e+00}
   ref-p (3x3):
      ref-p[    0]={ 0.00000e+00,  0.00000e+00,  0.00000e+00}
      ref-p[    1]={ 0.00000e+00,  0.00000e+00,  0.00000e+00}
      ref-p[    2]={ 0.00000e+00,  0.00000e+00,  0.00000e+00}
   refcoord-scaling               = No
   posres-com (3):
      posres-com[0]= 0.00000e+00
      posres-com[1]= 0.00000e+00
      posres-com[2]= 0.00000e+00
   posres-comB (3):
      posres-comB[0]= 0.00000e+00
      posres-comB[1]= 0.00000e+00
      posres-comB[2]= 0.00000e+00
   QMMM                           = false
   QMconstraints                  = 0
   QMMMscheme                     = 0
   MMChargeScaleFactor            = 1
qm-opts:
   ngQM                           = 0
   constraint-algorithm           = Lincs
   continuation                   = false
   Shake-SOR                      = false
   shake-tol                      = 0.0001
   lincs-order                    = 3
   lincs-iter                     = 2
   lincs-warnangle                = 30
   nwall                          = 0
   wall-type                      = 9-3
   wall-r-linpot                  = -1
   wall-atomtype[0]               = -1
   wall-atomtype[1]               = -1
   wall-density[0]                = 0
   wall-density[1]                = 0
   wall-ewald-zfac                = 3
   pull                           = false
   rotation                       = false
   interactiveMD                  = false
   disre                          = No
   disre-weighting                = Equal
   disre-mixed                    = false
   dr-fc                          = 200
   dr-tau                         = 0
   nstdisreout                    = 20
   orire-fc                       = 100
   orire-tau                      = 1
   nstorireout                    = 1
   free-energy                    = no
   cos-acceleration               = 0
   deform (3x3):
      deform[    0]={ 0.00000e+00,  0.00000e+00,  0.00000e+00}
      deform[    1]={ 0.00000e+00,  0.00000e+00,  0.00000e+00}
      deform[    2]={ 0.00000e+00,  0.00000e+00,  0.00000e+00}
   simulated-tempering            = false
   swapcoords                     = no
   userint1                       = 0
   userint2                       = 0
   userint3                       = 0
   userint4                       = 0
   userreal1                      = 0
   userreal2                      = 0
   userreal3                      = 0
   userreal4                      = 0
   applied-forces:
     electric-field:
       x:
         E0                       = 0
         omega                    = 0
         t0                       = 0
         sigma                    = 0
       y:
         E0                       = 0
         omega                    = 0
         t0                       = 0
         sigma                    = 0
       z:
         E0                       = 0
         omega                    = 0
         t0                       = 0
         sigma                    = 0
grpopts:
   nrdf:        2531
   ref-t:         300
   tau-t:         0.1
annealing:          No
annealing-npoints:           0
   acc:	           0           0           0
   nfreeze:           N           N           N
   energygrp-flags[  0]: 0

Found 1 orientation experiments
  experiment 1 has 5 restraints
  the fit group consists of 1007 atoms and has total mass 7404.44

++++ PLEASE READ AND CITE THE FOLLOWING REFERENCE ++++
B. Hess and R.M. Scheek
Orientation restraints in molecular dynamics simulations using time and
ensemble averaging
J. Magn. Res. 164 (2003) pp. 19-27
-------- -------- --- Thank You --- -------- --------


Using 1 MPI process

NOTE: This file uses the deprecated 'group' cutoff_scheme. This will be
removed in a future release when 'verlet' supports all interaction forms.

Table routines are used for coulomb: false
Table routines are used for vdw:     false
System total charge: 0.000
Cut-off's:   NS: 5   Coulomb: 5   LJ: 5
Generated table with 3000 data points for 1-4 COUL.
Tabscale = 500 points/nm
Generated table with 3000 data points for 1-4 LJ6.
Tabscale = 500 points/nm
Generated table with 3000 data points for 1-4 LJ12.
Tabscale = 500 points/nm
Potential shift: LJ r^-12: 0.000e+00 r^-6: 0.000e+00, Coulomb -0e+00

Initializing LINear Constraint Solver

++++ PLEASE READ AND CITE THE FOLLOWING REFERENCE ++++
B. Hess and H. Bekker and H. J. C. Berendsen and J. G. E. M. Fraaije
LINCS: A Linear Constraint Solver for molecular simulations
J. Comp. Chem. 18 (1997) pp. 1463-1472
-------- -------- --- Thank You --- -------- --------

The number of constraints is 484
Intra-simulation communication will occur every 10 steps.
Center of mass motion removal mode is Angular
We have the following groups for center of mass motion removal:
  0:  rest

++++ PLEASE READ AND CITE THE FOLLOWING REFERENCE ++++
G. Bussi, D. Donadio and M. Parrinello
Canonical sampling through velocity rescaling
J. Chem. Phys. 126 (2007) pp. 014101
-------- -------- --- Thank You --- -------- --------

There are: 1007 Atoms

Constraining the starting coordinates (step 0)

Constraining the coordinates at t0-dt (step 0)
RMS relative constraint deviation after constraining: 7.18e-07
Initial temperature: 306.148 K

Started mdrun on rank 0 Wed Jul 19 10:49:27 2017
           Step           Time
              0        0.00000


Grid: 6 x 5 x 5 cells
  Orientation experiment 1:
    order parameter: 0.00187424
    eig:  1.000    0.497  0.608  0.619
    eig: -0.695   -0.441  0.791 -0.424
    eig: -0.305   -0.748 -0.063  0.661

   Energies (kJ/mol)
           Bond            U-B    Proper Dih.  Improper Dih.      CMAP Dih.
    8.49566e+02    2.38781e+03    1.86324e+03    1.57601e+02   -3.65167e+02
          LJ-14     Coulomb-14        LJ (SR)   Coulomb (SR)  Orient. Rest.
    9.32331e+02    1.40818e+04   -1.22302e+03   -2.00907e+04    1.48157e-11
   Ori. R. RMSD      Potential    Kinetic En.   Total Energy  Conserved En.
    5.44618e-06   -1.40654e+03    3.19548e+03    1.78894e+03    1.78894e+03
    Temperature Pressure (bar)   Constr. rmsd
    3.03697e+02    0.00000e+00    7.73063e-07

           Step           Time
             10        0.02000

Writing checkpoint, step 10 at Wed Jul 19 10:49:27 2017


  Orientation experiment 1:
    order parameter: 0.00174344
    eig:  1.000    0.453  0.579  0.678
    eig: -0.592    0.232 -0.811  0.537
    eig: -0.408   -0.861  0.086  0.502

   Energies (kJ/mol)
           Bond            U-B    Proper Dih.  Improper Dih.      CMAP Dih.
    9.68739e+02    2.31452e+03    1.87861e+03    1.66234e+02   -3.93664e+02
          LJ-14     Coulomb-14        LJ (SR)   Coulomb (SR)  Orient. Rest.
    8.96490e+02    1.40960e+04   -1.25914e+03   -2.00149e+04    2.98093e-11
   Ori. R. RMSD      Potential    Kinetic En.   Total Energy  Conserved En.
    2.34088e-06   -1.34712e+03    3.23250e+03    1.88539e+03    1.88412e+03
    Temperature Pressure (bar)   Constr. rmsd
    3.07215e+02    0.00000e+00    7.39828e-07

	<======  ###############  ==>
	<====  A V E R A G E S  ====>
	<==  ###############  ======>

	Statistics over 11 steps using 2 frames

   Energies (kJ/mol)
           Bond            U-B    Proper Dih.  Improper Dih.      CMAP Dih.
    9.09153e+02    2.35117e+03    1.87092e+03    1.61917e+02   -3.79416e+02
          LJ-14     Coulomb-14        LJ (SR)   Coulomb (SR)  Orient. Rest.
    9.14411e+02    1.40889e+04   -1.24108e+03   -2.00528e+04    2.23125e-11
   Ori. R. RMSD      Potential    Kinetic En.   Total Energy  Conserved En.
    3.89353e-06   -1.37683e+03    3.21399e+03    1.83716e+03    1.83653e+03
    Temperature Pressure (bar)   Constr. rmsd
    3.05456e+02    0.00000e+00    0.00000e+00

   Total Virial (kJ/mol)
    1.12298e+03    7.13318e+01   -6.77667e+01
    7.13289e+01    1.65812e+03    1.93762e+01
   -6.77586e+01    1.93748e+01    1.15635e+03

   Pressure (bar)
    0.00000e+00    0.00000e+00    0.00000e+00
    0.00000e+00    0.00000e+00    0.00000e+00
    0.00000e+00    0.00000e+00    0.00000e+00


	M E G A - F L O P S   A C C O U N T I N G

 NB=Group-cutoff nonbonded kernels    NxN=N-by-N cluster Verlet kernels
 RF=Reaction-Field  VdW=Van der Waals  QSTab=quadratic-spline table
 W3=SPC/TIP3p  W4=TIP4p (single or pairs)
 V&F=Potential and force  V=Potential only  F=Force only

 Computing:                               M-Number         M-Flops  % Flops
-----------------------------------------------------------------------------
 NB VdW [V&F]                             0.997063           0.997     0.4
 NB VdW [F]                               3.709098           3.709     1.6
 NB VdW & Elec. [V&F]                    39.113554          39.114    17.4
 NB VdW & Elec. [F]                     149.603535         149.604    66.5
 1,4 nonbonded interactions               0.029183           2.626     1.2
 NS-Pairs                                 1.015056          21.316     9.5
 CG-CoM                                   0.002014           0.006     0.0
 Bonds                                    0.006017           0.355     0.2
 Propers                                  0.025916           5.935     2.6
 Impropers                                0.001870           0.389     0.2
 Orient. Restr.                           0.000055           0.011     0.0
 Virial                                   0.002104           0.038     0.0
 Stop-CM                                  0.002014           0.020     0.0
 Calc-Ekin                                0.004028           0.109     0.0
 Lincs                                    0.006292           0.378     0.2
 Lincs-Mat                                0.024050           0.096     0.0
 Constraint-V                             0.011616           0.093     0.0
 Constraint-Vir                           0.000968           0.023     0.0
 (null)                                   0.000682           0.000     0.0
-----------------------------------------------------------------------------
 Total                                                     224.818   100.0
-----------------------------------------------------------------------------


     R E A L   C Y C L E   A N D   T I M E   A C C O U N T I N G

On 1 MPI rank

 Computing:          Num   Num      Call    Wall time         Giga-Cycles
                     Ranks Threads  Count      (s)         total sum    %
-----------------------------------------------------------------------------
 Neighbor search        1    1          2       0.035          0.105  10.8
 Force                  1    1         11       0.273          0.821  84.6
 Write traj.            1    1          2       0.007          0.021   2.2
 Update                 1    1         11       0.000          0.001   0.1
 Constraints            1    1         11       0.006          0.019   2.0
 Rest                                           0.001          0.003   0.3
-----------------------------------------------------------------------------
 Total                                          0.323          0.970 100.0
-----------------------------------------------------------------------------

               Core t (s)   Wall t (s)        (%)
       Time:        0.323        0.323      100.0
                 (ns/day)    (hour/ns)
Performance:        5.885        4.078
Finished mdrun on rank 0 Wed Jul 19 10:49:27 2017
