Log file opened on Fri Feb 21 13:50:13 2014
Host: tcbs21  pid: 8869  nodeid: 0  nnodes:  1
GROMACS:    gmx mdrun, VERSION 5.0-beta2-dev-20140220-7093b4b (double precision)

GROMACS is written by:
Emile Apol         Rossen Apostolov   Herman J.C. Berendsen Par Bjelkmar       
Aldert van Buuren  Rudi van Drunen    Anton Feenstra     Sebastian Fritsch  
Gerrit Groenhof    Christoph Junghans Peter Kasson       Carsten Kutzner    
Per Larsson        Justin A. Lemkul   Magnus Lundborg    Pieter Meulenhoff  
Erik Marklund      Teemu Murtola      Szilard Pall       Sander Pronk       
Roland Schulz      Alexey Shvetsov    Michael Shirts     Alfons Sijbers     
Peter Tieleman     Christian Wennberg Maarten Wolf       
and the project leaders:
Mark Abraham, Berk Hess, Erik Lindahl, and David van der Spoel

Copyright (c) 1991-2000, University of Groningen, The Netherlands.
Copyright (c) 2001-2014, The GROMACS development team at
Uppsala University, Stockholm University and
the Royal Institute of Technology, Sweden.
check out http://www.gromacs.org for more information.

GROMACS is free software; you can redistribute it and/or modify it
under the terms of the GNU Lesser General Public License
as published by the Free Software Foundation; either version 2.1
of the License, or (at your option) any later version.

GROMACS:    gmx mdrun, VERSION 5.0-beta2-dev-20140220-7093b4b (double precision)
Executable: /nethome/rossen/local/gmx-testing/bin/gmx_d
Command line:
  mdrun_d -v -deffnm reference_d -s topol.tpr

Gromacs version:    VERSION 5.0-beta2-dev-20140220-7093b4b
GIT SHA1 hash:      7093b4bca2ad1b70cb4e6fa577e4ce2e687c0086
Branched from:      5f171ffba93bc01c63bfebf4c0004422c2653209 (1 newer local commits)
Precision:          double
Memory model:       64 bit
MPI library:        none
OpenMP support:     disabled
GPU support:        disabled
invsqrt routine:    (1.0/sqrt(x))
SIMD instructions:  NONE
FFT library:        fftpack (built-in)
RDTSCP usage:       enabled
C++11 compilation:  enabled
TNG support:        enabled
Built on:           Fri Feb 21 12:50:36 CET 2014
Built by:           rossen@tcbs21 [CMAKE]
Build OS/arch:      Linux 3.5.0-46-generic x86_64
Build CPU vendor:   GenuineIntel
Build CPU brand:    Intel(R) Xeon(R) CPU E5-2620 0 @ 2.00GHz
Build CPU family:   6   Model: 45   Stepping: 7
Build CPU features: aes apic avx clfsh cmov cx8 cx16 htt lahf_lm mmx msr nonstop_tsc pcid pclmuldq pdcm pdpe1gb popcnt pse rdtscp sse2 sse3 sse4.1 sse4.2 ssse3 tdt x2apic
C compiler:         /usr/bin/gcc-4.7 GNU 4.7.3
C compiler flags:      -Wextra -Wno-missing-field-initializers -Wno-sign-compare -Wpointer-arith -Wall -Wno-unused -Wunused-value -Wunused-parameter -Wno-unknown-pragmas   -O0 -g
C++ compiler:       /usr/bin/g++-4.7 GNU 4.7.3
C++ compiler flags:    -std=c++0x -Wextra -Wno-missing-field-initializers -Wpointer-arith -Wall -Wno-unused-function -Wno-unknown-pragmas   -O0 -g
Boost version:      1.48.0 (internal)



++++ PLEASE READ AND CITE THE FOLLOWING REFERENCE ++++
B. Hess and C. Kutzner and D. van der Spoel and E. Lindahl
GROMACS 4: Algorithms for highly efficient, load-balanced, and scalable
molecular simulation
J. Chem. Theory Comput. 4 (2008) pp. 435-447
-------- -------- --- Thank You --- -------- --------


++++ PLEASE READ AND CITE THE FOLLOWING REFERENCE ++++
D. van der Spoel, E. Lindahl, B. Hess, G. Groenhof, A. E. Mark and H. J. C.
Berendsen
GROMACS: Fast, Flexible and Free
J. Comp. Chem. 26 (2005) pp. 1701-1719
-------- -------- --- Thank You --- -------- --------


++++ PLEASE READ AND CITE THE FOLLOWING REFERENCE ++++
E. Lindahl and B. Hess and D. van der Spoel
GROMACS 3.0: A package for molecular simulation and trajectory analysis
J. Mol. Mod. 7 (2001) pp. 306-317
-------- -------- --- Thank You --- -------- --------


++++ PLEASE READ AND CITE THE FOLLOWING REFERENCE ++++
H. J. C. Berendsen, D. van der Spoel and R. van Drunen
GROMACS: A message-passing parallel molecular dynamics implementation
Comp. Phys. Comm. 91 (1995) pp. 43-56
-------- -------- --- Thank You --- -------- --------

Input Parameters:
   integrator                     = md
   nsteps               = 20
   init-step            = 0
   cutoff-scheme                  = Group
   ns-type                        = Grid
   nstlist              = 5
   ndelta               = 2
   nstcomm              = 1
   comm-mode                      = Linear
   nstlog               = 0
   nstxout              = 20
   nstvout              = 20
   nstfout              = 20
   nstcalcenergy        = 1
   nstenergy            = 1
   nstxout-compressed   = 0
   init-t               = 0
   delta-t              = 0.005
   x-compression-precision = 200
   fourierspacing       = 0.2
   nkx                  = 28
   nky                  = 28
   nkz                  = 28
   pme-order            = 4
   ewald-rtol           = 1e-05
   ewald-rtol-lj        = 0.001
   ewald-geometry       = 0
   epsilon-surface      = 0
   optimize-fft                   = FALSE
   lj-pme-comb-rule               = Geometric
   ePBC                           = xyz
   bPeriodicMols                  = FALSE
   bContinuation                  = FALSE
   bShakeSOR                      = FALSE
   etc                            = Berendsen
   bPrintNHChains                 = FALSE
   nsttcouple           = 5
   epc                            = Berendsen
   epctype                        = Isotropic
   nstpcouple           = 5
   tau-p                = 1
   ref-p (3x3):
      ref-p[    0]={ 2.00000e+02,  0.00000e+00,  0.00000e+00}
      ref-p[    1]={ 0.00000e+00,  2.00000e+02,  0.00000e+00}
      ref-p[    2]={ 0.00000e+00,  0.00000e+00,  2.00000e+02}
   compress (3x3):
      compress[    0]={ 1.00000e-04,  0.00000e+00,  0.00000e+00}
      compress[    1]={ 0.00000e+00,  1.00000e-04,  0.00000e+00}
      compress[    2]={ 0.00000e+00,  0.00000e+00,  1.00000e-04}
   refcoord-scaling               = No
   posres-com (3):
      posres-com[0]= 0.00000e+00
      posres-com[1]= 0.00000e+00
      posres-com[2]= 0.00000e+00
   posres-comB (3):
      posres-comB[0]= 0.00000e+00
      posres-comB[1]= 0.00000e+00
      posres-comB[2]= 0.00000e+00
   verlet-buffer-tolerance = 0.005
   rlist                = 1
   rlistlong            = 1
   nstcalclr            = 0
   rtpi                 = 0.05
   coulombtype                    = PME
   coulomb-modifier               = None
   rcoulomb-switch      = 0
   rcoulomb             = 1
   vdwtype                        = Cut-off
   vdw-modifier                   = None
   rvdw-switch          = 0
   rvdw                 = 1
   epsilon-r            = 1
   epsilon-rf           = 1
   tabext               = 1
   implicit-solvent               = No
   gb-algorithm                   = Still
   gb-epsilon-solvent   = 80
   nstgbradii           = 1
   rgbradii             = 2
   gb-saltconc          = 0
   gb-obc-alpha         = 1
   gb-obc-beta          = 0.8
   gb-obc-gamma         = 4.85
   gb-dielectric-offset = 0.009
   sa-algorithm                   = Ace-approximation
   sa-surface-tension   = 2.05016
   DispCorr                       = No
   bSimTemp                       = FALSE
   free-energy                    = no
   nwall                = 0
   wall-type                      = 9-3
   wall-atomtype[0]     = -1
   wall-atomtype[1]     = -1
   wall-density[0]      = 0
   wall-density[1]      = 0
   wall-ewald-zfac      = 3
   pull                           = no
   rotation                       = FALSE
   disre                          = No
   disre-weighting                = Equal
   disre-mixed                    = FALSE
   dr-fc                = 200
   dr-tau               = 1.25
   nstdisreout          = 20
   orires-fc            = 0
   orires-tau           = 0
   nstorireout          = 20
   dihre-fc             = 0
   em-stepsize          = 0.1
   em-tol               = 0.001
   niter                = 20
   fc-stepsize          = 0
   nstcgsteep           = 200
   nbfgscorr            = 10
   ConstAlg                       = Lincs
   shake-tol            = 0.0001
   lincs-order          = 4
   lincs-warnangle      = 30
   lincs-iter           = 1
   bd-fric              = 0
   ld-seed              = 1993
   cos-accel            = 0
   deform (3x3):
      deform[    0]={ 0.00000e+00,  0.00000e+00,  0.00000e+00}
      deform[    1]={ 0.00000e+00,  0.00000e+00,  0.00000e+00}
      deform[    2]={ 0.00000e+00,  0.00000e+00,  0.00000e+00}
   adress                         = FALSE
   userint1             = 0
   userint2             = 0
   userint3             = 0
   userint4             = 0
   userreal1            = 0
   userreal2            = 0
   userreal3            = 0
   userreal4            = 0
grpopts:
   nrdf:        1725
   ref-t:        1200
   tau-t:         0.1
anneal:          No
ann-npoints:           0
   acc:	           0           0           0
   nfreeze:           N           N           N
   energygrp-flags[  0]: 0
   efield-x:
      n = 0
   efield-xt:
      n = 0
   efield-y:
      n = 0
   efield-yt:
      n = 0
   efield-z:
      n = 0
   efield-zt:
      n = 0
   eSwapCoords                    = no
   bQMMM                          = FALSE
   QMconstraints        = 0
   QMMMscheme           = 0
   scalefactor          = 1
qm-opts:
   ngQM                 = 0

Detecting CPU SIMD instructions.
Present hardware specification:
Vendor: GenuineIntel
Brand:  Intel(R) Xeon(R) CPU E5-2620 0 @ 2.00GHz
Family:  6  Model: 45  Stepping:  7
Features: aes apic avx clfsh cmov cx8 cx16 htt lahf_lm mmx msr nonstop_tsc pcid pclmuldq pdcm pdpe1gb popcnt pse rdtscp sse2 sse3 sse4.1 sse4.2 ssse3 tdt x2apic
SIMD instructions most likely to fit this hardware: AVX_256
SIMD instructions selected at GROMACS compile time: None


Binary not matching hardware - you might be losing performance.
SIMD instructions most likely to fit this hardware: AVX_256
SIMD instructions selected at GROMACS compile time: None

Table routines are used for coulomb: FALSE
Table routines are used for vdw:     FALSE
Will do PME sum in reciprocal space for electrostatic interactions.

++++ PLEASE READ AND CITE THE FOLLOWING REFERENCE ++++
U. Essmann, L. Perera, M. L. Berkowitz, T. Darden, H. Lee and L. G. Pedersen 
A smooth particle mesh Ewald method
J. Chem. Phys. 103 (1995) pp. 8577-8592
-------- -------- --- Thank You --- -------- --------

Will do ordinary reciprocal space Ewald sum.
Using a Gaussian width (1/beta) of 0.320163 nm for Ewald
Cut-off's:   NS: 1   Coulomb: 1   LJ: 1
System total charge: 0.000
Generated table with 4000 data points for Ewald.
Tabscale = 2000 points/nm
Generated table with 4000 data points for LJ6.
Tabscale = 2000 points/nm
Generated table with 4000 data points for LJ12.
Tabscale = 2000 points/nm
Potential shift: LJ r^-12: 0.000 r^-6 0.000, Ewald -0.000e+00
Initialized non-bonded Ewald correction tables, spacing: 6.60e-04 size: 3033

Removing pbc first time
Center of mass motion removal mode is Linear
We have the following groups for center of mass motion removal:
  0:  rest

++++ PLEASE READ AND CITE THE FOLLOWING REFERENCE ++++
H. J. C. Berendsen, J. P. M. Postma, A. DiNola and J. R. Haak
Molecular dynamics with coupling to an external bath
J. Chem. Phys. 81 (1984) pp. 3684-3690
-------- -------- --- Thank You --- -------- --------

There are: 576 Atoms
Max number of connections per atom is 0
Total number of connections is 0
Initial temperature: 1139.84 K

Started mdrun on node 0 Fri Feb 21 13:50:13 2014
           Step           Time         Lambda
              0        0.00000        0.00000


Grid: 5 x 5 x 5 cells
   Energies (kJ/mol)
        LJ (SR)   Coulomb (SR)   Coul. recip.      Potential    Kinetic En.
    3.20325e+04   -9.07185e+04   -1.39348e+05   -1.98033e+05    8.77143e+03
   Total Energy    Temperature Pressure (bar)
   -1.89262e+05    1.22314e+03    7.52645e+03

           Step           Time         Lambda
             20        0.10000        0.00000

Writing checkpoint, step 20 at Fri Feb 21 13:50:14 2014


   Energies (kJ/mol)
        LJ (SR)   Coulomb (SR)   Coul. recip.      Potential    Kinetic En.
    1.26802e+04   -7.62741e+04   -1.38711e+05   -2.02305e+05    9.83627e+03
   Total Energy    Temperature Pressure (bar)
   -1.92469e+05    1.37162e+03   -5.11854e+02

	<======  ###############  ==>
	<====  A V E R A G E S  ====>
	<==  ###############  ======>

	Statistics over 21 steps using 21 frames

   Energies (kJ/mol)
        LJ (SR)   Coulomb (SR)   Coul. recip.      Potential    Kinetic En.
    1.82466e+04   -8.14909e+04   -1.38792e+05   -2.02037e+05    1.05602e+04
   Total Energy    Temperature Pressure (bar)
   -1.91476e+05    1.47257e+03    1.82716e+03

          Box-X          Box-Y          Box-Z
    5.39736e+00    5.39736e+00    5.39736e+00

   Total Virial (kJ/mol)
   -4.95343e+03    3.10904e+02   -8.45192e+01
    3.10904e+02   -6.06181e+03   -7.75801e+02
   -8.45192e+01   -7.75801e+02   -4.13854e+03

   Pressure (bar)
    1.78907e+03   -3.21199e+01   -9.42718e+00
   -3.21199e+01    2.07112e+03    1.75019e+02
   -9.42718e+00    1.75019e+02    1.62129e+03


	M E G A - F L O P S   A C C O U N T I N G

 NB=Group-cutoff nonbonded kernels    NxN=N-by-N cluster Verlet kernels
 RF=Reaction-Field  VdW=Van der Waals  QSTab=quadratic-spline table
 W3=SPC/TIP3p  W4=TIP4p (single or pairs)
 V&F=Potential and force  V=Potential only  F=Force only

 Computing:                               M-Number         M-Flops  % Flops
-----------------------------------------------------------------------------
 NB VdW & Elec. [V&F]                    23.694209          23.694    16.1
 Calc Weights                             0.036288           1.306     0.9
 Spread Q Bspline                         0.774144           1.548     1.1
 Gather F Bspline                         0.774144           4.645     3.2
 3D-FFT                                  13.296906         106.375    72.5
 Solve PME                                0.016464           1.054     0.7
 NS-Pairs                                 0.351324           7.378     5.0
 Reset In Box                             0.002880           0.009     0.0
 CG-CoM                                   0.002880           0.009     0.0
 Virial                                   0.013041           0.235     0.2
 Stop-CM                                  0.012672           0.127     0.1
 P-Coupling                               0.012096           0.073     0.0
 Calc-Ekin                                0.012672           0.342     0.2
-----------------------------------------------------------------------------
 Total                                                     146.794   100.0
-----------------------------------------------------------------------------


     R E A L   C Y C L E   A N D   T I M E   A C C O U N T I N G

On 1 MPI rank

 Computing:          Num   Num      Call    Wall time         Giga-Cycles
                     Nodes Threads  Count      (s)         total sum    %
-----------------------------------------------------------------------------
 Neighbor search        1    1          5       0.026          0.053   8.2
 Force                  1    1         21       0.053          0.106  16.4
 PME mesh               1    1         21       0.222          0.447  69.0
 Write traj.            1    1          2       0.014          0.029   4.5
 Update                 1    1         21       0.001          0.001   0.2
 Rest                                           0.005          0.011   1.7
-----------------------------------------------------------------------------
 Total                                          0.322          0.647 100.0
-----------------------------------------------------------------------------
 Breakdown of PME mesh computation
-----------------------------------------------------------------------------
 PME spread/gather      1    1         42       0.031          0.062   9.5
 PME 3D-FFT             1    1         42       0.162          0.325  50.1
 PME solve Elec         1    1         21       0.030          0.060   9.3
-----------------------------------------------------------------------------

               Core t (s)   Wall t (s)        (%)
       Time:        0.316        0.322       98.2
                 (ns/day)    (hour/ns)
Performance:       28.150        0.853
Finished mdrun on node 0 Fri Feb 21 13:50:13 2014
