Log file opened on Thu Dec 11 12:15:19 2014
Host: gromacs  pid: 9473  rank ID: 0  number of ranks:  1
GROMACS:    gmx mdrun, VERSION 5.0.3-dev-20141126-5012852

GROMACS is written by:
Emile Apol         Rossen Apostolov   Herman J.C. Berendsen Par Bjelkmar       
Aldert van Buuren  Rudi van Drunen    Anton Feenstra     Sebastian Fritsch  
Gerrit Groenhof    Christoph Junghans Peter Kasson       Carsten Kutzner    
Per Larsson        Justin A. Lemkul   Magnus Lundborg    Pieter Meulenhoff  
Erik Marklund      Teemu Murtola      Szilard Pall       Sander Pronk       
Roland Schulz      Alexey Shvetsov    Michael Shirts     Alfons Sijbers     
Peter Tieleman     Christian Wennberg Maarten Wolf       
and the project leaders:
Mark Abraham, Berk Hess, Erik Lindahl, and David van der Spoel

Copyright (c) 1991-2000, University of Groningen, The Netherlands.
Copyright (c) 2001-2014, The GROMACS development team at
Uppsala University, Stockholm University and
the Royal Institute of Technology, Sweden.
check out http://www.gromacs.org for more information.

GROMACS is free software; you can redistribute it and/or modify it
under the terms of the GNU Lesser General Public License
as published by the Free Software Foundation; either version 2.1
of the License, or (at your option) any later version.

GROMACS:      gmx mdrun, VERSION 5.0.3-dev-20141126-5012852
Executable:   /nethome/mark/git/r50-make-reference/build-cmake-reference-gromacs/bin/gmx
Library dir:  /nethome/mark/git/r50-make-reference/share/top
Command line:
  gmx mdrun -notunepme

Gromacs version:    VERSION 5.0.3-dev-20141126-5012852
GIT SHA1 hash:      5012852e7f6a3b7ad84117d69b6a5554c1aee166
Precision:          single
Memory model:       64 bit
MPI library:        none
OpenMP support:     disabled
GPU support:        disabled
invsqrt routine:    (1.0/sqrt(x))
SIMD instructions:  NONE
FFT library:        fftpack (built-in)
RDTSCP usage:       enabled
C++11 compilation:  enabled
TNG support:        enabled
Tracing support:    disabled
Built on:           Thu Jul  3 16:06:12 CEST 2014
Built by:           mark@gromacs [CMAKE]
Build OS/arch:      Linux 3.11.0-24-generic x86_64
Build CPU vendor:   GenuineIntel
Build CPU brand:    Intel(R) Core(TM) i7 CPU         920  @ 2.67GHz
Build CPU family:   6   Model: 26   Stepping: 4
Build CPU features: apic clfsh cmov cx8 cx16 htt lahf_lm mmx msr nonstop_tsc pdcm popcnt pse rdtscp sse2 sse3 sse4.1 sse4.2 ssse3
C compiler:         /usr/bin/gcc-4.7 GNU 4.7.3
C compiler flags:       -Wno-maybe-uninitialized -Wextra -Wno-missing-field-initializers -Wno-sign-compare -Wpointer-arith -Wall -Wno-unused -Wunused-value -Wunused-parameter -Wno-unknown-pragmas  -O0 -g
C++ compiler:       /usr/bin/g++-4.7 GNU 4.7.3
C++ compiler flags:    -std=c++0x  -Wextra -Wno-missing-field-initializers -Wpointer-arith -Wall -Wno-unused-function -Wno-unknown-pragmas  -O0 -g
Boost version:      1.55.0 (internal)



++++ PLEASE READ AND CITE THE FOLLOWING REFERENCE ++++
B. Hess and C. Kutzner and D. van der Spoel and E. Lindahl
GROMACS 4: Algorithms for highly efficient, load-balanced, and scalable
molecular simulation
J. Chem. Theory Comput. 4 (2008) pp. 435-447
-------- -------- --- Thank You --- -------- --------


++++ PLEASE READ AND CITE THE FOLLOWING REFERENCE ++++
D. van der Spoel, E. Lindahl, B. Hess, G. Groenhof, A. E. Mark and H. J. C.
Berendsen
GROMACS: Fast, Flexible and Free
J. Comp. Chem. 26 (2005) pp. 1701-1719
-------- -------- --- Thank You --- -------- --------


++++ PLEASE READ AND CITE THE FOLLOWING REFERENCE ++++
E. Lindahl and B. Hess and D. van der Spoel
GROMACS 3.0: A package for molecular simulation and trajectory analysis
J. Mol. Mod. 7 (2001) pp. 306-317
-------- -------- --- Thank You --- -------- --------


++++ PLEASE READ AND CITE THE FOLLOWING REFERENCE ++++
H. J. C. Berendsen, D. van der Spoel and R. van Drunen
GROMACS: A message-passing parallel molecular dynamics implementation
Comp. Phys. Comm. 91 (1995) pp. 43-56
-------- -------- --- Thank You --- -------- --------

Changing nstlist from 10 to 25, rlist from 1.4 to 1.441

Input Parameters:
   integrator                     = md
   tinit                          = 0
   dt                             = 0.002
   nsteps                         = 20
   init-step                      = 0
   simulation-part                = 1
   comm-mode                      = Linear
   nstcomm                        = 100
   bd-fric                        = 0
   ld-seed                        = 299383
   emtol                          = 10
   emstep                         = 0.01
   niter                          = 20
   fcstep                         = 0
   nstcgsteep                     = 1000
   nbfgscorr                      = 10
   rtpi                           = 0.05
   nstxout                        = 10
   nstvout                        = 0
   nstfout                        = 10
   nstlog                         = 10
   nstcalcenergy                  = 10
   nstenergy                      = 10
   nstxout-compressed             = 0
   compressed-x-precision         = 1000
   cutoff-scheme                  = Verlet
   nstlist                        = 25
   ns-type                        = Grid
   pbc                            = xyz
   periodic-molecules             = FALSE
   verlet-buffer-tolerance        = 0.001
   rlist                          = 1.441
   rlistlong                      = 1.441
   nstcalclr                      = 10
   coulombtype                    = PME
   coulomb-modifier               = Potential-shift
   rcoulomb-switch                = 0
   rcoulomb                       = 1.4
   epsilon-r                      = 1
   epsilon-rf                     = inf
   vdw-type                       = Cut-off
   vdw-modifier                   = Potential-shift
   rvdw-switch                    = 0
   rvdw                           = 1.4
   DispCorr                       = No
   table-extension                = 1
   fourierspacing                 = 0.15
   fourier-nx                     = 36
   fourier-ny                     = 36
   fourier-nz                     = 36
   pme-order                      = 4
   ewald-rtol                     = 1e-05
   ewald-rtol-lj                  = 0.001
   lj-pme-comb-rule               = Geometric
   ewald-geometry                 = 0
   epsilon-surface                = 0
   implicit-solvent               = No
   gb-algorithm                   = Still
   nstgbradii                     = 1
   rgbradii                       = 1
   gb-epsilon-solvent             = 80
   gb-saltconc                    = 0
   gb-obc-alpha                   = 1
   gb-obc-beta                    = 0.8
   gb-obc-gamma                   = 4.85
   gb-dielectric-offset           = 0.009
   sa-algorithm                   = Ace-approximation
   sa-surface-tension             = 2.05016
   tcoupl                         = V-rescale
   nsttcouple                     = 10
   nh-chain-length                = 0
   print-nose-hoover-chain-variables = FALSE
   pcoupl                         = No
   pcoupltype                     = Isotropic
   nstpcouple                     = -1
   tau-p                          = 1
   compressibility (3x3):
      compressibility[    0]={ 0.00000e+00,  0.00000e+00,  0.00000e+00}
      compressibility[    1]={ 0.00000e+00,  0.00000e+00,  0.00000e+00}
      compressibility[    2]={ 0.00000e+00,  0.00000e+00,  0.00000e+00}
   ref-p (3x3):
      ref-p[    0]={ 0.00000e+00,  0.00000e+00,  0.00000e+00}
      ref-p[    1]={ 0.00000e+00,  0.00000e+00,  0.00000e+00}
      ref-p[    2]={ 0.00000e+00,  0.00000e+00,  0.00000e+00}
   refcoord-scaling               = No
   posres-com (3):
      posres-com[0]= 0.00000e+00
      posres-com[1]= 0.00000e+00
      posres-com[2]= 0.00000e+00
   posres-comB (3):
      posres-comB[0]= 0.00000e+00
      posres-comB[1]= 0.00000e+00
      posres-comB[2]= 0.00000e+00
   QMMM                           = FALSE
   QMconstraints                  = 0
   QMMMscheme                     = 0
   MMChargeScaleFactor            = 1
qm-opts:
   ngQM                           = 0
   constraint-algorithm           = Lincs
   continuation                   = FALSE
   Shake-SOR                      = FALSE
   shake-tol                      = 1e-05
   lincs-order                    = 4
   lincs-iter                     = 1
   lincs-warnangle                = 30
   nwall                          = 0
   wall-type                      = 9-3
   wall-r-linpot                  = -1
   wall-atomtype[0]               = -1
   wall-atomtype[1]               = -1
   wall-density[0]                = 0
   wall-density[1]                = 0
   wall-ewald-zfac                = 3
   pull                           = no
   rotation                       = FALSE
   interactiveMD                  = FALSE
   disre                          = No
   disre-weighting                = Conservative
   disre-mixed                    = FALSE
   dr-fc                          = 1000
   dr-tau                         = 0
   nstdisreout                    = 100
   orire-fc                       = 0
   orire-tau                      = 0
   nstorireout                    = 100
   free-energy                    = no
   cos-acceleration               = 0
   deform (3x3):
      deform[    0]={ 0.00000e+00,  0.00000e+00,  0.00000e+00}
      deform[    1]={ 0.00000e+00,  0.00000e+00,  0.00000e+00}
      deform[    2]={ 0.00000e+00,  0.00000e+00,  0.00000e+00}
   simulated-tempering            = FALSE
   E-x:
      n = 0
   E-xt:
      n = 0
   E-y:
      n = 0
   E-yt:
      n = 0
   E-z:
      n = 0
   E-zt:
      n = 0
   swapcoords                     = no
   adress                         = FALSE
   userint1                       = 0
   userint2                       = 0
   userint3                       = 0
   userint4                       = 0
   userreal1                      = 0
   userreal2                      = 0
   userreal3                      = 0
   userreal4                      = 0
grpopts:
   nrdf:       12093
   ref-t:         298
   tau-t:         0.5
annealing:          No
annealing-npoints:           0
   acc:	           0           0           0
   nfreeze:           N           N           N
   energygrp-flags[  0]: 0

Detecting CPU SIMD instructions.
Present hardware specification:
Vendor: GenuineIntel
Brand:  Intel(R) Core(TM) i7 CPU         920  @ 2.67GHz
Family:  6  Model: 26  Stepping:  4
Features: apic clfsh cmov cx8 cx16 htt lahf_lm mmx msr nonstop_tsc pdcm popcnt pse rdtscp sse2 sse3 sse4.1 sse4.2 ssse3
SIMD instructions most likely to fit this hardware: SSE4.1
SIMD instructions selected at GROMACS compile time: None


Binary not matching hardware - you might be losing performance.
SIMD instructions most likely to fit this hardware: SSE4.1
SIMD instructions selected at GROMACS compile time: None

Will do PME sum in reciprocal space for electrostatic interactions.

++++ PLEASE READ AND CITE THE FOLLOWING REFERENCE ++++
U. Essmann, L. Perera, M. L. Berkowitz, T. Darden, H. Lee and L. G. Pedersen 
A smooth particle mesh Ewald method
J. Chem. Phys. 103 (1995) pp. 8577-8592
-------- -------- --- Thank You --- -------- --------

Will do ordinary reciprocal space Ewald sum.
Using a Gaussian width (1/beta) of 0.448228 nm for Ewald
Cut-off's:   NS: 1.441   Coulomb: 1.4   LJ: 1.4
System total charge: 0.000
Generated table with 1220 data points for Ewald.
Tabscale = 500 points/nm
Generated table with 1220 data points for LJ6.
Tabscale = 500 points/nm
Generated table with 1220 data points for LJ12.
Tabscale = 500 points/nm

Using plain C 4x4 non-bonded kernels


WARNING: Using the slow plain C kernels. This should
not happen during routine usage on supported platforms.


Using full Lennard-Jones parameter combination matrix

Potential shift: LJ r^-12: -1.764e-02 r^-6: -1.328e-01, Ewald -1.000e-05
Initialized non-bonded Ewald correction tables, spacing: 1.10e-03 size: 2213

Removing pbc first time

Initializing LINear Constraint Solver

++++ PLEASE READ AND CITE THE FOLLOWING REFERENCE ++++
B. Hess and H. Bekker and H. J. C. Berendsen and J. G. E. M. Fraaije
LINCS: A Linear Constraint Solver for molecular simulations
J. Comp. Chem. 18 (1997) pp. 1463-1472
-------- -------- --- Thank You --- -------- --------

The number of constraints is 3456
Center of mass motion removal mode is Linear
We have the following groups for center of mass motion removal:
  0:  rest

++++ PLEASE READ AND CITE THE FOLLOWING REFERENCE ++++
G. Bussi, D. Donadio and M. Parrinello
Canonical sampling through velocity rescaling
J. Chem. Phys. 126 (2007) pp. 014101
-------- -------- --- Thank You --- -------- --------

There are: 5184 Atoms

Constraining the starting coordinates (step 0)

Constraining the coordinates at t0-dt (step 0)
RMS relative constraint deviation after constraining: 2.20e-06
Initial temperature: 295.545 K

Started mdrun on rank 0 Thu Dec 11 12:15:19 2014
           Step           Time         Lambda
              0        0.00000        0.00000

   Energies (kJ/mol)
          Angle        LJ (SR)   Coulomb (SR)   Coul. recip.      Potential
    2.06471e+03   -1.27843e+04   -5.15284e+04    2.14866e+02   -6.20331e+04
    Kinetic En.   Total Energy  Conserved En.    Temperature Pressure (bar)
    1.48958e+04   -4.71373e+04   -4.71373e+04    2.96294e+02    1.56945e+02
   Constr. rmsd
    2.20397e-06

           Step           Time         Lambda
             10        0.02000        0.00000

   Energies (kJ/mol)
          Angle        LJ (SR)   Coulomb (SR)   Coul. recip.      Potential
    2.38295e+03   -1.27422e+04   -5.14440e+04    2.40267e+02   -6.15629e+04
    Kinetic En.   Total Energy  Conserved En.    Temperature Pressure (bar)
    1.45015e+04   -4.70615e+04   -4.71041e+04    2.88450e+02    2.91898e+02
   Constr. rmsd
    1.94286e-06

           Step           Time         Lambda
             20        0.04000        0.00000

Writing checkpoint, step 20 at Thu Dec 11 12:15:25 2014


   Energies (kJ/mol)
          Angle        LJ (SR)   Coulomb (SR)   Coul. recip.      Potential
    2.01424e+03   -1.24669e+04   -5.17832e+04    2.78033e+02   -6.19579e+04
    Kinetic En.   Total Energy  Conserved En.    Temperature Pressure (bar)
    1.49115e+04   -4.70464e+04   -4.71488e+04    2.96606e+02    7.61949e+02
   Constr. rmsd
    2.24226e-06

	<======  ###############  ==>
	<====  A V E R A G E S  ====>
	<==  ###############  ======>

	Statistics over 21 steps using 3 frames

   Energies (kJ/mol)
          Angle        LJ (SR)   Coulomb (SR)   Coul. recip.      Potential
    2.15397e+03   -1.26645e+04   -5.15852e+04    2.44389e+02   -6.18513e+04
    Kinetic En.   Total Energy  Conserved En.    Temperature Pressure (bar)
    1.47696e+04   -4.70817e+04   -4.71300e+04    2.93784e+02    4.03598e+02
   Constr. rmsd
    0.00000e+00

   Total Virial (kJ/mol)
    3.35713e+03   -1.62911e+03   -2.58983e+03
   -1.62909e+03    6.53407e+03    3.49203e+02
   -2.58982e+03    3.49194e+02    1.03656e+03

   Pressure (bar)
    4.99964e+02    4.77099e+02    9.16516e+02
    4.77094e+02   -5.11071e+02   -1.11122e+02
    9.16514e+02   -1.11119e+02    1.22190e+03


	M E G A - F L O P S   A C C O U N T I N G

 NB=Group-cutoff nonbonded kernels    NxN=N-by-N cluster Verlet kernels
 RF=Reaction-Field  VdW=Van der Waals  QSTab=quadratic-spline table
 W3=SPC/TIP3p  W4=TIP4p (single or pairs)
 V&F=Potential and force  V=Potential only  F=Force only

 Computing:                               M-Number         M-Flops  % Flops
-----------------------------------------------------------------------------
 Pair Search distance check               1.765952          15.894     0.6
 NxN QSTab Elec. + LJ [F]                39.176064        1606.219    57.8
 NxN QSTab Elec. + LJ [V&F]               6.529344         385.231    13.9
 NxN QSTab Elec. [F]                     10.866528         369.462    13.3
 NxN QSTab Elec. [V&F]                    1.811088          74.255     2.7
 Calc Weights                             0.326592          11.757     0.4
 Spread Q Bspline                         6.967296          13.935     0.5
 Gather F Bspline                         6.967296          41.804     1.5
 3D-FFT                                  30.392208         243.138     8.7
 Solve PME                                0.027216           1.742     0.1
 Shift-X                                  0.005184           0.031     0.0
 Angles                                   0.036288           6.096     0.2
 Virial                                   0.015687           0.282     0.0
 Stop-CM                                  0.010368           0.104     0.0
 Calc-Ekin                                0.051840           1.400     0.1
 Lincs                                    0.079488           4.769     0.2
 Lincs-Mat                                0.476928           1.908     0.1
 Constraint-V                             0.152064           1.217     0.0
 Constraint-Vir                           0.010368           0.249     0.0
-----------------------------------------------------------------------------
 Total                                                    2779.491   100.0
-----------------------------------------------------------------------------


     R E A L   C Y C L E   A N D   T I M E   A C C O U N T I N G

On 1 MPI rank

 Computing:          Num   Num      Call    Wall time         Giga-Cycles
                     Ranks Threads  Count      (s)         total sum    %
-----------------------------------------------------------------------------
 Neighbor search        1    1          1       0.062          0.167   1.0
 Force                  1    1         21       5.899         15.771  90.8
 PME mesh               1    1         21       0.444          1.188   6.8
 NB X/F buffer ops.     1    1         41       0.003          0.007   0.0
 Write traj.            1    1          3       0.035          0.093   0.5
 Update                 1    1         21       0.005          0.014   0.1
 Constraints            1    1         21       0.038          0.103   0.6
 Rest                                           0.009          0.023   0.1
-----------------------------------------------------------------------------
 Total                                          6.495         17.366 100.0
-----------------------------------------------------------------------------
 Breakdown of PME mesh computation
-----------------------------------------------------------------------------
 PME spread/gather      1    1         42       0.188          0.502   2.9
 PME 3D-FFT             1    1         42       0.210          0.563   3.2
 PME solve Elec         1    1         21       0.046          0.124   0.7
-----------------------------------------------------------------------------

               Core t (s)   Wall t (s)        (%)
       Time:        6.483        6.495       99.8
                 (ns/day)    (hour/ns)
Performance:        0.559       42.958
Finished mdrun on rank 0 Thu Dec 11 12:15:25 2014
