Log file opened on Thu Feb 25 00:07:29 2016
Host: tcbl07  pid: 4817  rank ID: 0  number of ranks:  1
   :-) GROMACS - gmx mdrun, 2016-dev-20160224-98e7703 (double precision) (-:

                            GROMACS is written by:
     Emile Apol      Rossen Apostolov  Herman J.C. Berendsen    Par Bjelkmar   
 Aldert van Buuren   Rudi van Drunen     Anton Feenstra    Gerrit Groenhof  
 Christoph Junghans   Anca Hamuraru    Vincent Hindriksen Dimitrios Karkoulis
    Peter Kasson        Jiri Kraus      Carsten Kutzner      Per Larsson    
  Justin A. Lemkul   Magnus Lundborg   Pieter Meulenhoff    Erik Marklund   
   Teemu Murtola       Szilard Pall       Sander Pronk      Roland Schulz   
  Alexey Shvetsov     Michael Shirts     Alfons Sijbers     Peter Tieleman  
  Teemu Virolainen  Christian Wennberg    Maarten Wolf   
                           and the project leaders:
        Mark Abraham, Berk Hess, Erik Lindahl, and David van der Spoel

Copyright (c) 1991-2000, University of Groningen, The Netherlands.
Copyright (c) 2001-2015, The GROMACS development team at
Uppsala University, Stockholm University and
the Royal Institute of Technology, Sweden.
check out http://www.gromacs.org for more information.

GROMACS is free software; you can redistribute it and/or modify it
under the terms of the GNU Lesser General Public License
as published by the Free Software Foundation; either version 2.1
of the License, or (at your option) any later version.

GROMACS:      gmx mdrun, version 2016-dev-20160224-98e7703 (double precision)
Executable:   /data/viveca/programs/awh/bin/gmx_d
Data prefix:  /data/viveca/programs/awh/bin
Command line:
  gmx_d mdrun -notunepme

GROMACS version:    2016-dev-20160224-98e7703
GIT SHA1 hash:      98e7703634e80705f4406f04b07936266d149d23
Branched from:      cb884d7ec840e41a11bb9da692de1624134bff39 (15 newer local commits)
Precision:          double
Memory model:       64 bit
MPI library:        thread_mpi
OpenMP support:     enabled (GMX_OPENMP_MAX_THREADS = 32)
GPU support:        disabled
SIMD instructions:  AVX2_256
FFT library:        fftw-3.3.4-sse2-avx
RDTSCP usage:       disabled
TNG support:        enabled
Tracing support:    disabled
Built on:           Wed Feb 24 23:02:24 CET 2016
Built by:           viveca@tcbl07 [CMAKE]
Build OS/arch:      Linux 3.13.0-77-generic x86_64
Build CPU vendor:   Intel
Build CPU brand:    Intel(R) Core(TM) i7-4770 CPU @ 3.40GHz
Build CPU family:   6   Model: 60   Stepping: 3
Build CPU features: aes apic avx avx2 clfsh cmov cx8 cx16 f16c fma hle htt lahf mmx msr nonstop_tsc pcid pclmuldq pdcm pdpe1gb popcnt pse rdrnd rdtscp rtm sse2 sse3 sse4.1 sse4.2 ssse3 tdt x2apic
C compiler:         /usr/bin/gcc-4.8 GNU 4.8.4
C compiler flags:    -march=core-avx2    -Wundef -Wextra -Wno-missing-field-initializers -Wno-sign-compare -Wpointer-arith -Wall -Wno-unused -Wunused-value -Wunused-parameter  -O0 -g
C++ compiler:       /usr/bin/g++-4.8 GNU 4.8.4
C++ compiler flags:  -march=core-avx2    -std=c++0x -Wundef -Wextra -Wno-missing-field-initializers -Wpointer-arith -Wall -Wno-unused-function  -O0 -g


Running on 1 node with total 8 cores, 8 logical cores
Hardware detected:
  CPU info:
    Vendor: Intel
    Brand:  Intel(R) Core(TM) i7-4770 CPU @ 3.40GHz
    Family: 6   Model: 60   Stepping: 3
    Features: aes apic avx avx2 clfsh cmov cx8 cx16 f16c fma hle htt lahf mmx msr nonstop_tsc pcid pclmuldq pdcm pdpe1gb popcnt pse rdrnd rdtscp rtm sse2 sse3 sse4.1 sse4.2 ssse3 tdt x2apic
    SIMD instructions most likely to fit this hardware: AVX2_256
    SIMD instructions selected at GROMACS compile time: AVX2_256


The current CPU can measure timings more accurately than the code in
gmx mdrun was configured to use. This might affect your simulation
speed as accurate timings are needed for load-balancing.
Please consider rebuilding gmx mdrun with the GMX_USE_RDTSCP=ON CMake option.


++++ PLEASE READ AND CITE THE FOLLOWING REFERENCE ++++
M. J. Abraham, T. Murtola, R. Schulz, S. Páll, J. C. Smith, B. Hess, E.
Lindahl
GROMACS: High performance molecular simulations through multi-level
parallelism from laptops to supercomputers
SoftwareX 1 (2015) pp. 19-25
-------- -------- --- Thank You --- -------- --------


++++ PLEASE READ AND CITE THE FOLLOWING REFERENCE ++++
S. Páll, M. J. Abraham, C. Kutzner, B. Hess, E. Lindahl
Tackling Exascale Software Challenges in Molecular Dynamics Simulations with
GROMACS
In S. Markidis & E. Laure (Eds.), Solving Software Challenges for Exascale 8759 (2015) pp. 3-27
-------- -------- --- Thank You --- -------- --------


++++ PLEASE READ AND CITE THE FOLLOWING REFERENCE ++++
S. Pronk, S. Páll, R. Schulz, P. Larsson, P. Bjelkmar, R. Apostolov, M. R.
Shirts, J. C. Smith, P. M. Kasson, D. van der Spoel, B. Hess, and E. Lindahl
GROMACS 4.5: a high-throughput and highly parallel open source molecular
simulation toolkit
Bioinformatics 29 (2013) pp. 845-54
-------- -------- --- Thank You --- -------- --------


++++ PLEASE READ AND CITE THE FOLLOWING REFERENCE ++++
B. Hess and C. Kutzner and D. van der Spoel and E. Lindahl
GROMACS 4: Algorithms for highly efficient, load-balanced, and scalable
molecular simulation
J. Chem. Theory Comput. 4 (2008) pp. 435-447
-------- -------- --- Thank You --- -------- --------


++++ PLEASE READ AND CITE THE FOLLOWING REFERENCE ++++
D. van der Spoel, E. Lindahl, B. Hess, G. Groenhof, A. E. Mark and H. J. C.
Berendsen
GROMACS: Fast, Flexible and Free
J. Comp. Chem. 26 (2005) pp. 1701-1719
-------- -------- --- Thank You --- -------- --------


++++ PLEASE READ AND CITE THE FOLLOWING REFERENCE ++++
E. Lindahl and B. Hess and D. van der Spoel
GROMACS 3.0: A package for molecular simulation and trajectory analysis
J. Mol. Mod. 7 (2001) pp. 306-317
-------- -------- --- Thank You --- -------- --------


++++ PLEASE READ AND CITE THE FOLLOWING REFERENCE ++++
H. J. C. Berendsen, D. van der Spoel and R. van Drunen
GROMACS: A message-passing parallel molecular dynamics implementation
Comp. Phys. Comm. 91 (1995) pp. 43-56
-------- -------- --- Thank You --- -------- --------

Changing nstlist from 10 to 40, rlist from 1 to 1

Input Parameters:
   integrator                     = md
   tinit                          = 0
   dt                             = 0.002
   nsteps                         = 20
   init-step                      = 0
   simulation-part                = 1
   comm-mode                      = Linear
   nstcomm                        = 10
   bd-fric                        = 0
   ld-seed                        = 3219852599
   emtol                          = 10
   emstep                         = 0.01
   niter                          = 20
   fcstep                         = 0
   nstcgsteep                     = 1000
   nbfgscorr                      = 10
   rtpi                           = 0.05
   nstxout                        = 20
   nstvout                        = 1
   nstfout                        = 1
   nstlog                         = 0
   nstcalcenergy                  = 1
   nstenergy                      = 1
   nstxout-compressed             = 20
   compressed-x-precision         = 1000
   cutoff-scheme                  = Verlet
   nstlist                        = 40
   ns-type                        = Grid
   pbc                            = xyz
   periodic-molecules             = false
   verlet-buffer-tolerance        = 0.005
   rlist                          = 1
   coulombtype                    = PME
   coulomb-modifier               = Potential-shift
   rcoulomb-switch                = 0
   rcoulomb                       = 1
   epsilon-r                      = 1
   epsilon-rf                     = inf
   vdw-type                       = Cut-off
   vdw-modifier                   = Potential-shift
   rvdw-switch                    = 0
   rvdw                           = 1
   DispCorr                       = EnerPres
   table-extension                = 1
   fourierspacing                 = 0.13
   fourier-nx                     = 24
   fourier-ny                     = 24
   fourier-nz                     = 24
   pme-order                      = 4
   ewald-rtol                     = 1e-06
   ewald-rtol-lj                  = 0.001
   lj-pme-comb-rule               = Geometric
   ewald-geometry                 = 0
   epsilon-surface                = 0
   implicit-solvent               = No
   gb-algorithm                   = Still
   nstgbradii                     = 1
   rgbradii                       = 1
   gb-epsilon-solvent             = 80
   gb-saltconc                    = 0
   gb-obc-alpha                   = 1
   gb-obc-beta                    = 0.8
   gb-obc-gamma                   = 4.85
   gb-dielectric-offset           = 0.009
   sa-algorithm                   = Ace-approximation
   sa-surface-tension             = 2.05016
   tcoupl                         = V-rescale
   nsttcouple                     = 10
   nh-chain-length                = 0
   print-nose-hoover-chain-variables = false
   pcoupl                         = Parrinello-Rahman
   pcoupltype                     = Isotropic
   nstpcouple                     = 10
   tau-p                          = 5
   compressibility (3x3):
      compressibility[    0]={ 4.50000e-05,  0.00000e+00,  0.00000e+00}
      compressibility[    1]={ 0.00000e+00,  4.50000e-05,  0.00000e+00}
      compressibility[    2]={ 0.00000e+00,  0.00000e+00,  4.50000e-05}
   ref-p (3x3):
      ref-p[    0]={ 1.00000e+00,  0.00000e+00,  0.00000e+00}
      ref-p[    1]={ 0.00000e+00,  1.00000e+00,  0.00000e+00}
      ref-p[    2]={ 0.00000e+00,  0.00000e+00,  1.00000e+00}
   refcoord-scaling               = COM
   posres-com (3):
      posres-com[0]= 0.00000e+00
      posres-com[1]= 0.00000e+00
      posres-com[2]= 0.00000e+00
   posres-comB (3):
      posres-comB[0]= 0.00000e+00
      posres-comB[1]= 0.00000e+00
      posres-comB[2]= 0.00000e+00
   QMMM                           = false
   QMconstraints                  = 0
   QMMMscheme                     = 0
   MMChargeScaleFactor            = 1
qm-opts:
   ngQM                           = 0
   constraint-algorithm           = Lincs
   continuation                   = false
   Shake-SOR                      = false
   shake-tol                      = 0.0001
   lincs-order                    = 4
   lincs-iter                     = 1
   lincs-warnangle                = 30
   nwall                          = 0
   wall-type                      = 9-3
   wall-r-linpot                  = -1
   wall-atomtype[0]               = -1
   wall-atomtype[1]               = -1
   wall-density[0]                = 0
   wall-density[1]                = 0
   wall-ewald-zfac                = 3
   pull                           = true
   pull-cylinder-r                = 1.5
   pull-constr-tol                = 1e-06
   pull-print-COM                 = false
   pull-print-ref-value           = false
   pull-print-components          = false
   pull-nstxout                   = 50
   pull-nstfout                   = 50
   pull-ngroups                   = 4
   pull-group 0:
     atom: not available
     weight: not available
     pbcatom                        = -1
   pull-group 1:
     atom (1):
        atom[0]=8
     weight: not available
     pbcatom                        = -1
   pull-group 2:
     atom (1):
        atom[0]=0
     weight: not available
     pbcatom                        = -1
   pull-group 3:
     atom (1):
        atom[0]=18
     weight: not available
     pbcatom                        = -1
   pull-ncoords                   = 1
   pull-coord 0:
   type                           = umbrella
   geometry                       = angle
   group[0]                       = 1
   group[1]                       = 2
   group[2]                       = 1
   group[3]                       = 3
   dim (3):
      dim[0]=1
      dim[1]=1
      dim[2]=0
   origin (3):
      origin[0]= 0.00000e+00
      origin[1]= 0.00000e+00
      origin[2]= 0.00000e+00
   vec (3):
      vec[0]= 0.00000e+00
      vec[1]= 0.00000e+00
      vec[2]= 0.00000e+00
   start                          = true
   init                           = 130.396
   rate                           = 1
   k                              = 4000
   kB                             = 4000
   rotation                       = false
   interactiveMD                  = false
   disre                          = No
   disre-weighting                = Conservative
   disre-mixed                    = false
   dr-fc                          = 1000
   dr-tau                         = 0
   nstdisreout                    = 100
   orire-fc                       = 0
   orire-tau                      = 0
   nstorireout                    = 100
   free-energy                    = no
   cos-acceleration               = 0
   deform (3x3):
      deform[    0]={ 0.00000e+00,  0.00000e+00,  0.00000e+00}
      deform[    1]={ 0.00000e+00,  0.00000e+00,  0.00000e+00}
      deform[    2]={ 0.00000e+00,  0.00000e+00,  0.00000e+00}
   simulated-tempering            = false
   E-x:
      n = 0
   E-xt:
      n = 0
   E-y:
      n = 0
   E-yt:
      n = 0
   E-z:
      n = 0
   E-zt:
      n = 0
   swapcoords                     = no
   userint1                       = 0
   userint2                       = 0
   userint3                       = 0
   userint4                       = 0
   userreal1                      = 0
   userreal2                      = 0
   userreal3                      = 0
   userreal4                      = 0
grpopts:
   nrdf:          48
   ref-t:         310
   tau-t:         0.1
annealing:          No
annealing-npoints:           0
   acc:	           0           0           0
   nfreeze:           Y           Y           Y           N           N           N
   energygrp-flags[  0]: 0

Using 1 MPI thread
Using 8 OpenMP threads 

Will do PME sum in reciprocal space for electrostatic interactions.

++++ PLEASE READ AND CITE THE FOLLOWING REFERENCE ++++
U. Essmann, L. Perera, M. L. Berkowitz, T. Darden, H. Lee and L. G. Pedersen 
A smooth particle mesh Ewald method
J. Chem. Phys. 103 (1995) pp. 8577-8592
-------- -------- --- Thank You --- -------- --------

Will do ordinary reciprocal space Ewald sum.
Using a Gaussian width (1/beta) of 0.289108 nm for Ewald
Cut-off's:   NS: 1   Coulomb: 1   LJ: 1
Long Range LJ corr.: <C6> 5.4181e-04
System total charge: -0.000
Generated table with 4000 data points for Ewald.
Tabscale = 2000 points/nm
Generated table with 4000 data points for LJ6.
Tabscale = 2000 points/nm
Generated table with 4000 data points for LJ12.
Tabscale = 2000 points/nm
Generated table with 4000 data points for 1-4 COUL.
Tabscale = 2000 points/nm
Generated table with 4000 data points for 1-4 LJ6.
Tabscale = 2000 points/nm
Generated table with 4000 data points for 1-4 LJ12.
Tabscale = 2000 points/nm
Potential shift: LJ r^-12: -1.000e+00 r^-6: -1.000e+00, Ewald -1.000e-06
Initialized non-bonded Ewald correction tables, spacing: 8.87e-04 size: 1129


Using SIMD 4x4 non-bonded kernels

Using Lorentz-Berthelot Lennard-Jones combination rule

Removing pbc first time
Pinning threads with an auto-selected logical core stride of 1

Initializing LINear Constraint Solver

++++ PLEASE READ AND CITE THE FOLLOWING REFERENCE ++++
B. Hess and H. Bekker and H. J. C. Berendsen and J. G. E. M. Fraaije
LINCS: A Linear Constraint Solver for molecular simulations
J. Comp. Chem. 18 (1997) pp. 1463-1472
-------- -------- --- Thank You --- -------- --------

The number of constraints is 12

Will apply potential COM pulling
with 1 pull coordinate and 4 groups
Pull group 1:     1 atoms, mass    12.010
Pull group 2:     1 atoms, mass    12.010
Pull group 3:     1 atoms, mass    12.010
Center of mass motion removal mode is Linear
We have the following groups for center of mass motion removal:
  0:  System

++++ PLEASE READ AND CITE THE FOLLOWING REFERENCE ++++
G. Bussi, D. Donadio and M. Parrinello
Canonical sampling through velocity rescaling
J. Chem. Phys. 126 (2007) pp. 014101
-------- -------- --- Thank You --- -------- --------

There are: 22 Atoms

Constraining the starting coordinates (step 0)

Constraining the coordinates at t0-dt (step 0)
RMS relative constraint deviation after constraining: 1.74e-06
Initial temperature: 366.994 K

Started mdrun on rank 0 Thu Feb 25 00:07:30 2016
           Step           Time
              0        0.00000

   Energies (kJ/mol)
           Bond          Angle    Proper Dih.  Improper Dih.          LJ-14
    1.27447e+01    2.81254e+01    4.03708e+01    4.13357e+00    1.29449e+01
     Coulomb-14        LJ (SR)  Disper. corr.   Coulomb (SR)   Coul. recip.
    1.94121e+02   -6.13355e+00   -6.02274e-02   -3.46112e+02    1.47970e+01
   COM Pull En.      Potential    Kinetic En.   Total Energy    Temperature
    4.11957e-07   -4.50687e+01    7.34788e+01    2.84100e+01    3.68228e+02
 Pres. DC (bar) Pressure (bar)   Constr. rmsd
   -6.62240e-02    7.79483e+01    1.54902e-06

           Step           Time
             20        0.04000

Writing checkpoint, step 20 at Thu Feb 25 00:07:30 2016


   Energies (kJ/mol)
           Bond          Angle    Proper Dih.  Improper Dih.          LJ-14
    6.09909e+00    2.11649e+01    4.53561e+01    2.41430e+00    1.22616e+01
     Coulomb-14        LJ (SR)  Disper. corr.   Coulomb (SR)   Coul. recip.
    1.98293e+02   -6.94417e+00   -6.02270e-02   -3.48180e+02    1.43174e+01
   COM Pull En.      Potential    Kinetic En.   Total Energy    Temperature
    3.75699e-02   -5.52405e+01    5.42386e+01   -1.00190e+00    2.71808e+02
 Pres. DC (bar) Pressure (bar)   Constr. rmsd
   -6.62232e-02    1.13714e+02    1.90558e-06

	<======  ###############  ==>
	<====  A V E R A G E S  ====>
	<==  ###############  ======>

	Statistics over 21 steps using 21 frames

   Energies (kJ/mol)
           Bond          Angle    Proper Dih.  Improper Dih.          LJ-14
    7.25667e+00    2.78218e+01    4.38385e+01    2.52143e+00    1.50623e+01
     Coulomb-14        LJ (SR)  Disper. corr.   Coulomb (SR)   Coul. recip.
    2.03808e+02   -7.05061e+00   -6.02272e-02   -3.51262e+02    1.48713e+01
   COM Pull En.      Potential    Kinetic En.   Total Energy    Temperature
    9.38891e-02   -4.30996e+01    5.40591e+01    1.09595e+01    2.70909e+02
 Pres. DC (bar) Pressure (bar)   Constr. rmsd
   -6.62237e-02    8.42444e+01    0.00000e+00

          Box-X          Box-Y          Box-Z
    2.86313e+00    2.86313e+00    2.02454e+00

   Total Virial (kJ/mol)
   -1.03827e+01   -4.03289e-01   -1.53233e+01
   -4.03289e-01   -7.26366e+01    3.80163e+00
   -1.53233e+01    3.80163e+00    1.07815e+01

   Pressure (bar)
    6.51140e+01    3.85886e+00    3.00775e+01
    3.85886e+00    1.78705e+02   -1.02196e+01
    3.00775e+01   -1.02196e+01    8.91373e+00


	M E G A - F L O P S   A C C O U N T I N G

 NB=Group-cutoff nonbonded kernels    NxN=N-by-N cluster Verlet kernels
 RF=Reaction-Field  VdW=Van der Waals  QSTab=quadratic-spline table
 W3=SPC/TIP3p  W4=TIP4p (single or pairs)
 V&F=Potential and force  V=Potential only  F=Force only

 Computing:                               M-Number         M-Flops  % Flops
-----------------------------------------------------------------------------
 Pair Search distance check               0.000422           0.004     0.0
 NxN QSTab Elec. + LJ [V&F]               0.006888           0.406     0.6
 NxN QSTab Elec. [V&F]                    0.000168           0.007     0.0
 1,4 nonbonded interactions               0.000861           0.077     0.1
 Calc Weights                             0.001386           0.050     0.1
 Spread Q Bspline                         0.029568           0.059     0.1
 Gather F Bspline                         0.029568           0.177     0.3
 3D-FFT                                   7.986174          63.889    97.0
 Solve PME                                0.012096           0.774     1.2
 Shift-X                                  0.000022           0.000     0.0
 Bonds                                    0.000189           0.011     0.0
 Angles                                   0.000756           0.127     0.2
 Propers                                  0.000798           0.183     0.3
 Impropers                                0.000084           0.017     0.0
 Virial                                   0.001407           0.025     0.0
 Stop-CM                                  0.000088           0.001     0.0
 Calc-Ekin                                0.000484           0.013     0.0
 Lincs                                    0.000276           0.017     0.0
 Lincs-Mat                                0.002484           0.010     0.0
 Constraint-V                             0.000528           0.004     0.0
 Constraint-Vir                           0.000252           0.006     0.0
-----------------------------------------------------------------------------
 Total                                                      65.859   100.0
-----------------------------------------------------------------------------


     R E A L   C Y C L E   A N D   T I M E   A C C O U N T I N G

On 1 MPI rank, each using 8 OpenMP threads

 Computing:          Num   Num      Call    Wall time         Giga-Cycles
                     Ranks Threads  Count      (s)         total sum    %
-----------------------------------------------------------------------------
 Neighbor search        1    8          1       0.000          0.006   0.1
 Force                  1    8         21       0.002          0.041   0.5
 PME mesh               1    8         21       0.007          0.190   2.2
 NB X/F buffer ops.     1    8         41       0.000          0.003   0.0
 COM pull force         1    8         21       0.000          0.004   0.0
 Write traj.            1    8         21       0.309          8.412  96.8
 Update                 1    8         21       0.000          0.004   0.0
 Constraints            1    8         21       0.000          0.007   0.1
 Rest                                           0.001          0.019   0.2
-----------------------------------------------------------------------------
 Total                                          0.319          8.685 100.0
-----------------------------------------------------------------------------
 Breakdown of PME mesh computation
-----------------------------------------------------------------------------
 PME spread/gather      1    8         42       0.002          0.046   0.5
 PME 3D-FFT             1    8         42       0.001          0.036   0.4
 PME solve Elec         1    8         21       0.004          0.106   1.2
-----------------------------------------------------------------------------
 Breakdown of PP computation
-----------------------------------------------------------------------------
 NS grid local          1    8          1       0.000          0.003   0.0
 NS search local        1    8          1       0.000          0.004   0.0
 Bonded F               1    8         21       0.000          0.009   0.1
 Listed buffer ops.     1    8         21       0.000          0.007   0.1
 Nonbonded F            1    8         21       0.001          0.018   0.2
 NB X buffer ops.       1    8         20       0.000          0.001   0.0
 NB F buffer ops.       1    8         21       0.000          0.002   0.0
-----------------------------------------------------------------------------

               Core t (s)   Wall t (s)        (%)
       Time:        0.096        0.319       29.9
                 (ns/day)    (hour/ns)
Performance:       11.360        2.113
Finished mdrun on rank 0 Thu Feb 25 00:07:30 2016
