Log file opened on Tue May 10 15:05:22 2016
Host: gromacs  pid: 31477  rank ID: 0  number of ranks:  1
   :-) GROMACS - gmx mdrun, 2016-dev-20160510-9bfe40c (double precision) (-:

                            GROMACS is written by:
     Emile Apol      Rossen Apostolov  Herman J.C. Berendsen    Par Bjelkmar   
 Aldert van Buuren   Rudi van Drunen     Anton Feenstra    Gerrit Groenhof  
 Christoph Junghans   Anca Hamuraru    Vincent Hindriksen Dimitrios Karkoulis
    Peter Kasson        Jiri Kraus      Carsten Kutzner      Per Larsson    
  Justin A. Lemkul   Magnus Lundborg   Pieter Meulenhoff    Erik Marklund   
   Teemu Murtola       Szilard Pall       Sander Pronk      Roland Schulz   
  Alexey Shvetsov     Michael Shirts     Alfons Sijbers     Peter Tieleman  
  Teemu Virolainen  Christian Wennberg    Maarten Wolf   
                           and the project leaders:
        Mark Abraham, Berk Hess, Erik Lindahl, and David van der Spoel

Copyright (c) 1991-2000, University of Groningen, The Netherlands.
Copyright (c) 2001-2015, The GROMACS development team at
Uppsala University, Stockholm University and
the Royal Institute of Technology, Sweden.
check out http://www.gromacs.org for more information.

GROMACS is free software; you can redistribute it and/or modify it
under the terms of the GNU Lesser General Public License
as published by the Free Software Foundation; either version 2.1
of the License, or (at your option) any later version.

GROMACS:      gmx mdrun, version 2016-dev-20160510-9bfe40c (double precision)
Executable:   /nethome/mark/git/master-make-reference/build-cmake-reference-double-gromacs/install/bin/gmx_d
Data prefix:  /nethome/mark/git/master-make-reference/build-cmake-reference-double-gromacs/install
Command line:
  gmx_d mdrun -notunepme

GROMACS version:    2016-dev-20160510-9bfe40c
GIT SHA1 hash:      9bfe40c6db0ad4da91aedb4445a5d9da06c61ffb
Branched from:      de8850ecb7f904e4ffb9b8d64e906f75bf8e189c (1 newer local commits)
Precision:          double
Memory model:       64 bit
MPI library:        thread_mpi
OpenMP support:     enabled (GMX_OPENMP_MAX_THREADS = 32)
GPU support:        disabled
SIMD instructions:  SSE4.1
FFT library:        fftw-3.3.4-sse2
RDTSCP usage:       enabled
TNG support:        enabled
Hwloc support:      disabled
Tracing support:    disabled
Built on:           Tue May 10 14:41:34 CEST 2016
Built by:           mark@gromacs [CMAKE]
Build OS/arch:      Linux 3.13.0-85-generic x86_64
Build CPU vendor:   Intel
Build CPU brand:    Intel(R) Core(TM) i7 CPU         920  @ 2.67GHz
Build CPU family:   6   Model: 26   Stepping: 4
Build CPU features: apic clfsh cmov cx8 cx16 htt lahf mmx msr nonstop_tsc pdcm popcnt pse rdtscp sse2 sse3 sse4.1 sse4.2 ssse3
C compiler:         /usr/bin/gcc-4.7 GNU 4.7.3
C compiler flags:    -msse4.1    -Wundef -Wextra -Wno-missing-field-initializers -Wno-sign-compare -Wpointer-arith -Wall -Wno-unused -Wunused-value -Wunused-parameter  -g -fno-inline 
C++ compiler:       /usr/bin/g++-4.7 GNU 4.7.3
C++ compiler flags:  -msse4.1    -std=c++0x -Wundef -Wextra -Wno-missing-field-initializers -Wpointer-arith -Wall -Wno-unused-function  -g -fno-inline 


Running on 1 node with total 8 cores, 8 logical cores
Hardware detected:
  CPU info:
    Vendor: Intel
    Brand:  Intel(R) Core(TM) i7 CPU         920  @ 2.67GHz
    Family: 6   Model: 26   Stepping: 4
    Features: apic clfsh cmov cx8 cx16 htt lahf mmx msr nonstop_tsc pdcm popcnt pse rdtscp sse2 sse3 sse4.1 sse4.2 ssse3
    SIMD instructions most likely to fit this hardware: SSE4.1
    SIMD instructions selected at GROMACS compile time: SSE4.1

  Hardware topology: Basic
    Sockets, cores, and logical processors:
      Socket  0: [   0]
      Socket  1: [   4]
      Socket  2: [   1]
      Socket  3: [   5]
      Socket  4: [   2]
      Socket  5: [   6]
      Socket  6: [   3]
      Socket  7: [   7]


++++ PLEASE READ AND CITE THE FOLLOWING REFERENCE ++++
M. J. Abraham, T. Murtola, R. Schulz, S. Páll, J. C. Smith, B. Hess, E.
Lindahl
GROMACS: High performance molecular simulations through multi-level
parallelism from laptops to supercomputers
SoftwareX 1 (2015) pp. 19-25
-------- -------- --- Thank You --- -------- --------


++++ PLEASE READ AND CITE THE FOLLOWING REFERENCE ++++
S. Páll, M. J. Abraham, C. Kutzner, B. Hess, E. Lindahl
Tackling Exascale Software Challenges in Molecular Dynamics Simulations with
GROMACS
In S. Markidis & E. Laure (Eds.), Solving Software Challenges for Exascale 8759 (2015) pp. 3-27
-------- -------- --- Thank You --- -------- --------


++++ PLEASE READ AND CITE THE FOLLOWING REFERENCE ++++
S. Pronk, S. Páll, R. Schulz, P. Larsson, P. Bjelkmar, R. Apostolov, M. R.
Shirts, J. C. Smith, P. M. Kasson, D. van der Spoel, B. Hess, and E. Lindahl
GROMACS 4.5: a high-throughput and highly parallel open source molecular
simulation toolkit
Bioinformatics 29 (2013) pp. 845-54
-------- -------- --- Thank You --- -------- --------


++++ PLEASE READ AND CITE THE FOLLOWING REFERENCE ++++
B. Hess and C. Kutzner and D. van der Spoel and E. Lindahl
GROMACS 4: Algorithms for highly efficient, load-balanced, and scalable
molecular simulation
J. Chem. Theory Comput. 4 (2008) pp. 435-447
-------- -------- --- Thank You --- -------- --------


++++ PLEASE READ AND CITE THE FOLLOWING REFERENCE ++++
D. van der Spoel, E. Lindahl, B. Hess, G. Groenhof, A. E. Mark and H. J. C.
Berendsen
GROMACS: Fast, Flexible and Free
J. Comp. Chem. 26 (2005) pp. 1701-1719
-------- -------- --- Thank You --- -------- --------


++++ PLEASE READ AND CITE THE FOLLOWING REFERENCE ++++
E. Lindahl and B. Hess and D. van der Spoel
GROMACS 3.0: A package for molecular simulation and trajectory analysis
J. Mol. Mod. 7 (2001) pp. 306-317
-------- -------- --- Thank You --- -------- --------


++++ PLEASE READ AND CITE THE FOLLOWING REFERENCE ++++
H. J. C. Berendsen, D. van der Spoel and R. van Drunen
GROMACS: A message-passing parallel molecular dynamics implementation
Comp. Phys. Comm. 91 (1995) pp. 43-56
-------- -------- --- Thank You --- -------- --------

Changing nstlist from 10 to 40, rlist from 1 to 1.031

Input Parameters:
   integrator                     = md-vv
   tinit                          = 0
   dt                             = 0.002
   nsteps                         = 58
   init-step                      = 0
   simulation-part                = 1
   comm-mode                      = None
   nstcomm                        = 0
   bd-fric                        = 0
   ld-seed                        = 1993
   emtol                          = 10
   emstep                         = 0.01
   niter                          = 20
   fcstep                         = 0
   nstcgsteep                     = 1000
   nbfgscorr                      = 10
   rtpi                           = 0.05
   nstxout                        = 20
   nstvout                        = 20
   nstfout                        = 20
   nstlog                         = 10
   nstcalcenergy                  = 1
   nstenergy                      = 1
   nstxout-compressed             = 5000
   compressed-x-precision         = 10000
   cutoff-scheme                  = Verlet
   nstlist                        = 40
   ns-type                        = Grid
   pbc                            = xyz
   periodic-molecules             = false
   verlet-buffer-tolerance        = 0.005
   rlist                          = 1.031
   coulombtype                    = PME-Switch
   coulomb-modifier               = Potential-shift
   rcoulomb-switch                = 0
   rcoulomb                       = 1
   epsilon-r                      = 1
   epsilon-rf                     = inf
   vdw-type                       = Cut-off
   vdw-modifier                   = Potential-switch
   rvdw-switch                    = 0.9
   rvdw                           = 1
   DispCorr                       = AllEnerPres
   table-extension                = 1
   fourierspacing                 = 0.1
   fourier-nx                     = 32
   fourier-ny                     = 32
   fourier-nz                     = 32
   pme-order                      = 6
   ewald-rtol                     = 1e-06
   ewald-rtol-lj                  = 0.001
   lj-pme-comb-rule               = Geometric
   ewald-geometry                 = 0
   epsilon-surface                = 0
   implicit-solvent               = No
   gb-algorithm                   = Still
   nstgbradii                     = 1
   rgbradii                       = 1
   gb-epsilon-solvent             = 80
   gb-saltconc                    = 0
   gb-obc-alpha                   = 1
   gb-obc-beta                    = 0.8
   gb-obc-gamma                   = 4.85
   gb-dielectric-offset           = 0.009
   sa-algorithm                   = Ace-approximation
   sa-surface-tension             = 2.05016
   tcoupl                         = Nose-Hoover
   nsttcouple                     = 10
   nh-chain-length                = 10
   print-nose-hoover-chain-variables = false
   pcoupl                         = No
   pcoupltype                     = Isotropic
   nstpcouple                     = -1
   tau-p                          = 1.67
   compressibility (3x3):
      compressibility[    0]={ 0.00000e+00,  0.00000e+00,  0.00000e+00}
      compressibility[    1]={ 0.00000e+00,  0.00000e+00,  0.00000e+00}
      compressibility[    2]={ 0.00000e+00,  0.00000e+00,  0.00000e+00}
   ref-p (3x3):
      ref-p[    0]={ 0.00000e+00,  0.00000e+00,  0.00000e+00}
      ref-p[    1]={ 0.00000e+00,  0.00000e+00,  0.00000e+00}
      ref-p[    2]={ 0.00000e+00,  0.00000e+00,  0.00000e+00}
   refcoord-scaling               = No
   posres-com (3):
      posres-com[0]= 0.00000e+00
      posres-com[1]= 0.00000e+00
      posres-com[2]= 0.00000e+00
   posres-comB (3):
      posres-comB[0]= 0.00000e+00
      posres-comB[1]= 0.00000e+00
      posres-comB[2]= 0.00000e+00
   QMMM                           = false
   QMconstraints                  = 0
   QMMMscheme                     = 0
   MMChargeScaleFactor            = 1
qm-opts:
   ngQM                           = 0
   constraint-algorithm           = Lincs
   continuation                   = false
   Shake-SOR                      = true
   shake-tol                      = 5e-06
   lincs-order                    = 8
   lincs-iter                     = 1
   lincs-warnangle                = 45
   nwall                          = 0
   wall-type                      = 9-3
   wall-r-linpot                  = -1
   wall-atomtype[0]               = -1
   wall-atomtype[1]               = -1
   wall-density[0]                = 0
   wall-density[1]                = 0
   wall-ewald-zfac                = 3
   pull                           = false
   rotation                       = false
   interactiveMD                  = false
   disre                          = No
   disre-weighting                = Conservative
   disre-mixed                    = false
   dr-fc                          = 1000
   dr-tau                         = 0
   nstdisreout                    = 100
   orire-fc                       = 0
   orire-tau                      = 0
   nstorireout                    = 100
   free-energy                    = expanded
   init-lambda                    = -1
   init-lambda-state              = 0
   delta-lambda                   = 0
   nstdhdl                        = 10
   n-lambdas                      = 12
   separate-dvdl:
       fep-lambdas =   FALSE
      mass-lambdas =   FALSE
      coul-lambdas =   TRUE
       vdw-lambdas =   TRUE
    bonded-lambdas =   FALSE
 restraint-lambdas =   FALSE
temperature-lambdas =   FALSE
all-lambdas:
       fep-lambdas =            0           0           0           0           0           0           0           0           0           0           0           0
      mass-lambdas =            0           0           0           0           0           0           0           0           0           0           0           0
      coul-lambdas =            0        0.25         0.5        0.75           1           1           1           1           1           1           1           1
       vdw-lambdas =            0           0           0           0           0         0.2         0.4         0.6         0.7         0.8         0.9           1
    bonded-lambdas =            0           0           0           0           0           0           0           0           0           0           0           0
 restraint-lambdas =            0           0           0           0           0           0           0           0           0           0           0           0
temperature-lambdas =            0           0           0           0           0           0           0           0           0           0           0           0
   calc-lambda-neighbors          = 1
   dhdl-print-energy              = no
   sc-alpha                       = 0.5
   sc-power                       = 1
   sc-r-power                     = 6
   sc-sigma                       = 0.3
   sc-sigma-min                   = 0.3
   sc-coul                        = false
   dh-hist-size                   = 0
   dh-hist-spacing                = 0.1
   separate-dhdl-file             = yes
   dhdl-derivatives               = yes
   nstexpanded                    = 10
   lmc-stats                      = wang-landau
   lmc-move                       = metropolized-gibbs
   lmc-weights-equil              = wl-delta
   weight-equil-wl-delta          = 0.001
   lmc-seed                       = 1993
   mc-temperature                 = 300
   lmc-repeats                    = 1
   lmc-gibbsdelta                 = -1
   lmc-forced-nstart              = 0
   symmetrized-transition-matrix  = false
   nst-transition-matrix          = -1
   mininum-var-min                = 100
   weight-c-range                 = 0
   wl-scale                       = 0.6
   wl-ratio                       = 0.8
   init-wl-delta                  = 2
   wl-oneovert                    = true
      init-lambda-weights (12):
      init-lambda-weights[0]= 0.00000e+00
      init-lambda-weights[1]= 0.00000e+00
      init-lambda-weights[2]= 0.00000e+00
      init-lambda-weights[3]= 0.00000e+00
      init-lambda-weights[4]= 0.00000e+00
      init-lambda-weights[5]= 0.00000e+00
      init-lambda-weights[6]= 0.00000e+00
      init-lambda-weights[7]= 0.00000e+00
      init-lambda-weights[8]= 0.00000e+00
      init-lambda-weights[9]= 0.00000e+00
      init-lambda-weights[10]= 0.00000e+00
      init-lambda-weights[11]= 0.00000e+00
   init-weights                   = false
   cos-acceleration               = 0
   deform (3x3):
      deform[    0]={ 0.00000e+00,  0.00000e+00,  0.00000e+00}
      deform[    1]={ 0.00000e+00,  0.00000e+00,  0.00000e+00}
      deform[    2]={ 0.00000e+00,  0.00000e+00,  0.00000e+00}
   simulated-tempering            = false
   E-x:
      n = 0
   E-xt:
      n = 0
   E-y:
      n = 0
   E-yt:
      n = 0
   E-z:
      n = 0
   E-zt:
      n = 0
   swapcoords                     = no
   userint1                       = 0
   userint2                       = 0
   userint3                       = 0
   userint4                       = 0
   userreal1                      = 0
   userreal2                      = 0
   userreal3                      = 0
   userreal4                      = 0
grpopts:
   nrdf:        5394
   ref-t:         300
   tau-t:           1
annealing:          No
annealing-npoints:           0
   acc:	           0           0           0
   nfreeze:           N           N           N
   energygrp-flags[  0]: 0

Using 1 MPI thread
Using 8 OpenMP threads 

Will do PME sum in reciprocal space for electrostatic interactions.

++++ PLEASE READ AND CITE THE FOLLOWING REFERENCE ++++
U. Essmann, L. Perera, M. L. Berkowitz, T. Darden, H. Lee and L. G. Pedersen 
A smooth particle mesh Ewald method
J. Chem. Phys. 103 (1995) pp. 8577-8592
-------- -------- --- Thank You --- -------- --------

Will do ordinary reciprocal space Ewald sum.
Using a Gaussian width (1/beta) of 0.289108 nm for Ewald
Cut-off's:   NS: 1.031   Coulomb: 1   LJ: 1
Long Range LJ corr.: <C6> 2.7981e-04, <C12> 2.7541e-07
System total charge, top. A: 0.000 top. B: 0.000
Generated table with 4061 data points for Ewald-Switch.
Tabscale = 2000 points/nm
Generated table with 4061 data points for LJ6Switch.
Tabscale = 2000 points/nm
Generated table with 4061 data points for LJ12Switch.
Tabscale = 2000 points/nm
Generated table with 4061 data points for 1-4 COUL.
Tabscale = 2000 points/nm
Generated table with 4061 data points for 1-4 LJ6.
Tabscale = 2000 points/nm
Generated table with 4061 data points for 1-4 LJ12.
Tabscale = 2000 points/nm
Potential shift: LJ r^-12: 0.000e+00 r^-6: 0.000e+00, Ewald -1.000e-06
Initialized non-bonded Ewald correction tables, spacing: 8.87e-04 size: 1129


Using SIMD 4x2 non-bonded kernels

There are 19 atoms and 19 charges for free energy perturbation
Removing pbc first time
Pinning threads with an auto-selected logical core stride of 1

Initializing LINear Constraint Solver

++++ PLEASE READ AND CITE THE FOLLOWING REFERENCE ++++
B. Hess and H. Bekker and H. J. C. Berendsen and J. G. E. M. Fraaije
LINCS: A Linear Constraint Solver for molecular simulations
J. Comp. Chem. 18 (1997) pp. 1463-1472
-------- -------- --- Thank You --- -------- --------

The number of constraints is 9

++++ PLEASE READ AND CITE THE FOLLOWING REFERENCE ++++
S. Miyamoto and P. A. Kollman
SETTLE: An Analytical Version of the SHAKE and RATTLE Algorithms for Rigid
Water Models
J. Comp. Chem. 13 (1992) pp. 952-962
-------- -------- --- Thank You --- -------- --------

Initial vector of lambda components:[     0.0000     0.0000     0.0000     0.0000     0.0000     0.0000     0.0000 ]
There are: 2692 Atoms

Constraining the starting coordinates (step 0)
RMS relative constraint deviation after constraining: 3.58e-13
Initial temperature: 296.555 K

Started mdrun on rank 0 Tue May 10 15:05:22 2016
           Step           Time
              0        0.00000

   Energies (kJ/mol)
           Bond          Angle    Proper Dih. Ryckaert-Bell.          LJ-14
    5.93279e-01    1.67496e+01    4.83615e-01   -4.20398e+00    2.18354e+01
     Coulomb-14        LJ (SR)  Disper. corr.   Coulomb (SR)   Coul. recip.
    3.09020e+01    5.69900e+03   -1.82473e+02   -4.16496e+04    3.21338e+02
      Potential    Kinetic En.   Total Energy  Conserved En.    Temperature
   -3.57454e+04    6.64997e+03   -2.90954e+04   -2.90954e+04    2.96555e+02
 Pres. DC (bar) Pressure (bar)      dVcoul/dl       dVvdw/dl   Constr. rmsd
   -1.11408e+02    5.20416e+02    7.98440e+01   -1.69763e+02    4.02541e-07

           Step           Time
             10        0.02000

             MC-lambda information
  Wang-Landau incrementor is:           2
  N  CoulL   VdwL    Count   G(in kT)  dG(in kT)
  1  0.000  0.000        1    0.00000    2.00000 <<
  2  0.250  0.000        0    2.00000    0.00000   
  3  0.500  0.000        0    2.00000    0.00000   
  4  0.750  0.000        0    2.00000    0.00000   
  5  1.000  0.000        0    2.00000    0.00000   
  6  1.000  0.200        0    2.00000    0.00000   
  7  1.000  0.400        0    2.00000    0.00000   
  8  1.000  0.600        0    2.00000    0.00000   
  9  1.000  0.700        0    2.00000    0.00000   
 10  1.000  0.800        0    2.00000    0.00000   
 11  1.000  0.900        0    2.00000    0.00000   
 12  1.000  1.000        0    2.00000    0.00000   

   Energies (kJ/mol)
           Bond          Angle    Proper Dih. Ryckaert-Bell.          LJ-14
    9.72813e+00    1.49387e+01    1.03581e+00    4.21027e+00    1.84693e+01
     Coulomb-14        LJ (SR)  Disper. corr.   Coulomb (SR)   Coul. recip.
    3.07969e+01    5.46765e+03   -1.82473e+02   -4.15706e+04    3.40447e+02
      Potential    Kinetic En.   Total Energy  Conserved En.    Temperature
   -3.58658e+04    6.77103e+03   -2.90948e+04   -2.90961e+04    3.01953e+02
 Pres. DC (bar) Pressure (bar)      dVcoul/dl       dVvdw/dl   Constr. rmsd
   -1.11408e+02   -8.63697e+01    7.60988e+01   -1.28839e+02    1.15047e-06

           Step           Time
             20        0.04000

             MC-lambda information
  Wang-Landau incrementor is:           2
  N  CoulL   VdwL    Count   G(in kT)  dG(in kT)
  1  0.000  0.000        2    0.00000    4.00000 <<
  2  0.250  0.000        0    4.00000    0.00000   
  3  0.500  0.000        0    4.00000    0.00000   
  4  0.750  0.000        0    4.00000    0.00000   
  5  1.000  0.000        0    4.00000    0.00000   
  6  1.000  0.200        0    4.00000    0.00000   
  7  1.000  0.400        0    4.00000    0.00000   
  8  1.000  0.600        0    4.00000    0.00000   
  9  1.000  0.700        0    4.00000    0.00000   
 10  1.000  0.800        0    4.00000    0.00000   
 11  1.000  0.900        0    4.00000    0.00000   
 12  1.000  1.000        0    4.00000    0.00000   

   Energies (kJ/mol)
           Bond          Angle    Proper Dih. Ryckaert-Bell.          LJ-14
    1.30652e+01    1.03154e+01    1.22016e+00   -5.36765e-01    1.87099e+01
     Coulomb-14        LJ (SR)  Disper. corr.   Coulomb (SR)   Coul. recip.
    3.11260e+01    5.39961e+03   -1.82473e+02   -4.13394e+04    3.32979e+02
      Potential    Kinetic En.   Total Energy  Conserved En.    Temperature
   -3.57154e+04    6.62495e+03   -2.90905e+04   -2.90941e+04    2.95439e+02
 Pres. DC (bar) Pressure (bar)      dVcoul/dl       dVvdw/dl   Constr. rmsd
   -1.11408e+02   -2.26849e+01    7.91840e+01   -1.28667e+02    1.48214e-06

           Step           Time
             30        0.06000

             MC-lambda information
  Wang-Landau incrementor is:           2
  N  CoulL   VdwL    Count   G(in kT)  dG(in kT)
  1  0.000  0.000        3    0.00000    6.00000 <<
  2  0.250  0.000        0    6.00000    0.00000   
  3  0.500  0.000        0    6.00000    0.00000   
  4  0.750  0.000        0    6.00000    0.00000   
  5  1.000  0.000        0    6.00000    0.00000   
  6  1.000  0.200        0    6.00000    0.00000   
  7  1.000  0.400        0    6.00000    0.00000   
  8  1.000  0.600        0    6.00000    0.00000   
  9  1.000  0.700        0    6.00000    0.00000   
 10  1.000  0.800        0    6.00000    0.00000   
 11  1.000  0.900        0    6.00000    0.00000   
 12  1.000  1.000        0    6.00000    0.00000   

   Energies (kJ/mol)
           Bond          Angle    Proper Dih. Ryckaert-Bell.          LJ-14
    5.80839e+00    2.35203e+01    3.79995e-01   -2.13407e+00    2.01360e+01
     Coulomb-14        LJ (SR)  Disper. corr.   Coulomb (SR)   Coul. recip.
    3.02575e+01    5.47371e+03   -1.82473e+02   -4.13883e+04    3.38828e+02
      Potential    Kinetic En.   Total Energy  Conserved En.    Temperature
   -3.56802e+04    6.59458e+03   -2.90856e+04   -2.90931e+04    2.94085e+02
 Pres. DC (bar) Pressure (bar)      dVcoul/dl       dVvdw/dl   Constr. rmsd
   -1.11408e+02    1.49930e+02    7.79161e+01   -1.10102e+02    2.62666e-07

           Step           Time
             40        0.08000

             MC-lambda information
  Wang-Landau incrementor is:           2
  N  CoulL   VdwL    Count   G(in kT)  dG(in kT)
  1  0.000  0.000        4    0.00000    8.00000 <<
  2  0.250  0.000        0    8.00000    0.00000   
  3  0.500  0.000        0    8.00000    0.00000   
  4  0.750  0.000        0    8.00000    0.00000   
  5  1.000  0.000        0    8.00000    0.00000   
  6  1.000  0.200        0    8.00000    0.00000   
  7  1.000  0.400        0    8.00000    0.00000   
  8  1.000  0.600        0    8.00000    0.00000   
  9  1.000  0.700        0    8.00000    0.00000   
 10  1.000  0.800        0    8.00000    0.00000   
 11  1.000  0.900        0    8.00000    0.00000   
 12  1.000  1.000        0    8.00000    0.00000   

   Energies (kJ/mol)
           Bond          Angle    Proper Dih. Ryckaert-Bell.          LJ-14
    9.13497e+00    1.65487e+01    1.49644e+00    9.25945e-01    1.84184e+01
     Coulomb-14        LJ (SR)  Disper. corr.   Coulomb (SR)   Coul. recip.
    2.95426e+01    5.47568e+03   -1.82473e+02   -4.14031e+04    3.37265e+02
      Potential    Kinetic En.   Total Energy  Conserved En.    Temperature
   -3.56965e+04    6.61781e+03   -2.90787e+04   -2.90940e+04    2.95120e+02
 Pres. DC (bar) Pressure (bar)      dVcoul/dl       dVvdw/dl   Constr. rmsd
   -1.11408e+02    2.49392e+01    7.45278e+01   -9.61358e+01    6.52797e-07

           Step           Time
             50        0.10000

             MC-lambda information
  Wang-Landau incrementor is:           2
  N  CoulL   VdwL    Count   G(in kT)  dG(in kT)
  1  0.000  0.000        4    0.00000    6.00000   
  2  0.250  0.000        1    6.00000    2.00000 <<
  3  0.500  0.000        0    8.00000    0.00000   
  4  0.750  0.000        0    8.00000    0.00000   
  5  1.000  0.000        0    8.00000    0.00000   
  6  1.000  0.200        0    8.00000    0.00000   
  7  1.000  0.400        0    8.00000    0.00000   
  8  1.000  0.600        0    8.00000    0.00000   
  9  1.000  0.700        0    8.00000    0.00000   
 10  1.000  0.800        0    8.00000    0.00000   
 11  1.000  0.900        0    8.00000    0.00000   
 12  1.000  1.000        0    8.00000    0.00000   

   Energies (kJ/mol)
           Bond          Angle    Proper Dih. Ryckaert-Bell.          LJ-14
    5.66470e+00    1.79815e+01    2.25289e+00    1.37140e+01    2.02656e+01
     Coulomb-14        LJ (SR)  Disper. corr.   Coulomb (SR)   Coul. recip.
    2.34824e+01    5.50362e+03   -1.82473e+02   -4.13970e+04    3.21639e+02
      Potential    Kinetic En.   Total Energy  Conserved En.    Temperature
   -3.56709e+04    6.62295e+03   -2.90479e+04   -2.90750e+04    2.95350e+02
 Pres. DC (bar) Pressure (bar)      dVcoul/dl       dVvdw/dl   Constr. rmsd
   -1.11408e+02    2.74749e+02    5.92255e+01   -8.65220e+01    3.90214e-07

           Step           Time
             58        0.11600

Writing checkpoint, step 58 at Tue May 10 15:05:27 2016


   Energies (kJ/mol)
           Bond          Angle    Proper Dih. Ryckaert-Bell.          LJ-14
    6.06191e+00    1.51045e+01    6.26236e-01    3.93070e+00    1.99648e+01
     Coulomb-14        LJ (SR)  Disper. corr.   Coulomb (SR)   Coul. recip.
    2.24537e+01    5.60197e+03   -1.82473e+02   -4.15563e+04    3.36347e+02
      Potential    Kinetic En.   Total Energy  Conserved En.    Temperature
   -3.57323e+04    6.69901e+03   -2.90333e+04   -2.90764e+04    2.98741e+02
 Pres. DC (bar) Pressure (bar)      dVcoul/dl       dVvdw/dl   Constr. rmsd
   -1.11408e+02    3.45362e+02    9.14105e+01    3.14401e+01    1.26471e-07

	<======  ###############  ==>
	<====  A V E R A G E S  ====>
	<==  ###############  ======>

	Statistics over 59 steps using 59 frames

   Energies (kJ/mol)
           Bond          Angle    Proper Dih. Ryckaert-Bell.          LJ-14
    1.02454e+01    1.71647e+01    1.28249e+00    3.72644e+00    1.98123e+01
     Coulomb-14        LJ (SR)  Disper. corr.   Coulomb (SR)   Coul. recip.
    2.80786e+01    5.49192e+03   -1.82473e+02   -4.14539e+04    3.30682e+02
      Potential    Kinetic En.   Total Energy  Conserved En.    Temperature
   -3.57335e+04    6.65990e+03   -2.90736e+04   -2.90887e+04    2.96997e+02
 Pres. DC (bar) Pressure (bar)      dVcoul/dl       dVvdw/dl   Constr. rmsd
   -1.11408e+02    1.05168e+02    1.01235e+02   -6.33739e+00    0.00000e+00

   Total Virial (kJ/mol)
    2.54949e+03    5.84657e+01    2.73891e+02
    5.84657e+01    1.97892e+03    2.67176e+02
    2.73891e+02    2.67176e+02    1.87312e+03

   Pressure (bar)
   -3.71043e+02   -4.66196e+00   -3.65657e+02
   -4.66196e+00    2.94705e+02   -2.89267e+02
   -3.65657e+02   -2.89267e+02    3.91841e+02


	M E G A - F L O P S   A C C O U N T I N G

 NB=Group-cutoff nonbonded kernels    NxN=N-by-N cluster Verlet kernels
 RF=Reaction-Field  VdW=Van der Waals  QSTab=quadratic-spline table
 W3=SPC/TIP3p  W4=TIP4p (single or pairs)
 V&F=Potential and force  V=Potential only  F=Force only

 Computing:                               M-Number         M-Flops  % Flops
-----------------------------------------------------------------------------
 NB Free energy kernel                  292.481610         292.482     5.2
 Pair Search distance check               1.631724          14.686     0.3
 NxN QSTab Elec. + LJ [V&F]              31.860300        2516.964    44.6
 NxN QSTab Elec. [V&F]                   30.959428        1269.337    22.5
 1,4 nonbonded interactions               0.005206           0.469     0.0
 Calc Weights                             0.476484          17.153     0.3
 Spread Q Bspline                        68.613696         137.227     2.4
 Gather F Bspline                        68.613696         411.682     7.3
 3D-FFT                                 115.998720         927.990    16.4
 Solve PME                                0.120832           7.733     0.1
 Shift-X                                  0.005384           0.032     0.0
 Bonds                                    0.000649           0.038     0.0
 Angles                                   0.001947           0.327     0.0
 Propers                                  0.000649           0.149     0.0
 RB-Dihedrals                             0.002537           0.627     0.0
 Virial                                   0.161483           2.907     0.1
 Calc-Ekin                                0.158828           4.288     0.1
 Lincs                                    0.001080           0.065     0.0
 Lincs-Mat                                0.007200           0.029     0.0
 Constraint-V                             0.158769           1.270     0.0
 Constraint-Vir                           0.158769           3.810     0.1
 Settle                                   0.106920          34.535     0.6
-----------------------------------------------------------------------------
 Total                                                    5643.799   100.0
-----------------------------------------------------------------------------


     R E A L   C Y C L E   A N D   T I M E   A C C O U N T I N G

On 1 MPI rank, each using 8 OpenMP threads

 Computing:          Num   Num      Call    Wall time         Giga-Cycles
                     Ranks Threads  Count      (s)         total sum    %
-----------------------------------------------------------------------------
 Neighbor search        1    8          2       0.036          0.774   0.7
 Force                  1    8         59       4.844        103.576  88.1
 PME mesh               1    8         59       0.488         10.432   8.9
 NB X/F buffer ops.     1    8        116       0.012          0.249   0.2
 Write traj.            1    8          4       0.044          0.931   0.8
 Update                 1    8        236       0.008          0.178   0.2
 Constraints            1    8        118       0.046          0.983   0.8
 Rest                                           0.021          0.456   0.4
-----------------------------------------------------------------------------
 Total                                          5.498        117.578 100.0
-----------------------------------------------------------------------------
 Breakdown of PME mesh computation
-----------------------------------------------------------------------------
 PME spread/gather      1    8        236       0.291          6.228   5.3
 PME 3D-FFT             1    8        236       0.053          1.140   1.0
 PME solve Elec         1    8        118       0.143          3.052   2.6
-----------------------------------------------------------------------------

               Core t (s)   Wall t (s)        (%)
       Time:       41.203        5.498      749.4
                 (ns/day)    (hour/ns)
Performance:        1.854       12.944
Finished mdrun on rank 0 Tue May 10 15:05:27 2016
