Log file opened on Mon May  9 11:52:33 2016
Host: amd2  pid: 18047  rank ID: 0  number of ranks:  1
             :-) GROMACS - gmx mdrun, 2016-dev-20160508-1c635c6 (-:

                            GROMACS is written by:
     Emile Apol      Rossen Apostolov  Herman J.C. Berendsen    Par Bjelkmar   
 Aldert van Buuren   Rudi van Drunen     Anton Feenstra    Gerrit Groenhof  
 Christoph Junghans   Anca Hamuraru    Vincent Hindriksen Dimitrios Karkoulis
    Peter Kasson        Jiri Kraus      Carsten Kutzner      Per Larsson    
  Justin A. Lemkul   Magnus Lundborg   Pieter Meulenhoff    Erik Marklund   
   Teemu Murtola       Szilard Pall       Sander Pronk      Roland Schulz   
  Alexey Shvetsov     Michael Shirts     Alfons Sijbers     Peter Tieleman  
  Teemu Virolainen  Christian Wennberg    Maarten Wolf   
                           and the project leaders:
        Mark Abraham, Berk Hess, Erik Lindahl, and David van der Spoel

Copyright (c) 1991-2000, University of Groningen, The Netherlands.
Copyright (c) 2001-2015, The GROMACS development team at
Uppsala University, Stockholm University and
the Royal Institute of Technology, Sweden.
check out http://www.gromacs.org for more information.

GROMACS is free software; you can redistribute it and/or modify it
under the terms of the GNU Lesser General Public License
as published by the Free Software Foundation; either version 2.1
of the License, or (at your option) any later version.

GROMACS:      gmx mdrun, version 2016-dev-20160508-1c635c6
Executable:   /nethome/lindahl/Code/gmx/git/development/builds/reference/bin/gmx
Data prefix:  /nethome/lindahl/Code/gmx/git/development/gromacs (source tree)
Command line:
  gmx mdrun -notunepme

GROMACS version:    2016-dev-20160508-1c635c6
GIT SHA1 hash:      1c635c663e4c77f752a052e1ad03c9fb17c1610e
Branched from:      de8850ecb7f904e4ffb9b8d64e906f75bf8e189c (1 newer local commits)
Precision:          single
Memory model:       64 bit
MPI library:        none
OpenMP support:     disabled
GPU support:        disabled
SIMD instructions:  NONE
FFT library:        fftpack (built-in)
RDTSCP usage:       enabled
TNG support:        enabled
Hwloc support:      disabled
Tracing support:    disabled
Built on:           Mon May  9 10:40:03 CEST 2016
Built by:           lindahl@amd2 [CMAKE]
Build OS/arch:      Linux 3.13.0-79-generic x86_64
Build CPU vendor:   AMD
Build CPU brand:    AMD Opteron(tm) Processor 6376
Build CPU family:   21   Model: 2   Stepping: 0
Build CPU features: aes apic avx clfsh cmov cx8 cx16 f16c fma fma4 htt lahf misalignsse mmx msr nonstop_tsc pclmuldq pdpe1gb popcnt pse rdtscp sse2 sse3 sse4a sse4.1 sse4.2 ssse3 xop
C compiler:         /usr/bin/gcc GNU 4.6.4
C compiler flags:       -Wundef -Wextra -Wno-missing-field-initializers -Wno-sign-compare -Wpointer-arith -Wall -Wno-unused -Wunused-value -Wunused-parameter -Wno-unknown-pragmas  -O0 -g
C++ compiler:       /usr/bin/c++ GNU 4.6.4
C++ compiler flags:     -std=c++0x -Wundef -Wextra -Wno-missing-field-initializers -Wpointer-arith -Wall -Wno-unused-function -Wno-unknown-pragmas  -O0 -g


Running on 1 node with total 64 cores, 64 logical cores
Hardware detected:
  CPU info:
    Vendor: AMD
    Brand:  AMD Opteron(tm) Processor 6376                 
    Family: 21   Model: 2   Stepping: 0
    Features: aes apic avx clfsh cmov cx8 cx16 f16c fma fma4 htt lahf misalignsse mmx msr nonstop_tsc pclmuldq pdpe1gb popcnt pse rdtscp sse2 sse3 sse4a sse4.1 sse4.2 ssse3 xop
    SIMD instructions most likely to fit this hardware: AVX_128_FMA
    SIMD instructions selected at GROMACS compile time: None

  Hardware topology: Basic
    Sockets, cores, and logical processors:
      Socket  0: [   0] [   1] [   2] [   3] [   4] [   5] [   6] [   7] [   8] [   9] [  10] [  11] [  12] [  13] [  14] [  15]
      Socket  1: [  16] [  17] [  18] [  19] [  20] [  21] [  22] [  23] [  24] [  25] [  26] [  27] [  28] [  29] [  30] [  31]
      Socket  2: [  32] [  33] [  34] [  35] [  36] [  37] [  38] [  39] [  40] [  41] [  42] [  43] [  44] [  45] [  46] [  47]
      Socket  3: [  48] [  49] [  50] [  51] [  52] [  53] [  54] [  55] [  56] [  57] [  58] [  59] [  60] [  61] [  62] [  63]


Binary not matching hardware - you might be losing performance.
SIMD instructions most likely to fit this hardware: AVX_128_FMA
SIMD instructions selected at GROMACS compile time: None


++++ PLEASE READ AND CITE THE FOLLOWING REFERENCE ++++
M. J. Abraham, T. Murtola, R. Schulz, S. Páll, J. C. Smith, B. Hess, E.
Lindahl
GROMACS: High performance molecular simulations through multi-level
parallelism from laptops to supercomputers
SoftwareX 1 (2015) pp. 19-25
-------- -------- --- Thank You --- -------- --------


++++ PLEASE READ AND CITE THE FOLLOWING REFERENCE ++++
S. Páll, M. J. Abraham, C. Kutzner, B. Hess, E. Lindahl
Tackling Exascale Software Challenges in Molecular Dynamics Simulations with
GROMACS
In S. Markidis & E. Laure (Eds.), Solving Software Challenges for Exascale 8759 (2015) pp. 3-27
-------- -------- --- Thank You --- -------- --------


++++ PLEASE READ AND CITE THE FOLLOWING REFERENCE ++++
S. Pronk, S. Páll, R. Schulz, P. Larsson, P. Bjelkmar, R. Apostolov, M. R.
Shirts, J. C. Smith, P. M. Kasson, D. van der Spoel, B. Hess, and E. Lindahl
GROMACS 4.5: a high-throughput and highly parallel open source molecular
simulation toolkit
Bioinformatics 29 (2013) pp. 845-54
-------- -------- --- Thank You --- -------- --------


++++ PLEASE READ AND CITE THE FOLLOWING REFERENCE ++++
B. Hess and C. Kutzner and D. van der Spoel and E. Lindahl
GROMACS 4: Algorithms for highly efficient, load-balanced, and scalable
molecular simulation
J. Chem. Theory Comput. 4 (2008) pp. 435-447
-------- -------- --- Thank You --- -------- --------


++++ PLEASE READ AND CITE THE FOLLOWING REFERENCE ++++
D. van der Spoel, E. Lindahl, B. Hess, G. Groenhof, A. E. Mark and H. J. C.
Berendsen
GROMACS: Fast, Flexible and Free
J. Comp. Chem. 26 (2005) pp. 1701-1719
-------- -------- --- Thank You --- -------- --------


++++ PLEASE READ AND CITE THE FOLLOWING REFERENCE ++++
E. Lindahl and B. Hess and D. van der Spoel
GROMACS 3.0: A package for molecular simulation and trajectory analysis
J. Mol. Mod. 7 (2001) pp. 306-317
-------- -------- --- Thank You --- -------- --------


++++ PLEASE READ AND CITE THE FOLLOWING REFERENCE ++++
H. J. C. Berendsen, D. van der Spoel and R. van Drunen
GROMACS: A message-passing parallel molecular dynamics implementation
Comp. Phys. Comm. 91 (1995) pp. 43-56
-------- -------- --- Thank You --- -------- --------

Changing nstlist from 10 to 40, rlist from 1 to 1.009

Input Parameters:
   integrator                     = md-vv
   tinit                          = 0
   dt                             = 0.002
   nsteps                         = 58
   init-step                      = 0
   simulation-part                = 1
   comm-mode                      = None
   nstcomm                        = 0
   bd-fric                        = 0
   ld-seed                        = 1993
   emtol                          = 10
   emstep                         = 0.01
   niter                          = 20
   fcstep                         = 0
   nstcgsteep                     = 1000
   nbfgscorr                      = 10
   rtpi                           = 0.05
   nstxout                        = 20
   nstvout                        = 20
   nstfout                        = 20
   nstlog                         = 10
   nstcalcenergy                  = 1
   nstenergy                      = 1
   nstxout-compressed             = 5000
   compressed-x-precision         = 10000
   cutoff-scheme                  = Verlet
   nstlist                        = 40
   ns-type                        = Grid
   pbc                            = xyz
   periodic-molecules             = false
   verlet-buffer-tolerance        = 0.005
   rlist                          = 1.009
   coulombtype                    = PME-Switch
   coulomb-modifier               = Potential-shift
   rcoulomb-switch                = 0
   rcoulomb                       = 1
   epsilon-r                      = 1
   epsilon-rf                     = inf
   vdw-type                       = Cut-off
   vdw-modifier                   = Potential-switch
   rvdw-switch                    = 0.9
   rvdw                           = 1
   DispCorr                       = AllEnerPres
   table-extension                = 1
   fourierspacing                 = 0.1
   fourier-nx                     = 32
   fourier-ny                     = 32
   fourier-nz                     = 32
   pme-order                      = 6
   ewald-rtol                     = 1e-06
   ewald-rtol-lj                  = 0.001
   lj-pme-comb-rule               = Geometric
   ewald-geometry                 = 0
   epsilon-surface                = 0
   implicit-solvent               = No
   gb-algorithm                   = Still
   nstgbradii                     = 1
   rgbradii                       = 1
   gb-epsilon-solvent             = 80
   gb-saltconc                    = 0
   gb-obc-alpha                   = 1
   gb-obc-beta                    = 0.8
   gb-obc-gamma                   = 4.85
   gb-dielectric-offset           = 0.009
   sa-algorithm                   = Ace-approximation
   sa-surface-tension             = 2.05016
   tcoupl                         = Nose-Hoover
   nsttcouple                     = 10
   nh-chain-length                = 10
   print-nose-hoover-chain-variables = false
   pcoupl                         = No
   pcoupltype                     = Isotropic
   nstpcouple                     = -1
   tau-p                          = 1.67
   compressibility (3x3):
      compressibility[    0]={ 0.00000e+00,  0.00000e+00,  0.00000e+00}
      compressibility[    1]={ 0.00000e+00,  0.00000e+00,  0.00000e+00}
      compressibility[    2]={ 0.00000e+00,  0.00000e+00,  0.00000e+00}
   ref-p (3x3):
      ref-p[    0]={ 0.00000e+00,  0.00000e+00,  0.00000e+00}
      ref-p[    1]={ 0.00000e+00,  0.00000e+00,  0.00000e+00}
      ref-p[    2]={ 0.00000e+00,  0.00000e+00,  0.00000e+00}
   refcoord-scaling               = No
   posres-com (3):
      posres-com[0]= 0.00000e+00
      posres-com[1]= 0.00000e+00
      posres-com[2]= 0.00000e+00
   posres-comB (3):
      posres-comB[0]= 0.00000e+00
      posres-comB[1]= 0.00000e+00
      posres-comB[2]= 0.00000e+00
   QMMM                           = false
   QMconstraints                  = 0
   QMMMscheme                     = 0
   MMChargeScaleFactor            = 1
qm-opts:
   ngQM                           = 0
   constraint-algorithm           = Lincs
   continuation                   = false
   Shake-SOR                      = true
   shake-tol                      = 5e-06
   lincs-order                    = 8
   lincs-iter                     = 1
   lincs-warnangle                = 45
   nwall                          = 0
   wall-type                      = 9-3
   wall-r-linpot                  = -1
   wall-atomtype[0]               = -1
   wall-atomtype[1]               = -1
   wall-density[0]                = 0
   wall-density[1]                = 0
   wall-ewald-zfac                = 3
   pull                           = false
   rotation                       = false
   interactiveMD                  = false
   disre                          = No
   disre-weighting                = Conservative
   disre-mixed                    = false
   dr-fc                          = 1000
   dr-tau                         = 0
   nstdisreout                    = 100
   orire-fc                       = 0
   orire-tau                      = 0
   nstorireout                    = 100
   free-energy                    = expanded
   init-lambda                    = -1
   init-lambda-state              = 0
   delta-lambda                   = 0
   nstdhdl                        = 10
   n-lambdas                      = 12
   separate-dvdl:
       fep-lambdas =   FALSE
      mass-lambdas =   FALSE
      coul-lambdas =   TRUE
       vdw-lambdas =   TRUE
    bonded-lambdas =   FALSE
 restraint-lambdas =   FALSE
temperature-lambdas =   FALSE
all-lambdas:
       fep-lambdas =            0           0           0           0           0           0           0           0           0           0           0           0
      mass-lambdas =            0           0           0           0           0           0           0           0           0           0           0           0
      coul-lambdas =            0        0.25         0.5        0.75           1           1           1           1           1           1           1           1
       vdw-lambdas =            0           0           0           0           0         0.2         0.4         0.6         0.7         0.8         0.9           1
    bonded-lambdas =            0           0           0           0           0           0           0           0           0           0           0           0
 restraint-lambdas =            0           0           0           0           0           0           0           0           0           0           0           0
temperature-lambdas =            0           0           0           0           0           0           0           0           0           0           0           0
   calc-lambda-neighbors          = 1
   dhdl-print-energy              = no
   sc-alpha                       = 0.5
   sc-power                       = 1
   sc-r-power                     = 6
   sc-sigma                       = 0.3
   sc-sigma-min                   = 0.3
   sc-coul                        = false
   dh-hist-size                   = 0
   dh-hist-spacing                = 0.1
   separate-dhdl-file             = yes
   dhdl-derivatives               = yes
   nstexpanded                    = 10
   lmc-stats                      = wang-landau
   lmc-move                       = metropolized-gibbs
   lmc-weights-equil              = wl-delta
   weight-equil-wl-delta          = 0.001
   lmc-seed                       = 1993
   mc-temperature                 = 300
   lmc-repeats                    = 1
   lmc-gibbsdelta                 = -1
   lmc-forced-nstart              = 0
   symmetrized-transition-matrix  = false
   nst-transition-matrix          = -1
   mininum-var-min                = 100
   weight-c-range                 = 0
   wl-scale                       = 0.6
   wl-ratio                       = 0.8
   init-wl-delta                  = 2
   wl-oneovert                    = true
      init-lambda-weights (12):
      init-lambda-weights[0]= 0.00000e+00
      init-lambda-weights[1]= 0.00000e+00
      init-lambda-weights[2]= 0.00000e+00
      init-lambda-weights[3]= 0.00000e+00
      init-lambda-weights[4]= 0.00000e+00
      init-lambda-weights[5]= 0.00000e+00
      init-lambda-weights[6]= 0.00000e+00
      init-lambda-weights[7]= 0.00000e+00
      init-lambda-weights[8]= 0.00000e+00
      init-lambda-weights[9]= 0.00000e+00
      init-lambda-weights[10]= 0.00000e+00
      init-lambda-weights[11]= 0.00000e+00
   init-weights                   = false
   cos-acceleration               = 0
   deform (3x3):
      deform[    0]={ 0.00000e+00,  0.00000e+00,  0.00000e+00}
      deform[    1]={ 0.00000e+00,  0.00000e+00,  0.00000e+00}
      deform[    2]={ 0.00000e+00,  0.00000e+00,  0.00000e+00}
   simulated-tempering            = false
   E-x:
      n = 0
   E-xt:
      n = 0
   E-y:
      n = 0
   E-yt:
      n = 0
   E-z:
      n = 0
   E-zt:
      n = 0
   swapcoords                     = no
   userint1                       = 0
   userint2                       = 0
   userint3                       = 0
   userint4                       = 0
   userreal1                      = 0
   userreal2                      = 0
   userreal3                      = 0
   userreal4                      = 0
grpopts:
   nrdf:        5394
   ref-t:         300
   tau-t:           1
annealing:          No
annealing-npoints:           0
   acc:	           0           0           0
   nfreeze:           N           N           N
   energygrp-flags[  0]: 0


NOTE: GROMACS was compiled without OpenMP and (thread-)MPI support, can only use a single CPU core

Will do PME sum in reciprocal space for electrostatic interactions.

++++ PLEASE READ AND CITE THE FOLLOWING REFERENCE ++++
U. Essmann, L. Perera, M. L. Berkowitz, T. Darden, H. Lee and L. G. Pedersen 
A smooth particle mesh Ewald method
J. Chem. Phys. 103 (1995) pp. 8577-8592
-------- -------- --- Thank You --- -------- --------

Will do ordinary reciprocal space Ewald sum.
Using a Gaussian width (1/beta) of 0.289108 nm for Ewald
Cut-off's:   NS: 1.009   Coulomb: 1   LJ: 1
Long Range LJ corr.: <C6> 2.7981e-04, <C12> 2.7541e-07
System total charge, top. A: -0.000 top. B: 0.000
Generated table with 1004 data points for Ewald-Switch.
Tabscale = 500 points/nm
Generated table with 1004 data points for LJ6Switch.
Tabscale = 500 points/nm
Generated table with 1004 data points for LJ12Switch.
Tabscale = 500 points/nm
Generated table with 1004 data points for 1-4 COUL.
Tabscale = 500 points/nm
Generated table with 1004 data points for 1-4 LJ6.
Tabscale = 500 points/nm
Generated table with 1004 data points for 1-4 LJ12.
Tabscale = 500 points/nm
Potential shift: LJ r^-12: 0.000e+00 r^-6: 0.000e+00, Ewald -1.000e-06
Initialized non-bonded Ewald correction tables, spacing: 8.87e-04 size: 1129


Using plain C 4x4 non-bonded kernels


WARNING: Using the slow plain C kernels. This should
not happen during routine usage on supported platforms.


There are 19 atoms and 19 charges for free energy perturbation
Removing pbc first time

Initializing LINear Constraint Solver

++++ PLEASE READ AND CITE THE FOLLOWING REFERENCE ++++
B. Hess and H. Bekker and H. J. C. Berendsen and J. G. E. M. Fraaije
LINCS: A Linear Constraint Solver for molecular simulations
J. Comp. Chem. 18 (1997) pp. 1463-1472
-------- -------- --- Thank You --- -------- --------

The number of constraints is 9

++++ PLEASE READ AND CITE THE FOLLOWING REFERENCE ++++
S. Miyamoto and P. A. Kollman
SETTLE: An Analytical Version of the SHAKE and RATTLE Algorithms for Rigid
Water Models
J. Comp. Chem. 13 (1992) pp. 952-962
-------- -------- --- Thank You --- -------- --------

Initial vector of lambda components:[     0.0000     0.0000     0.0000     0.0000     0.0000     0.0000     0.0000 ]
There are: 2692 Atoms

Constraining the starting coordinates (step 0)
RMS relative constraint deviation after constraining: 2.96e-07
Initial temperature: 296.561 K

Started mdrun on rank 0 Mon May  9 11:52:34 2016
           Step           Time
              0        0.00000

   Energies (kJ/mol)
           Bond          Angle    Proper Dih. Ryckaert-Bell.          LJ-14
    5.93245e-01    1.67494e+01    4.83615e-01   -4.20399e+00    2.18354e+01
     Coulomb-14        LJ (SR)  Disper. corr.   Coulomb (SR)   Coul. recip.
    3.09020e+01    5.69900e+03   -1.82473e+02   -4.16501e+04    3.21336e+02
      Potential    Kinetic En.   Total Energy  Conserved En.    Temperature
   -3.57459e+04    6.65011e+03   -2.90958e+04   -2.90958e+04    2.96561e+02
 Pres. DC (bar) Pressure (bar)      dVcoul/dl       dVvdw/dl   Constr. rmsd
   -1.11409e+02    5.20924e+02    7.98438e+01   -1.69764e+02    4.87075e-07

           Step           Time
             10        0.02000

             MC-lambda information
  Wang-Landau incrementor is:           2
  N  CoulL   VdwL    Count   G(in kT)  dG(in kT)
  1  0.000  0.000        1    0.00000    2.00000 <<
  2  0.250  0.000        0    2.00000    0.00000   
  3  0.500  0.000        0    2.00000    0.00000   
  4  0.750  0.000        0    2.00000    0.00000   
  5  1.000  0.000        0    2.00000    0.00000   
  6  1.000  0.200        0    2.00000    0.00000   
  7  1.000  0.400        0    2.00000    0.00000   
  8  1.000  0.600        0    2.00000    0.00000   
  9  1.000  0.700        0    2.00000    0.00000   
 10  1.000  0.800        0    2.00000    0.00000   
 11  1.000  0.900        0    2.00000    0.00000   
 12  1.000  1.000        0    2.00000    0.00000   

   Energies (kJ/mol)
           Bond          Angle    Proper Dih. Ryckaert-Bell.          LJ-14
    9.72885e+00    1.49395e+01    1.03587e+00    4.21105e+00    1.84693e+01
     Coulomb-14        LJ (SR)  Disper. corr.   Coulomb (SR)   Coul. recip.
    3.07969e+01    5.46767e+03   -1.82473e+02   -4.15711e+04    3.40443e+02
      Potential    Kinetic En.   Total Energy  Conserved En.    Temperature
   -3.58662e+04    6.77117e+03   -2.90951e+04   -2.90964e+04    3.01959e+02
 Pres. DC (bar) Pressure (bar)      dVcoul/dl       dVvdw/dl   Constr. rmsd
   -1.11409e+02   -8.55197e+01    7.60986e+01   -1.28840e+02    1.18278e-06

           Step           Time
             20        0.04000

             MC-lambda information
  Wang-Landau incrementor is:           2
  N  CoulL   VdwL    Count   G(in kT)  dG(in kT)
  1  0.000  0.000        2    0.00000    4.00000 <<
  2  0.250  0.000        0    4.00000    0.00000   
  3  0.500  0.000        0    4.00000    0.00000   
  4  0.750  0.000        0    4.00000    0.00000   
  5  1.000  0.000        0    4.00000    0.00000   
  6  1.000  0.200        0    4.00000    0.00000   
  7  1.000  0.400        0    4.00000    0.00000   
  8  1.000  0.600        0    4.00000    0.00000   
  9  1.000  0.700        0    4.00000    0.00000   
 10  1.000  0.800        0    4.00000    0.00000   
 11  1.000  0.900        0    4.00000    0.00000   
 12  1.000  1.000        0    4.00000    0.00000   

   Energies (kJ/mol)
           Bond          Angle    Proper Dih. Ryckaert-Bell.          LJ-14
    1.30664e+01    1.03163e+01    1.22019e+00   -5.36376e-01    1.87099e+01
     Coulomb-14        LJ (SR)  Disper. corr.   Coulomb (SR)   Coul. recip.
    3.11260e+01    5.39974e+03   -1.82473e+02   -4.13401e+04    3.32978e+02
      Potential    Kinetic En.   Total Energy  Conserved En.    Temperature
   -3.57159e+04    6.62506e+03   -2.90909e+04   -2.90945e+04    2.95443e+02
 Pres. DC (bar) Pressure (bar)      dVcoul/dl       dVvdw/dl   Constr. rmsd
   -1.11409e+02   -2.21889e+01    7.91834e+01   -1.28669e+02    1.59318e-06

           Step           Time
             30        0.06000

             MC-lambda information
  Wang-Landau incrementor is:           2
  N  CoulL   VdwL    Count   G(in kT)  dG(in kT)
  1  0.000  0.000        3    0.00000    6.00000 <<
  2  0.250  0.000        0    6.00000    0.00000   
  3  0.500  0.000        0    6.00000    0.00000   
  4  0.750  0.000        0    6.00000    0.00000   
  5  1.000  0.000        0    6.00000    0.00000   
  6  1.000  0.200        0    6.00000    0.00000   
  7  1.000  0.400        0    6.00000    0.00000   
  8  1.000  0.600        0    6.00000    0.00000   
  9  1.000  0.700        0    6.00000    0.00000   
 10  1.000  0.800        0    6.00000    0.00000   
 11  1.000  0.900        0    6.00000    0.00000   
 12  1.000  1.000        0    6.00000    0.00000   

   Energies (kJ/mol)
           Bond          Angle    Proper Dih. Ryckaert-Bell.          LJ-14
    5.80954e+00    2.35214e+01    3.79981e-01   -2.13404e+00    2.01360e+01
     Coulomb-14        LJ (SR)  Disper. corr.   Coulomb (SR)   Coul. recip.
    3.02575e+01    5.47382e+03   -1.82473e+02   -4.13887e+04    3.38807e+02
      Potential    Kinetic En.   Total Energy  Conserved En.    Temperature
   -3.56806e+04    6.59456e+03   -2.90860e+04   -2.90934e+04    2.94084e+02
 Pres. DC (bar) Pressure (bar)      dVcoul/dl       dVvdw/dl   Constr. rmsd
   -1.11409e+02    1.51060e+02    7.79163e+01   -1.10105e+02    6.46557e-07

           Step           Time
             40        0.08000

             MC-lambda information
  Wang-Landau incrementor is:           2
  N  CoulL   VdwL    Count   G(in kT)  dG(in kT)
  1  0.000  0.000        4    0.00000    8.00000 <<
  2  0.250  0.000        0    8.00000    0.00000   
  3  0.500  0.000        0    8.00000    0.00000   
  4  0.750  0.000        0    8.00000    0.00000   
  5  1.000  0.000        0    8.00000    0.00000   
  6  1.000  0.200        0    8.00000    0.00000   
  7  1.000  0.400        0    8.00000    0.00000   
  8  1.000  0.600        0    8.00000    0.00000   
  9  1.000  0.700        0    8.00000    0.00000   
 10  1.000  0.800        0    8.00000    0.00000   
 11  1.000  0.900        0    8.00000    0.00000   
 12  1.000  1.000        0    8.00000    0.00000   

   Energies (kJ/mol)
           Bond          Angle    Proper Dih. Ryckaert-Bell.          LJ-14
    9.13547e+00    1.65499e+01    1.49646e+00    9.26344e-01    1.84183e+01
     Coulomb-14        LJ (SR)  Disper. corr.   Coulomb (SR)   Coul. recip.
    2.95425e+01    5.47580e+03   -1.82473e+02   -4.14038e+04    3.37257e+02
      Potential    Kinetic En.   Total Energy  Conserved En.    Temperature
   -3.56971e+04    6.61788e+03   -2.90792e+04   -2.90945e+04    2.95123e+02
 Pres. DC (bar) Pressure (bar)      dVcoul/dl       dVvdw/dl   Constr. rmsd
   -1.11409e+02    2.49707e+01    7.45273e+01   -9.61376e+01    8.93186e-07

           Step           Time
             50        0.10000

             MC-lambda information
  Wang-Landau incrementor is:           2
  N  CoulL   VdwL    Count   G(in kT)  dG(in kT)
  1  0.000  0.000        4    0.00000    6.00000   
  2  0.250  0.000        1    6.00000    2.00000 <<
  3  0.500  0.000        0    8.00000    0.00000   
  4  0.750  0.000        0    8.00000    0.00000   
  5  1.000  0.000        0    8.00000    0.00000   
  6  1.000  0.200        0    8.00000    0.00000   
  7  1.000  0.400        0    8.00000    0.00000   
  8  1.000  0.600        0    8.00000    0.00000   
  9  1.000  0.700        0    8.00000    0.00000   
 10  1.000  0.800        0    8.00000    0.00000   
 11  1.000  0.900        0    8.00000    0.00000   
 12  1.000  1.000        0    8.00000    0.00000   

   Energies (kJ/mol)
           Bond          Angle    Proper Dih. Ryckaert-Bell.          LJ-14
    5.66570e+00    1.79839e+01    2.25304e+00    1.37158e+01    2.02657e+01
     Coulomb-14        LJ (SR)  Disper. corr.   Coulomb (SR)   Coul. recip.
    2.34824e+01    5.50379e+03   -1.82473e+02   -4.13974e+04    3.21606e+02
      Potential    Kinetic En.   Total Energy  Conserved En.    Temperature
   -3.56711e+04    6.62272e+03   -2.90484e+04   -2.90754e+04    2.95339e+02
 Pres. DC (bar) Pressure (bar)      dVcoul/dl       dVvdw/dl   Constr. rmsd
   -1.11409e+02    2.77594e+02    5.92254e+01   -8.65247e+01    6.47777e-07

           Step           Time
             58        0.11600

Writing checkpoint, step 58 at Mon May  9 11:52:50 2016


   Energies (kJ/mol)
           Bond          Angle    Proper Dih. Ryckaert-Bell.          LJ-14
    6.06290e+00    1.51054e+01    6.26252e-01    3.93121e+00    1.99651e+01
     Coulomb-14        LJ (SR)  Disper. corr.   Coulomb (SR)   Coul. recip.
    2.24537e+01    5.60211e+03   -1.82473e+02   -4.15569e+04    3.36383e+02
      Potential    Kinetic En.   Total Energy  Conserved En.    Temperature
   -3.57328e+04    6.69896e+03   -2.90338e+04   -2.90768e+04    2.98739e+02
 Pres. DC (bar) Pressure (bar)      dVcoul/dl       dVvdw/dl   Constr. rmsd
   -1.11409e+02    3.46385e+02    9.14075e+01    3.14382e+01    4.21000e-07

	<======  ###############  ==>
	<====  A V E R A G E S  ====>
	<==  ###############  ======>

	Statistics over 59 steps using 59 frames

   Energies (kJ/mol)
           Bond          Angle    Proper Dih. Ryckaert-Bell.          LJ-14
    1.02464e+01    1.71658e+01    1.28254e+00    3.72721e+00    1.98123e+01
     Coulomb-14        LJ (SR)  Disper. corr.   Coulomb (SR)   Coul. recip.
    2.80786e+01    5.49202e+03   -1.82473e+02   -4.14544e+04    3.30670e+02
      Potential    Kinetic En.   Total Energy  Conserved En.    Temperature
   -3.57339e+04    6.65992e+03   -2.90740e+04   -2.90891e+04    2.96998e+02
 Pres. DC (bar) Pressure (bar)      dVcoul/dl       dVvdw/dl   Constr. rmsd
   -1.11409e+02    1.05725e+02    1.01234e+02   -6.33947e+00    0.00000e+00

   Total Virial (kJ/mol)
    2.54895e+03    5.83344e+01    2.74154e+02
    5.85175e+01    1.97833e+03    2.67277e+02
    2.73695e+02    2.66898e+02    1.87290e+03

   Pressure (bar)
   -3.70423e+02   -4.48578e+00   -3.66009e+02
   -4.70938e+00    2.95427e+02   -2.89412e+02
   -3.65448e+02   -2.88949e+02    3.92171e+02


	M E G A - F L O P S   A C C O U N T I N G

 NB=Group-cutoff nonbonded kernels    NxN=N-by-N cluster Verlet kernels
 RF=Reaction-Field  VdW=Van der Waals  QSTab=quadratic-spline table
 W3=SPC/TIP3p  W4=TIP4p (single or pairs)
 V&F=Potential and force  V=Potential only  F=Force only

 Computing:                               M-Number         M-Flops  % Flops
-----------------------------------------------------------------------------
 NB Free energy kernel                  295.903146         295.903     5.2
 Pair Search distance check               1.657004          14.913     0.3
 NxN QSTab Elec. + LJ [V&F]              32.502824        2567.723    44.9
 NxN QSTab Elec. [V&F]                   31.577464        1294.676    22.6
 1,4 nonbonded interactions               0.005206           0.469     0.0
 Calc Weights                             0.476484          17.153     0.3
 Spread Q Bspline                        68.613696         137.227     2.4
 Gather F Bspline                        68.613696         411.682     7.2
 3D-FFT                                 115.998484         927.988    16.2
 Solve PME                                0.120832           7.733     0.1
 Shift-X                                  0.005384           0.032     0.0
 Bonds                                    0.000649           0.038     0.0
 Angles                                   0.001947           0.327     0.0
 Propers                                  0.000649           0.149     0.0
 RB-Dihedrals                             0.002537           0.627     0.0
 Virial                                   0.161483           2.907     0.1
 Calc-Ekin                                0.158828           4.288     0.1
 Lincs                                    0.001080           0.065     0.0
 Lincs-Mat                                0.007200           0.029     0.0
 Constraint-V                             0.158769           1.270     0.0
 Constraint-Vir                           0.158769           3.810     0.1
 Settle                                   0.106920          34.535     0.6
-----------------------------------------------------------------------------
 Total                                                    5723.545   100.0
-----------------------------------------------------------------------------


     R E A L   C Y C L E   A N D   T I M E   A C C O U N T I N G

On 1 MPI rank

 Computing:          Num   Num      Call    Wall time         Giga-Cycles
                     Ranks Threads  Count      (s)         total sum    %
-----------------------------------------------------------------------------
 Neighbor search        1    1          2       0.080          0.183   0.5
 Force                  1    1         59      13.555         31.178  81.3
 PME mesh               1    1         59       2.812          6.469  16.9
 NB X/F buffer ops.     1    1        116       0.007          0.015   0.0
 Write traj.            1    1          4       0.057          0.131   0.3
 Update                 1    1        236       0.037          0.084   0.2
 Constraints            1    1        118       0.093          0.214   0.6
 Rest                                           0.035          0.081   0.2
-----------------------------------------------------------------------------
 Total                                         16.675         38.356 100.0
-----------------------------------------------------------------------------
 Breakdown of PME mesh computation
-----------------------------------------------------------------------------
 PME spread/gather      1    1        236       1.468          3.376   8.8
 PME 3D-FFT             1    1        236       1.012          2.328   6.1
 PME solve Elec         1    1        118       0.332          0.763   2.0
-----------------------------------------------------------------------------

               Core t (s)   Wall t (s)        (%)
       Time:       16.624       16.675       99.7
                 (ns/day)    (hour/ns)
Performance:        0.611       39.255
Finished mdrun on rank 0 Mon May  9 11:52:50 2016
