Log file opened on Mon Dec  2 18:57:58 2013
Host: amd2  pid: 37777  nodeid: 0  nnodes:  1
GROMACS:    gmx mdrun, VERSION 5.0-dev-20131202-1c4ab8d

GROMACS is written by:
Emile Apol, Rossen Apostolov, Herman J.C. Berendsen,
Aldert van Buuren, Pär Bjelkmar, Rudi van Drunen, Anton Feenstra,
Gerrit Groenhof, Peter Kasson, Per Larsson, Pieter Meulenhoff,
Teemu Murtola, Szilard Pall, Sander Pronk, Roland Schulz,
Michael Shirts, Alfons Sijbers, Peter Tieleman,

Berk Hess, David van der Spoel, and Erik Lindahl.

Copyright (c) 1991-2000, University of Groningen, The Netherlands.
Copyright (c) 2001-2013, The GROMACS development team at
Uppsala University & The Royal Institute of Technology, Sweden.
check out http://www.gromacs.org for more information.

GROMACS is free software; you can redistribute it and/or modify it
under the terms of the GNU Lesser General Public License
as published by the Free Software Foundation; either version 2.1
of the License, or (at your option) any later version.

GROMACS:    gmx mdrun, VERSION 5.0-dev-20131202-1c4ab8d
Executable: /nethome/mark/nfs-git/master/build-cmake-gcc-reference-amd2/install/bin/gmx
Command line:
  mdrun -notunepme -table ../table -tablep ../tablep

Gromacs version:    VERSION 5.0-dev-20131202-1c4ab8d
GIT SHA1 hash:      1c4ab8dc85d1b81954671d9d0071d8f84e026aff
Branched from:      5f643c7312e644b12d006dec1ae9853c05c9e075 (4 newer local commits)
Precision:          single
Memory model:       64 bit
MPI library:        none
OpenMP support:     disabled
GPU support:        disabled
invsqrt routine:    (1.0/sqrt(x))
CPU acceleration:   NONE
FFT library:        fftpack (built-in)
Large file support: disabled
RDTSCP usage:       enabled
Built on:           Sun Oct 13 16:14:06 CEST 2013
Built by:           mark@amd2 [CMAKE]
Build OS/arch:      Linux 3.5.0-41-generic x86_64
Build CPU vendor:   AuthenticAMD
Build CPU brand:    AMD Opteron(tm) Processor 6176
Build CPU family:   16   Model: 9   Stepping: 1
Build CPU features: apic clfsh cmov cx8 cx16 htt lahf_lm misalignsse mmx msr nonstop_tsc pdpe1gb popcnt pse rdtscp sse2 sse3 sse4a
C compiler:         /usr/bin/gcc-4.7 GNU 4.7.3
C compiler flags:      -Wextra -Wno-missing-field-initializers -Wno-sign-compare -Wall -Wno-unused -Wunused-value -Wunused-parameter -Wno-unknown-pragmas   -O0 -g
C++ compiler:       /usr/bin/g++-4.7 GNU 4.7.3
C++ compiler flags:   -std=c++0x  -Wextra -Wno-missing-field-initializers -Wnon-virtual-dtor -Wall -Wno-unused-function -Wno-unknown-pragmas   -O0 -g



++++ PLEASE READ AND CITE THE FOLLOWING REFERENCE ++++
B. Hess and C. Kutzner and D. van der Spoel and E. Lindahl
GROMACS 4: Algorithms for highly efficient, load-balanced, and scalable
molecular simulation
J. Chem. Theory Comput. 4 (2008) pp. 435-447
-------- -------- --- Thank You --- -------- --------


++++ PLEASE READ AND CITE THE FOLLOWING REFERENCE ++++
D. van der Spoel, E. Lindahl, B. Hess, G. Groenhof, A. E. Mark and H. J. C.
Berendsen
GROMACS: Fast, Flexible and Free
J. Comp. Chem. 26 (2005) pp. 1701-1719
-------- -------- --- Thank You --- -------- --------


++++ PLEASE READ AND CITE THE FOLLOWING REFERENCE ++++
E. Lindahl and B. Hess and D. van der Spoel
GROMACS 3.0: A package for molecular simulation and trajectory analysis
J. Mol. Mod. 7 (2001) pp. 306-317
-------- -------- --- Thank You --- -------- --------


++++ PLEASE READ AND CITE THE FOLLOWING REFERENCE ++++
H. J. C. Berendsen, D. van der Spoel and R. van Drunen
GROMACS: A message-passing parallel molecular dynamics implementation
Comp. Phys. Comm. 91 (1995) pp. 43-56
-------- -------- --- Thank You --- -------- --------

Input Parameters:
   integrator           = md
   nsteps               = 20
   init-step            = 0
   cutoff-scheme        = Group
   ns_type              = Grid
   nstlist              = 1
   ndelta               = 2
   nstcomm              = 20
   comm-mode            = Linear
   nstlog               = 20
   nstxout              = 20
   nstvout              = 20
   nstfout              = 20
   nstcalcenergy        = 20
   nstenergy            = 20
   nstxtcout            = 0
   init-t               = 0
   delta-t              = 0.002
   xtcprec              = 1000
   fourierspacing       = 0.12
   nkx                  = 60
   nky                  = 60
   nkz                  = 60
   pme-order            = 4
   ewald-rtol           = 1e-05
   ewald-rtol-lj        = 0.001
   ewald-geometry       = 0
   epsilon-surface      = 0
   optimize-fft         = FALSE
   lj-pme-comb-rule     = Geometric
   ePBC                 = xyz
   bPeriodicMols        = FALSE
   bContinuation        = FALSE
   bShakeSOR            = FALSE
   etc                  = Nose-Hoover
   bPrintNHChains       = FALSE
   nsttcouple           = 1
   epc                  = Parrinello-Rahman
   epctype              = Isotropic
   nstpcouple           = 1
   tau-p                = 1
   ref-p (3x3):
      ref-p[    0]={ 1.00000e+00,  0.00000e+00,  0.00000e+00}
      ref-p[    1]={ 0.00000e+00,  1.00000e+00,  0.00000e+00}
      ref-p[    2]={ 0.00000e+00,  0.00000e+00,  1.00000e+00}
   compress (3x3):
      compress[    0]={ 4.50000e-05,  0.00000e+00,  0.00000e+00}
      compress[    1]={ 0.00000e+00,  4.50000e-05,  0.00000e+00}
      compress[    2]={ 0.00000e+00,  0.00000e+00,  4.50000e-05}
   refcoord-scaling     = No
   posres-com (3):
      posres-com[0]= 0.00000e+00
      posres-com[1]= 0.00000e+00
      posres-com[2]= 0.00000e+00
   posres-comB (3):
      posres-comB[0]= 0.00000e+00
      posres-comB[1]= 0.00000e+00
      posres-comB[2]= 0.00000e+00
   verlet-buffer-drift  = 0.005
   rlist                = 1
   rlistlong            = 1
   nstcalclr            = 0
   rtpi                 = 0.05
   coulombtype          = PME
   coulomb-modifier     = None
   rcoulomb-switch      = 0
   rcoulomb             = 1
   vdwtype              = PME
   vdw-modifier         = None
   rvdw-switch          = 0
   rvdw                 = 1
   epsilon-r            = 1
   epsilon-rf           = 1
   tabext               = 1
   implicit-solvent     = No
   gb-algorithm         = Still
   gb-epsilon-solvent   = 80
   nstgbradii           = 1
   rgbradii             = 1
   gb-saltconc          = 0
   gb-obc-alpha         = 1
   gb-obc-beta          = 0.8
   gb-obc-gamma         = 4.85
   gb-dielectric-offset = 0.009
   sa-algorithm         = Ace-approximation
   sa-surface-tension   = 2.05016
   DispCorr             = No
   bSimTemp             = FALSE
   free-energy          = no
   nwall                = 0
   wall-type            = 9-3
   wall-atomtype[0]     = -1
   wall-atomtype[1]     = -1
   wall-density[0]      = 0
   wall-density[1]      = 0
   wall-ewald-zfac      = 3
   pull                 = no
   rotation             = FALSE
   disre                = No
   disre-weighting      = Conservative
   disre-mixed          = FALSE
   dr-fc                = 1000
   dr-tau               = 0
   nstdisreout          = 100
   orires-fc            = 0
   orires-tau           = 0
   nstorireout          = 100
   dihre-fc             = 0
   em-stepsize          = 0.01
   em-tol               = 10
   niter                = 20
   fc-stepsize          = 0
   nstcgsteep           = 1000
   nbfgscorr            = 10
   ConstAlg             = Lincs
   shake-tol            = 0.0001
   lincs-order          = 4
   lincs-warnangle      = 30
   lincs-iter           = 1
   bd-fric              = 0
   ld-seed              = 1993
   cos-accel            = 0
   deform (3x3):
      deform[    0]={ 0.00000e+00,  0.00000e+00,  0.00000e+00}
      deform[    1]={ 0.00000e+00,  0.00000e+00,  0.00000e+00}
      deform[    2]={ 0.00000e+00,  0.00000e+00,  0.00000e+00}
   adress               = FALSE
   userint1             = 0
   userint2             = 0
   userint3             = 0
   userint4             = 0
   userreal1            = 0
   userreal2            = 0
   userreal3            = 0
   userreal4            = 0
grpopts:
   nrdf:         108
   ref-t:         298
   tau-t:         0.4
anneal:          No
ann-npoints:           0
   acc:	           0           0           0
   nfreeze:           N           N           N
   energygrp-flags[  0]: 0
   efield-x:
      n = 0
   efield-xt:
      n = 0
   efield-y:
      n = 0
   efield-yt:
      n = 0
   efield-z:
      n = 0
   efield-zt:
      n = 0
   bQMMM                = FALSE
   QMconstraints        = 0
   QMMMscheme           = 0
   scalefactor          = 1
qm-opts:
   ngQM                 = 0

Detecting CPU-specific acceleration.
Present hardware specification:
Vendor: AuthenticAMD
Brand:  AMD Opteron(tm) Processor 6176
Family: 16  Model:  9  Stepping:  1
Features: apic clfsh cmov cx8 cx16 htt lahf_lm misalignsse mmx msr nonstop_tsc pdpe1gb popcnt pse rdtscp sse2 sse3 sse4a
Acceleration most likely to fit this hardware: SSE2
Acceleration selected at GROMACS compile time: None


Binary not matching hardware - you might be losing performance.
Acceleration most likely to fit this hardware: SSE2
Acceleration selected at GROMACS compile time: None

Table routines are used for coulomb: FALSE
Table routines are used for vdw:     TRUE
Will do PME sum in reciprocal space for electrostatic interactions.

++++ PLEASE READ AND CITE THE FOLLOWING REFERENCE ++++
U. Essmann, L. Perera, M. L. Berkowitz, T. Darden, H. Lee and L. G. Pedersen 
A smooth particle mesh Ewald method
J. Chem. Phys. 103 (1995) pp. 8577-8592
-------- -------- --- Thank You --- -------- --------

Will do ordinary reciprocal space Ewald sum.
Using a Gaussian width (1/beta) of 0.320163 nm for Ewald
Will do PME sum in reciprocal space for LJ dispersion interactions.

++++ PLEASE READ AND CITE THE FOLLOWING REFERENCE ++++
Entry Essman95a not found in citation database
-------- -------- --- Thank You --- -------- --------

Using a Gaussian width (1/beta) of 0.298423 nm for LJ Ewald
Using shifted Lennard-Jones, switch between 0 and 1 nm
Cut-off's:   NS: 1   Coulomb: 1   LJ: 1
System total charge: 0.000
Generated table with 1000 data points for Ewald.
Tabscale = 500 points/nm
Generated table with 1000 data points for LJ6Ewald.
Tabscale = 500 points/nm
Generated table with 1000 data points for LJ12.
Tabscale = 500 points/nm
Generated table with 1000 data points for 1-4 COUL.
Tabscale = 500 points/nm
Generated table with 1000 data points for 1-4 LJ6.
Tabscale = 500 points/nm
Generated table with 1000 data points for 1-4 LJ12.
Tabscale = 500 points/nm

Enabling SPC-like water optimization for 1 molecules.

Potential shift: LJ r^-12: 0.000 r^-6 0.000, Ewald 0.000e+00
Initialized non-bonded Ewald correction tables, spacing: 6.60e-04 size: 3033

Removing pbc first time

Initializing LINear Constraint Solver

++++ PLEASE READ AND CITE THE FOLLOWING REFERENCE ++++
B. Hess and H. Bekker and H. J. C. Berendsen and J. G. E. M. Fraaije
LINCS: A Linear Constraint Solver for molecular simulations
J. Comp. Chem. 18 (1997) pp. 1463-1472
-------- -------- --- Thank You --- -------- --------

The number of constraints is 51

++++ PLEASE READ AND CITE THE FOLLOWING REFERENCE ++++
S. Miyamoto and P. A. Kollman
SETTLE: An Analytical Version of the SHAKE and RATTLE Algorithms for Rigid
Water Models
J. Comp. Chem. 13 (1992) pp. 952-962
-------- -------- --- Thank You --- -------- --------

Center of mass motion removal mode is Linear
We have the following groups for center of mass motion removal:
  0:  System
There are: 55 Atoms
Max number of connections per atom is 38
Total number of connections is 772
Max number of graph edges per atom is 4
Total number of graph edges is 106

Constraining the starting coordinates (step 0)

Constraining the coordinates at t0-dt (step 0)
RMS relative constraint deviation after constraining: 1.23e-06
Initial temperature: 9.02195e-05 K

Started mdrun on node 0 Mon Dec  2 18:57:58 2013

           Step           Time         Lambda
              0        0.00000        0.00000


Grid: 7 x 7 x 7 cells
   Energies (kJ/mol)
          Angle    Proper Dih. Ryckaert-Bell.  Improper Dih.          LJ-14
    2.33680e+02    3.77341e+01    3.99863e+01    8.22802e+00    9.88146e+01
     Coulomb-14        LJ (SR)   Coulomb (SR)   Coul. recip.      LJ recip.
   -2.12216e+02   -9.98763e+00   -3.27527e+01   -8.23167e+02   -3.05331e+01
      Potential    Kinetic En.   Total Energy    Temperature Pressure (bar)
   -6.90213e+02    6.82305e-01   -6.89531e+02    1.51966e+00    9.44294e+00
   Constr. rmsd
    1.82960e-06

           Step           Time         Lambda
             20        0.04000        0.00000

Writing checkpoint, step 20 at Mon Dec  2 18:58:03 2013


   Energies (kJ/mol)
          Angle    Proper Dih. Ryckaert-Bell.  Improper Dih.          LJ-14
    2.05570e+02    3.79415e+01    2.93452e+01    2.51831e+00    8.53242e+01
     Coulomb-14        LJ (SR)   Coulomb (SR)   Coul. recip.      LJ recip.
   -1.93483e+02   -1.06615e+01   -3.64856e+01   -8.26438e+02   -3.02215e+01
      Potential    Kinetic En.   Total Energy    Temperature Pressure (bar)
   -7.36591e+02    6.49222e+01   -6.71668e+02    1.44598e+02   -1.49327e+00
   Constr. rmsd
    3.59550e-06

	<======  ###############  ==>
	<====  A V E R A G E S  ====>
	<==  ###############  ======>

	Statistics over 21 steps using 2 frames

   Energies (kJ/mol)
          Angle    Proper Dih. Ryckaert-Bell.  Improper Dih.          LJ-14
    2.19625e+02    3.78378e+01    3.46658e+01    5.37317e+00    9.20694e+01
     Coulomb-14        LJ (SR)   Coulomb (SR)   Coul. recip.      LJ recip.
   -2.02850e+02   -1.03246e+01   -3.46191e+01   -8.24802e+02   -3.03773e+01
      Potential    Kinetic En.   Total Energy    Temperature Pressure (bar)
   -7.13402e+02    3.28023e+01   -6.80600e+02    7.30589e+01    3.97484e+00
   Constr. rmsd
    0.00000e+00

          Box-X          Box-Y          Box-Z
    6.91971e+00    6.85541e+00    6.72471e+00

   Total Virial (kJ/mol)
   -6.92764e+01   -9.65892e+00    3.14114e+00
   -9.52074e+00   -3.73576e+01   -3.57482e+01
    3.17760e+00   -3.58362e+01    2.48972e+01

   Pressure (bar)
    8.32384e+00    5.26446e-01   -2.42529e-01
    5.12060e-01    5.38431e+00    3.67596e+00
   -2.46325e-01    3.68512e+00   -1.78364e+00


	M E G A - F L O P S   A C C O U N T I N G

 NB=Group-cutoff nonbonded kernels    NxN=N-by-N cluster Verlet kernels
 RF=Reaction-Field  VdW=Van der Waals  QSTab=quadratic-spline table
 W3=SPC/TIP3p  W4=TIP4p (single or pairs)
 V&F=Potential and force  V=Potential only  F=Force only

 Computing:                               M-Number         M-Flops  % Flops
-----------------------------------------------------------------------------
 NB VdW [V&F]                             0.031776           0.032     0.0
 NB VdW [F]                               0.259071           0.259     0.0
 NB VdW & Elec. [V&F]                     0.019130           0.019     0.0
 NB VdW & Elec. [F]                       0.145312           0.145     0.0
 1,4 nonbonded interactions               0.001302           0.117     0.0
 Calc Weights                             0.003465           0.125     0.0
 Spread Q Bspline                         0.147840           0.296     0.0
 Gather F Bspline                         0.147840           0.887     0.0
 3D-FFT                                 321.523860        2572.191    99.5
 Solve PME                                0.151200           9.677     0.4
 NS-Pairs                                 0.012005           0.252     0.0
 Reset In Box                             0.000819           0.002     0.0
 Shift-X                                  0.002310           0.014     0.0
 CG-CoM                                   0.001155           0.003     0.0
 Angles                                   0.001239           0.208     0.0
 Propers                                  0.000504           0.115     0.0
 Impropers                                0.000084           0.017     0.0
 RB-Dihedrals                             0.000483           0.119     0.0
 Virial                                   0.002100           0.038     0.0
 Stop-CM                                  0.000165           0.002     0.0
 Calc-Ekin                                0.001210           0.033     0.0
 Lincs                                    0.001173           0.070     0.0
 Lincs-Mat                                0.016284           0.065     0.0
 Constraint-V                             0.002310           0.018     0.0
 Constraint-Vir                           0.001134           0.027     0.0
 Settle                                   0.000023           0.007     0.0
-----------------------------------------------------------------------------
 Total                                                    2584.741   100.0
-----------------------------------------------------------------------------


     R E A L   C Y C L E   A N D   T I M E   A C C O U N T I N G

 Computing:         Nodes   Th.     Count  Wall t (s)     G-Cycles       %
-----------------------------------------------------------------------------
 Neighbor search        1    1         21       0.004        0.008     0.1
 Force                  1    1         21       0.007        0.017     0.2
 PME mesh               1    1         21       4.931       11.343    99.1
 Write traj.            1    1          2       0.028        0.065     0.6
 Update                 1    1         21       0.001        0.001     0.0
 Constraints            1    1         21       0.001        0.003     0.0
 Rest                   1                       0.003        0.006     0.1
-----------------------------------------------------------------------------
 Total                  1                       4.974       11.443   100.0
-----------------------------------------------------------------------------
-----------------------------------------------------------------------------
 PME spread/gather      1    1         84       0.317        0.729     6.4
 PME 3D-FFT             1    1         84       3.449        7.934    69.3
 PME solve LJ           1    1         21       0.778        1.789    15.6
 PME solve Elec         1    1         21       0.387        0.890     7.8
-----------------------------------------------------------------------------

               Core t (s)   Wall t (s)        (%)
       Time:        4.946        4.974       99.4
                 (ns/day)    (hour/ns)
Performance:        0.730       32.898
Finished mdrun on node 0 Mon Dec  2 18:57:58 2013
