Log file opened on Mon Dec 16 16:49:32 2013
Host: ckutzne  pid: 12288  nodeid: 0  nnodes:  1
GROMACS:    gmx mdrun, VERSION 5.0-beta2-dev-20131216-cc42d02 (double precision)

GROMACS is written by:
Emile Apol, Rossen Apostolov, Herman J.C. Berendsen,
Aldert van Buuren, Pär Bjelkmar, Rudi van Drunen, Anton Feenstra,
Gerrit Groenhof, Peter Kasson, Per Larsson,Magnus Lundborg, Pieter Meulenhoff, Teemu Murtola,
Szilard Pall, Sander Pronk, Roland Schulz,
Michael Shirts, Alfons Sijbers, Peter Tieleman,

Christian Wennberg, Mark Abraham

Berk Hess, David van der Spoel, and Erik Lindahl.

Copyright (c) 1991-2000, University of Groningen, The Netherlands.
Copyright (c) 2001-2013, The GROMACS development team at
Uppsala University & The Royal Institute of Technology, Sweden.
check out http://www.gromacs.org for more information.

GROMACS is free software; you can redistribute it and/or modify it
under the terms of the GNU Lesser General Public License
as published by the Free Software Foundation; either version 2.1
of the License, or (at your option) any later version.

GROMACS:    gmx mdrun, VERSION 5.0-beta2-dev-20131216-cc42d02 (double precision)
Executable: /home/ckutzne/Documents/2013/11-28_CompElMASTER/gmx-for-regressiontests/bin/gmx_d
Command line:
  gmx_d mdrun -notunepme -table ../table -tablep ../tablep

Gromacs version:    VERSION 5.0-beta2-dev-20131216-cc42d02
GIT SHA1 hash:      cc42d029b1135bac84a8410de74e05e1e296bafe
Branched from:      9527ce7be303da735132dd051253e18f97bf2f29 (1 newer local commits)
Precision:          double
Memory model:       64 bit
MPI library:        none
OpenMP support:     disabled
GPU support:        disabled
invsqrt routine:    (1.0/sqrt(x))
CPU acceleration:   NONE
FFT library:        fftpack (built-in)
Large file support: disabled
RDTSCP usage:       enabled
Built on:           Mon Dec 16 15:37:03 CET 2013
Built by:           ckutzne@ckutzne [CMAKE]
Build OS/arch:      Linux 3.4.47-2.38-desktop x86_64
Build CPU vendor:   GenuineIntel
Build CPU brand:    Intel(R) Xeon(R) CPU E5-1620 0 @ 3.60GHz
Build CPU family:   6   Model: 45   Stepping: 7
Build CPU features: aes apic avx clfsh cmov cx8 cx16 htt lahf_lm mmx msr nonstop_tsc pcid pclmuldq pdcm pdpe1gb popcnt pse rdtscp sse2 sse3 sse4.1 sse4.2 ssse3 tdt x2apic
C compiler:         /usr/bin/gcc-4.7 GNU 4.7.1
C compiler flags:      -Wextra -Wno-missing-field-initializers -Wno-sign-compare -Wall -Wno-unused -Wunused-value -Wunused-parameter -Wno-unknown-pragmas   -O0 -g
C++ compiler:       /usr/bin/g++-4.7 GNU 4.7.1
C++ compiler flags:   -std=c++0x  -Wextra -Wno-missing-field-initializers -Wnon-virtual-dtor -Wall -Wno-unused-function -Wno-unknown-pragmas   -O0 -g



++++ PLEASE READ AND CITE THE FOLLOWING REFERENCE ++++
B. Hess and C. Kutzner and D. van der Spoel and E. Lindahl
GROMACS 4: Algorithms for highly efficient, load-balanced, and scalable
molecular simulation
J. Chem. Theory Comput. 4 (2008) pp. 435-447
-------- -------- --- Thank You --- -------- --------


++++ PLEASE READ AND CITE THE FOLLOWING REFERENCE ++++
D. van der Spoel, E. Lindahl, B. Hess, G. Groenhof, A. E. Mark and H. J. C.
Berendsen
GROMACS: Fast, Flexible and Free
J. Comp. Chem. 26 (2005) pp. 1701-1719
-------- -------- --- Thank You --- -------- --------


++++ PLEASE READ AND CITE THE FOLLOWING REFERENCE ++++
E. Lindahl and B. Hess and D. van der Spoel
GROMACS 3.0: A package for molecular simulation and trajectory analysis
J. Mol. Mod. 7 (2001) pp. 306-317
-------- -------- --- Thank You --- -------- --------


++++ PLEASE READ AND CITE THE FOLLOWING REFERENCE ++++
H. J. C. Berendsen, D. van der Spoel and R. van Drunen
GROMACS: A message-passing parallel molecular dynamics implementation
Comp. Phys. Comm. 91 (1995) pp. 43-56
-------- -------- --- Thank You --- -------- --------

Input Parameters:
   integrator           = md
   nsteps               = 20
   init-step            = 0
   cutoff-scheme        = Verlet
   ns_type              = Grid
   nstlist              = 10
   ndelta               = 2
   nstcomm              = 10
   comm-mode            = Linear
   nstlog               = 10
   nstxout              = 10
   nstvout              = 10
   nstfout              = 10
   nstcalcenergy        = 10
   nstenergy            = 10
   nstxtcout            = 10
   init-t               = 0
   delta-t              = 0.004
   xtcprec              = 1000
   fourierspacing       = 0.135
   nkx                  = 32
   nky                  = 32
   nkz                  = 72
   pme-order            = 4
   ewald-rtol           = 1e-05
   ewald-rtol-lj        = 0.001
   ewald-geometry       = 0
   epsilon-surface      = 0
   optimize-fft         = FALSE
   lj-pme-comb-rule     = Geometric
   ePBC                 = xyz
   bPeriodicMols        = FALSE
   bContinuation        = FALSE
   bShakeSOR            = FALSE
   etc                  = Berendsen
   bPrintNHChains       = FALSE
   nsttcouple           = 1
   epc                  = Berendsen
   epctype              = Semiisotropic
   nstpcouple           = 1
   tau-p                = 2
   ref-p (3x3):
      ref-p[    0]={ 1.00000e+00,  0.00000e+00,  0.00000e+00}
      ref-p[    1]={ 0.00000e+00,  1.00000e+00,  0.00000e+00}
      ref-p[    2]={ 0.00000e+00,  0.00000e+00,  1.00000e+00}
   compress (3x3):
      compress[    0]={ 0.00000e+00,  0.00000e+00,  0.00000e+00}
      compress[    1]={ 0.00000e+00,  0.00000e+00,  0.00000e+00}
      compress[    2]={ 0.00000e+00,  0.00000e+00,  4.50000e-05}
   refcoord-scaling     = COM
   posres-com (3):
      posres-com[0]= 5.14679e-01
      posres-com[1]= 5.06393e-01
      posres-com[2]= 5.02088e-01
   posres-comB (3):
      posres-comB[0]= 0.00000e+00
      posres-comB[1]= 0.00000e+00
      posres-comB[2]= 0.00000e+00
   verlet-buffer-tolerance = 0.005
   rlist                = 1.012
   rlistlong            = 1.012
   nstcalclr            = 0
   rtpi                 = 0.05
   coulombtype          = PME
   coulomb-modifier     = Potential-shift
   rcoulomb-switch      = 1
   rcoulomb             = 1
   vdwtype              = Cut-off
   vdw-modifier         = Potential-shift
   rvdw-switch          = 1
   rvdw                 = 1
   epsilon-r            = 1
   epsilon-rf           = 1
   tabext               = 1
   implicit-solvent     = No
   gb-algorithm         = Still
   gb-epsilon-solvent   = 80
   nstgbradii           = 1
   rgbradii             = 1
   gb-saltconc          = 0
   gb-obc-alpha         = 1
   gb-obc-beta          = 0.8
   gb-obc-gamma         = 4.85
   gb-dielectric-offset = 0.009
   sa-algorithm         = Ace-approximation
   sa-surface-tension   = 2.092
   DispCorr             = Ener
   bSimTemp             = FALSE
   free-energy          = no
   nwall                = 0
   wall-type            = 9-3
   wall-atomtype[0]     = -1
   wall-atomtype[1]     = -1
   wall-density[0]      = 0
   wall-density[1]      = 0
   wall-ewald-zfac      = 3
   pull                 = no
   rotation             = FALSE
   disre                = No
   disre-weighting      = Conservative
   disre-mixed          = FALSE
   dr-fc                = 1000
   dr-tau               = 0
   nstdisreout          = 100
   orires-fc            = 0
   orires-tau           = 0
   nstorireout          = 100
   dihre-fc             = 0
   em-stepsize          = 0.01
   em-tol               = 10
   niter                = 20
   fc-stepsize          = 0
   nstcgsteep           = 1000
   nbfgscorr            = 10
   ConstAlg             = Lincs
   shake-tol            = 0.0001
   lincs-order          = 2
   lincs-warnangle      = 30
   lincs-iter           = 1
   bd-fric              = 0
   ld-seed              = 1993
   cos-accel            = 0
   deform (3x3):
      deform[    0]={ 0.00000e+00,  0.00000e+00,  0.00000e+00}
      deform[    1]={ 0.00000e+00,  0.00000e+00,  0.00000e+00}
      deform[    2]={ 0.00000e+00,  0.00000e+00,  0.00000e+00}
   adress               = FALSE
   userint1             = 0
   userint2             = 0
   userint3             = 0
   userint4             = 0
   userreal1            = 0
   userreal2            = 0
   userreal3            = 0
   userreal4            = 0
grpopts:
   nrdf:       27869
   ref-t:         300
   tau-t:         0.5
anneal:          No
ann-npoints:           0
   acc:	           0           0           0
   nfreeze:           N           N           N
   energygrp-flags[  0]: 0
   efield-x:
      n = 0
   efield-xt:
      n = 0
   efield-y:
      n = 0
   efield-yt:
      n = 0
   efield-z:
      n = 0
   efield-zt:
      n = 0
   eSwapCoords          = Z
   frequency            = 10
   nanionsA             = 9
   ncationsA            = 10
   nanionsB             = 10
   ncationsB            = 9
   coupling_steps       = 4
   threshold            = 1
   splitgroup0_massw    = TRUE
   split atoms group 0 (83):
      split atoms group 0[0]=0
      split atoms group 0[1]=2
      split atoms group 0[2]=4
      split atoms group 0[3]=6
      split atoms group 0[4]=8
      split atoms group 0[5]=10
      split atoms group 0[6]=12
      split atoms group 0[7]=14
      split atoms group 0[8]=16
      split atoms group 0[9]=18
      split atoms group 0[10]=20
      split atoms group 0[11]=22
      split atoms group 0[12]=24
      split atoms group 0[13]=26
      split atoms group 0[14]=28
      split atoms group 0[15]=30
      split atoms group 0[16]=32
      split atoms group 0[17]=34
      split atoms group 0[18]=36
      split atoms group 0[19]=38
      split atoms group 0[20]=40
      split atoms group 0[21]=42
      split atoms group 0[22]=44
      split atoms group 0[23]=46
      split atoms group 0[24]=48
      split atoms group 0[25]=50
      split atoms group 0[26]=52
      split atoms group 0[27]=54
      split atoms group 0[28]=56
      split atoms group 0[29]=58
      split atoms group 0[30]=60
      split atoms group 0[31]=62
      split atoms group 0[32]=64
      split atoms group 0[33]=66
      split atoms group 0[34]=68
      split atoms group 0[35]=70
      split atoms group 0[36]=72
      split atoms group 0[37]=74
      split atoms group 0[38]=76
      split atoms group 0[39]=78
      split atoms group 0[40]=80
      split atoms group 0[41]=82
      split atoms group 0[42]=84
      split atoms group 0[43]=86
      split atoms group 0[44]=88
      split atoms group 0[45]=90
      split atoms group 0[46]=92
      split atoms group 0[47]=94
      split atoms group 0[48]=96
      split atoms group 0[49]=98
      split atoms group 0[50]=100
      split atoms group 0[51]=102
      split atoms group 0[52]=104
      split atoms group 0[53]=106
      split atoms group 0[54]=108
      split atoms group 0[55]=110
      split atoms group 0[56]=112
      split atoms group 0[57]=114
      split atoms group 0[58]=116
      split atoms group 0[59]=118
      split atoms group 0[60]=120
      split atoms group 0[61]=122
      split atoms group 0[62]=124
      split atoms group 0[63]=126
      split atoms group 0[64]=128
      split atoms group 0[65]=130
      split atoms group 0[66]=132
      split atoms group 0[67]=134
      split atoms group 0[68]=136
      split atoms group 0[69]=138
      split atoms group 0[70]=140
      split atoms group 0[71]=142
      split atoms group 0[72]=144
      split atoms group 0[73]=146
      split atoms group 0[74]=148
      split atoms group 0[75]=150
      split atoms group 0[76]=152
      split atoms group 0[77]=154
      split atoms group 0[78]=156
      split atoms group 0[79]=158
      split atoms group 0[80]=160
      split atoms group 0[81]=162
      split atoms group 0[82]=164
   splitgroup1_massw    = FALSE
   split atoms group 1 (83):
      split atoms group 1[0]=964
      split atoms group 1[1]=966
      split atoms group 1[2]=968
      split atoms group 1[3]=970
      split atoms group 1[4]=972
      split atoms group 1[5]=974
      split atoms group 1[6]=976
      split atoms group 1[7]=978
      split atoms group 1[8]=980
      split atoms group 1[9]=982
      split atoms group 1[10]=984
      split atoms group 1[11]=986
      split atoms group 1[12]=988
      split atoms group 1[13]=990
      split atoms group 1[14]=992
      split atoms group 1[15]=994
      split atoms group 1[16]=996
      split atoms group 1[17]=998
      split atoms group 1[18]=1000
      split atoms group 1[19]=1002
      split atoms group 1[20]=1004
      split atoms group 1[21]=1006
      split atoms group 1[22]=1008
      split atoms group 1[23]=1010
      split atoms group 1[24]=1012
      split atoms group 1[25]=1014
      split atoms group 1[26]=1016
      split atoms group 1[27]=1018
      split atoms group 1[28]=1020
      split atoms group 1[29]=1022
      split atoms group 1[30]=1024
      split atoms group 1[31]=1026
      split atoms group 1[32]=1028
      split atoms group 1[33]=1030
      split atoms group 1[34]=1032
      split atoms group 1[35]=1034
      split atoms group 1[36]=1036
      split atoms group 1[37]=1038
      split atoms group 1[38]=1040
      split atoms group 1[39]=1042
      split atoms group 1[40]=1044
      split atoms group 1[41]=1046
      split atoms group 1[42]=1048
      split atoms group 1[43]=1050
      split atoms group 1[44]=1052
      split atoms group 1[45]=1054
      split atoms group 1[46]=1056
      split atoms group 1[47]=1058
      split atoms group 1[48]=1060
      split atoms group 1[49]=1062
      split atoms group 1[50]=1064
      split atoms group 1[51]=1066
      split atoms group 1[52]=1068
      split atoms group 1[53]=1070
      split atoms group 1[54]=1072
      split atoms group 1[55]=1074
      split atoms group 1[56]=1076
      split atoms group 1[57]=1078
      split atoms group 1[58]=1080
      split atoms group 1[59]=1082
      split atoms group 1[60]=1084
      split atoms group 1[61]=1086
      split atoms group 1[62]=1088
      split atoms group 1[63]=1090
      split atoms group 1[64]=1092
      split atoms group 1[65]=1094
      split atoms group 1[66]=1096
      split atoms group 1[67]=1098
      split atoms group 1[68]=1100
      split atoms group 1[69]=1102
      split atoms group 1[70]=1104
      split atoms group 1[71]=1106
      split atoms group 1[72]=1108
      split atoms group 1[73]=1110
      split atoms group 1[74]=1112
      split atoms group 1[75]=1114
      split atoms group 1[76]=1116
      split atoms group 1[77]=1118
      split atoms group 1[78]=1120
      split atoms group 1[79]=1122
      split atoms group 1[80]=1124
      split atoms group 1[81]=1126
      split atoms group 1[82]=1128
   swap atoms (38):
      swap atoms[0,...,37] = {926,...,963}
   solvent atoms (11931):
      solvent atoms[0,...,11930] = {1890,...,13820}
   cyl0_radius          = 40
   cyl0_upper           = 0.75
   cyl0_lower           = 0.75
   cyl1_radius          = 50
   cyl1_upper           = 0.75
   cyl1_lower           = 0.75
   bQMMM                = FALSE
   QMconstraints        = 0
   QMMMscheme           = 0
   scalefactor          = 1
qm-opts:
   ngQM                 = 0

Detecting CPU-specific acceleration.
Present hardware specification:
Vendor: GenuineIntel
Brand:  Intel(R) Xeon(R) CPU E5-1620 0 @ 3.60GHz
Family:  6  Model: 45  Stepping:  7
Features: aes apic avx clfsh cmov cx8 cx16 htt lahf_lm mmx msr nonstop_tsc pcid pclmuldq pdcm pdpe1gb popcnt pse rdtscp sse2 sse3 sse4.1 sse4.2 ssse3 tdt x2apic
Acceleration most likely to fit this hardware: AVX_256
Acceleration selected at GROMACS compile time: None


Binary not matching hardware - you might be losing performance.
Acceleration most likely to fit this hardware: AVX_256
Acceleration selected at GROMACS compile time: None

Will do PME sum in reciprocal space for electrostatic interactions.

++++ PLEASE READ AND CITE THE FOLLOWING REFERENCE ++++
U. Essmann, L. Perera, M. L. Berkowitz, T. Darden, H. Lee and L. G. Pedersen 
A smooth particle mesh Ewald method
J. Chem. Phys. 103 (1995) pp. 8577-8592
-------- -------- --- Thank You --- -------- --------

Will do ordinary reciprocal space Ewald sum.
Using a Gaussian width (1/beta) of 0.320163 nm for Ewald
Cut-off's:   NS: 1.012   Coulomb: 1   LJ: 1
Long Range LJ corr.: <C6> 6.7707e-04
System total charge: 0.000
Generated table with 4024 data points for Ewald.
Tabscale = 2000 points/nm
Generated table with 4024 data points for LJ6.
Tabscale = 2000 points/nm
Generated table with 4024 data points for LJ12.
Tabscale = 2000 points/nm

Using plain C 4x4 non-bonded kernels

Using geometric Lennard-Jones combination rule

Potential shift: LJ r^-12: 1.000 r^-6 1.000, Ewald 1.000e-05
Initialized non-bonded Ewald correction tables, spacing: 6.60e-04 size: 3051

Removing pbc first time

Initializing ion/water position exchanges

++++ PLEASE READ AND CITE THE FOLLOWING REFERENCE ++++
C. Kutzner, H. Grubmuller, B. L. de Groot, and U. Zachariae
Computational Electrophysiology: The Molecular Dynamics of Ion Channel
Permeation and Selectivity in Atomistic Detail
Biophys. J. 101 (2011) pp. 809-817
-------- -------- --- Thank You --- -------- --------


Initializing LINear Constraint Solver

++++ PLEASE READ AND CITE THE FOLLOWING REFERENCE ++++
B. Hess and H. Bekker and H. J. C. Berendsen and J. G. E. M. Fraaije
LINCS: A Linear Constraint Solver for molecular simulations
J. Comp. Chem. 18 (1997) pp. 1463-1472
-------- -------- --- Thank You --- -------- --------

The number of constraints is 1660

++++ PLEASE READ AND CITE THE FOLLOWING REFERENCE ++++
S. Miyamoto and P. A. Kollman
SETTLE: An Analytical Version of the SHAKE and RATTLE Algorithms for Rigid
Water Models
J. Comp. Chem. 13 (1992) pp. 952-962
-------- -------- --- Thank You --- -------- --------

Center of mass motion removal mode is Linear
We have the following groups for center of mass motion removal:
  0:  System

++++ PLEASE READ AND CITE THE FOLLOWING REFERENCE ++++
H. J. C. Berendsen, J. P. M. Postma, A. DiNola and J. R. Haak
Molecular dynamics with coupling to an external bath
J. Chem. Phys. 81 (1984) pp. 3684-3690
-------- -------- --- Thank You --- -------- --------

There are: 13821 Atoms

Constraining the starting coordinates (step 0)

Constraining the coordinates at t0-dt (step 0)
RMS relative constraint deviation after constraining: 6.69e-05
Initial temperature: 292.794 K

Started mdrun on node 0 Mon Dec 16 16:49:32 2013

           Step           Time         Lambda
              0        0.00000        0.00000

   Energies (kJ/mol)
          Angle Ryckaert-Bell.        LJ (SR)  Disper. corr.   Coulomb (SR)
    1.49528e+03    2.24982e+03    2.71811e+04   -3.01245e+03   -2.13610e+05
   Coul. recip. Position Rest.      Potential    Kinetic En.   Total Energy
    1.49662e+03    7.11943e-03   -1.84199e+05    3.40032e+04   -1.50196e+05
    Temperature Pres. DC (bar) Pressure (bar)   Constr. rmsd
    2.93489e+02    0.00000e+00    3.25701e+01    2.39708e-04

           Step           Time         Lambda
             10        0.04000        0.00000

   Energies (kJ/mol)
          Angle Ryckaert-Bell.        LJ (SR)  Disper. corr.   Coulomb (SR)
    1.53650e+03    2.19665e+03    2.70183e+04   -3.01251e+03   -2.13834e+05
   Coul. recip. Position Rest.      Potential    Kinetic En.   Total Energy
    1.47167e+03    4.39158e+01   -1.84580e+05    3.43841e+04   -1.50195e+05
    Temperature Pres. DC (bar) Pressure (bar)   Constr. rmsd
    2.96777e+02    0.00000e+00   -4.10010e+02    4.17170e-04

           Step           Time         Lambda
             20        0.08000        0.00000

Writing checkpoint, step 20 at Mon Dec 16 16:49:40 2013


   Energies (kJ/mol)
          Angle Ryckaert-Bell.        LJ (SR)  Disper. corr.   Coulomb (SR)
    1.50696e+03    2.19293e+03    2.69397e+04   -3.01256e+03   -2.13297e+05
   Coul. recip. Position Rest.      Potential    Kinetic En.   Total Energy
    1.64424e+03    1.31361e+02   -1.83894e+05    3.50025e+04   -1.48892e+05
    Temperature Pres. DC (bar) Pressure (bar)   Constr. rmsd
    3.02114e+02    0.00000e+00   -1.56606e+02    3.80026e-04

	<======  ###############  ==>
	<====  A V E R A G E S  ====>
	<==  ###############  ======>

	Statistics over 21 steps using 3 frames

   Energies (kJ/mol)
          Angle Ryckaert-Bell.        LJ (SR)  Disper. corr.   Coulomb (SR)
    1.51291e+03    2.21313e+03    2.70464e+04   -3.01251e+03   -2.13580e+05
   Coul. recip. Position Rest.      Potential    Kinetic En.   Total Energy
    1.53751e+03    5.84280e+01   -1.84224e+05    3.44633e+04   -1.49761e+05
    Temperature Pres. DC (bar) Pressure (bar)   Constr. rmsd
    2.97460e+02    0.00000e+00   -1.78015e+02    0.00000e+00

          Box-X          Box-Y          Box-Z
    4.31730e+00    4.31730e+00    9.64823e+00

   Total Virial (kJ/mol)
    1.29573e+04    9.41599e+02    6.98436e+02
    9.41599e+02    1.27071e+04    5.18614e+02
    6.98436e+02    5.18614e+02    1.16906e+04

   Pressure (bar)
   -2.61498e+02   -1.90178e+02   -1.20583e+02
   -1.90178e+02   -2.73426e+02   -7.54176e+01
   -1.20583e+02   -7.54176e+01    8.78974e-01


	M E G A - F L O P S   A C C O U N T I N G

 NB=Group-cutoff nonbonded kernels    NxN=N-by-N cluster Verlet kernels
 RF=Reaction-Field  VdW=Van der Waals  QSTab=quadratic-spline table
 W3=SPC/TIP3p  W4=TIP4p (single or pairs)
 V&F=Potential and force  V=Potential only  F=Force only

 Computing:                               M-Number         M-Flops  % Flops
-----------------------------------------------------------------------------
 Pair Search distance check              17.476298         157.287     3.3
 NxN QSTab Elec. + VdW [F]               44.609040        1828.971    38.2
 NxN QSTab Elec. + VdW [V&F]              7.461472         440.227     9.2
 NxN VdW [F]                              3.713904         122.559     2.6
 NxN VdW [V&F]                            0.607424          26.119     0.5
 NxN QSTab Elec. [F]                     38.349504        1303.883    27.2
 NxN QSTab Elec. [V&F]                    6.391680         262.059     5.5
 Calc Weights                             0.870723          31.346     0.7
 Spread Q Bspline                        18.575424          37.151     0.8
 Gather F Bspline                        18.575424         111.453     2.3
 3D-FFT                                  50.071392         400.571     8.4
 Solve PME                                0.021504           1.376     0.0
 Shift-X                                  0.055284           0.332     0.0
 Angles                                   0.023940           4.022     0.1
 RB-Dihedrals                             0.019950           4.928     0.1
 Pos. Restr.                              0.006972           0.349     0.0
 Virial                                   0.291186           5.241     0.1
 Stop-CM                                  0.055284           0.553     0.0
 P-Coupling                               0.290241           1.741     0.0
 Calc-Ekin                                0.317883           8.583     0.2
 Lincs                                    0.038180           2.291     0.0
 Lincs-Mat                                0.270112           1.080     0.0
 Constraint-V                             0.335522           2.684     0.1
 Constraint-Vir                           0.285411           6.850     0.1
 Settle                                   0.091471          29.545     0.6
-----------------------------------------------------------------------------
 Total                                                    4791.200   100.0
-----------------------------------------------------------------------------


     R E A L   C Y C L E   A N D   T I M E   A C C O U N T I N G

 Computing:         Nodes   Th.     Count  Wall t (s)     G-Cycles       %
-----------------------------------------------------------------------------
 Neighbor search        1    1          4       0.317        1.142     3.8
 Force                  1    1         21       7.128       25.662    84.6
 PME mesh               1    1         21       0.526        1.892     6.2
 NB X/F buffer ops.     1    1         38       0.006        0.022     0.1
 Write traj.            1    1          3       0.357        1.284     4.2
 Update                 1    1         21       0.008        0.028     0.1
 Constraints            1    1         21       0.044        0.159     0.5
 Rest                   1                       0.036        0.130     0.4
-----------------------------------------------------------------------------
 Total                  1                       8.422       30.320   100.0
-----------------------------------------------------------------------------
-----------------------------------------------------------------------------
 PME spread/gather      1    1         42       0.263        0.948     3.1
 PME 3D-FFT             1    1         42       0.205        0.737     2.4
 PME solve Elec         1    1         21       0.058        0.207     0.7
-----------------------------------------------------------------------------

               Core t (s)   Wall t (s)        (%)
       Time:        8.111        8.422       96.3
                 (ns/day)    (hour/ns)
Performance:        0.862       27.850
Finished mdrun on node 0 Mon Dec 16 16:49:32 2013
