Log file opened on Sun Nov 25 12:29:06 2012
Host: tcbs06  pid: 27889  nodeid: 0  nnodes:  1
Gromacs version:    VERSION 4.6-dev-20121124-6e1d465-dirty
GIT SHA1 hash:      6e1d46575eef5fbf043f62c0c8c7ce961889d115 (dirty)
Branched from:      31e68351b028af5d2618969685938510ed40a455 (1 newer local commits)
Precision:          double
MPI library:        none
OpenMP support:     disabled
GPU support:        disabled
Software invsqrt:   disabled
CPU acceleration:   None
FFT library:        fftpack (built-in)
Large file support: enabled
RDTSCP usage:       enabled
Built on:           Sun Nov 25 12:26:25 CET 2012
Built by:           lindahl@tcbs06 [CMAKE]
Build OS/arch:      Linux 3.2.0-29-generic x86_64
Build CPU vendor:   AuthenticAMD
Build CPU brand:    AMD Opteron(TM) Processor 6274
Build CPU family:   21   Model: 1   Stepping: 2
Build CPU features: aes apic avx clfsh cmov cx8 cx16 fma4 htt lahf_lm misalignsse mmx msr nonstop_tsc pclmuldq pdpe1gb popcnt pse rdtscp sse2 sse3 sse4a sse4.1 sse4.2 ssse3 xop
C compiler:         /usr/bin/gcc-4.7 GNU gcc-4.7 (Ubuntu/Linaro 4.7.2-4precise1) 4.7.2
C compiler flags:    -Wextra -Wno-missing-field-initializers -Wno-sign-compare -Wall -Wno-unused -Wunused-value  


                         :-)  G  R  O  M  A  C  S  (-:

                   Groningen Machine for Chemical Simulation

                :-)  VERSION 4.6-dev-20121124-6e1d465-dirty  (-:

        Written by Emile Apol, Rossen Apostolov, Herman J.C. Berendsen,
      Aldert van Buuren, Pär Bjelkmar, Rudi van Drunen, Anton Feenstra, 
        Gerrit Groenhof, Peter Kasson, Per Larsson, Pieter Meulenhoff, 
           Teemu Murtola, Szilard Pall, Sander Pronk, Roland Schulz, 
                Michael Shirts, Alfons Sijbers, Peter Tieleman,

               Berk Hess, David van der Spoel, and Erik Lindahl.

       Copyright (c) 1991-2000, University of Groningen, The Netherlands.
            Copyright (c) 2001-2010, The GROMACS development team at
        Uppsala University & The Royal Institute of Technology, Sweden.
            check out http://www.gromacs.org for more information.

         This program is free software; you can redistribute it and/or
          modify it under the terms of the GNU General Public License
         as published by the Free Software Foundation; either version 2
             of the License, or (at your option) any later version.

                      :-)  mdrun_d (double precision)  (-:


++++ PLEASE READ AND CITE THE FOLLOWING REFERENCE ++++
B. Hess and C. Kutzner and D. van der Spoel and E. Lindahl
GROMACS 4: Algorithms for highly efficient, load-balanced, and scalable
molecular simulation
J. Chem. Theory Comput. 4 (2008) pp. 435-447
-------- -------- --- Thank You --- -------- --------


++++ PLEASE READ AND CITE THE FOLLOWING REFERENCE ++++
D. van der Spoel, E. Lindahl, B. Hess, G. Groenhof, A. E. Mark and H. J. C.
Berendsen
GROMACS: Fast, Flexible and Free
J. Comp. Chem. 26 (2005) pp. 1701-1719
-------- -------- --- Thank You --- -------- --------


++++ PLEASE READ AND CITE THE FOLLOWING REFERENCE ++++
E. Lindahl and B. Hess and D. van der Spoel
GROMACS 3.0: A package for molecular simulation and trajectory analysis
J. Mol. Mod. 7 (2001) pp. 306-317
-------- -------- --- Thank You --- -------- --------


++++ PLEASE READ AND CITE THE FOLLOWING REFERENCE ++++
H. J. C. Berendsen, D. van der Spoel and R. van Drunen
GROMACS: A message-passing parallel molecular dynamics implementation
Comp. Phys. Comm. 91 (1995) pp. 43-56
-------- -------- --- Thank You --- -------- --------

Input Parameters:
   integrator           = md
   nsteps               = 60
   init-step            = 0
   cutoff-scheme        = Group
   ns_type              = Grid
   nstlist              = 10
   ndelta               = 2
   nstcomm              = 1
   comm-mode            = Linear
   nstlog               = 60
   nstxout              = 60
   nstvout              = 60
   nstfout              = 60
   nstcalcenergy        = 1
   nstenergy            = 1
   nstxtcout            = 60
   init-t               = 0
   delta-t              = 0.001
   xtcprec              = 1000
   fourierspacing       = 0
   nkx                  = 24
   nky                  = 24
   nkz                  = 18
   pme-order            = 4
   ewald-rtol           = 1e-06
   ewald-geometry       = 0
   epsilon-surface      = 0
   optimize-fft         = FALSE
   ePBC                 = xyz
   bPeriodicMols        = FALSE
   bContinuation        = FALSE
   bShakeSOR            = FALSE
   etc                  = Berendsen
   bPrintNHChains       = FALSE
   nsttcouple           = 10
   epc                  = No
   epctype              = Isotropic
   nstpcouple           = -1
   tau-p                = 2
   ref-p (3x3):
      ref-p[    0]={ 0.00000e+00,  0.00000e+00,  0.00000e+00}
      ref-p[    1]={ 0.00000e+00,  0.00000e+00,  0.00000e+00}
      ref-p[    2]={ 0.00000e+00,  0.00000e+00,  0.00000e+00}
   compress (3x3):
      compress[    0]={ 0.00000e+00,  0.00000e+00,  0.00000e+00}
      compress[    1]={ 0.00000e+00,  0.00000e+00,  0.00000e+00}
      compress[    2]={ 0.00000e+00,  0.00000e+00,  0.00000e+00}
   refcoord-scaling     = No
   posres-com (3):
      posres-com[0]= 0.00000e+00
      posres-com[1]= 0.00000e+00
      posres-com[2]= 0.00000e+00
   posres-comB (3):
      posres-comB[0]= 0.00000e+00
      posres-comB[1]= 0.00000e+00
      posres-comB[2]= 0.00000e+00
   verlet-buffer-drift  = 0.005
   rlist                = 1
   rlistlong            = 1
   nstcalclr            = 0
   rtpi                 = 0.05
   coulombtype          = PME
   coulomb-modifier     = None
   rcoulomb-switch      = 0
   rcoulomb             = 1
   vdwtype              = Shift
   vdw-modifier         = None
   rvdw-switch          = 0.8
   rvdw                 = 0.85
   epsilon-r            = 1
   epsilon-rf           = inf
   tabext               = 1
   implicit-solvent     = No
   gb-algorithm         = Still
   gb-epsilon-solvent   = 80
   nstgbradii           = 1
   rgbradii             = 1
   gb-saltconc          = 0
   gb-obc-alpha         = 1
   gb-obc-beta          = 0.8
   gb-obc-gamma         = 4.85
   gb-dielectric-offset = 0.009
   sa-algorithm         = Ace-approximation
   sa-surface-tension   = 2.05016
   DispCorr             = EnerPres
   bSimTemp             = FALSE
   free-energy          = yes
   nstdhdl              = 100
   init-lambda-state    = 3
   init-lambda          = -1
   delta-lambda         = 0
   n-lambdas            = 9
   all-lambdas:
       fep-lambdas =            0           0           0           0           0           0           0           0           0
      mass-lambdas =            0           0           0           0           0           0           0           0           0
      coul-lambdas =            0           0           0           0           0           0         0.4         0.8           1
       vdw-lambdas =            0         0.2         0.4         0.6         0.8           1           1           1           1
    bonded-lambdas =            0           0           0           0           0           0           0           0           0
 restraint-lambdas =            0           0           0           0           0           0           0           0           0
temperature-lambdas =            0           0           0           0           0           0           0           0           0
   sc-alpha             = 0.5
   bScCoul              = FALSE
   bScPrintEnergy       = FALSE
   sc-power             = 1
   sc-r-power           = 6
   sc-sigma             = 0.3
   sc-sigma-min         = 0.3
   separate-dhdl-file   = yes
   dhdl-derivatives     = yes
   dh-hist-size         = 0
   dh-hist-spacing      = 0.1
   nwall                = 0
   wall-type            = 9-3
   wall-atomtype[0]     = -1
   wall-atomtype[1]     = -1
   wall-density[0]      = 0
   wall-density[1]      = 0
   wall-ewald-zfac      = 3
   pull                 = no
   rotation             = FALSE
   disre                = No
   disre-weighting      = Conservative
   disre-mixed          = FALSE
   dr-fc                = 1000
   dr-tau               = 0
   nstdisreout          = 100
   orires-fc            = 0
   orires-tau           = 0
   nstorireout          = 100
   dihre-fc             = 0
   em-stepsize          = 0.01
   em-tol               = 10
   niter                = 20
   fc-stepsize          = 0
   nstcgsteep           = 1000
   nbfgscorr            = 10
   ConstAlg             = Lincs
   shake-tol            = 0.0001
   lincs-order          = 4
   lincs-warnangle      = 30
   lincs-iter           = 1
   bd-fric              = 0
   ld-seed              = 1
   cos-accel            = 0
   deform (3x3):
      deform[    0]={ 0.00000e+00,  0.00000e+00,  0.00000e+00}
      deform[    1]={ 0.00000e+00,  0.00000e+00,  0.00000e+00}
      deform[    2]={ 0.00000e+00,  0.00000e+00,  0.00000e+00}
   adress               = FALSE
   userint1             = 0
   userint2             = 0
   userint3             = 0
   userint4             = 0
   userreal1            = 0
   userreal2            = 0
   userreal3            = 0
   userreal4            = 0
grpopts:
   nrdf:        3856
   ref-t:         298
   tau-t:           1
anneal:          No
ann-npoints:           0
   acc:	           0           0           0
   nfreeze:           N           N           N
   energygrp-flags[  0]: 0 0
   energygrp-flags[  1]: 0 0
   efield-x:
      n = 0
   efield-xt:
      n = 0
   efield-y:
      n = 0
   efield-yt:
      n = 0
   efield-z:
      n = 0
   efield-zt:
      n = 0
   bQMMM                = FALSE
   QMconstraints        = 0
   QMMMscheme           = 0
   scalefactor          = 1
qm-opts:
   ngQM                 = 0

Detecting CPU-specific acceleration.
Present hardware specification:
Vendor: AuthenticAMD
Brand:  AMD Opteron(TM) Processor 6274                 
Family: 21  Model:  1  Stepping:  2
Features: aes apic avx clfsh cmov cx8 cx16 fma4 htt lahf_lm misalignsse mmx msr nonstop_tsc pclmuldq pdpe1gb popcnt pse rdtscp sse2 sse3 sse4a sse4.1 sse4.2 ssse3 xop
Acceleration most likely to fit this hardware: AVX_128_FMA
Acceleration selected at GROMACS compile time: None

WARNING! Binary not matching hardware - you are likely losing performance.

Table routines are used for coulomb: FALSE
Table routines are used for vdw:     TRUE
Will do PME sum in reciprocal space.

++++ PLEASE READ AND CITE THE FOLLOWING REFERENCE ++++
U. Essmann, L. Perera, M. L. Berkowitz, T. Darden, H. Lee and L. G. Pedersen 
A smooth particle mesh Ewald method
J. Chem. Phys. 103 (1995) pp. 8577-8592
-------- -------- --- Thank You --- -------- --------

Will do ordinary reciprocal space Ewald sum.
Using a Gaussian width (1/beta) of 0.289108 nm for Ewald
Using shifted Lennard-Jones, switch between 0.8 and 0.85 nm
Cut-off's:   NS: 1   Coulomb: 1   LJ: 0.85
Long Range LJ corr.: <C6> 2.8808e-04
System total charge, top. A: 0.000 top. B: 0.000
Generated table with 4000 data points for Ewald.
Tabscale = 2000 points/nm
Generated table with 4000 data points for LJ6Shift.
Tabscale = 2000 points/nm
Generated table with 4000 data points for LJ12Shift.
Tabscale = 2000 points/nm
Generated table with 4000 data points for 1-4 COUL.
Tabscale = 2000 points/nm
Generated table with 4000 data points for 1-4 LJ6.
Tabscale = 2000 points/nm
Generated table with 4000 data points for 1-4 LJ12.
Tabscale = 2000 points/nm

Enabling SPC-like water optimization for 640 molecules.

Potential shift: LJ r^-12: 0.000 r^-6 0.000, Ewald 0.000e+00
Initialized non-bonded Ewald correction tables, spacing: 6.27e-04 size: 3192

There are 9 atoms and 9 charges for free energy perturbation
Removing pbc first time

Initializing LINear Constraint Solver

++++ PLEASE READ AND CITE THE FOLLOWING REFERENCE ++++
B. Hess and H. Bekker and H. J. C. Berendsen and J. G. E. M. Fraaije
LINCS: A Linear Constraint Solver for molecular simulations
J. Comp. Chem. 18 (1997) pp. 1463-1472
-------- -------- --- Thank You --- -------- --------

The number of constraints is 8

++++ PLEASE READ AND CITE THE FOLLOWING REFERENCE ++++
S. Miyamoto and P. A. Kollman
SETTLE: An Analytical Version of the SHAKE and RATTLE Algorithms for Rigid
Water Models
J. Comp. Chem. 13 (1992) pp. 952-962
-------- -------- --- Thank You --- -------- --------

Initial vector of lambda components:[     0.0000     0.0000     0.0000     0.6000     0.0000     0.0000     0.0000 ]
Center of mass motion removal mode is Linear
We have the following groups for center of mass motion removal:
  0:  rest

++++ PLEASE READ AND CITE THE FOLLOWING REFERENCE ++++
H. J. C. Berendsen, J. P. M. Postma, A. DiNola and J. R. Haak
Molecular dynamics with coupling to an external bath
J. Chem. Phys. 81 (1984) pp. 3684-3690
-------- -------- --- Thank You --- -------- --------

There are: 1929 Atoms
Max number of connections per atom is 25
Total number of connections is 2692
Max number of graph edges per atom is 4
Total number of graph edges is 2576

Constraining the starting coordinates (step 0)

Constraining the coordinates at t0-dt (step 0)
RMS relative constraint deviation after constraining: 8.20e-07
Initial temperature: 303.11 K

Started mdrun on node 0 Sun Nov 25 12:29:06 2012

           Step           Time         Lambda
              0        0.00000        0.00000

NB kernel nb_kernel_ElecEw_VdwCSTab_GeomP1P1_VF_c() with architecture 'c' used for neighborlist with
    Elec: 'Ewald', Modifier: 'None'
    Vdw:  'Cubic-Spline-Table', Modifier: 'None'
    Geom: 'Particle-Particle', Other: '', Calc: 'PotentialAndForce'

NB kernel nb_kernel_ElecEw_VdwCSTab_GeomP1P1_F_c() with architecture 'c' used for neighborlist with
    Elec: 'Ewald', Modifier: 'None'
    Vdw:  'Cubic-Spline-Table', Modifier: 'None'
    Geom: 'Particle-Particle', Other: '', Calc: 'Force'

NB kernel nb_kernel_ElecNone_VdwCSTab_GeomP1P1_VF_c() with architecture 'c' used for neighborlist with
    Elec: 'None', Modifier: 'None'
    Vdw:  'Cubic-Spline-Table', Modifier: 'None'
    Geom: 'Particle-Particle', Other: '', Calc: 'PotentialAndForce'

NB kernel nb_kernel_ElecNone_VdwCSTab_GeomP1P1_F_c() with architecture 'c' used for neighborlist with
    Elec: 'None', Modifier: 'None'
    Vdw:  'Cubic-Spline-Table', Modifier: 'None'
    Geom: 'Particle-Particle', Other: '', Calc: 'Force'

NB kernel nb_kernel_ElecEw_VdwNone_GeomP1P1_VF_c() with architecture 'c' used for neighborlist with
    Elec: 'Ewald', Modifier: 'None'
    Vdw:  'None', Modifier: 'None'
    Geom: 'Particle-Particle', Other: '', Calc: 'PotentialAndForce'

NB kernel nb_kernel_ElecEw_VdwNone_GeomP1P1_F_c() with architecture 'c' used for neighborlist with
    Elec: 'Ewald', Modifier: 'None'
    Vdw:  'None', Modifier: 'None'
    Geom: 'Particle-Particle', Other: '', Calc: 'Force'

NB kernel nb_kernel_ElecEw_VdwCSTab_GeomW3P1_VF_c() with architecture 'c' used for neighborlist with
    Elec: 'Ewald', Modifier: 'None'
    Vdw:  'Cubic-Spline-Table', Modifier: 'None'
    Geom: 'Water3-Particle', Other: '', Calc: 'PotentialAndForce'

NB kernel nb_kernel_ElecEw_VdwCSTab_GeomW3P1_F_c() with architecture 'c' used for neighborlist with
    Elec: 'Ewald', Modifier: 'None'
    Vdw:  'Cubic-Spline-Table', Modifier: 'None'
    Geom: 'Water3-Particle', Other: '', Calc: 'Force'

NB kernel nb_kernel_ElecEw_VdwNone_GeomW3P1_VF_c() with architecture 'c' used for neighborlist with
    Elec: 'Ewald', Modifier: 'None'
    Vdw:  'None', Modifier: 'None'
    Geom: 'Water3-Particle', Other: '', Calc: 'PotentialAndForce'

NB kernel nb_kernel_ElecEw_VdwNone_GeomW3P1_F_c() with architecture 'c' used for neighborlist with
    Elec: 'Ewald', Modifier: 'None'
    Vdw:  'None', Modifier: 'None'
    Geom: 'Water3-Particle', Other: '', Calc: 'Force'

NB kernel nb_kernel_ElecEw_VdwCSTab_GeomW3W3_VF_c() with architecture 'c' used for neighborlist with
    Elec: 'Ewald', Modifier: 'None'
    Vdw:  'Cubic-Spline-Table', Modifier: 'None'
    Geom: 'Water3-Water3', Other: '', Calc: 'PotentialAndForce'

NB kernel nb_kernel_ElecEw_VdwCSTab_GeomW3W3_F_c() with architecture 'c' used for neighborlist with
    Elec: 'Ewald', Modifier: 'None'
    Vdw:  'Cubic-Spline-Table', Modifier: 'None'
    Geom: 'Water3-Water3', Other: '', Calc: 'Force'

NB kernel nb_kernel_ElecEw_VdwNone_GeomW3W3_VF_c() with architecture 'c' used for neighborlist with
    Elec: 'Ewald', Modifier: 'None'
    Vdw:  'None', Modifier: 'None'
    Geom: 'Water3-Water3', Other: '', Calc: 'PotentialAndForce'

NB kernel nb_kernel_ElecEw_VdwNone_GeomW3W3_F_c() with architecture 'c' used for neighborlist with
    Elec: 'Ewald', Modifier: 'None'
    Vdw:  'None', Modifier: 'None'
    Geom: 'Water3-Water3', Other: '', Calc: 'Force'


Grid: 4 x 4 x 3 cells
   Energies (kJ/mol)
          Angle    Proper Dih. Ryckaert-Bell.          LJ-14     Coulomb-14
    8.78799e+00    1.74586e+00    6.80414e+00    5.72507e-01   -1.83519e+02
        LJ (SR)  Disper. corr.   Coulomb (SR)   Coul. recip.      Potential
    5.70892e+03   -4.07809e+02   -3.19119e+04   -3.37174e+03   -3.01481e+04
    Kinetic En.   Total Energy    Temperature Pres. DC (bar) Pressure (bar)
    4.84631e+03   -2.53018e+04    3.02321e+02   -3.45012e+02   -1.52793e+03
      dVcoul/dl       dVvdw/dl   Constr. rmsd
   -3.85107e+01   -3.39863e+01    4.97456e-07

           Step           Time         Lambda
             60        0.06000        0.00000

Writing checkpoint, step 60 at Sun Nov 25 12:29:10 2012


   Energies (kJ/mol)
          Angle    Proper Dih. Ryckaert-Bell.          LJ-14     Coulomb-14
    8.56291e+00    7.65114e-01    2.22265e+00    1.00967e+00   -1.82550e+02
        LJ (SR)  Disper. corr.   Coulomb (SR)   Coul. recip.      Potential
    5.89158e+03   -4.07809e+02   -3.19219e+04   -3.33332e+03   -2.99414e+04
    Kinetic En.   Total Energy    Temperature Pres. DC (bar) Pressure (bar)
    4.64330e+03   -2.52981e+04    2.89656e+02   -3.45012e+02   -8.74479e+02
      dVcoul/dl       dVvdw/dl   Constr. rmsd
   -1.26855e+01   -3.06601e+01    1.37112e-06

	<======  ###############  ==>
	<====  A V E R A G E S  ====>
	<==  ###############  ======>

	Statistics over 61 steps using 61 frames

   Energies (kJ/mol)
          Angle    Proper Dih. Ryckaert-Bell.          LJ-14     Coulomb-14
    7.68203e+00    1.26883e+00    5.58075e+00    8.00668e-01   -1.83339e+02
        LJ (SR)  Disper. corr.   Coulomb (SR)   Coul. recip.      Potential
    5.75093e+03   -4.07809e+02   -3.18335e+04   -3.34606e+03   -3.00045e+04
    Kinetic En.   Total Energy    Temperature Pres. DC (bar) Pressure (bar)
    4.70372e+03   -2.53007e+04    2.93426e+02   -3.45012e+02   -1.28019e+03
      dVcoul/dl       dVvdw/dl   Constr. rmsd
   -1.89283e+01   -3.10804e+01    0.00000e+00

   Total Virial (kJ/mol)
    2.73306e+03    1.57405e+02   -4.49288e+02
    1.57405e+02    1.96412e+03    4.26410e+02
   -4.49288e+02    4.26410e+02    2.28127e+03

   Pressure (bar)
   -1.98752e+03   -2.25837e+02    9.14747e+02
   -2.25837e+02   -6.02067e+02   -7.70287e+02
    9.14747e+02   -7.70287e+02   -1.25099e+03

  Epot (kJ/mol)        Coul-SR          LJ-SR        Coul-14          LJ-14   
Protein-Protein    5.75184e+01    0.00000e+00   -1.83339e+02    8.00668e-01
    Protein-SOL    0.00000e+00   -1.93124e+01    0.00000e+00    0.00000e+00
        SOL-SOL   -3.18910e+04    5.77024e+03    0.00000e+00    0.00000e+00


	M E G A - F L O P S   A C C O U N T I N G

 NB=Group-cutoff nonbonded kernels    NxN=N-by-N tile Verlet kernels
 RF=Reaction-Field  VdW=Van der Waals  CSTab=Cubic-spline table
 W3=SPC/TIP3p  W4=TIP4p (single or pairs)
 V&F=Potential and force  V=Potential only  F=Force only

 Computing:                               M-Number         M-Flops  % Flops
-----------------------------------------------------------------------------
 NB VdW & Elec. [W3-W3,V&F]            1041.048717        1041.049    67.7
 NB Free energy kernel                   38.519016          38.519     2.5
 1,4 nonbonded interactions               0.000976           0.088     0.0
 Calc Weights                             0.353007          12.708     0.8
 Spread Q Bspline                        15.061632          30.123     2.0
 Gather F Bspline                        15.061632          90.370     5.9
 3D-FFT                                  33.746908         269.975    17.6
 Solve PME                                0.070272           4.497     0.3
 NS-Pairs                                 1.100459          23.110     1.5
 Reset In Box                             0.004501           0.014     0.0
 Shift-X                                  0.470676           2.824     0.2
 CG-CoM                                   0.013503           0.041     0.0
 Angles                                   0.000732           0.123     0.0
 Propers                                  0.000122           0.028     0.0
 RB-Dihedrals                             0.000244           0.060     0.0
 Virial                                   0.120414           2.167     0.1
 Stop-CM                                  0.119598           1.196     0.1
 Calc-Ekin                                0.119598           3.229     0.2
 Lincs                                    0.000504           0.030     0.0
 Lincs-Mat                                0.009072           0.036     0.0
 Constraint-V                             0.120032           0.960     0.1
 Constraint-Vir                           0.117608           2.823     0.2
 Settle                                   0.040320          13.023     0.8
-----------------------------------------------------------------------------
 Total                                                    1536.994   100.0
-----------------------------------------------------------------------------


     R E A L   C Y C L E   A N D   T I M E   A C C O U N T I N G

 Computing:         Nodes   Th.     Count  Wall t (s)     G-Cycles       %
-----------------------------------------------------------------------------
 Neighbor search        1    1          7       0.110        0.243     2.5
 Force                  1    1         61       3.160        6.957    71.7
 PME mesh               1    1         61       1.023        2.253    23.2
 Write traj.            1    1          2       0.040        0.087     0.9
 Update                 1    1         61       0.007        0.016     0.2
 Constraints            1    1         61       0.026        0.057     0.6
 Rest                   1                       0.039        0.087     0.9
-----------------------------------------------------------------------------
 Total                  1                       4.406        9.700   100.0
-----------------------------------------------------------------------------
-----------------------------------------------------------------------------
 PME spread/gather      1    1        244       0.466        1.027    10.6
 PME 3D-FFT             1    1        244       0.440        0.969    10.0
 PME solve              1    1        122       0.116        0.256     2.6
-----------------------------------------------------------------------------

               Core t (s)   Wall t (s)        (%)
       Time:        4.390        4.406       99.6
                 (ns/day)    (hour/ns)
Performance:        1.196       20.064
Finished mdrun on node 0 Sun Nov 25 12:29:10 2012
