Log file opened on Thu Feb 13 16:03:51 2014
Host: amd2  pid: 41561  nodeid: 0  nnodes:  1
GROMACS:    gmx mdrun, VERSION 5.0-beta2-dev-20140206-d81231f-unknown (double precision)

GROMACS is written by:
Emile Apol         Rossen Apostolov   Herman J.C. Berendsen Par Bjelkmar       
Aldert van Buuren  Rudi van Drunen    Anton Feenstra     Sebastian Fritsch  
Gerrit Groenhof    Christoph Junghans Peter Kasson       Carsten Kutzner    
Per Larsson        Justin A. Lemkul   Magnus Lundborg    Pieter Meulenhoff  
Erik Marklund      Teemu Murtola      Szilard Pall       Sander Pronk       
Roland Schulz      Alexey Shvetsov    Michael Shirts     Alfons Sijbers     
Peter Tieleman     Christian Wennberg Maarten Wolf       
and the project leaders:
Mark Abraham, Berk Hess, Erik Lindahl, and David van der Spoel

Copyright (c) 1991-2000, University of Groningen, The Netherlands.
Copyright (c) 2001-2014, The GROMACS development team at
Uppsala University, Stockholm University and
the Royal Institute of Technology, Sweden.
check out http://www.gromacs.org for more information.

GROMACS is free software; you can redistribute it and/or modify it
under the terms of the GNU Lesser General Public License
as published by the Free Software Foundation; either version 2.1
of the License, or (at your option) any later version.

GROMACS:    gmx mdrun, VERSION 5.0-beta2-dev-20140206-d81231f-unknown (double precision)
Executable: /nethome/mark/nfs-git/master-make-reference/build-cmake-reference-double-amd2/install/bin/gmx_d
Command line:
  gmx_d mdrun -notunepme -table ../table -tablep ../tablep

Gromacs version:    VERSION 5.0-beta2-dev-20140206-d81231f-unknown
GIT SHA1 hash:      d81231fee99dc267329b0b7a46841394dc3b0189
Branched from:      unknown
Precision:          double
Memory model:       64 bit
MPI library:        none
OpenMP support:     disabled
GPU support:        disabled
invsqrt routine:    (1.0/sqrt(x))
CPU acceleration:   NONE
FFT library:        fftpack (built-in)
RDTSCP usage:       enabled
C++11 compilation:  enabled
TNG support:        enabled
Built on:           Thu Feb  6 17:05:59 CET 2014
Built by:           mark@amd2 [CMAKE]
Build OS/arch:      Linux 3.5.0-45-generic x86_64
Build CPU vendor:   AuthenticAMD
Build CPU brand:    AMD Opteron(tm) Processor 6376
Build CPU family:   21   Model: 2   Stepping: 0
Build CPU features: aes apic avx clfsh cmov cx8 cx16 f16c fma fma4 htt lahf_lm misalignsse mmx msr nonstop_tsc pclmuldq pdpe1gb popcnt pse rdtscp sse2 sse3 sse4a sse4.1 sse4.2 ssse3 xop
C compiler:         /usr/bin/gcc-4.7 GNU 4.7.3
C compiler flags:      -Wextra -Wno-missing-field-initializers -Wno-sign-compare -Wall -Wno-unused -Wunused-value -Wunused-parameter -Wno-unknown-pragmas   -O0 -g
C++ compiler:       /usr/bin/g++-4.7 GNU 4.7.3
C++ compiler flags:    -std=c++0x -Wextra -Wno-missing-field-initializers -Wall -Wno-unused-function -Wno-unknown-pragmas   -O0 -g
Boost version:      1.48.0 (internal)



++++ PLEASE READ AND CITE THE FOLLOWING REFERENCE ++++
B. Hess and C. Kutzner and D. van der Spoel and E. Lindahl
GROMACS 4: Algorithms for highly efficient, load-balanced, and scalable
molecular simulation
J. Chem. Theory Comput. 4 (2008) pp. 435-447
-------- -------- --- Thank You --- -------- --------


++++ PLEASE READ AND CITE THE FOLLOWING REFERENCE ++++
D. van der Spoel, E. Lindahl, B. Hess, G. Groenhof, A. E. Mark and H. J. C.
Berendsen
GROMACS: Fast, Flexible and Free
J. Comp. Chem. 26 (2005) pp. 1701-1719
-------- -------- --- Thank You --- -------- --------


++++ PLEASE READ AND CITE THE FOLLOWING REFERENCE ++++
E. Lindahl and B. Hess and D. van der Spoel
GROMACS 3.0: A package for molecular simulation and trajectory analysis
J. Mol. Mod. 7 (2001) pp. 306-317
-------- -------- --- Thank You --- -------- --------


++++ PLEASE READ AND CITE THE FOLLOWING REFERENCE ++++
H. J. C. Berendsen, D. van der Spoel and R. van Drunen
GROMACS: A message-passing parallel molecular dynamics implementation
Comp. Phys. Comm. 91 (1995) pp. 43-56
-------- -------- --- Thank You --- -------- --------

Changing nstlist from 10 to 25, rlist from 0.9 to 0.92

Input Parameters:
   integrator           = md
   nsteps               = 20
   init-step            = 0
   cutoff-scheme        = Verlet
   ns_type              = Grid
   nstlist              = 25
   ndelta               = 2
   nstcomm              = 20
   comm-mode            = Linear
   nstlog               = 20
   nstxout              = 20
   nstvout              = 20
   nstfout              = 20
   nstcalcenergy        = 20
   nstenergy            = 20
   nstxout_compressed   = 0
   init-t               = 0
   delta-t              = 0.002
   x_compression_precision = 1000
   fourierspacing       = 0
   nkx                  = 56
   nky                  = 28
   nkz                  = 28
   pme-order            = 4
   ewald-rtol           = 1e-05
   ewald-rtol-lj        = 0.001
   ewald-geometry       = 0
   epsilon-surface      = 0
   optimize-fft         = FALSE
   lj-pme-comb-rule     = Geometric
   ePBC                 = xyz
   bPeriodicMols        = FALSE
   bContinuation        = FALSE
   bShakeSOR            = FALSE
   etc                  = V-rescale
   bPrintNHChains       = FALSE
   nsttcouple           = 10
   epc                  = No
   epctype              = Isotropic
   nstpcouple           = -1
   tau-p                = 2
   ref-p (3x3):
      ref-p[    0]={ 0.00000e+00,  0.00000e+00,  0.00000e+00}
      ref-p[    1]={ 0.00000e+00,  0.00000e+00,  0.00000e+00}
      ref-p[    2]={ 0.00000e+00,  0.00000e+00,  0.00000e+00}
   compress (3x3):
      compress[    0]={ 0.00000e+00,  0.00000e+00,  0.00000e+00}
      compress[    1]={ 0.00000e+00,  0.00000e+00,  0.00000e+00}
      compress[    2]={ 0.00000e+00,  0.00000e+00,  0.00000e+00}
   refcoord-scaling     = No
   posres-com (3):
      posres-com[0]= 0.00000e+00
      posres-com[1]= 0.00000e+00
      posres-com[2]= 0.00000e+00
   posres-comB (3):
      posres-comB[0]= 0.00000e+00
      posres-comB[1]= 0.00000e+00
      posres-comB[2]= 0.00000e+00
   verlet-buffer-tolerance = 0.005
   rlist                = 0.92
   rlistlong            = 0.92
   nstcalclr            = 10
   rtpi                 = 0.05
   coulombtype          = PME
   coulomb-modifier     = Potential-shift
   rcoulomb-switch      = 0
   rcoulomb             = 0.9
   vdwtype              = Cut-off
   vdw-modifier         = Potential-switch
   rvdw-switch          = 0.8
   rvdw                 = 0.9
   epsilon-r            = 1
   epsilon-rf           = inf
   tabext               = 1
   implicit-solvent     = No
   gb-algorithm         = Still
   gb-epsilon-solvent   = 80
   nstgbradii           = 1
   rgbradii             = 1
   gb-saltconc          = 0
   gb-obc-alpha         = 1
   gb-obc-beta          = 0.8
   gb-obc-gamma         = 4.85
   gb-dielectric-offset = 0.009
   sa-algorithm         = Ace-approximation
   sa-surface-tension   = 2.05016
   DispCorr             = EnerPres
   bSimTemp             = FALSE
   free-energy          = no
   nwall                = 0
   wall-type            = 9-3
   wall-atomtype[0]     = -1
   wall-atomtype[1]     = -1
   wall-density[0]      = 0
   wall-density[1]      = 0
   wall-ewald-zfac      = 3
   pull                 = no
   rotation             = FALSE
   disre                = No
   disre-weighting      = Conservative
   disre-mixed          = FALSE
   dr-fc                = 1000
   dr-tau               = 0
   nstdisreout          = 100
   orires-fc            = 0
   orires-tau           = 0
   nstorireout          = 100
   dihre-fc             = 0
   em-stepsize          = 0.01
   em-tol               = 10
   niter                = 20
   fc-stepsize          = 0
   nstcgsteep           = 1000
   nbfgscorr            = 10
   ConstAlg             = Lincs
   shake-tol            = 0.0001
   lincs-order          = 4
   lincs-warnangle      = 30
   lincs-iter           = 1
   bd-fric              = 0
   ld-seed              = 1993
   cos-accel            = 0
   deform (3x3):
      deform[    0]={ 0.00000e+00,  0.00000e+00,  0.00000e+00}
      deform[    1]={ 0.00000e+00,  0.00000e+00,  0.00000e+00}
      deform[    2]={ 0.00000e+00,  0.00000e+00,  0.00000e+00}
   adress               = FALSE
   userint1             = 0
   userint2             = 0
   userint3             = 0
   userint4             = 0
   userreal1            = 0
   userreal2            = 0
   userreal3            = 0
   userreal4            = 0
grpopts:
   nrdf:        4997
   ref-t:         298
   tau-t:         0.5
anneal:          No
ann-npoints:           0
   acc:	           0           0           0
   nfreeze:           N           N           N
   energygrp-flags[  0]: 0
   efield-x:
      n = 0
   efield-xt:
      n = 0
   efield-y:
      n = 0
   efield-yt:
      n = 0
   efield-z:
      n = 0
   efield-zt:
      n = 0
   eSwapCoords          = no
   bQMMM                = FALSE
   QMconstraints        = 0
   QMMMscheme           = 0
   scalefactor          = 1
qm-opts:
   ngQM                 = 0

Detecting CPU-specific acceleration.
Present hardware specification:
Vendor: AuthenticAMD
Brand:  AMD Opteron(tm) Processor 6376                 
Family: 21  Model:  2  Stepping:  0
Features: aes apic avx clfsh cmov cx8 cx16 f16c fma fma4 htt lahf_lm misalignsse mmx msr nonstop_tsc pclmuldq pdpe1gb popcnt pse rdtscp sse2 sse3 sse4a sse4.1 sse4.2 ssse3 xop
Acceleration most likely to fit this hardware: AVX_128_FMA
Acceleration selected at GROMACS compile time: None


Binary not matching hardware - you might be losing performance.
Acceleration most likely to fit this hardware: AVX_128_FMA
Acceleration selected at GROMACS compile time: None

Will do PME sum in reciprocal space for electrostatic interactions.

++++ PLEASE READ AND CITE THE FOLLOWING REFERENCE ++++
U. Essmann, L. Perera, M. L. Berkowitz, T. Darden, H. Lee and L. G. Pedersen 
A smooth particle mesh Ewald method
J. Chem. Phys. 103 (1995) pp. 8577-8592
-------- -------- --- Thank You --- -------- --------

Will do ordinary reciprocal space Ewald sum.
Using a Gaussian width (1/beta) of 0.288146 nm for Ewald
Cut-off's:   NS: 0.92   Coulomb: 0.9   LJ: 0.9
Long Range LJ corr.: <C6> 2.8773e-03
System total charge: 0.000
Generated table with 3840 data points for Ewald.
Tabscale = 2000 points/nm
Generated table with 3840 data points for LJ6Switch.
Tabscale = 2000 points/nm
Generated table with 3840 data points for LJ12Switch.
Tabscale = 2000 points/nm
Generated table with 3840 data points for 1-4 COUL.
Tabscale = 2000 points/nm
Generated table with 3840 data points for 1-4 LJ6.
Tabscale = 2000 points/nm
Generated table with 3840 data points for 1-4 LJ12.
Tabscale = 2000 points/nm

Using plain C 4x4 non-bonded kernels

Potential shift: LJ r^-12: 0.000 r^-6 0.000, Ewald -1.000e-05
Initialized non-bonded Ewald correction tables, spacing: 6.26e-04 size: 3069

Removing pbc first time

Initializing LINear Constraint Solver

++++ PLEASE READ AND CITE THE FOLLOWING REFERENCE ++++
B. Hess and H. Bekker and H. J. C. Berendsen and J. G. E. M. Fraaije
LINCS: A Linear Constraint Solver for molecular simulations
J. Comp. Chem. 18 (1997) pp. 1463-1472
-------- -------- --- Thank You --- -------- --------

The number of constraints is 1000

++++ PLEASE READ AND CITE THE FOLLOWING REFERENCE ++++
S. Miyamoto and P. A. Kollman
SETTLE: An Analytical Version of the SHAKE and RATTLE Algorithms for Rigid
Water Models
J. Comp. Chem. 13 (1992) pp. 952-962
-------- -------- --- Thank You --- -------- --------

Center of mass motion removal mode is Linear
We have the following groups for center of mass motion removal:
  0:  rest

++++ PLEASE READ AND CITE THE FOLLOWING REFERENCE ++++
G. Bussi, D. Donadio and M. Parrinello
Canonical sampling through velocity rescaling
J. Chem. Phys. 126 (2007) pp. 014101
-------- -------- --- Thank You --- -------- --------

There are: 2400 Atoms

Constraining the starting coordinates (step 0)

Constraining the coordinates at t0-dt (step 0)
RMS relative constraint deviation after constraining: 5.00e-07
Initial temperature: 296.114 K

Started mdrun on node 0 Thu Feb 13 16:03:51 2014
           Step           Time         Lambda
              0        0.00000        0.00000

   Energies (kJ/mol)
       G96Angle    Proper Dih.          LJ-14     Coulomb-14        LJ (SR)
    1.04220e+03    9.36795e+02   -4.20086e+02    0.00000e+00   -2.01026e+03
  Disper. corr.   Coulomb (SR)   Coul. recip.      Potential    Kinetic En.
   -1.03386e+03   -2.15153e+04    2.62088e+02   -2.27384e+04    6.14235e+03
   Total Energy  Conserved En.    Temperature Pres. DC (bar) Pressure (bar)
   -1.65960e+04   -1.65960e+04    2.95677e+02   -3.13094e+02   -3.09169e+01
   Constr. rmsd
    4.84378e-07

           Step           Time         Lambda
             20        0.04000        0.00000

Writing checkpoint, step 20 at Thu Feb 13 16:03:53 2014


   Energies (kJ/mol)
       G96Angle    Proper Dih.          LJ-14     Coulomb-14        LJ (SR)
    1.02674e+03    9.24420e+02   -4.33476e+02    0.00000e+00   -2.04250e+03
  Disper. corr.   Coulomb (SR)   Coul. recip.      Potential    Kinetic En.
   -1.03386e+03   -2.14439e+04    2.28735e+02   -2.27739e+04    6.14087e+03
   Total Energy  Conserved En.    Temperature Pres. DC (bar) Pressure (bar)
   -1.66330e+04   -1.65944e+04    2.95607e+02   -3.13094e+02   -3.08976e+01
   Constr. rmsd
    4.85878e-07

	<======  ###############  ==>
	<====  A V E R A G E S  ====>
	<==  ###############  ======>

	Statistics over 21 steps using 2 frames

   Energies (kJ/mol)
       G96Angle    Proper Dih.          LJ-14     Coulomb-14        LJ (SR)
    1.03447e+03    9.30607e+02   -4.26781e+02    0.00000e+00   -2.02638e+03
  Disper. corr.   Coulomb (SR)   Coul. recip.      Potential    Kinetic En.
   -1.03386e+03   -2.14796e+04    2.45411e+02   -2.27561e+04    6.14161e+03
   Total Energy  Conserved En.    Temperature Pres. DC (bar) Pressure (bar)
   -1.66145e+04   -1.65952e+04    2.95642e+02   -3.13094e+02   -3.09072e+01
   Constr. rmsd
    0.00000e+00

   Total Virial (kJ/mol)
    2.41903e+03   -3.67339e+02   -1.23394e+02
   -3.67339e+02    2.09300e+03    2.87401e+02
   -1.23394e+02    2.87401e+02    1.78267e+03

   Pressure (bar)
   -2.00651e+02    2.18420e+02    1.05881e+02
    2.18420e+02   -3.81348e+01   -1.72635e+02
    1.05881e+02   -1.72635e+02    1.46064e+02


	M E G A - F L O P S   A C C O U N T I N G

 NB=Group-cutoff nonbonded kernels    NxN=N-by-N cluster Verlet kernels
 RF=Reaction-Field  VdW=Van der Waals  QSTab=quadratic-spline table
 W3=SPC/TIP3p  W4=TIP4p (single or pairs)
 V&F=Potential and force  V=Potential only  F=Force only

 Computing:                               M-Number         M-Flops  % Flops
-----------------------------------------------------------------------------
 Pair Search distance check               0.410758           3.697     0.4
 NxN QSTab Elec. + LJ [F]                 3.324696         226.079    26.6
 NxN QSTab Elec. + LJ [V&F]               0.349968          27.647     3.3
 NxN LJ [F]                               3.090464         185.428    21.8
 NxN LJ [V&F]                             0.325312          20.495     2.4
 NxN QSTab Elec. [F]                      2.916120          99.148    11.7
 NxN QSTab Elec. [V&F]                    0.306960          12.585     1.5
 1,4 nonbonded interactions               0.012600           1.134     0.1
 Calc Weights                             0.151200           5.443     0.6
 Spread Q Bspline                         3.225600           6.451     0.8
 Gather F Bspline                         3.225600          19.354     2.3
 3D-FFT                                  28.437780         227.502    26.8
 Solve PME                                0.032928           2.107     0.2
 Shift-X                                  0.002400           0.014     0.0
 Angles                                   0.016800           2.822     0.3
 Propers                                  0.012600           2.885     0.3
 Virial                                   0.004890           0.088     0.0
 Stop-CM                                  0.007200           0.072     0.0
 Calc-Ekin                                0.024000           0.648     0.1
 Lincs                                    0.023000           1.380     0.2
 Lincs-Mat                                0.220800           0.883     0.1
 Constraint-V                             0.070400           0.563     0.1
 Constraint-Vir                           0.004400           0.106     0.0
 Settle                                   0.009200           2.972     0.3
-----------------------------------------------------------------------------
 Total                                                     849.505   100.0
-----------------------------------------------------------------------------


     R E A L   C Y C L E   A N D   T I M E   A C C O U N T I N G

On 1 MPI rank

 Computing:          Num   Num      Call    Wall time         Giga-Cycles
                     Nodes Threads  Count      (s)         total sum    %
-----------------------------------------------------------------------------
 Neighbor search        1    1          1       0.017          0.039   0.8
 Force                  1    1         21       1.599          3.698  75.3
 PME mesh               1    1         21       0.429          0.993  20.2
 NB X/F buffer ops.     1    1         41       0.002          0.004   0.1
 Write traj.            1    1          2       0.039          0.090   1.8
 Update                 1    1         21       0.002          0.006   0.1
 Constraints            1    1         21       0.019          0.045   0.9
 Rest                                           0.016          0.037   0.7
-----------------------------------------------------------------------------
 Total                                          2.123          4.911 100.0
-----------------------------------------------------------------------------
 Breakdown of PME mesh computation
-----------------------------------------------------------------------------
 PME spread/gather      1    1         42       0.063          0.145   3.0
 PME 3D-FFT             1    1         42       0.332          0.767  15.6
 PME solve Elec         1    1         21       0.034          0.080   1.6
-----------------------------------------------------------------------------

               Core t (s)   Wall t (s)        (%)
       Time:        2.109        2.123       99.3
                 (ns/day)    (hour/ns)
Performance:        1.709       14.044
Finished mdrun on node 0 Thu Feb 13 16:03:51 2014
