Log file opened on Sat Nov 24 15:45:41 2012
Host: tcbs06  pid: 24785  nodeid: 0  nnodes:  1
Gromacs version:    VERSION 4.6-dev-20121124-6e1d465
GIT SHA1 hash:      6e1d46575eef5fbf043f62c0c8c7ce961889d115
Branched from:      31e68351b028af5d2618969685938510ed40a455 (1 newer local commits)
Precision:          double
MPI library:        thread_mpi
OpenMP support:     disabled
GPU support:        disabled
Software invsqrt:   disabled
CPU acceleration:   None
FFT library:        fftpack (built-in)
Large file support: enabled
RDTSCP usage:       enabled
Built on:           Sat Nov 24 15:17:36 CET 2012
Built by:           lindahl@tcbs06 [CMAKE]
Build OS/arch:      Linux 3.2.0-29-generic x86_64
Build CPU vendor:   AuthenticAMD
Build CPU brand:    AMD Opteron(TM) Processor 6274
Build CPU family:   21   Model: 1   Stepping: 2
Build CPU features: aes apic avx clfsh cmov cx8 cx16 fma4 htt lahf_lm misalignsse mmx msr nonstop_tsc pclmuldq pdpe1gb popcnt pse rdtscp sse2 sse3 sse4a sse4.1 sse4.2 ssse3 xop
C compiler:         /usr/bin/gcc-4.7 GNU gcc-4.7 (Ubuntu/Linaro 4.7.2-4precise1) 4.7.2
C compiler flags:    -Wextra -Wno-missing-field-initializers -Wno-sign-compare -Wall -Wno-unused -Wunused-value  


                         :-)  G  R  O  M  A  C  S  (-:

                   Groningen Machine for Chemical Simulation

                   :-)  VERSION 4.6-dev-20121124-6e1d465  (-:

        Written by Emile Apol, Rossen Apostolov, Herman J.C. Berendsen,
      Aldert van Buuren, Pär Bjelkmar, Rudi van Drunen, Anton Feenstra, 
        Gerrit Groenhof, Peter Kasson, Per Larsson, Pieter Meulenhoff, 
           Teemu Murtola, Szilard Pall, Sander Pronk, Roland Schulz, 
                Michael Shirts, Alfons Sijbers, Peter Tieleman,

               Berk Hess, David van der Spoel, and Erik Lindahl.

       Copyright (c) 1991-2000, University of Groningen, The Netherlands.
            Copyright (c) 2001-2010, The GROMACS development team at
        Uppsala University & The Royal Institute of Technology, Sweden.
            check out http://www.gromacs.org for more information.

         This program is free software; you can redistribute it and/or
          modify it under the terms of the GNU General Public License
         as published by the Free Software Foundation; either version 2
             of the License, or (at your option) any later version.

                      :-)  mdrun_d (double precision)  (-:


++++ PLEASE READ AND CITE THE FOLLOWING REFERENCE ++++
B. Hess and C. Kutzner and D. van der Spoel and E. Lindahl
GROMACS 4: Algorithms for highly efficient, load-balanced, and scalable
molecular simulation
J. Chem. Theory Comput. 4 (2008) pp. 435-447
-------- -------- --- Thank You --- -------- --------


++++ PLEASE READ AND CITE THE FOLLOWING REFERENCE ++++
D. van der Spoel, E. Lindahl, B. Hess, G. Groenhof, A. E. Mark and H. J. C.
Berendsen
GROMACS: Fast, Flexible and Free
J. Comp. Chem. 26 (2005) pp. 1701-1719
-------- -------- --- Thank You --- -------- --------


++++ PLEASE READ AND CITE THE FOLLOWING REFERENCE ++++
E. Lindahl and B. Hess and D. van der Spoel
GROMACS 3.0: A package for molecular simulation and trajectory analysis
J. Mol. Mod. 7 (2001) pp. 306-317
-------- -------- --- Thank You --- -------- --------


++++ PLEASE READ AND CITE THE FOLLOWING REFERENCE ++++
H. J. C. Berendsen, D. van der Spoel and R. van Drunen
GROMACS: A message-passing parallel molecular dynamics implementation
Comp. Phys. Comm. 91 (1995) pp. 43-56
-------- -------- --- Thank You --- -------- --------

Input Parameters:
   integrator           = md
   nsteps               = 20
   init-step            = 0
   cutoff-scheme        = Group
   ns_type              = Simple
   nstlist              = 10
   ndelta               = 2
   nstcomm              = 0
   comm-mode            = None
   nstlog               = 0
   nstxout              = 20
   nstvout              = 1
   nstfout              = 1
   nstcalcenergy        = 1
   nstenergy            = 1
   nstxtcout            = 0
   init-t               = 0
   delta-t              = 0.002
   xtcprec              = 200
   fourierspacing       = 0.12
   nkx                  = 32
   nky                  = 32
   nkz                  = 32
   pme-order            = 4
   ewald-rtol           = 1e-05
   ewald-geometry       = 0
   epsilon-surface      = 0
   optimize-fft         = FALSE
   ePBC                 = xyz
   bPeriodicMols        = FALSE
   bContinuation        = FALSE
   bShakeSOR            = TRUE
   etc                  = Berendsen
   bPrintNHChains       = FALSE
   nsttcouple           = 10
   epc                  = No
   epctype              = Isotropic
   nstpcouple           = -1
   tau-p                = 1
   ref-p (3x3):
      ref-p[    0]={ 0.00000e+00,  0.00000e+00,  0.00000e+00}
      ref-p[    1]={ 0.00000e+00,  0.00000e+00,  0.00000e+00}
      ref-p[    2]={ 0.00000e+00,  0.00000e+00,  0.00000e+00}
   compress (3x3):
      compress[    0]={ 0.00000e+00,  0.00000e+00,  0.00000e+00}
      compress[    1]={ 0.00000e+00,  0.00000e+00,  0.00000e+00}
      compress[    2]={ 0.00000e+00,  0.00000e+00,  0.00000e+00}
   refcoord-scaling     = No
   posres-com (3):
      posres-com[0]= 0.00000e+00
      posres-com[1]= 0.00000e+00
      posres-com[2]= 0.00000e+00
   posres-comB (3):
      posres-comB[0]= 0.00000e+00
      posres-comB[1]= 0.00000e+00
      posres-comB[2]= 0.00000e+00
   verlet-buffer-drift  = 0.005
   rlist                = 0.8
   rlistlong            = 0.8
   nstcalclr            = 0
   rtpi                 = 0.05
   coulombtype          = Switch
   coulomb-modifier     = None
   rcoulomb-switch      = 0.6
   rcoulomb             = 0.8
   vdwtype              = Cut-off
   vdw-modifier         = None
   rvdw-switch          = 0.6
   rvdw                 = 0.8
   epsilon-r            = 1
   epsilon-rf           = 1
   tabext               = 1
   implicit-solvent     = No
   gb-algorithm         = Still
   gb-epsilon-solvent   = 80
   nstgbradii           = 1
   rgbradii             = 2
   gb-saltconc          = 0
   gb-obc-alpha         = 1
   gb-obc-beta          = 0.8
   gb-obc-gamma         = 4.85
   gb-dielectric-offset = 0.009
   sa-algorithm         = Ace-approximation
   sa-surface-tension   = 2.05016
   DispCorr             = No
   bSimTemp             = FALSE
   free-energy          = no
   nwall                = 0
   wall-type            = 9-3
   wall-atomtype[0]     = -1
   wall-atomtype[1]     = -1
   wall-density[0]      = 0
   wall-density[1]      = 0
   wall-ewald-zfac      = 3
   pull                 = no
   rotation             = FALSE
   disre                = No
   disre-weighting      = Equal
   disre-mixed          = FALSE
   dr-fc                = 200
   dr-tau               = 1.25
   nstdisreout          = 20
   orires-fc            = 0
   orires-tau           = 0
   nstorireout          = 20
   dihre-fc             = 0
   em-stepsize          = 0.1
   em-tol               = 0.001
   niter                = 1
   fc-stepsize          = 0
   nstcgsteep           = 200
   nbfgscorr            = 10
   ConstAlg             = Lincs
   shake-tol            = 0.0001
   lincs-order          = 4
   lincs-warnangle      = 30
   lincs-iter           = 1
   bd-fric              = 0
   ld-seed              = 1993
   cos-accel            = 0
   deform (3x3):
      deform[    0]={ 0.00000e+00,  0.00000e+00,  0.00000e+00}
      deform[    1]={ 0.00000e+00,  0.00000e+00,  0.00000e+00}
      deform[    2]={ 0.00000e+00,  0.00000e+00,  0.00000e+00}
   adress               = FALSE
   userint1             = 0
   userint2             = 0
   userint3             = 0
   userint4             = 0
   userreal1            = 0
   userreal2            = 0
   userreal3            = 0
   userreal4            = 0
grpopts:
   nrdf:        1296
   ref-t:      298.15
   tau-t:         0.1
anneal:          No
ann-npoints:           0
   acc:	           0           0           0
   nfreeze:           N           N           N
   energygrp-flags[  0]: 0
   efield-x:
      n = 0
   efield-xt:
      n = 0
   efield-y:
      n = 0
   efield-yt:
      n = 0
   efield-z:
      n = 0
   efield-zt:
      n = 0
   bQMMM                = FALSE
   QMconstraints        = 0
   QMMMscheme           = 0
   scalefactor          = 1
qm-opts:
   ngQM                 = 0
Using 1 MPI thread

Detecting CPU-specific acceleration.
Present hardware specification:
Vendor: AuthenticAMD
Brand:  AMD Opteron(TM) Processor 6274                 
Family: 21  Model:  1  Stepping:  2
Features: aes apic avx clfsh cmov cx8 cx16 fma4 htt lahf_lm misalignsse mmx msr nonstop_tsc pclmuldq pdpe1gb popcnt pse rdtscp sse2 sse3 sse4a sse4.1 sse4.2 ssse3 xop
Acceleration most likely to fit this hardware: AVX_128_FMA
Acceleration selected at GROMACS compile time: None

WARNING! Binary not matching hardware - you are likely losing performance.

Table routines are used for coulomb: TRUE
Table routines are used for vdw:     FALSE
Cut-off's:   NS: 0.8   Coulomb: 0.8   LJ: 0.8
System total charge: 0.000
Generated table with 3600 data points for COULSwitch.
Tabscale = 2000 points/nm
Generated table with 3600 data points for LJ6.
Tabscale = 2000 points/nm
Generated table with 3600 data points for LJ12.
Tabscale = 2000 points/nm

Enabling SPC-like water optimization for 216 molecules.

Potential shift: LJ r^-12: 0.000 r^-6 0.000
Removing pbc first time

++++ PLEASE READ AND CITE THE FOLLOWING REFERENCE ++++
S. Miyamoto and P. A. Kollman
SETTLE: An Analytical Version of the SHAKE and RATTLE Algorithms for Rigid
Water Models
J. Comp. Chem. 13 (1992) pp. 952-962
-------- -------- --- Thank You --- -------- --------


++++ PLEASE READ AND CITE THE FOLLOWING REFERENCE ++++
H. J. C. Berendsen, J. P. M. Postma, A. DiNola and J. R. Haak
Molecular dynamics with coupling to an external bath
J. Chem. Phys. 81 (1984) pp. 3684-3690
-------- -------- --- Thank You --- -------- --------

There are: 648 Atoms
Max number of connections per atom is 2
Total number of connections is 864
Max number of graph edges per atom is 2
Total number of graph edges is 864

Constraining the starting coordinates (step 0)

Constraining the coordinates at t0-dt (step 0)
RMS relative constraint deviation after constraining: 0.00e+00
Initial temperature: 1.38577e-26 K

Started mdrun on node 0 Sat Nov 24 15:45:41 2012

           Step           Time         Lambda
              0        0.00000        0.00000

NB kernel nb_kernel_ElecCSTab_VdwLJ_GeomP1P1_VF_c() with architecture 'c' used for neighborlist with
    Elec: 'Cubic-Spline-Table', Modifier: 'None'
    Vdw:  'Lennard-Jones', Modifier: 'None'
    Geom: 'Particle-Particle', Other: '', Calc: 'PotentialAndForce'

NB kernel nb_kernel_ElecCSTab_VdwLJ_GeomP1P1_F_c() with architecture 'c' used for neighborlist with
    Elec: 'Cubic-Spline-Table', Modifier: 'None'
    Vdw:  'Lennard-Jones', Modifier: 'None'
    Geom: 'Particle-Particle', Other: '', Calc: 'Force'

NB kernel nb_kernel_ElecNone_VdwLJ_GeomP1P1_VF_c() with architecture 'c' used for neighborlist with
    Elec: 'None', Modifier: 'None'
    Vdw:  'Lennard-Jones', Modifier: 'None'
    Geom: 'Particle-Particle', Other: '', Calc: 'PotentialAndForce'

NB kernel nb_kernel_ElecNone_VdwLJ_GeomP1P1_F_c() with architecture 'c' used for neighborlist with
    Elec: 'None', Modifier: 'None'
    Vdw:  'Lennard-Jones', Modifier: 'None'
    Geom: 'Particle-Particle', Other: '', Calc: 'Force'

NB kernel nb_kernel_ElecCSTab_VdwNone_GeomP1P1_VF_c() with architecture 'c' used for neighborlist with
    Elec: 'Cubic-Spline-Table', Modifier: 'None'
    Vdw:  'None', Modifier: 'None'
    Geom: 'Particle-Particle', Other: '', Calc: 'PotentialAndForce'

NB kernel nb_kernel_ElecCSTab_VdwNone_GeomP1P1_F_c() with architecture 'c' used for neighborlist with
    Elec: 'Cubic-Spline-Table', Modifier: 'None'
    Vdw:  'None', Modifier: 'None'
    Geom: 'Particle-Particle', Other: '', Calc: 'Force'

NB kernel nb_kernel_ElecCSTab_VdwLJ_GeomW3P1_VF_c() with architecture 'c' used for neighborlist with
    Elec: 'Cubic-Spline-Table', Modifier: 'None'
    Vdw:  'Lennard-Jones', Modifier: 'None'
    Geom: 'Water3-Particle', Other: '', Calc: 'PotentialAndForce'

NB kernel nb_kernel_ElecCSTab_VdwLJ_GeomW3P1_F_c() with architecture 'c' used for neighborlist with
    Elec: 'Cubic-Spline-Table', Modifier: 'None'
    Vdw:  'Lennard-Jones', Modifier: 'None'
    Geom: 'Water3-Particle', Other: '', Calc: 'Force'

NB kernel nb_kernel_ElecCSTab_VdwNone_GeomW3P1_VF_c() with architecture 'c' used for neighborlist with
    Elec: 'Cubic-Spline-Table', Modifier: 'None'
    Vdw:  'None', Modifier: 'None'
    Geom: 'Water3-Particle', Other: '', Calc: 'PotentialAndForce'

NB kernel nb_kernel_ElecCSTab_VdwNone_GeomW3P1_F_c() with architecture 'c' used for neighborlist with
    Elec: 'Cubic-Spline-Table', Modifier: 'None'
    Vdw:  'None', Modifier: 'None'
    Geom: 'Water3-Particle', Other: '', Calc: 'Force'

NB kernel nb_kernel_ElecCSTab_VdwLJ_GeomW3W3_VF_c() with architecture 'c' used for neighborlist with
    Elec: 'Cubic-Spline-Table', Modifier: 'None'
    Vdw:  'Lennard-Jones', Modifier: 'None'
    Geom: 'Water3-Water3', Other: '', Calc: 'PotentialAndForce'

NB kernel nb_kernel_ElecCSTab_VdwLJ_GeomW3W3_F_c() with architecture 'c' used for neighborlist with
    Elec: 'Cubic-Spline-Table', Modifier: 'None'
    Vdw:  'Lennard-Jones', Modifier: 'None'
    Geom: 'Water3-Water3', Other: '', Calc: 'Force'

NB kernel nb_kernel_ElecCSTab_VdwNone_GeomW3W3_VF_c() with architecture 'c' used for neighborlist with
    Elec: 'Cubic-Spline-Table', Modifier: 'None'
    Vdw:  'None', Modifier: 'None'
    Geom: 'Water3-Water3', Other: '', Calc: 'PotentialAndForce'

NB kernel nb_kernel_ElecCSTab_VdwNone_GeomW3W3_F_c() with architecture 'c' used for neighborlist with
    Elec: 'Cubic-Spline-Table', Modifier: 'None'
    Vdw:  'None', Modifier: 'None'
    Geom: 'Water3-Water3', Other: '', Calc: 'Force'


   Energies (kJ/mol)
        LJ (SR)   Coulomb (SR)      Potential    Kinetic En.   Total Energy
    2.01665e+03   -1.35844e+04   -1.15678e+04    5.28466e+02   -1.10393e+04
    Temperature Pressure (bar)
    9.80857e+01    2.96287e+04

           Step           Time         Lambda
             20        0.04000        0.00000

Writing checkpoint, step 20 at Sat Nov 24 15:45:41 2012


   Energies (kJ/mol)
        LJ (SR)   Coulomb (SR)      Potential    Kinetic En.   Total Energy
    3.84011e+03   -3.46025e+04   -3.07624e+04    1.93307e+04   -1.14316e+04
    Temperature Pressure (bar)
    3.58787e+03    6.12920e+04

	<======  ###############  ==>
	<====  A V E R A G E S  ====>
	<==  ###############  ======>

	Statistics over 21 steps using 21 frames

   Energies (kJ/mol)
        LJ (SR)   Coulomb (SR)      Potential    Kinetic En.   Total Energy
    3.01794e+03   -3.02049e+04   -2.71869e+04    1.56138e+04   -1.15732e+04
    Temperature Pressure (bar)
    2.89798e+03    7.09072e+04

   Total Virial (kJ/mol)
   -8.70655e+03    1.72786e+03    4.22403e+01
    1.72786e+03   -9.01861e+03    3.87953e+03
    4.22403e+01    3.87953e+03   -8.01468e+03

   Pressure (bar)
    7.15765e+04   -8.84802e+03   -7.67919e+02
   -8.84802e+03    7.33036e+04   -2.00116e+04
   -7.67919e+02   -2.00116e+04    6.78415e+04


	M E G A - F L O P S   A C C O U N T I N G

 NB=Group-cutoff nonbonded kernels    NxN=N-by-N tile Verlet kernels
 RF=Reaction-Field  VdW=Van der Waals  CSTab=Cubic-spline table
 W3=SPC/TIP3p  W4=TIP4p (single or pairs)
 V&F=Potential and force  V=Potential only  F=Force only

 Computing:                               M-Number         M-Flops  % Flops
-----------------------------------------------------------------------------
 NB VdW & Elec. [W3-W3,V&F]              62.063562          62.064    93.5
 NS-Pairs                                 0.070308           1.476     2.2
 Reset In Box                             0.000648           0.002     0.0
 Shift-X                                  0.027216           0.163     0.2
 CG-CoM                                   0.001944           0.006     0.0
 Virial                                   0.014553           0.262     0.4
 Calc-Ekin                                0.014256           0.385     0.6
 Constraint-V                             0.014256           0.114     0.2
 Constraint-Vir                           0.013608           0.327     0.5
 Settle                                   0.004968           1.605     2.4
-----------------------------------------------------------------------------
 Total                                                      66.403   100.0
-----------------------------------------------------------------------------


     R E A L   C Y C L E   A N D   T I M E   A C C O U N T I N G

 Computing:         Nodes   Th.     Count  Wall t (s)     G-Cycles       %
-----------------------------------------------------------------------------
 Neighbor search        1    1          3       0.012        0.026     4.2
 Force                  1    1         21       0.190        0.420    66.4
 Write traj.            1    1         21       0.075        0.166    26.2
 Update                 1    1         21       0.001        0.002     0.3
 Constraints            1    1         21       0.003        0.007     1.1
 Rest                   1                       0.005        0.012     1.8
-----------------------------------------------------------------------------
 Total                  1                       0.286        0.632   100.0
-----------------------------------------------------------------------------

               Core t (s)   Wall t (s)        (%)
       Time:        0.250        0.286       87.5
                 (ns/day)    (hour/ns)
Performance:       12.701        1.890
Finished mdrun on node 0 Sat Nov 24 15:45:41 2012
