Log file opened on Fri Jan 17 13:51:15 2014
Host: amd2  pid: 19681  nodeid: 0  nnodes:  1
Gromacs version:    VERSION 4.6.4-dev-20131105-8234105
GIT SHA1 hash:      823410572cc32505541f72ce7801d7dc31fe9f3f
Precision:          single
Memory model:       64 bit
MPI library:        none
OpenMP support:     disabled
GPU support:        disabled
invsqrt routine:    (1.0/sqrt(x))
CPU acceleration:   NONE
FFT library:        fftpack (built-in)
Large file support: enabled
RDTSCP usage:       enabled
Built on:           Thu Nov  7 19:46:49 CET 2013
Built by:           mark@amd2 [CMAKE]
Build OS/arch:      Linux 3.5.0-42-generic x86_64
Build CPU vendor:   AuthenticAMD
Build CPU brand:    AMD Opteron(tm) Processor 6176
Build CPU family:   16   Model: 9   Stepping: 1
Build CPU features: apic clfsh cmov cx8 cx16 htt lahf_lm misalignsse mmx msr nonstop_tsc pdpe1gb popcnt pse rdtscp sse2 sse3 sse4a
C compiler:         /usr/bin/gcc-4.7 GNU gcc-4.7 (Ubuntu/Linaro 4.7.3-2ubuntu1~12.04) 4.7.3
C compiler flags:      -Wextra -Wno-missing-field-initializers -Wno-sign-compare -Wall -Wno-unused -Wunused-value -Wno-unknown-pragmas   -O0 -g


                         :-)  G  R  O  M  A  C  S  (-:

                   Groningen Machine for Chemical Simulation

                  :-)  VERSION 4.6.4-dev-20131105-8234105  (-:

        Contributions from Mark Abraham, Emile Apol, Rossen Apostolov, 
           Herman J.C. Berendsen, Aldert van Buuren, Pär Bjelkmar,  
     Rudi van Drunen, Anton Feenstra, Gerrit Groenhof, Christoph Junghans, 
        Peter Kasson, Carsten Kutzner, Per Larsson, Pieter Meulenhoff, 
           Teemu Murtola, Szilard Pall, Sander Pronk, Roland Schulz, 
                Michael Shirts, Alfons Sijbers, Peter Tieleman,

               Berk Hess, David van der Spoel, and Erik Lindahl.

       Copyright (c) 1991-2000, University of Groningen, The Netherlands.
         Copyright (c) 2001-2012,2013, The GROMACS development team at
        Uppsala University & The Royal Institute of Technology, Sweden.
            check out http://www.gromacs.org for more information.

         This program is free software; you can redistribute it and/or
       modify it under the terms of the GNU Lesser General Public License
        as published by the Free Software Foundation; either version 2.1
             of the License, or (at your option) any later version.

                                :-)  mdrun  (-:


++++ PLEASE READ AND CITE THE FOLLOWING REFERENCE ++++
B. Hess and C. Kutzner and D. van der Spoel and E. Lindahl
GROMACS 4: Algorithms for highly efficient, load-balanced, and scalable
molecular simulation
J. Chem. Theory Comput. 4 (2008) pp. 435-447
-------- -------- --- Thank You --- -------- --------


++++ PLEASE READ AND CITE THE FOLLOWING REFERENCE ++++
D. van der Spoel, E. Lindahl, B. Hess, G. Groenhof, A. E. Mark and H. J. C.
Berendsen
GROMACS: Fast, Flexible and Free
J. Comp. Chem. 26 (2005) pp. 1701-1719
-------- -------- --- Thank You --- -------- --------


++++ PLEASE READ AND CITE THE FOLLOWING REFERENCE ++++
E. Lindahl and B. Hess and D. van der Spoel
GROMACS 3.0: A package for molecular simulation and trajectory analysis
J. Mol. Mod. 7 (2001) pp. 306-317
-------- -------- --- Thank You --- -------- --------


++++ PLEASE READ AND CITE THE FOLLOWING REFERENCE ++++
H. J. C. Berendsen, D. van der Spoel and R. van Drunen
GROMACS: A message-passing parallel molecular dynamics implementation
Comp. Phys. Comm. 91 (1995) pp. 43-56
-------- -------- --- Thank You --- -------- --------

Input Parameters:
   integrator           = sd
   nsteps               = 20
   init-step            = 0
   cutoff-scheme        = Group
   ns_type              = Simple
   nstlist              = 5
   ndelta               = 2
   nstcomm              = 1
   comm-mode            = Linear
   nstlog               = 0
   nstxout              = 20
   nstvout              = 20
   nstfout              = 0
   nstcalcenergy        = 1
   nstenergy            = 1
   nstxtcout            = 0
   init-t               = 0
   delta-t              = 0.002
   xtcprec              = 200
   fourierspacing       = 0.12
   nkx                  = 16
   nky                  = 16
   nkz                  = 16
   pme-order            = 4
   ewald-rtol           = 1e-05
   ewald-geometry       = 0
   epsilon-surface      = 0
   optimize-fft         = FALSE
   ePBC                 = xyz
   bPeriodicMols        = FALSE
   bContinuation        = FALSE
   bShakeSOR            = FALSE
   etc                  = No
   bPrintNHChains       = FALSE
   nsttcouple           = -1
   epc                  = No
   epctype              = Isotropic
   nstpcouple           = -1
   tau-p                = 1
   ref-p (3x3):
      ref-p[    0]={ 0.00000e+00,  0.00000e+00,  0.00000e+00}
      ref-p[    1]={ 0.00000e+00,  0.00000e+00,  0.00000e+00}
      ref-p[    2]={ 0.00000e+00,  0.00000e+00,  0.00000e+00}
   compress (3x3):
      compress[    0]={ 0.00000e+00,  0.00000e+00,  0.00000e+00}
      compress[    1]={ 0.00000e+00,  0.00000e+00,  0.00000e+00}
      compress[    2]={ 0.00000e+00,  0.00000e+00,  0.00000e+00}
   refcoord-scaling     = No
   posres-com (3):
      posres-com[0]= 0.00000e+00
      posres-com[1]= 0.00000e+00
      posres-com[2]= 0.00000e+00
   posres-comB (3):
      posres-comB[0]= 0.00000e+00
      posres-comB[1]= 0.00000e+00
      posres-comB[2]= 0.00000e+00
   verlet-buffer-drift  = 0.005
   rlist                = 0.9
   rlistlong            = 0.9
   nstcalclr            = 0
   rtpi                 = 0.05
   coulombtype          = PME
   coulomb-modifier     = None
   rcoulomb-switch      = 0
   rcoulomb             = 0.9
   vdwtype              = Shift
   vdw-modifier         = None
   rvdw-switch          = 0.7
   rvdw                 = 0.9
   epsilon-r            = 1
   epsilon-rf           = 1
   tabext               = 1
   implicit-solvent     = No
   gb-algorithm         = Still
   gb-epsilon-solvent   = 80
   nstgbradii           = 1
   rgbradii             = 2
   gb-saltconc          = 0
   gb-obc-alpha         = 1
   gb-obc-beta          = 0.8
   gb-obc-gamma         = 4.85
   gb-dielectric-offset = 0.009
   sa-algorithm         = Ace-approximation
   sa-surface-tension   = 2.05016
   DispCorr             = No
   bSimTemp             = FALSE
   free-energy          = no
   nwall                = 0
   wall-type            = 9-3
   wall-atomtype[0]     = -1
   wall-atomtype[1]     = -1
   wall-density[0]      = 0
   wall-density[1]      = 0
   wall-ewald-zfac      = 3
   pull                 = no
   rotation             = FALSE
   disre                = No
   disre-weighting      = Equal
   disre-mixed          = FALSE
   dr-fc                = 200
   dr-tau               = 1.25
   nstdisreout          = 20
   orires-fc            = 0
   orires-tau           = 0
   nstorireout          = 20
   dihre-fc             = 0
   em-stepsize          = 0.1
   em-tol               = 0.001
   niter                = 20
   fc-stepsize          = 0
   nstcgsteep           = 200
   nbfgscorr            = 10
   ConstAlg             = Lincs
   shake-tol            = 0.0001
   lincs-order          = 4
   lincs-warnangle      = 30
   lincs-iter           = 1
   bd-fric              = 0
   ld-seed              = 1993
   cos-accel            = 0
   deform (3x3):
      deform[    0]={ 0.00000e+00,  0.00000e+00,  0.00000e+00}
      deform[    1]={ 0.00000e+00,  0.00000e+00,  0.00000e+00}
      deform[    2]={ 0.00000e+00,  0.00000e+00,  0.00000e+00}
   adress               = FALSE
   userint1             = 0
   userint2             = 0
   userint3             = 0
   userint4             = 0
   userreal1            = 0
   userreal2            = 0
   userreal3            = 0
   userreal4            = 0
grpopts:
   nrdf:        1293
   ref-t:         300
   tau-t:         0.1
anneal:          No
ann-npoints:           0
   acc:	           0           0           0
   nfreeze:           N           N           N
   energygrp-flags[  0]: 0
   efield-x:
      n = 0
   efield-xt:
      n = 0
   efield-y:
      n = 0
   efield-yt:
      n = 0
   efield-z:
      n = 0
   efield-zt:
      n = 0
   bQMMM                = FALSE
   QMconstraints        = 0
   QMMMscheme           = 0
   scalefactor          = 1
qm-opts:
   ngQM                 = 0

Detecting CPU-specific acceleration.
Present hardware specification:
Vendor: AuthenticAMD
Brand:  AMD Opteron(tm) Processor 6376                 
Family: 21  Model:  2  Stepping:  0
Features: aes apic avx clfsh cmov cx8 cx16 f16c fma fma4 htt lahf_lm misalignsse mmx msr nonstop_tsc pclmuldq pdpe1gb popcnt pse rdtscp sse2 sse3 sse4a sse4.1 sse4.2 ssse3 xop
Acceleration most likely to fit this hardware: AVX_128_FMA
Acceleration selected at GROMACS compile time: None


Binary not matching hardware - you might be losing performance.
Acceleration most likely to fit this hardware: AVX_128_FMA
Acceleration selected at GROMACS compile time: None

Table routines are used for coulomb: FALSE
Table routines are used for vdw:     TRUE
Will do PME sum in reciprocal space.

++++ PLEASE READ AND CITE THE FOLLOWING REFERENCE ++++
U. Essmann, L. Perera, M. L. Berkowitz, T. Darden, H. Lee and L. G. Pedersen 
A smooth particle mesh Ewald method
J. Chem. Phys. 103 (1995) pp. 8577-8592
-------- -------- --- Thank You --- -------- --------

Will do ordinary reciprocal space Ewald sum.
Using a Gaussian width (1/beta) of 0.288146 nm for Ewald
Using shifted Lennard-Jones, switch between 0.7 and 0.9 nm
Cut-off's:   NS: 0.9   Coulomb: 0.9   LJ: 0.9
System total charge: 0.000
Generated table with 950 data points for Ewald.
Tabscale = 500 points/nm
Generated table with 950 data points for LJ6Shift.
Tabscale = 500 points/nm
Generated table with 950 data points for LJ12Shift.
Tabscale = 500 points/nm

Enabling TIP4p-like water optimization for 216 molecules.

Potential shift: LJ r^-12: 0.000 r^-6 0.000, Ewald 0.000e+00
Initialized non-bonded Ewald correction tables, spacing: 6.26e-04 size: 3037

Removing pbc first time

++++ PLEASE READ AND CITE THE FOLLOWING REFERENCE ++++
S. Miyamoto and P. A. Kollman
SETTLE: An Analytical Version of the SHAKE and RATTLE Algorithms for Rigid
Water Models
J. Comp. Chem. 13 (1992) pp. 952-962
-------- -------- --- Thank You --- -------- --------

Center of mass motion removal mode is Linear
We have the following groups for center of mass motion removal:
  0:  rest
There are: 648 Atoms
There are: 216 VSites
Max number of connections per atom is 4
Total number of connections is 2160
Max number of graph edges per atom is 3
Total number of graph edges is 1296

Constraining the starting coordinates (step 0)

Constraining the coordinates at t0-dt (step 0)
RMS relative constraint deviation after constraining: 0.00e+00
Initial temperature: 397.268 K

Started mdrun on node 0 Fri Jan 17 13:51:15 2014

           Step           Time         Lambda
              0        0.00000        0.00000


   Energies (kJ/mol)
        LJ (SR)   Coulomb (SR)   Coul. recip.      Potential    Kinetic En.
    7.53985e+02   -8.95088e+03   -1.04162e+03   -9.23851e+03    2.11457e+03
   Total Energy    Temperature Pressure (bar)
   -7.12394e+03    3.93385e+02   -8.67031e+03

           Step           Time         Lambda
             20        0.04000        0.00000

Writing checkpoint, step 20 at Fri Jan 17 13:51:15 2014


   Energies (kJ/mol)
        LJ (SR)   Coulomb (SR)   Coul. recip.      Potential    Kinetic En.
    1.19616e+03   -8.95292e+03   -1.03152e+03   -8.78828e+03    1.70090e+03
   Total Energy    Temperature Pressure (bar)
   -7.08738e+03    3.16427e+02   -4.27499e+03

	<======  ###############  ==>
	<====  A V E R A G E S  ====>
	<==  ###############  ======>

	Statistics over 21 steps using 21 frames

   Energies (kJ/mol)
        LJ (SR)   Coulomb (SR)   Coul. recip.      Potential    Kinetic En.
    9.09665e+02   -8.80736e+03   -1.02790e+03   -8.92559e+03    1.76346e+03
   Total Energy    Temperature Pressure (bar)
   -7.16213e+03    3.28066e+02   -6.84067e+03

   Total Virial (kJ/mol)
    1.84728e+03   -7.66074e+01    2.61630e+01
   -7.65718e+01    1.84909e+03   -1.26231e+02
    2.61501e+01   -1.26272e+02    2.09649e+03

   Pressure (bar)
   -6.34296e+03    3.15794e+02   -2.42402e+02
    3.15613e+02   -6.24302e+03    5.58101e+02
   -2.42337e+02    5.58308e+02   -7.93605e+03


	M E G A - F L O P S   A C C O U N T I N G

 NB=Group-cutoff nonbonded kernels    NxN=N-by-N cluster Verlet kernels
 RF=Reaction-Field  VdW=Van der Waals  QSTab=quadratic-spline table
 W3=SPC/TIP3p  W4=TIP4p (single or pairs)
 V&F=Potential and force  V=Potential only  F=Force only

 Computing:                               M-Number         M-Flops  % Flops
-----------------------------------------------------------------------------
 NB VdW & Elec. [W4-W4,V&F]              94.648940          94.649    72.3
 Calc Weights                             0.054432           1.960     1.5
 Spread Q Bspline                         1.161216           2.322     1.8
 Gather F Bspline                         1.161216           6.967     5.3
 3D-FFT                                   2.064384          16.515    12.6
 Solve PME                                0.005376           0.344     0.3
 NS-Pairs                                 0.117180           2.461     1.9
 Reset In Box                             0.001080           0.003     0.0
 Shift-X                                  0.036288           0.218     0.2
 CG-CoM                                   0.004320           0.013     0.0
 Virial                                   0.019089           0.344     0.3
 Update                                   0.018144           0.562     0.4
 Stop-CM                                  0.019008           0.190     0.1
 Calc-Ekin                                0.019008           0.513     0.4
 Constraint-V                             0.014256           0.114     0.1
 Constraint-Vir                           0.013608           0.327     0.2
 Settle                                   0.009504           3.070     2.3
 Virtual Site 3                           0.009072           0.336     0.3
-----------------------------------------------------------------------------
 Total                                                     130.908   100.0
-----------------------------------------------------------------------------


     R E A L   C Y C L E   A N D   T I M E   A C C O U N T I N G

 Computing:         Nodes   Th.     Count  Wall t (s)     G-Cycles       %
-----------------------------------------------------------------------------
 Vsite constr.          1    1         21       0.001        0.003     0.4
 Neighbor search        1    1          5       0.016        0.036     6.4
 Force                  1    1         21       0.145        0.335    59.4
 PME mesh               1    1         21       0.043        0.100    17.8
 Vsite spread           1    1         42       0.001        0.003     0.5
 Write traj.            1    1          2       0.017        0.038     6.8
 Update                 1    1         21       0.006        0.014     2.5
 Constraints            1    1         42       0.005        0.011     1.9
 Rest                   1                       0.010        0.024     4.2
-----------------------------------------------------------------------------
 Total                  1                       0.244        0.564   100.0
-----------------------------------------------------------------------------
-----------------------------------------------------------------------------
 PME spread/gather      1    1         42       0.024        0.055     9.7
 PME 3D-FFT             1    1         42       0.014        0.032     5.7
 PME solve              1    1         21       0.006        0.013     2.4
-----------------------------------------------------------------------------

               Core t (s)   Wall t (s)        (%)
       Time:        0.230        0.244       94.2
                 (ns/day)    (hour/ns)
Performance:       14.857        1.615
Finished mdrun on node 0 Fri Jan 17 13:51:15 2014
