Log file opened on Tue May 24 10:44:11 2016
Host: tcbs14  pid: 32473  rank ID: 0  number of ranks:  1
          :-) GROMACS - gmx mdrun, 2016-beta1-dev-20160524-3a9e67d (-:

                            GROMACS is written by:
     Emile Apol      Rossen Apostolov  Herman J.C. Berendsen    Par Bjelkmar   
 Aldert van Buuren   Rudi van Drunen     Anton Feenstra    Gerrit Groenhof  
 Christoph Junghans   Anca Hamuraru    Vincent Hindriksen Dimitrios Karkoulis
    Peter Kasson        Jiri Kraus      Carsten Kutzner      Per Larsson    
  Justin A. Lemkul   Magnus Lundborg   Pieter Meulenhoff    Erik Marklund   
   Teemu Murtola       Szilard Pall       Sander Pronk      Roland Schulz   
  Alexey Shvetsov     Michael Shirts     Alfons Sijbers     Peter Tieleman  
  Teemu Virolainen  Christian Wennberg    Maarten Wolf   
                           and the project leaders:
        Mark Abraham, Berk Hess, Erik Lindahl, and David van der Spoel

Copyright (c) 1991-2000, University of Groningen, The Netherlands.
Copyright (c) 2001-2015, The GROMACS development team at
Uppsala University, Stockholm University and
the Royal Institute of Technology, Sweden.
check out http://www.gromacs.org for more information.

GROMACS is free software; you can redistribute it and/or modify it
under the terms of the GNU Lesser General Public License
as published by the Free Software Foundation; either version 2.1
of the License, or (at your option) any later version.

GROMACS:      gmx mdrun, version 2016-beta1-dev-20160524-3a9e67d
Executable:   /nethome/lindahl/Code/gmx/git/development/builds/reference/bin/gmx
Data prefix:  /nethome/lindahl/Code/gmx/git/development/gromacs (source tree)
Command line:
  gmx mdrun -notunepme

GROMACS version:    2016-beta1-dev-20160524-3a9e67d
GIT SHA1 hash:      3a9e67dd55949e7daaa666e5bc4de95bcfece2c4
Branched from:      f8a709034c4726936df1817d071899065f5d31f7 (21 newer local commits)
Precision:          single
Memory model:       64 bit
MPI library:        none
OpenMP support:     disabled
GPU support:        disabled
SIMD instructions:  NONE
FFT library:        fftpack (built-in)
RDTSCP usage:       enabled
TNG support:        enabled
Hwloc support:      hwloc-1.9.0
Tracing support:    disabled
Built on:           Tue May 24 10:20:55 CEST 2016
Built by:           lindahl@tcbs14 [CMAKE]
Build OS/arch:      Linux 3.13.0-86-generic x86_64
Build CPU vendor:   Intel
Build CPU brand:    Intel(R) Core(TM) i7-5960X CPU @ 3.00GHz
Build CPU family:   6   Model: 63   Stepping: 2
Build CPU features: aes apic avx avx2 clfsh cmov cx8 cx16 f16c fma htt lahf mmx msr nonstop_tsc pcid pclmuldq pdcm pdpe1gb popcnt pse rdrnd rdtscp sse2 sse3 sse4.1 sse4.2 ssse3 tdt x2apic
C compiler:         /usr/bin/gcc-4.7 GNU 4.7.3
C compiler flags:       -Wundef -Wextra -Wno-missing-field-initializers -Wno-sign-compare -Wpointer-arith -Wall -Wno-unused -Wunused-value -Wunused-parameter -Wno-unknown-pragmas  -O0 -g
C++ compiler:       /usr/bin/g++-4.7 GNU 4.7.3
C++ compiler flags:     -std=c++0x  -Wundef -Wextra -Wno-missing-field-initializers -Wpointer-arith -Wall -Wno-unused-function -Wno-unknown-pragmas  -O0 -g


Running on 1 node with total 8 cores, 16 logical cores
Hardware detected:
  CPU info:
    Vendor: Intel
    Brand:  Intel(R) Core(TM) i7-5960X CPU @ 3.00GHz
    Family: 6   Model: 63   Stepping: 2
    Features: aes apic avx avx2 clfsh cmov cx8 cx16 f16c fma htt lahf mmx msr nonstop_tsc pcid pclmuldq pdcm pdpe1gb popcnt pse rdrnd rdtscp sse2 sse3 sse4.1 sse4.2 ssse3 tdt x2apic
    SIMD instructions most likely to fit this hardware: AVX2_256
    SIMD instructions selected at GROMACS compile time: None

  Hardware topology: Full, with devices
    Sockets, cores, and logical processors:
      Socket  0: [   0   8] [   1   9] [   2  10] [   3  11] [   4  12] [   5  13] [   6  14] [   7  15]
    Numa nodes:
      Node  0 (16717836288 bytes mem):   0   1   2   3   4   5   6   7   8   9  10  11  12  13  14  15
      Latency:
               0
         0  1.00
    Caches:
      L1: 32768 bytes, linesize 64 bytes, assoc. 8, shared 2 ways
      L2: 262144 bytes, linesize 64 bytes, assoc. 8, shared 2 ways
      L3: 20971520 bytes, linesize 64 bytes, assoc. 20, shared 16 ways
    PCI devices:
      0000:02:00.0  Id: 10de:17c2  Class: 0x0300  Numa: 0
      0000:03:00.0  Id: 10de:17f0  Class: 0x0300  Numa: 0
      0000:00:19.0  Id: 8086:15a1  Class: 0x0200  Numa: 0
      0000:00:1f.2  Id: 8086:8d02  Class: 0x0106  Numa: 0


Binary not matching hardware - you might be losing performance.
SIMD instructions most likely to fit this hardware: AVX2_256
SIMD instructions selected at GROMACS compile time: None


++++ PLEASE READ AND CITE THE FOLLOWING REFERENCE ++++
M. J. Abraham, T. Murtola, R. Schulz, S. Páll, J. C. Smith, B. Hess, E.
Lindahl
GROMACS: High performance molecular simulations through multi-level
parallelism from laptops to supercomputers
SoftwareX 1 (2015) pp. 19-25
-------- -------- --- Thank You --- -------- --------


++++ PLEASE READ AND CITE THE FOLLOWING REFERENCE ++++
S. Páll, M. J. Abraham, C. Kutzner, B. Hess, E. Lindahl
Tackling Exascale Software Challenges in Molecular Dynamics Simulations with
GROMACS
In S. Markidis & E. Laure (Eds.), Solving Software Challenges for Exascale 8759 (2015) pp. 3-27
-------- -------- --- Thank You --- -------- --------


++++ PLEASE READ AND CITE THE FOLLOWING REFERENCE ++++
S. Pronk, S. Páll, R. Schulz, P. Larsson, P. Bjelkmar, R. Apostolov, M. R.
Shirts, J. C. Smith, P. M. Kasson, D. van der Spoel, B. Hess, and E. Lindahl
GROMACS 4.5: a high-throughput and highly parallel open source molecular
simulation toolkit
Bioinformatics 29 (2013) pp. 845-54
-------- -------- --- Thank You --- -------- --------


++++ PLEASE READ AND CITE THE FOLLOWING REFERENCE ++++
B. Hess and C. Kutzner and D. van der Spoel and E. Lindahl
GROMACS 4: Algorithms for highly efficient, load-balanced, and scalable
molecular simulation
J. Chem. Theory Comput. 4 (2008) pp. 435-447
-------- -------- --- Thank You --- -------- --------


++++ PLEASE READ AND CITE THE FOLLOWING REFERENCE ++++
D. van der Spoel, E. Lindahl, B. Hess, G. Groenhof, A. E. Mark and H. J. C.
Berendsen
GROMACS: Fast, Flexible and Free
J. Comp. Chem. 26 (2005) pp. 1701-1719
-------- -------- --- Thank You --- -------- --------


++++ PLEASE READ AND CITE THE FOLLOWING REFERENCE ++++
E. Lindahl and B. Hess and D. van der Spoel
GROMACS 3.0: A package for molecular simulation and trajectory analysis
J. Mol. Mod. 7 (2001) pp. 306-317
-------- -------- --- Thank You --- -------- --------


++++ PLEASE READ AND CITE THE FOLLOWING REFERENCE ++++
H. J. C. Berendsen, D. van der Spoel and R. van Drunen
GROMACS: A message-passing parallel molecular dynamics implementation
Comp. Phys. Comm. 91 (1995) pp. 43-56
-------- -------- --- Thank You --- -------- --------

Input Parameters:
   integrator                     = md
   tinit                          = 0
   dt                             = 0.001
   nsteps                         = 40
   init-step                      = 0
   simulation-part                = 1
   comm-mode                      = Linear
   nstcomm                        = 1
   bd-fric                        = 0
   ld-seed                        = 1
   emtol                          = 10
   emstep                         = 0.01
   niter                          = 20
   fcstep                         = 0
   nstcgsteep                     = 1000
   nbfgscorr                      = 10
   rtpi                           = 0.05
   nstxout                        = 40
   nstvout                        = 40
   nstfout                        = 40
   nstlog                         = 500000
   nstcalcenergy                  = 1
   nstenergy                      = 1
   nstxout-compressed             = 50000
   compressed-x-precision         = 1000
   cutoff-scheme                  = Group
   nstlist                        = 10
   ns-type                        = Grid
   pbc                            = xyz
   periodic-molecules             = false
   verlet-buffer-tolerance        = 0.005
   rlist                          = 1
   coulombtype                    = PME
   coulomb-modifier               = None
   rcoulomb-switch                = 0
   rcoulomb                       = 1
   epsilon-r                      = 1
   epsilon-rf                     = inf
   vdw-type                       = Shift
   vdw-modifier                   = None
   rvdw-switch                    = 0.8
   rvdw                           = 0.85
   DispCorr                       = EnerPres
   table-extension                = 1
   fourierspacing                 = 0
   fourier-nx                     = 24
   fourier-ny                     = 24
   fourier-nz                     = 18
   pme-order                      = 4
   ewald-rtol                     = 1e-06
   ewald-rtol-lj                  = 0.001
   lj-pme-comb-rule               = Geometric
   ewald-geometry                 = 0
   epsilon-surface                = 0
   implicit-solvent               = No
   gb-algorithm                   = Still
   nstgbradii                     = 1
   rgbradii                       = 1
   gb-epsilon-solvent             = 80
   gb-saltconc                    = 0
   gb-obc-alpha                   = 1
   gb-obc-beta                    = 0.8
   gb-obc-gamma                   = 4.85
   gb-dielectric-offset           = 0.009
   sa-algorithm                   = Ace-approximation
   sa-surface-tension             = 2.05016
   tcoupl                         = No
   nsttcouple                     = -1
   nh-chain-length                = 0
   print-nose-hoover-chain-variables = false
   pcoupl                         = No
   pcoupltype                     = Isotropic
   nstpcouple                     = -1
   tau-p                          = 2
   compressibility (3x3):
      compressibility[    0]={ 0.00000e+00,  0.00000e+00,  0.00000e+00}
      compressibility[    1]={ 0.00000e+00,  0.00000e+00,  0.00000e+00}
      compressibility[    2]={ 0.00000e+00,  0.00000e+00,  0.00000e+00}
   ref-p (3x3):
      ref-p[    0]={ 0.00000e+00,  0.00000e+00,  0.00000e+00}
      ref-p[    1]={ 0.00000e+00,  0.00000e+00,  0.00000e+00}
      ref-p[    2]={ 0.00000e+00,  0.00000e+00,  0.00000e+00}
   refcoord-scaling               = No
   posres-com (3):
      posres-com[0]= 0.00000e+00
      posres-com[1]= 0.00000e+00
      posres-com[2]= 0.00000e+00
   posres-comB (3):
      posres-comB[0]= 0.00000e+00
      posres-comB[1]= 0.00000e+00
      posres-comB[2]= 0.00000e+00
   QMMM                           = false
   QMconstraints                  = 0
   QMMMscheme                     = 0
   MMChargeScaleFactor            = 1
qm-opts:
   ngQM                           = 0
   constraint-algorithm           = Lincs
   continuation                   = false
   Shake-SOR                      = false
   shake-tol                      = 0.0001
   lincs-order                    = 4
   lincs-iter                     = 1
   lincs-warnangle                = 30
   nwall                          = 0
   wall-type                      = 9-3
   wall-r-linpot                  = -1
   wall-atomtype[0]               = -1
   wall-atomtype[1]               = -1
   wall-density[0]                = 0
   wall-density[1]                = 0
   wall-ewald-zfac                = 3
   pull                           = false
   rotation                       = false
   interactiveMD                  = false
   disre                          = No
   disre-weighting                = Conservative
   disre-mixed                    = false
   dr-fc                          = 1000
   dr-tau                         = 0
   nstdisreout                    = 100
   orire-fc                       = 0
   orire-tau                      = 0
   nstorireout                    = 100
   free-energy                    = yes
   init-lambda                    = 0.5
   init-lambda-state              = -1
   delta-lambda                   = 0
   nstdhdl                        = 20
   n-lambdas                      = 0
   calc-lambda-neighbors          = 1
   dhdl-print-energy              = no
   sc-alpha                       = 0.5
   sc-power                       = 1
   sc-r-power                     = 6
   sc-sigma                       = 0.3
   sc-sigma-min                   = 0.3
   sc-coul                        = true
   dh-hist-size                   = 0
   dh-hist-spacing                = 0.1
   separate-dhdl-file             = yes
   dhdl-derivatives               = yes
   cos-acceleration               = 0
   deform (3x3):
      deform[    0]={ 0.00000e+00,  0.00000e+00,  0.00000e+00}
      deform[    1]={ 0.00000e+00,  0.00000e+00,  0.00000e+00}
      deform[    2]={ 0.00000e+00,  0.00000e+00,  0.00000e+00}
   simulated-tempering            = false
   E-x:
      n = 0
   E-xt:
      n = 0
   E-y:
      n = 0
   E-yt:
      n = 0
   E-z:
      n = 0
   E-zt:
      n = 0
   swapcoords                     = no
   userint1                       = 0
   userint2                       = 0
   userint3                       = 0
   userint4                       = 0
   userreal1                      = 0
   userreal2                      = 0
   userreal3                      = 0
   userreal4                      = 0
grpopts:
   nrdf:        3856
   ref-t:           0
   tau-t:           0
annealing:          No
annealing-npoints:           0
   acc:	           0           0           0
   nfreeze:           N           N           N
   energygrp-flags[  0]: 0 0
   energygrp-flags[  1]: 0 0


NOTE: GROMACS was compiled without OpenMP and (thread-)MPI support, can only use a single CPU core


NOTE: This file uses the deprecated 'group' cutoff_scheme. This will be
removed in a future release when 'verlet' supports all interaction forms.

Table routines are used for coulomb: false
Table routines are used for vdw:     true
Will do PME sum in reciprocal space for electrostatic interactions.

++++ PLEASE READ AND CITE THE FOLLOWING REFERENCE ++++
U. Essmann, L. Perera, M. L. Berkowitz, T. Darden, H. Lee and L. G. Pedersen 
A smooth particle mesh Ewald method
J. Chem. Phys. 103 (1995) pp. 8577-8592
-------- -------- --- Thank You --- -------- --------

Will do ordinary reciprocal space Ewald sum.
Using a Gaussian width (1/beta) of 0.289108 nm for Ewald
Using shifted Lennard-Jones, switch between 0.8 and 0.85 nm
Cut-off's:   NS: 1   Coulomb: 1   LJ: 0.85
Long Range LJ corr.: <C6> 2.8808e-04
System total charge, top. A: 0.000 top. B: -0.000
Generated table with 1000 data points for Ewald.
Tabscale = 500 points/nm
Generated table with 1000 data points for LJ6Shift.
Tabscale = 500 points/nm
Generated table with 1000 data points for LJ12Shift.
Tabscale = 500 points/nm
Generated table with 1000 data points for Ewald.
Tabscale = 500 points/nm
Generated table with 1000 data points for LJ6Shift.
Tabscale = 500 points/nm
Generated table with 1000 data points for LJ12Shift.
Tabscale = 500 points/nm
Generated table with 1000 data points for 1-4 COUL.
Tabscale = 500 points/nm
Generated table with 1000 data points for 1-4 LJ6.
Tabscale = 500 points/nm
Generated table with 1000 data points for 1-4 LJ12.
Tabscale = 500 points/nm

Enabling SPC-like water optimization for 640 molecules.

Potential shift: LJ r^-12: 0.000e+00 r^-6: 0.000e+00, Ewald -0.000e+00
Initialized non-bonded Ewald correction tables, spacing: 8.87e-04 size: 2257

There are 9 atoms and 9 charges for free energy perturbation
Removing pbc first time

NOTE: Thread affinity setting failed. This can cause performance degradation.
      If you think your settings are correct, ask on the gmx-users list.


Initializing LINear Constraint Solver

++++ PLEASE READ AND CITE THE FOLLOWING REFERENCE ++++
B. Hess and H. Bekker and H. J. C. Berendsen and J. G. E. M. Fraaije
LINCS: A Linear Constraint Solver for molecular simulations
J. Comp. Chem. 18 (1997) pp. 1463-1472
-------- -------- --- Thank You --- -------- --------

The number of constraints is 8

++++ PLEASE READ AND CITE THE FOLLOWING REFERENCE ++++
S. Miyamoto and P. A. Kollman
SETTLE: An Analytical Version of the SHAKE and RATTLE Algorithms for Rigid
Water Models
J. Comp. Chem. 13 (1992) pp. 952-962
-------- -------- --- Thank You --- -------- --------

Initial vector of lambda components:[     0.5000     0.5000     0.5000     0.5000     0.5000     0.5000     0.5000 ]
Center of mass motion removal mode is Linear
We have the following groups for center of mass motion removal:
  0:  rest
There are: 1929 Atoms
Max number of connections per atom is 25
Total number of connections is 2692
Max number of graph edges per atom is 4
Total number of graph edges is 2576

Constraining the starting coordinates (step 0)

Constraining the coordinates at t0-dt (step 0)
RMS relative constraint deviation after constraining: 1.32e-06
Initial temperature: 303.111 K

Started mdrun on rank 0 Tue May 24 10:44:11 2016
           Step           Time
              0        0.00000


Grid: 4 x 4 x 3 cells
   Energies (kJ/mol)
          Angle    Proper Dih. Ryckaert-Bell.          LJ-14     Coulomb-14
    8.78765e+00    1.74582e+00    6.80407e+00    5.72487e-01   -1.83519e+02
        LJ (SR)  Disper. corr.   Coulomb (SR)   Coul. recip.      Potential
    5.71171e+03   -4.07179e+02   -3.19215e+04   -3.37715e+03   -3.01597e+04
    Kinetic En.   Total Energy    Temperature Pres. DC (bar) Pressure (bar)
    4.84623e+03   -2.53135e+04    3.02317e+02   -3.44479e+02   -1.53940e+03
    dVremain/dl   Constr. rmsd
   -7.11685e+01    8.80557e-07

           Step           Time
             40        0.04000

Writing checkpoint, step 40 at Tue May 24 10:44:12 2016


   Energies (kJ/mol)
          Angle    Proper Dih. Ryckaert-Bell.          LJ-14     Coulomb-14
    3.13383e+00    2.07057e+00    7.70715e+00    2.21055e-01   -1.81020e+02
        LJ (SR)  Disper. corr.   Coulomb (SR)   Coul. recip.      Potential
    5.76519e+03   -4.07179e+02   -3.19282e+04   -3.34900e+03   -3.00871e+04
    Kinetic En.   Total Energy    Temperature Pres. DC (bar) Pressure (bar)
    4.77329e+03   -2.53138e+04    2.97767e+02   -3.44479e+02   -1.38330e+03
    dVremain/dl   Constr. rmsd
   -7.06488e+01    1.33147e-06

	<======  ###############  ==>
	<====  A V E R A G E S  ====>
	<==  ###############  ======>

	Statistics over 41 steps using 41 frames

   Energies (kJ/mol)
          Angle    Proper Dih. Ryckaert-Bell.          LJ-14     Coulomb-14
    6.90749e+00    9.66226e-01    6.15039e+00    8.98130e-01   -1.82900e+02
        LJ (SR)  Disper. corr.   Coulomb (SR)   Coul. recip.      Potential
    5.70860e+03   -4.07179e+02   -3.18325e+04   -3.35181e+03   -3.00509e+04
    Kinetic En.   Total Energy    Temperature Pres. DC (bar) Pressure (bar)
    4.73757e+03   -2.53133e+04    2.95539e+02   -3.44479e+02   -1.44051e+03
    dVremain/dl   Constr. rmsd
   -7.00995e+01    0.00000e+00

   Total Virial (kJ/mol)
    3.04787e+03    1.58797e+02   -4.04864e+02
    1.58770e+02    1.80483e+03    4.57495e+02
   -4.05237e+02    4.57466e+02    2.44447e+03

   Pressure (bar)
   -2.49658e+03   -2.17984e+02    8.82425e+02
   -2.17939e+02   -3.13183e+02   -8.38110e+02
    8.83055e+02   -8.38061e+02   -1.51177e+03

  Epot (kJ/mol)        Coul-SR          LJ-SR        Coul-14          LJ-14   
Protein-Protein    5.84997e+01    0.00000e+00   -1.82900e+02    8.98130e-01
    Protein-SOL   -1.00008e+01   -1.69530e+01    0.00000e+00    0.00000e+00
        SOL-SOL   -3.18810e+04    5.72556e+03    0.00000e+00    0.00000e+00


	M E G A - F L O P S   A C C O U N T I N G

 NB=Group-cutoff nonbonded kernels    NxN=N-by-N cluster Verlet kernels
 RF=Reaction-Field  VdW=Van der Waals  QSTab=quadratic-spline table
 W3=SPC/TIP3p  W4=TIP4p (single or pairs)
 V&F=Potential and force  V=Potential only  F=Force only

 Computing:                               M-Number         M-Flops  % Flops
-----------------------------------------------------------------------------
 NB VdW & Elec. [W3-W3,V&F]             699.736286         699.736    67.9
 NB Free energy kernel                   22.250274          22.250     2.2
 1,4 nonbonded interactions               0.000656           0.059     0.0
 Calc Weights                             0.237267           8.542     0.8
 Spread Q Bspline                        10.123392          20.247     2.0
 Gather F Bspline                        10.123392          60.740     5.9
 3D-FFT                                  22.682348         181.459    17.6
 Solve PME                                0.047232           3.023     0.3
 NS-Pairs                                 0.785659          16.499     1.6
 Reset In Box                             0.003215           0.010     0.0
 Shift-X                                  0.316356           1.898     0.2
 CG-CoM                                   0.009645           0.029     0.0
 Angles                                   0.000492           0.083     0.0
 Propers                                  0.000082           0.019     0.0
 RB-Dihedrals                             0.000164           0.041     0.0
 Virial                                   0.080934           1.457     0.1
 Stop-CM                                  0.081018           0.810     0.1
 Calc-Ekin                                0.081018           2.187     0.2
 Lincs                                    0.000344           0.021     0.0
 Lincs-Mat                                0.006192           0.025     0.0
 Constraint-V                             0.081312           0.650     0.1
 Constraint-Vir                           0.079048           1.897     0.2
 Settle                                   0.027520           8.889     0.9
-----------------------------------------------------------------------------
 Total                                                    1030.570   100.0
-----------------------------------------------------------------------------


     R E A L   C Y C L E   A N D   T I M E   A C C O U N T I N G

On 1 MPI rank

 Computing:          Num   Num      Call    Wall time         Giga-Cycles
                     Ranks Threads  Count      (s)         total sum    %
-----------------------------------------------------------------------------
 Neighbor search        1    1          5       0.040          0.120   4.0
 Force                  1    1         41       0.592          1.785  59.5
 PME mesh               1    1         41       0.276          0.834  27.8
 Write traj.            1    1          2       0.051          0.153   5.1
 Update                 1    1         41       0.003          0.010   0.3
 Constraints            1    1         41       0.017          0.052   1.7
 Rest                                           0.015          0.046   1.5
-----------------------------------------------------------------------------
 Total                                          0.995          3.000 100.0
-----------------------------------------------------------------------------
 Breakdown of PME mesh computation
-----------------------------------------------------------------------------
 PME spread/gather      1    1        164       0.122          0.368  12.3
 PME 3D-FFT             1    1        164       0.105          0.318  10.6
 PME solve Elec         1    1         82       0.049          0.148   4.9
-----------------------------------------------------------------------------

               Core t (s)   Wall t (s)        (%)
       Time:        0.955        0.995       96.0
                 (ns/day)    (hour/ns)
Performance:        3.562        6.738
Finished mdrun on rank 0 Tue May 24 10:44:12 2016
