Log file opened on Sat Oct 10 23:36:19 2015
Host: tcbs14  pid: 27744  rank ID: 0  number of ranks:  1
 :-) GROMACS - gmx mdrun, VERSION 5.2-dev-20151010-f1eb5b3-dirty (double precision) (-:

                            GROMACS is written by:
     Emile Apol      Rossen Apostolov  Herman J.C. Berendsen    Par Bjelkmar   
 Aldert van Buuren   Rudi van Drunen     Anton Feenstra   Sebastian Fritsch 
  Gerrit Groenhof   Christoph Junghans   Anca Hamuraru    Vincent Hindriksen
 Dimitrios Karkoulis    Peter Kasson        Jiri Kraus      Carsten Kutzner  
    Per Larsson      Justin A. Lemkul   Magnus Lundborg   Pieter Meulenhoff 
   Erik Marklund      Teemu Murtola       Szilard Pall       Sander Pronk   
   Roland Schulz     Alexey Shvetsov     Michael Shirts     Alfons Sijbers  
   Peter Tieleman    Teemu Virolainen  Christian Wennberg    Maarten Wolf   
                           and the project leaders:
        Mark Abraham, Berk Hess, Erik Lindahl, and David van der Spoel

Copyright (c) 1991-2000, University of Groningen, The Netherlands.
Copyright (c) 2001-2015, The GROMACS development team at
Uppsala University, Stockholm University and
the Royal Institute of Technology, Sweden.
check out http://www.gromacs.org for more information.

GROMACS is free software; you can redistribute it and/or modify it
under the terms of the GNU Lesser General Public License
as published by the Free Software Foundation; either version 2.1
of the License, or (at your option) any later version.

GROMACS:      gmx mdrun, VERSION 5.2-dev-20151010-f1eb5b3-dirty (double precision)
Executable:   /nethome/lindahl/Code/gmx/git/master/dreference/bin/gmx_d
Data prefix:  /nethome/lindahl/Code/gmx/git/master/gromacs (source tree)
Command line:
  gmx_d mdrun -notunepme

GROMACS version:    VERSION 5.2-dev-20151010-f1eb5b3-dirty
GIT SHA1 hash:      f1eb5b34e81c61336efc90c1a4082a3537cdeae0 (dirty)
Branched from:      009f2bd7e12ae1288c08e02a5e82f3c23666ef02 (6 newer local commits)
Precision:          double
Memory model:       64 bit
MPI library:        none
OpenMP support:     disabled
GPU support:        disabled
OpenCL support:     disabled
invsqrt routine:    (1.0/sqrt(x))
SIMD instructions:  NONE
FFT library:        fftpack (built-in)
RDTSCP usage:       enabled
TNG support:        enabled
Tracing support:    disabled
Built on:           Sat Oct 10 13:52:47 CEST 2015
Built by:           lindahl@tcbs14 [CMAKE]
Build OS/arch:      Linux 3.13.0-65-generic x86_64
Build CPU vendor:   GenuineIntel
Build CPU brand:    Intel(R) Core(TM) i7-5960X CPU @ 3.00GHz
Build CPU family:   6   Model: 63   Stepping: 2
Build CPU features: aes apic avx avx2 clfsh cmov cx8 cx16 f16c fma htt lahf_lm mmx msr nonstop_tsc pcid pclmuldq pdcm pdpe1gb popcnt pse rdrnd rdtscp sse2 sse3 sse4.1 sse4.2 ssse3 tdt x2apic
C compiler:         /usr/bin/gcc-4.7 GNU 4.7.3
C compiler flags:       -Wundef -Wextra -Wno-missing-field-initializers -Wno-sign-compare -Wpointer-arith -Wall -Wno-unused -Wunused-value -Wunused-parameter -Wno-unknown-pragmas  -O0 -g
C++ compiler:       /usr/bin/g++-4.7 GNU 4.7.3
C++ compiler flags:    -std=c++0x  -Wundef -Wextra -Wno-missing-field-initializers -Wpointer-arith -Wall -Wno-unused-function -Wno-unknown-pragmas  -O0 -g
Boost version:      1.55.0 (internal)


Running on 1 node with total 8 cores, 16 logical cores
Hardware detected:
  CPU info:
    Vendor: GenuineIntel
    Brand:  Intel(R) Core(TM) i7-5960X CPU @ 3.00GHz
    Family:  6  model: 63  stepping:  2
    CPU features: aes apic avx avx2 clfsh cmov cx8 cx16 f16c fma htt lahf_lm mmx msr nonstop_tsc pcid pclmuldq pdcm pdpe1gb popcnt pse rdrnd rdtscp sse2 sse3 sse4.1 sse4.2 ssse3 tdt x2apic
    SIMD instructions most likely to fit this hardware: AVX2_256
    SIMD instructions selected at GROMACS compile time: None


Binary not matching hardware - you might be losing performance.
SIMD instructions most likely to fit this hardware: AVX2_256
SIMD instructions selected at GROMACS compile time: None


++++ PLEASE READ AND CITE THE FOLLOWING REFERENCE ++++
M. J. Abraham, T. Murtola, R. Schulz, S. Páll, J. C. Smith, B. Hess, E.
Lindahl
GROMACS: High performance molecular simulations through multi-level
parallelism from laptops to supercomputers
SoftwareX 1 (2015) pp. 19-25
-------- -------- --- Thank You --- -------- --------


++++ PLEASE READ AND CITE THE FOLLOWING REFERENCE ++++
S. Páll, M. J. Abraham, C. Kutzner, B. Hess, E. Lindahl
Tackling Exascale Software Challenges in Molecular Dynamics Simulations with
GROMACS
In S. Markidis & E. Laure (Eds.), Solving Software Challenges for Exascale 8759 (2015) pp. 3-27
-------- -------- --- Thank You --- -------- --------


++++ PLEASE READ AND CITE THE FOLLOWING REFERENCE ++++
S. Pronk, S. Páll, R. Schulz, P. Larsson, P. Bjelkmar, R. Apostolov, M. R.
Shirts, J. C. Smith, P. M. Kasson, D. van der Spoel, B. Hess, and E. Lindahl
GROMACS 4.5: a high-throughput and highly parallel open source molecular
simulation toolkit
Bioinformatics 29 (2013) pp. 845-54
-------- -------- --- Thank You --- -------- --------


++++ PLEASE READ AND CITE THE FOLLOWING REFERENCE ++++
B. Hess and C. Kutzner and D. van der Spoel and E. Lindahl
GROMACS 4: Algorithms for highly efficient, load-balanced, and scalable
molecular simulation
J. Chem. Theory Comput. 4 (2008) pp. 435-447
-------- -------- --- Thank You --- -------- --------


++++ PLEASE READ AND CITE THE FOLLOWING REFERENCE ++++
D. van der Spoel, E. Lindahl, B. Hess, G. Groenhof, A. E. Mark and H. J. C.
Berendsen
GROMACS: Fast, Flexible and Free
J. Comp. Chem. 26 (2005) pp. 1701-1719
-------- -------- --- Thank You --- -------- --------


++++ PLEASE READ AND CITE THE FOLLOWING REFERENCE ++++
E. Lindahl and B. Hess and D. van der Spoel
GROMACS 3.0: A package for molecular simulation and trajectory analysis
J. Mol. Mod. 7 (2001) pp. 306-317
-------- -------- --- Thank You --- -------- --------


++++ PLEASE READ AND CITE THE FOLLOWING REFERENCE ++++
H. J. C. Berendsen, D. van der Spoel and R. van Drunen
GROMACS: A message-passing parallel molecular dynamics implementation
Comp. Phys. Comm. 91 (1995) pp. 43-56
-------- -------- --- Thank You --- -------- --------

Changing nstlist from 10 to 40, rlist from 0.9 to 0.903

Input Parameters:
   integrator                     = md-vv
   tinit                          = 0
   dt                             = 0.0005
   nsteps                         = 20
   init-step                      = 0
   simulation-part                = 1
   comm-mode                      = Linear
   nstcomm                        = 4
   bd-fric                        = 0
   ld-seed                        = 975196
   emtol                          = 10
   emstep                         = 0.01
   niter                          = 20
   fcstep                         = 0
   nstcgsteep                     = 200
   nbfgscorr                      = 10
   rtpi                           = 0.05
   nstxout                        = 20
   nstvout                        = 20
   nstfout                        = 20
   nstlog                         = 4
   nstcalcenergy                  = 4
   nstenergy                      = 4
   nstxout-compressed             = 0
   compressed-x-precision         = 200
   cutoff-scheme                  = Verlet
   nstlist                        = 40
   ns-type                        = Grid
   pbc                            = xyz
   periodic-molecules             = FALSE
   verlet-buffer-tolerance        = 0.005
   rlist                          = 0.903
   rlistlong                      = 0.903
   nstcalclr                      = 10
   coulombtype                    = PME
   coulomb-modifier               = Potential-shift
   rcoulomb-switch                = 0
   rcoulomb                       = 0.9
   epsilon-r                      = 1
   epsilon-rf                     = 1
   vdw-type                       = Cut-off
   vdw-modifier                   = Potential-shift
   rvdw-switch                    = 0
   rvdw                           = 0.9
   DispCorr                       = EnerPres
   table-extension                = 1
   fourierspacing                 = 0
   fourier-nx                     = 20
   fourier-ny                     = 20
   fourier-nz                     = 20
   pme-order                      = 4
   ewald-rtol                     = 1e-05
   ewald-rtol-lj                  = 0.001
   lj-pme-comb-rule               = Geometric
   ewald-geometry                 = 0
   epsilon-surface                = 0
   implicit-solvent               = No
   gb-algorithm                   = Still
   nstgbradii                     = 1
   rgbradii                       = 2
   gb-epsilon-solvent             = 80
   gb-saltconc                    = 0
   gb-obc-alpha                   = 1
   gb-obc-beta                    = 0.8
   gb-obc-gamma                   = 4.85
   gb-dielectric-offset           = 0.009
   sa-algorithm                   = Ace-approximation
   sa-surface-tension             = 2.05016
   tcoupl                         = V-rescale
   nsttcouple                     = 10
   nh-chain-length                = 0
   print-nose-hoover-chain-variables = FALSE
   pcoupl                         = Berendsen
   pcoupltype                     = Isotropic
   nstpcouple                     = 10
   tau-p                          = 1
   compressibility (3x3):
      compressibility[    0]={ 4.60000e-05,  0.00000e+00,  0.00000e+00}
      compressibility[    1]={ 0.00000e+00,  4.60000e-05,  0.00000e+00}
      compressibility[    2]={ 0.00000e+00,  0.00000e+00,  4.60000e-05}
   ref-p (3x3):
      ref-p[    0]={ 1.00000e+00,  0.00000e+00,  0.00000e+00}
      ref-p[    1]={ 0.00000e+00,  1.00000e+00,  0.00000e+00}
      ref-p[    2]={ 0.00000e+00,  0.00000e+00,  1.00000e+00}
   refcoord-scaling               = No
   posres-com (3):
      posres-com[0]= 0.00000e+00
      posres-com[1]= 0.00000e+00
      posres-com[2]= 0.00000e+00
   posres-comB (3):
      posres-comB[0]= 0.00000e+00
      posres-comB[1]= 0.00000e+00
      posres-comB[2]= 0.00000e+00
   QMMM                           = FALSE
   QMconstraints                  = 0
   QMMMscheme                     = 0
   MMChargeScaleFactor            = 1
qm-opts:
   ngQM                           = 0
   constraint-algorithm           = Lincs
   continuation                   = FALSE
   Shake-SOR                      = FALSE
   shake-tol                      = 0.0001
   lincs-order                    = 4
   lincs-iter                     = 1
   lincs-warnangle                = 30
   nwall                          = 0
   wall-type                      = 9-3
   wall-r-linpot                  = -1
   wall-atomtype[0]               = -1
   wall-atomtype[1]               = -1
   wall-density[0]                = 0
   wall-density[1]                = 0
   wall-ewald-zfac                = 3
   pull                           = FALSE
   rotation                       = FALSE
   interactiveMD                  = FALSE
   disre                          = No
   disre-weighting                = Conservative
   disre-mixed                    = FALSE
   dr-fc                          = 200
   dr-tau                         = 0
   nstdisreout                    = 20
   orire-fc                       = 0
   orire-tau                      = 0
   nstorireout                    = 20
   free-energy                    = slow-growth
   init-lambda                    = 0
   init-lambda-state              = -1
   delta-lambda                   = 0.05
   nstdhdl                        = 100
   n-lambdas                      = 0
   calc-lambda-neighbors          = 1
   dhdl-print-energy              = no
   sc-alpha                       = 0.6
   sc-power                       = 1
   sc-r-power                     = 6
   sc-sigma                       = 0.28
   sc-sigma-min                   = 0.28
   sc-coul                        = TRUE
   dh-hist-size                   = 0
   dh-hist-spacing                = 0.1
   separate-dhdl-file             = yes
   dhdl-derivatives               = yes
   cos-acceleration               = 0
   deform (3x3):
      deform[    0]={ 0.00000e+00,  0.00000e+00,  0.00000e+00}
      deform[    1]={ 0.00000e+00,  0.00000e+00,  0.00000e+00}
      deform[    2]={ 0.00000e+00,  0.00000e+00,  0.00000e+00}
   simulated-tempering            = FALSE
   E-x:
      n = 0
   E-xt:
      n = 0
   E-y:
      n = 0
   E-yt:
      n = 0
   E-z:
      n = 0
   E-zt:
      n = 0
   swapcoords                     = no
   adress                         = FALSE
   userint1                       = 0
   userint2                       = 0
   userint3                       = 0
   userint4                       = 0
   userreal1                      = 0
   userreal2                      = 0
   userreal3                      = 0
   userreal4                      = 0
grpopts:
   nrdf:        3045
   ref-t:         298
   tau-t:         0.5
annealing:          No
annealing-npoints:           0
   acc:	           0           0           0
   nfreeze:           N           N           N
   energygrp-flags[  0]: 0 0
   energygrp-flags[  1]: 0 0


NOTE: GROMACS was compiled without OpenMP and (thread-)MPI support, can only use a single CPU core

Will do PME sum in reciprocal space for electrostatic interactions.

++++ PLEASE READ AND CITE THE FOLLOWING REFERENCE ++++
U. Essmann, L. Perera, M. L. Berkowitz, T. Darden, H. Lee and L. G. Pedersen 
A smooth particle mesh Ewald method
J. Chem. Phys. 103 (1995) pp. 8577-8592
-------- -------- --- Thank You --- -------- --------

Will do ordinary reciprocal space Ewald sum.
Using a Gaussian width (1/beta) of 0.288146 nm for Ewald
Cut-off's:   NS: 0.903   Coulomb: 0.9   LJ: 0.9
Long Range LJ corr.: <C6> 2.9770e-04
System total charge, top. A: 0.000 top. B: 0.000
Generated table with 3806 data points for Ewald.
Tabscale = 2000 points/nm
Generated table with 3806 data points for LJ6.
Tabscale = 2000 points/nm
Generated table with 3806 data points for LJ12.
Tabscale = 2000 points/nm
Potential shift: LJ r^-12: -3.541e+00 r^-6: -1.882e+00, Ewald -1.000e-05
Initialized non-bonded Ewald correction tables, spacing: 8.85e-04 size: 1018


Using plain C 4x4 non-bonded kernels


WARNING: Using the slow plain C kernels. This should
not happen during routine usage on supported platforms.


Using full Lennard-Jones parameter combination matrix

There are 16 atoms and 13 charges for free energy perturbation
Removing pbc first time

++++ PLEASE READ AND CITE THE FOLLOWING REFERENCE ++++
S. Miyamoto and P. A. Kollman
SETTLE: An Analytical Version of the SHAKE and RATTLE Algorithms for Rigid
Water Models
J. Comp. Chem. 13 (1992) pp. 952-962
-------- -------- --- Thank You --- -------- --------

Initial vector of lambda components:[     0.0000     0.0000     0.0000     0.0000     0.0000     0.0000     0.0000 ]
Center of mass motion removal mode is Linear
We have the following groups for center of mass motion removal:
  0:  rest

++++ PLEASE READ AND CITE THE FOLLOWING REFERENCE ++++
G. Bussi, D. Donadio and M. Parrinello
Canonical sampling through velocity rescaling
J. Chem. Phys. 126 (2007) pp. 014101
-------- -------- --- Thank You --- -------- --------

There are: 1516 Atoms

Constraining the starting coordinates (step 0)
RMS relative constraint deviation after constraining: 0.00e+00
Initial temperature: 291.763 K

Started mdrun on rank 0 Sat Oct 10 23:36:19 2015
           Step           Time
              0        0.00000

   Energies (kJ/mol)
        G96Bond       G96Angle  Improper Dih.        LJ (SR)  Disper. corr.
    1.34228e+01    1.35643e+01    5.09137e+00    4.52798e+03   -2.60670e+02
   Coulomb (SR)   Coul. recip.      Potential    Kinetic En.   Total Energy
   -2.78688e+04    1.75573e+02   -2.33938e+04    3.69336e+03   -1.97004e+04
    Temperature Pres. DC (bar) Pressure (bar)    dVremain/dl
    2.91763e+02   -2.87945e+02   -2.78866e+02   -9.92078e+01

           Step           Time
              4        0.00200

   Energies (kJ/mol)
        G96Bond       G96Angle  Improper Dih.        LJ (SR)  Disper. corr.
    1.24212e+01    8.76915e+00    4.48977e+00    4.52910e+03   -2.58413e+02
   Coulomb (SR)   Coul. recip.      Potential    Kinetic En.   Total Energy
   -2.78456e+04    1.81480e+02   -2.33678e+04    3.65377e+03   -1.97140e+04
    Temperature Pres. DC (bar) Pressure (bar)    dVremain/dl
    2.88636e+02   -2.85471e+02   -3.48698e+02    6.97154e+01

           Step           Time
              8        0.00400

   Energies (kJ/mol)
        G96Bond       G96Angle  Improper Dih.        LJ (SR)  Disper. corr.
    1.26431e+01    9.43934e+00    4.71010e+00    4.53681e+03   -2.56140e+02
   Coulomb (SR)   Coul. recip.      Potential    Kinetic En.   Total Energy
   -2.78227e+04    1.86955e+02   -2.33283e+04    3.63461e+03   -1.96937e+04
    Temperature Pres. DC (bar) Pressure (bar)    dVremain/dl
    2.87122e+02   -2.82960e+02   -3.90152e+02    1.32068e+02

           Step           Time
             12        0.00600

   Energies (kJ/mol)
        G96Bond       G96Angle  Improper Dih.        LJ (SR)  Disper. corr.
    2.06028e+01    1.34008e+01    5.20492e+00    4.55018e+03   -2.53892e+02
   Coulomb (SR)   Coul. recip.      Potential    Kinetic En.   Total Energy
   -2.78135e+04    1.91486e+02   -2.32865e+04    3.60018e+03   -1.96864e+04
    Temperature Pres. DC (bar) Pressure (bar)    dVremain/dl
    2.84402e+02   -2.80504e+02    4.47747e+02    1.72642e+02

           Step           Time
             16        0.00800

   Energies (kJ/mol)
        G96Bond       G96Angle  Improper Dih.        LJ (SR)  Disper. corr.
    2.76385e+01    1.61579e+01    5.70968e+00    4.56068e+03   -2.51619e+02
   Coulomb (SR)   Coul. recip.      Potential    Kinetic En.   Total Energy
   -2.78207e+04    1.94895e+02   -2.32672e+04    3.61563e+03   -1.96516e+04
    Temperature Pres. DC (bar) Pressure (bar)    dVremain/dl
    2.85623e+02   -2.77992e+02   -5.74878e+02    2.03970e+02

           Step           Time
             20        0.01000

Writing checkpoint, step 20 at Sat Oct 10 23:36:20 2015


   Energies (kJ/mol)
        G96Bond       G96Angle  Improper Dih.        LJ (SR)  Disper. corr.
    2.15655e+01    1.66226e+01    6.16438e+00    4.57076e+03   -2.49346e+02
   Coulomb (SR)   Coul. recip.      Potential    Kinetic En.   Total Energy
   -2.78354e+04    1.97216e+02   -2.32725e+04    3.66377e+03   -1.96087e+04
    Temperature Pres. DC (bar) Pressure (bar)    dVremain/dl
    2.89426e+02   -2.75481e+02   -5.29279e+02    2.29852e+02

	<======  ###############  ==>
	<====  A V E R A G E S  ====>
	<==  ###############  ======>

	Statistics over 21 steps using 11 frames

   Energies (kJ/mol)
        G96Bond       G96Angle  Improper Dih.        LJ (SR)  Disper. corr.
    1.79459e+01    1.26751e+01    5.15296e+00    4.54432e+03   -2.55270e+02
   Coulomb (SR)   Coul. recip.      Potential    Kinetic En.   Total Energy
   -2.78334e+04    1.87618e+02   -2.33210e+04    3.63998e+03   -1.96810e+04
    Temperature Pres. DC (bar) Pressure (bar)    dVremain/dl
    2.87546e+02   -2.82008e+02   -3.50593e+02    1.18628e+02

          Box-X          Box-Y          Box-Z
    2.46925e+00    2.46925e+00    2.46925e+00

   Total Virial (kJ/mol)
    1.56199e+03    6.28021e+01   -4.42721e+02
    6.28021e+01    1.48742e+03   -2.41650e+02
   -4.42721e+02   -2.41650e+02    1.06738e+03

   Pressure (bar)
   -8.19699e+02   -2.54438e+02    9.97545e+02
   -2.54438e+02   -5.12203e+02    4.36365e+02
    9.97545e+02    4.36365e+02    2.80122e+02

  Epot (kJ/mol)        Coul-SR          LJ-SR   
Protein-Protein   -1.93807e+01   -1.47825e+00
   Protein-rest   -2.96005e+01   -2.80375e+01
      rest-rest   -2.77844e+04    4.57383e+03


	M E G A - F L O P S   A C C O U N T I N G

 NB=Group-cutoff nonbonded kernels    NxN=N-by-N cluster Verlet kernels
 RF=Reaction-Field  VdW=Van der Waals  QSTab=quadratic-spline table
 W3=SPC/TIP3p  W4=TIP4p (single or pairs)
 V&F=Potential and force  V=Potential only  F=Force only

 Computing:                               M-Number         M-Flops  % Flops
-----------------------------------------------------------------------------
 NB Free energy kernel                   29.598156          29.598     5.0
 Pair Search distance check               0.392110           3.529     0.6
 NxN QSTab Elec. + LJ [F]                 2.419440          99.197    16.8
 NxN QSTab Elec. + LJ [V&F]               2.661384         157.022    26.6
 NxN QSTab Elec. [F]                      2.327440          79.133    13.4
 NxN QSTab Elec. [V&F]                    2.560184         104.968    17.8
 Calc Weights                             0.095508           3.438     0.6
 Spread Q Bspline                         4.075008           8.150     1.4
 Gather F Bspline                         4.075008          24.450     4.1
 3D-FFT                                   8.712984          69.704    11.8
 Solve PME                                0.016800           1.075     0.2
 Shift-X                                  0.001516           0.009     0.0
 Bonds                                    0.000357           0.021     0.0
 Angles                                   0.000567           0.095     0.0
 Impropers                                0.000420           0.087     0.0
 Virial                                   0.020293           0.365     0.1
 Stop-CM                                  0.001516           0.015     0.0
 P-Coupling                               0.003032           0.018     0.0
 Calc-Ekin                                0.031836           0.860     0.1
 Constraint-V                             0.031500           0.252     0.0
 Constraint-Vir                           0.019500           0.468     0.1
 Settle                                   0.022000           7.106     1.2
-----------------------------------------------------------------------------
 Total                                                     589.561   100.0
-----------------------------------------------------------------------------


     R E A L   C Y C L E   A N D   T I M E   A C C O U N T I N G

On 1 MPI rank

 Computing:          Num   Num      Call    Wall time         Giga-Cycles
                     Ranks Threads  Count      (s)         total sum    %
-----------------------------------------------------------------------------
 Neighbor search        1    1          1       0.016          0.047   1.7
 Force                  1    1         21       0.752          2.269  81.5
 PME mesh               1    1         21       0.088          0.267   9.6
 NB X/F buffer ops.     1    1         41       0.001          0.002   0.1
 Write traj.            1    1          2       0.050          0.152   5.4
 Update                 1    1         84       0.003          0.008   0.3
 Constraints            1    1         42       0.006          0.018   0.6
 Rest                                           0.008          0.024   0.8
-----------------------------------------------------------------------------
 Total                                          0.923          2.785 100.0
-----------------------------------------------------------------------------
 Breakdown of PME mesh computation
-----------------------------------------------------------------------------
 PME spread/gather      1    1         84       0.048          0.145   5.2
 PME 3D-FFT             1    1         84       0.030          0.091   3.3
 PME solve Elec         1    1         42       0.010          0.030   1.1
-----------------------------------------------------------------------------

               Core t (s)   Wall t (s)        (%)
       Time:        0.884        0.923       95.7
                 (ns/day)    (hour/ns)
Performance:        0.982       24.428
Finished mdrun on rank 0 Sat Oct 10 23:36:20 2015
