Log file opened on Wed Oct 12 21:02:42 2016
Host: bs-nix-amd  pid: 22625  rank ID: 0  number of ranks:  1
         :-) GROMACS - gmx mdrun, 2017-dev-20161012-9d17a45-unknown (-:

                            GROMACS is written by:
     Emile Apol      Rossen Apostolov  Herman J.C. Berendsen    Par Bjelkmar   
 Aldert van Buuren   Rudi van Drunen     Anton Feenstra    Gerrit Groenhof  
 Christoph Junghans   Anca Hamuraru    Vincent Hindriksen Dimitrios Karkoulis
    Peter Kasson        Jiri Kraus      Carsten Kutzner      Per Larsson    
  Justin A. Lemkul   Magnus Lundborg   Pieter Meulenhoff    Erik Marklund   
   Teemu Murtola       Szilard Pall       Sander Pronk      Roland Schulz   
  Alexey Shvetsov     Michael Shirts     Alfons Sijbers     Peter Tieleman  
  Teemu Virolainen  Christian Wennberg    Maarten Wolf   
                           and the project leaders:
        Mark Abraham, Berk Hess, Erik Lindahl, and David van der Spoel

Copyright (c) 1991-2000, University of Groningen, The Netherlands.
Copyright (c) 2001-2015, The GROMACS development team at
Uppsala University, Stockholm University and
the Royal Institute of Technology, Sweden.
check out http://www.gromacs.org for more information.

GROMACS is free software; you can redistribute it and/or modify it
under the terms of the GNU Lesser General Public License
as published by the Free Software Foundation; either version 2.1
of the License, or (at your option) any later version.

GROMACS:      gmx mdrun, version 2017-dev-20161012-9d17a45-unknown
Executable:   /mnt/workspace/Gromacs_OnDemand_workflow/gromacs/bin/gmx
Data prefix:  /mnt/workspace/Gromacs_OnDemand_workflow/gromacs (source tree)
Working dir:  /mnt/workspace/Gromacs_OnDemand_workflow/regressiontests/complex/nbnxn-free-energy-vv
Command line:
  gmx mdrun -notunepme

GROMACS version:    2017-dev-20161012-9d17a45-unknown
GIT SHA1 hash:      9d17a45959f3675e4b41dbaa2a0bdc508a10f5b7
Branched from:      unknown
Precision:          single
Memory model:       64 bit
MPI library:        none
OpenMP support:     disabled
GPU support:        disabled
SIMD instructions:  NONE
FFT library:        fftpack (built-in)
RDTSCP usage:       enabled
TNG support:        enabled
Hwloc support:      hwloc-1.11.0
Tracing support:    disabled
Built on:           Wed Oct 12 20:56:31 CEST 2016
Built by:           jenkins@bs-nix-amd [CMAKE]
Build OS/arch:      Linux 3.19.0-65-generic x86_64
Build CPU vendor:   AMD
Build CPU brand:    AMD FX(tm)-8350 Eight-Core Processor
Build CPU family:   21   Model: 2   Stepping: 0
Build CPU features: aes apic avx clfsh cmov cx8 cx16 f16c fma fma4 htt lahf misalignsse mmx msr nonstop_tsc pclmuldq pdpe1gb popcnt pse rdtscp sse2 sse3 sse4a sse4.1 sse4.2 ssse3 xop
C compiler:         /usr/bin/gcc-4.8 GNU 4.8.5
C compiler flags:       -Wundef -Wextra -Wno-missing-field-initializers -Wno-sign-compare -Wpointer-arith -Wall -Wno-unused -Wunused-value -Wunused-parameter -Wno-unknown-pragmas  -O0 -g
C++ compiler:       /usr/bin/g++-4.8 GNU 4.8.5
C++ compiler flags:     -std=c++11  -Wundef -Wextra -Wno-missing-field-initializers -Wpointer-arith -Wall -Wno-unused-function -Wno-unknown-pragmas  -O0 -g


Running on 1 node with total 8 cores, 8 logical cores
Hardware detected:
  CPU info:
    Vendor: AMD
    Brand:  AMD FX(tm)-8350 Eight-Core Processor           
    Family: 21   Model: 2   Stepping: 0
    Features: aes apic avx clfsh cmov cx8 cx16 f16c fma fma4 htt lahf misalignsse mmx msr nonstop_tsc pclmuldq pdpe1gb popcnt pse rdtscp sse2 sse3 sse4a sse4.1 sse4.2 ssse3 xop
    SIMD instructions most likely to fit this hardware: AVX_128_FMA
    SIMD instructions selected at GROMACS compile time: None

  Hardware topology: Full, with devices
    Sockets, cores, and logical processors:
      Socket  0: [   0] [   1] [   2] [   3] [   4] [   5] [   6] [   7]
    Numa nodes:
      Node  0 (8090742784 bytes mem):   0   1   2   3   4   5   6   7
      Latency:
               0
         0  1.00
    Caches:
      L1: 16384 bytes, linesize 64 bytes, assoc. 4, shared 1 ways
      L2: 2097152 bytes, linesize 64 bytes, assoc. 16, shared 2 ways
      L3: 8388608 bytes, linesize 64 bytes, assoc. 64, shared 8 ways
    PCI devices:
      0000:01:05.0  Id: 1002:9616  Class: 0x0300  Numa: 0
      0000:02:00.0  Id: 1969:1083  Class: 0x0200  Numa: 0
      0000:00:11.0  Id: 1002:4391  Class: 0x0106  Numa: 0
      0000:00:14.1  Id: 1002:439c  Class: 0x0101  Numa: 0


Binary not matching hardware - you might be losing performance.
SIMD instructions most likely to fit this hardware: AVX_128_FMA
SIMD instructions selected at GROMACS compile time: None


++++ PLEASE READ AND CITE THE FOLLOWING REFERENCE ++++
M. J. Abraham, T. Murtola, R. Schulz, S. Páll, J. C. Smith, B. Hess, E.
Lindahl
GROMACS: High performance molecular simulations through multi-level
parallelism from laptops to supercomputers
SoftwareX 1 (2015) pp. 19-25
-------- -------- --- Thank You --- -------- --------


++++ PLEASE READ AND CITE THE FOLLOWING REFERENCE ++++
S. Páll, M. J. Abraham, C. Kutzner, B. Hess, E. Lindahl
Tackling Exascale Software Challenges in Molecular Dynamics Simulations with
GROMACS
In S. Markidis & E. Laure (Eds.), Solving Software Challenges for Exascale 8759 (2015) pp. 3-27
-------- -------- --- Thank You --- -------- --------


++++ PLEASE READ AND CITE THE FOLLOWING REFERENCE ++++
S. Pronk, S. Páll, R. Schulz, P. Larsson, P. Bjelkmar, R. Apostolov, M. R.
Shirts, J. C. Smith, P. M. Kasson, D. van der Spoel, B. Hess, and E. Lindahl
GROMACS 4.5: a high-throughput and highly parallel open source molecular
simulation toolkit
Bioinformatics 29 (2013) pp. 845-54
-------- -------- --- Thank You --- -------- --------


++++ PLEASE READ AND CITE THE FOLLOWING REFERENCE ++++
B. Hess and C. Kutzner and D. van der Spoel and E. Lindahl
GROMACS 4: Algorithms for highly efficient, load-balanced, and scalable
molecular simulation
J. Chem. Theory Comput. 4 (2008) pp. 435-447
-------- -------- --- Thank You --- -------- --------


++++ PLEASE READ AND CITE THE FOLLOWING REFERENCE ++++
D. van der Spoel, E. Lindahl, B. Hess, G. Groenhof, A. E. Mark and H. J. C.
Berendsen
GROMACS: Fast, Flexible and Free
J. Comp. Chem. 26 (2005) pp. 1701-1719
-------- -------- --- Thank You --- -------- --------


++++ PLEASE READ AND CITE THE FOLLOWING REFERENCE ++++
E. Lindahl and B. Hess and D. van der Spoel
GROMACS 3.0: A package for molecular simulation and trajectory analysis
J. Mol. Mod. 7 (2001) pp. 306-317
-------- -------- --- Thank You --- -------- --------


++++ PLEASE READ AND CITE THE FOLLOWING REFERENCE ++++
H. J. C. Berendsen, D. van der Spoel and R. van Drunen
GROMACS: A message-passing parallel molecular dynamics implementation
Comp. Phys. Comm. 91 (1995) pp. 43-56
-------- -------- --- Thank You --- -------- --------

Changing nstlist from 10 to 40, rlist from 0.9 to 0.903

Input Parameters:
   integrator                     = md-vv
   tinit                          = 0
   dt                             = 0.0005
   nsteps                         = 20
   init-step                      = 0
   simulation-part                = 1
   comm-mode                      = Linear
   nstcomm                        = 4
   bd-fric                        = 0
   ld-seed                        = 975196
   emtol                          = 10
   emstep                         = 0.01
   niter                          = 20
   fcstep                         = 0
   nstcgsteep                     = 200
   nbfgscorr                      = 10
   rtpi                           = 0.05
   nstxout                        = 20
   nstvout                        = 20
   nstfout                        = 20
   nstlog                         = 4
   nstcalcenergy                  = 4
   nstenergy                      = 4
   nstxout-compressed             = 0
   compressed-x-precision         = 200
   cutoff-scheme                  = Verlet
   nstlist                        = 40
   ns-type                        = Grid
   pbc                            = xyz
   periodic-molecules             = false
   verlet-buffer-tolerance        = 0.005
   rlist                          = 0.903
   coulombtype                    = PME
   coulomb-modifier               = Potential-shift
   rcoulomb-switch                = 0
   rcoulomb                       = 0.9
   epsilon-r                      = 1
   epsilon-rf                     = 1
   vdw-type                       = Cut-off
   vdw-modifier                   = Potential-shift
   rvdw-switch                    = 0
   rvdw                           = 0.9
   DispCorr                       = EnerPres
   table-extension                = 1
   fourierspacing                 = 0
   fourier-nx                     = 20
   fourier-ny                     = 20
   fourier-nz                     = 20
   pme-order                      = 4
   ewald-rtol                     = 1e-05
   ewald-rtol-lj                  = 0.001
   lj-pme-comb-rule               = Geometric
   ewald-geometry                 = 0
   epsilon-surface                = 0
   implicit-solvent               = No
   gb-algorithm                   = Still
   nstgbradii                     = 1
   rgbradii                       = 2
   gb-epsilon-solvent             = 80
   gb-saltconc                    = 0
   gb-obc-alpha                   = 1
   gb-obc-beta                    = 0.8
   gb-obc-gamma                   = 4.85
   gb-dielectric-offset           = 0.009
   sa-algorithm                   = Ace-approximation
   sa-surface-tension             = 2.05016
   tcoupl                         = V-rescale
   nsttcouple                     = 10
   nh-chain-length                = 0
   print-nose-hoover-chain-variables = false
   pcoupl                         = Berendsen
   pcoupltype                     = Isotropic
   nstpcouple                     = 10
   tau-p                          = 1
   compressibility (3x3):
      compressibility[    0]={ 4.60000e-05,  0.00000e+00,  0.00000e+00}
      compressibility[    1]={ 0.00000e+00,  4.60000e-05,  0.00000e+00}
      compressibility[    2]={ 0.00000e+00,  0.00000e+00,  4.60000e-05}
   ref-p (3x3):
      ref-p[    0]={ 1.00000e+00,  0.00000e+00,  0.00000e+00}
      ref-p[    1]={ 0.00000e+00,  1.00000e+00,  0.00000e+00}
      ref-p[    2]={ 0.00000e+00,  0.00000e+00,  1.00000e+00}
   refcoord-scaling               = No
   posres-com (3):
      posres-com[0]= 0.00000e+00
      posres-com[1]= 0.00000e+00
      posres-com[2]= 0.00000e+00
   posres-comB (3):
      posres-comB[0]= 0.00000e+00
      posres-comB[1]= 0.00000e+00
      posres-comB[2]= 0.00000e+00
   QMMM                           = false
   QMconstraints                  = 0
   QMMMscheme                     = 0
   MMChargeScaleFactor            = 1
qm-opts:
   ngQM                           = 0
   constraint-algorithm           = Lincs
   continuation                   = false
   Shake-SOR                      = false
   shake-tol                      = 0.0001
   lincs-order                    = 4
   lincs-iter                     = 1
   lincs-warnangle                = 30
   nwall                          = 0
   wall-type                      = 9-3
   wall-r-linpot                  = -1
   wall-atomtype[0]               = -1
   wall-atomtype[1]               = -1
   wall-density[0]                = 0
   wall-density[1]                = 0
   wall-ewald-zfac                = 3
   pull                           = false
   rotation                       = false
   interactiveMD                  = false
   disre                          = No
   disre-weighting                = Conservative
   disre-mixed                    = false
   dr-fc                          = 200
   dr-tau                         = 0
   nstdisreout                    = 20
   orire-fc                       = 0
   orire-tau                      = 0
   nstorireout                    = 20
   free-energy                    = slow-growth
   init-lambda                    = 0
   init-lambda-state              = -1
   delta-lambda                   = 0.05
   nstdhdl                        = 100
   n-lambdas                      = 0
   calc-lambda-neighbors          = 1
   dhdl-print-energy              = no
   sc-alpha                       = 0.6
   sc-power                       = 1
   sc-r-power                     = 6
   sc-sigma                       = 0.28
   sc-sigma-min                   = 0.28
   sc-coul                        = true
   dh-hist-size                   = 0
   dh-hist-spacing                = 0.1
   separate-dhdl-file             = yes
   dhdl-derivatives               = yes
   cos-acceleration               = 0
   deform (3x3):
      deform[    0]={ 0.00000e+00,  0.00000e+00,  0.00000e+00}
      deform[    1]={ 0.00000e+00,  0.00000e+00,  0.00000e+00}
      deform[    2]={ 0.00000e+00,  0.00000e+00,  0.00000e+00}
   simulated-tempering            = false
   ElectricField:
      -X E0 = 0 omega = 0 t0 = 0 sigma = 0
      -Y E0 = 0 omega = 0 t0 = 0 sigma = 0
      -Z E0 = 0 omega = 0 t0 = 0 sigma = 0
   swapcoords                     = no
   userint1                       = 0
   userint2                       = 0
   userint3                       = 0
   userint4                       = 0
   userreal1                      = 0
   userreal2                      = 0
   userreal3                      = 0
   userreal4                      = 0
grpopts:
   nrdf:        3045
   ref-t:         298
   tau-t:         0.5
annealing:          No
annealing-npoints:           0
   acc:	           0           0           0
   nfreeze:           N           N           N
   energygrp-flags[  0]: 0 0
   energygrp-flags[  1]: 0 0

NOTE: GROMACS was compiled without OpenMP and (thread-)MPI support, can only use a single CPU core
System total charge, top. A: 0.000 top. B: 0.000
Will do PME sum in reciprocal space for electrostatic interactions.

++++ PLEASE READ AND CITE THE FOLLOWING REFERENCE ++++
U. Essmann, L. Perera, M. L. Berkowitz, T. Darden, H. Lee and L. G. Pedersen 
A smooth particle mesh Ewald method
J. Chem. Phys. 103 (1995) pp. 8577-8592
-------- -------- --- Thank You --- -------- --------

Will do ordinary reciprocal space Ewald sum.
Using a Gaussian width (1/beta) of 0.288146 nm for Ewald
Cut-off's:   NS: 0.903   Coulomb: 0.9   LJ: 0.9
Long Range LJ corr.: <C6> 2.9770e-04
Generated table with 951 data points for Ewald.
Tabscale = 500 points/nm
Generated table with 951 data points for LJ6.
Tabscale = 500 points/nm
Generated table with 951 data points for LJ12.
Tabscale = 500 points/nm
Potential shift: LJ r^-12: -3.541e+00 r^-6: -1.882e+00, Ewald -1.000e-05
Initialized non-bonded Ewald correction tables, spacing: 8.85e-04 size: 1018


Using plain C 4x4 non-bonded kernels


WARNING: Using the slow plain C kernels. This should
not happen during routine usage on supported platforms.
Using full Lennard-Jones parameter combination matrix

There are 16 atoms and 13 charges for free energy perturbation
Removing pbc first time

NOTE: Thread affinity setting failed. This can cause performance degradation.
      If you think your settings are correct, ask on the gmx-users list.

++++ PLEASE READ AND CITE THE FOLLOWING REFERENCE ++++
S. Miyamoto and P. A. Kollman
SETTLE: An Analytical Version of the SHAKE and RATTLE Algorithms for Rigid
Water Models
J. Comp. Chem. 13 (1992) pp. 952-962
-------- -------- --- Thank You --- -------- --------


Intra-simulation communication will occur every 2 steps.
Initial vector of lambda components:[     0.0000     0.0000     0.0000     0.0000     0.0000     0.0000     0.0000 ]
Center of mass motion removal mode is Linear
We have the following groups for center of mass motion removal:
  0:  rest

++++ PLEASE READ AND CITE THE FOLLOWING REFERENCE ++++
G. Bussi, D. Donadio and M. Parrinello
Canonical sampling through velocity rescaling
J. Chem. Phys. 126 (2007) pp. 014101
-------- -------- --- Thank You --- -------- --------

There are: 1516 Atoms

Constraining the starting coordinates (step 0)
RMS relative constraint deviation after constraining: 0.00e+00
Initial temperature: 291.763 K

Started mdrun on rank 0 Wed Oct 12 21:02:42 2016
           Step           Time
              0        0.00000

   Energies (kJ/mol)
        G96Bond       G96Angle  Improper Dih.        LJ (SR)  Disper. corr.
    1.34229e+01    1.35642e+01    5.09136e+00    4.52798e+03   -2.60670e+02
   Coulomb (SR)   Coul. recip.      Potential    Kinetic En.   Total Energy
   -2.78693e+04    1.75572e+02   -2.33944e+04    3.69336e+03   -1.97010e+04
    Temperature Pres. DC (bar) Pressure (bar)    dVremain/dl
    2.91763e+02   -2.87945e+02   -2.51699e+02   -9.92083e+01

           Step           Time
              4        0.00200

   Energies (kJ/mol)
        G96Bond       G96Angle  Improper Dih.        LJ (SR)  Disper. corr.
    1.24211e+01    8.76931e+00    4.48970e+00    4.52890e+03   -2.58412e+02
   Coulomb (SR)   Coul. recip.      Potential    Kinetic En.   Total Energy
   -2.78462e+04    1.81480e+02   -2.33686e+04    3.65319e+03   -1.97154e+04
    Temperature Pres. DC (bar) Pressure (bar)    dVremain/dl
    2.88590e+02   -2.85467e+02   -3.41993e+02    6.97158e+01

           Step           Time
              8        0.00400

   Energies (kJ/mol)
        G96Bond       G96Angle  Improper Dih.        LJ (SR)  Disper. corr.
    1.26421e+01    9.43869e+00    4.70982e+00    4.53662e+03   -2.56139e+02
   Coulomb (SR)   Coul. recip.      Potential    Kinetic En.   Total Energy
   -2.78232e+04    1.86952e+02   -2.33290e+04    3.63408e+03   -1.96949e+04
    Temperature Pres. DC (bar) Pressure (bar)    dVremain/dl
    2.87080e+02   -2.82956e+02   -3.90905e+02    1.32068e+02

           Step           Time
             12        0.00600

   Energies (kJ/mol)
        G96Bond       G96Angle  Improper Dih.        LJ (SR)  Disper. corr.
    2.06056e+01    1.34001e+01    5.20458e+00    4.54994e+03   -2.53890e+02
   Coulomb (SR)   Coul. recip.      Potential    Kinetic En.   Total Energy
   -2.78166e+04    1.91495e+02   -2.32898e+04    3.60157e+03   -1.96882e+04
    Temperature Pres. DC (bar) Pressure (bar)    dVremain/dl
    2.84512e+02   -2.80500e+02   -4.97012e+02    1.72643e+02

           Step           Time
             16        0.00800

   Energies (kJ/mol)
        G96Bond       G96Angle  Improper Dih.        LJ (SR)  Disper. corr.
    2.76481e+01    1.61598e+01    5.70970e+00    4.56041e+03   -2.51617e+02
   Coulomb (SR)   Coul. recip.      Potential    Kinetic En.   Total Energy
   -2.78212e+04    1.94893e+02   -2.32680e+04    3.61710e+03   -1.96509e+04
    Temperature Pres. DC (bar) Pressure (bar)    dVremain/dl
    2.85738e+02   -2.77988e+02   -5.79684e+02    2.03969e+02

           Step           Time
             20        0.01000

Writing checkpoint, step 20 at Wed Oct 12 21:02:44 2016


   Energies (kJ/mol)
        G96Bond       G96Angle  Improper Dih.        LJ (SR)  Disper. corr.
    2.15752e+01    1.66268e+01    6.16506e+00    4.57052e+03   -2.49344e+02
   Coulomb (SR)   Coul. recip.      Potential    Kinetic En.   Total Energy
   -2.78359e+04    1.97222e+02   -2.32731e+04    3.66512e+03   -1.96080e+04
    Temperature Pres. DC (bar) Pressure (bar)    dVremain/dl
    2.89532e+02   -2.75477e+02   -5.34749e+02    2.29850e+02

	<======  ###############  ==>
	<====  A V E R A G E S  ====>
	<==  ###############  ======>

	Statistics over 21 steps using 6 frames

   Energies (kJ/mol)
        G96Bond       G96Angle  Improper Dih.        LJ (SR)  Disper. corr.
    1.70900e+01    1.25063e+01    5.06718e+00    4.54017e+03   -2.56428e+02
   Coulomb (SR)   Coul. recip.      Potential    Kinetic En.   Total Energy
   -2.78390e+04    1.85290e+02   -2.33353e+04    3.64551e+03   -1.96898e+04
    Temperature Pres. DC (bar) Pressure (bar)    dVremain/dl
    2.87983e+02   -2.83282e+02   -3.07951e+02    8.27701e+01

          Box-X          Box-Y          Box-Z
    2.46926e+00    2.46926e+00    2.46926e+00

   Total Virial (kJ/mol)
    1.59054e+03    4.52023e+01   -4.52193e+02
    4.83168e+01    1.43823e+03   -2.51801e+02
   -4.51496e+02   -2.52848e+02    1.03555e+03

   Pressure (bar)
   -8.87122e+02   -2.10970e+02    1.01342e+03
   -2.17840e+02   -3.88394e+02    4.55700e+02
    1.01188e+03    4.58011e+02    3.51665e+02

  Epot (kJ/mol)        Coul-SR          LJ-SR   
Protein-Protein   -2.30909e+01   -1.72613e+00
   Protein-rest   -3.20000e+01   -3.20323e+01
      rest-rest   -2.77839e+04    4.57393e+03


	M E G A - F L O P S   A C C O U N T I N G

 NB=Group-cutoff nonbonded kernels    NxN=N-by-N cluster Verlet kernels
 RF=Reaction-Field  VdW=Van der Waals  QSTab=quadratic-spline table
 W3=SPC/TIP3p  W4=TIP4p (single or pairs)
 V&F=Potential and force  V=Potential only  F=Force only

 Computing:                               M-Number         M-Flops  % Flops
-----------------------------------------------------------------------------
 NB Free energy kernel                   29.598156          29.598     5.0
 Pair Search distance check               0.392092           3.529     0.6
 NxN QSTab Elec. + LJ [F]                 2.420160          99.227    16.8
 NxN QSTab Elec. + LJ [V&F]               2.662176         157.068    26.6
 NxN QSTab Elec. [F]                      2.328160          79.157    13.4
 NxN QSTab Elec. [V&F]                    2.560976         105.000    17.8
 Calc Weights                             0.095508           3.438     0.6
 Spread Q Bspline                         4.075008           8.150     1.4
 Gather F Bspline                         4.075008          24.450     4.1
 3D-FFT                                   8.712984          69.704    11.8
 Solve PME                                0.016800           1.075     0.2
 Shift-X                                  0.001516           0.009     0.0
 Bonds                                    0.000357           0.021     0.0
 Angles                                   0.000567           0.095     0.0
 Impropers                                0.000420           0.087     0.0
 Virial                                   0.020293           0.365     0.1
 Stop-CM                                  0.010612           0.106     0.0
 P-Coupling                               0.004548           0.027     0.0
 Calc-Ekin                                0.031836           0.860     0.1
 Constraint-V                             0.031500           0.252     0.0
 Constraint-Vir                           0.019500           0.468     0.1
 Settle                                   0.022000           7.106     1.2
-----------------------------------------------------------------------------
 Total                                                     589.794   100.0
-----------------------------------------------------------------------------


     R E A L   C Y C L E   A N D   T I M E   A C C O U N T I N G

On 1 MPI rank

 Computing:          Num   Num      Call    Wall time         Giga-Cycles
                     Ranks Threads  Count      (s)         total sum    %
-----------------------------------------------------------------------------
 Neighbor search        1    1          1       0.014          0.054   0.9
 Force                  1    1         21       1.288          5.162  87.9
 PME mesh               1    1         21       0.124          0.499   8.5
 NB X/F buffer ops.     1    1         41       0.001          0.003   0.1
 Write traj.            1    1          2       0.018          0.073   1.2
 Update                 1    1         84       0.004          0.018   0.3
 Constraints            1    1         42       0.011          0.046   0.8
 Rest                                           0.004          0.018   0.3
-----------------------------------------------------------------------------
 Total                                          1.465          5.873 100.0
-----------------------------------------------------------------------------
 Breakdown of PME mesh computation
-----------------------------------------------------------------------------
 PME spread/gather      1    1         84       0.069          0.278   4.7
 PME 3D-FFT             1    1         84       0.041          0.163   2.8
 PME solve Elec         1    1         42       0.014          0.058   1.0
-----------------------------------------------------------------------------

               Core t (s)   Wall t (s)        (%)
       Time:        1.465        1.465      100.0
                 (ns/day)    (hour/ns)
Performance:        0.619       38.761
Finished mdrun on rank 0 Wed Oct 12 21:02:44 2016
