Log file opened on Sun Nov 25 14:22:32 2012
Host: tcbs06  pid: 54523  nodeid: 0  nnodes:  1
Gromacs version:    VERSION 4.6-dev-20121124-6e1d465-dirty
GIT SHA1 hash:      6e1d46575eef5fbf043f62c0c8c7ce961889d115 (dirty)
Branched from:      31e68351b028af5d2618969685938510ed40a455 (1 newer local commits)
Precision:          single
MPI library:        none
OpenMP support:     disabled
GPU support:        disabled
Software invsqrt:   disabled
CPU acceleration:   None
FFT library:        fftpack (built-in)
Large file support: enabled
RDTSCP usage:       enabled
Built on:           Sun Nov 25 11:59:01 CET 2012
Built by:           lindahl@tcbs06 [CMAKE]
Build OS/arch:      Linux 3.2.0-29-generic x86_64
Build CPU vendor:   AuthenticAMD
Build CPU brand:    AMD Opteron(TM) Processor 6274
Build CPU family:   21   Model: 1   Stepping: 2
Build CPU features: aes apic avx clfsh cmov cx8 cx16 fma4 htt lahf_lm misalignsse mmx msr nonstop_tsc pclmuldq pdpe1gb popcnt pse rdtscp sse2 sse3 sse4a sse4.1 sse4.2 ssse3 xop
C compiler:         /usr/bin/gcc-4.7 GNU gcc-4.7 (Ubuntu/Linaro 4.7.2-4precise1) 4.7.2
C compiler flags:    -Wextra -Wno-missing-field-initializers -Wno-sign-compare -Wall -Wno-unused -Wunused-value  


                         :-)  G  R  O  M  A  C  S  (-:

                   Groningen Machine for Chemical Simulation

                :-)  VERSION 4.6-dev-20121124-6e1d465-dirty  (-:

        Written by Emile Apol, Rossen Apostolov, Herman J.C. Berendsen,
      Aldert van Buuren, Pär Bjelkmar, Rudi van Drunen, Anton Feenstra, 
        Gerrit Groenhof, Peter Kasson, Per Larsson, Pieter Meulenhoff, 
           Teemu Murtola, Szilard Pall, Sander Pronk, Roland Schulz, 
                Michael Shirts, Alfons Sijbers, Peter Tieleman,

               Berk Hess, David van der Spoel, and Erik Lindahl.

       Copyright (c) 1991-2000, University of Groningen, The Netherlands.
            Copyright (c) 2001-2010, The GROMACS development team at
        Uppsala University & The Royal Institute of Technology, Sweden.
            check out http://www.gromacs.org for more information.

         This program is free software; you can redistribute it and/or
          modify it under the terms of the GNU General Public License
         as published by the Free Software Foundation; either version 2
             of the License, or (at your option) any later version.

                                :-)  mdrun  (-:


++++ PLEASE READ AND CITE THE FOLLOWING REFERENCE ++++
B. Hess and C. Kutzner and D. van der Spoel and E. Lindahl
GROMACS 4: Algorithms for highly efficient, load-balanced, and scalable
molecular simulation
J. Chem. Theory Comput. 4 (2008) pp. 435-447
-------- -------- --- Thank You --- -------- --------


++++ PLEASE READ AND CITE THE FOLLOWING REFERENCE ++++
D. van der Spoel, E. Lindahl, B. Hess, G. Groenhof, A. E. Mark and H. J. C.
Berendsen
GROMACS: Fast, Flexible and Free
J. Comp. Chem. 26 (2005) pp. 1701-1719
-------- -------- --- Thank You --- -------- --------


++++ PLEASE READ AND CITE THE FOLLOWING REFERENCE ++++
E. Lindahl and B. Hess and D. van der Spoel
GROMACS 3.0: A package for molecular simulation and trajectory analysis
J. Mol. Mod. 7 (2001) pp. 306-317
-------- -------- --- Thank You --- -------- --------


++++ PLEASE READ AND CITE THE FOLLOWING REFERENCE ++++
H. J. C. Berendsen, D. van der Spoel and R. van Drunen
GROMACS: A message-passing parallel molecular dynamics implementation
Comp. Phys. Comm. 91 (1995) pp. 43-56
-------- -------- --- Thank You --- -------- --------

Input Parameters:
   integrator           = md
   nsteps               = 2
   init-step            = 0
   cutoff-scheme        = Group
   ns_type              = Grid
   nstlist              = 1
   ndelta               = 2
   nstcomm              = 100
   comm-mode            = Linear
   nstlog               = 1000
   nstxout              = 1
   nstvout              = 0
   nstfout              = 1
   nstcalcenergy        = 2
   nstenergy            = 1000
   nstxtcout            = 0
   init-t               = 0
   delta-t              = 0.002
   xtcprec              = 1000
   fourierspacing       = 0.12
   nkx                  = 0
   nky                  = 0
   nkz                  = 0
   pme-order            = 4
   ewald-rtol           = 1e-05
   ewald-geometry       = 0
   epsilon-surface      = 0
   optimize-fft         = FALSE
   ePBC                 = xyz
   bPeriodicMols        = FALSE
   bContinuation        = FALSE
   bShakeSOR            = FALSE
   etc                  = No
   bPrintNHChains       = FALSE
   nsttcouple           = -1
   epc                  = No
   epctype              = Isotropic
   nstpcouple           = -1
   tau-p                = 1
   ref-p (3x3):
      ref-p[    0]={ 0.00000e+00,  0.00000e+00,  0.00000e+00}
      ref-p[    1]={ 0.00000e+00,  0.00000e+00,  0.00000e+00}
      ref-p[    2]={ 0.00000e+00,  0.00000e+00,  0.00000e+00}
   compress (3x3):
      compress[    0]={ 0.00000e+00,  0.00000e+00,  0.00000e+00}
      compress[    1]={ 0.00000e+00,  0.00000e+00,  0.00000e+00}
      compress[    2]={ 0.00000e+00,  0.00000e+00,  0.00000e+00}
   refcoord-scaling     = No
   posres-com (3):
      posres-com[0]= 0.00000e+00
      posres-com[1]= 0.00000e+00
      posres-com[2]= 0.00000e+00
   posres-comB (3):
      posres-comB[0]= 0.00000e+00
      posres-comB[1]= 0.00000e+00
      posres-comB[2]= 0.00000e+00
   verlet-buffer-drift  = 0.005
   rlist                = 0.99
   rlistlong            = 0.99
   nstcalclr            = 0
   rtpi                 = 0.05
   coulombtype          = Reaction-Field
   coulomb-modifier     = None
   rcoulomb-switch      = 0.7
   rcoulomb             = 0.99
   vdwtype              = User
   vdw-modifier         = None
   rvdw-switch          = 0.7
   rvdw                 = 0.99
   epsilon-r            = 1
   epsilon-rf           = inf
   tabext               = 1
   implicit-solvent     = No
   gb-algorithm         = Still
   gb-epsilon-solvent   = 80
   nstgbradii           = 1
   rgbradii             = 1
   gb-saltconc          = 0
   gb-obc-alpha         = 1
   gb-obc-beta          = 0.8
   gb-obc-gamma         = 4.85
   gb-dielectric-offset = 0.009
   sa-algorithm         = Ace-approximation
   sa-surface-tension   = 2.05016
   DispCorr             = No
   bSimTemp             = FALSE
   free-energy          = no
   nwall                = 0
   wall-type            = 9-3
   wall-atomtype[0]     = -1
   wall-atomtype[1]     = -1
   wall-density[0]      = 0
   wall-density[1]      = 0
   wall-ewald-zfac      = 3
   pull                 = no
   rotation             = FALSE
   disre                = No
   disre-weighting      = Conservative
   disre-mixed          = FALSE
   dr-fc                = 1000
   dr-tau               = 0
   nstdisreout          = 100
   orires-fc            = 0
   orires-tau           = 0
   nstorireout          = 100
   dihre-fc             = 0
   em-stepsize          = 0.01
   em-tol               = 10
   niter                = 20
   fc-stepsize          = 0
   nstcgsteep           = 1000
   nbfgscorr            = 10
   ConstAlg             = Lincs
   shake-tol            = 0.0001
   lincs-order          = 4
   lincs-warnangle      = 30
   lincs-iter           = 1
   bd-fric              = 0
   ld-seed              = 1993
   cos-accel            = 0
   deform (3x3):
      deform[    0]={ 0.00000e+00,  0.00000e+00,  0.00000e+00}
      deform[    1]={ 0.00000e+00,  0.00000e+00,  0.00000e+00}
      deform[    2]={ 0.00000e+00,  0.00000e+00,  0.00000e+00}
   adress               = FALSE
   userint1             = 0
   userint2             = 0
   userint3             = 0
   userint4             = 0
   userreal1            = 0
   userreal2            = 0
   userreal3            = 0
   userreal4            = 0
grpopts:
   nrdf:           0
   ref-t:           0
   tau-t:           0
anneal:          No
ann-npoints:           0
   acc:	           0           0           0
   nfreeze:           Y           Y           Y
   energygrp-flags[  0]: 1 1
   energygrp-flags[  1]: 1 0
   efield-x:
      n = 0
   efield-xt:
      n = 0
   efield-y:
      n = 0
   efield-yt:
      n = 0
   efield-z:
      n = 0
   efield-zt:
      n = 0
   bQMMM                = FALSE
   QMconstraints        = 0
   QMMMscheme           = 0
   scalefactor          = 1
qm-opts:
   ngQM                 = 0

Detecting CPU-specific acceleration.
Present hardware specification:
Vendor: AuthenticAMD
Brand:  AMD Opteron(TM) Processor 6274                 
Family: 21  Model:  1  Stepping:  2
Features: aes apic avx clfsh cmov cx8 cx16 fma4 htt lahf_lm misalignsse mmx msr nonstop_tsc pclmuldq pdpe1gb popcnt pse rdtscp sse2 sse3 sse4a sse4.1 sse4.2 ssse3 xop
Acceleration most likely to fit this hardware: AVX_128_FMA
Acceleration selected at GROMACS compile time: None

WARNING! Binary not matching hardware - you are likely losing performance.

Table routines are used for coulomb: FALSE
Table routines are used for vdw:     TRUE
Cut-off's:   NS: 0.99   Coulomb: 0.99   LJ: 0.99
Reaction-Field:
epsRF = 0, rc = 0.99, krf = 0.515305, crf = 1.51515, epsfac = 138.935
The electrostatics potential has its minimum at r = 0.99
System total charge: 0.000
Read user tables from table.xvg with 12001 data points.
Tabscale = 2000 points/nm
Generated table with 3980 data points for RF.
Tabscale = 2000 points/nm
Read user tables from tablep.xvg with 12001 data points.
Tabscale = 2000 points/nm
Generated table with 12001 data points for 1-4 COUL.
Tabscale = 2000 points/nm

Enabling TIP4p-like water optimization for 193 molecules.

Potential shift: LJ r^-12: 0.000 r^-6 0.000
Removing pbc first time
Center of mass motion removal mode is Linear
We have the following groups for center of mass motion removal:
  0:  rest
There are: 615 Atoms
There are: 193 VSites
Max number of connections per atom is 25
Total number of connections is 3134
Max number of graph edges per atom is 4
Total number of graph edges is 1222
Initial temperature: 0 K

Started mdrun on node 0 Sun Nov 25 14:22:32 2012

           Step           Time         Lambda
              0        0.00000        0.00000

NB kernel nb_kernel_ElecRF_VdwCSTab_GeomP1P1_VF_c() with architecture 'c' used for neighborlist with
    Elec: 'Reaction-Field', Modifier: 'None'
    Vdw:  'Cubic-Spline-Table', Modifier: 'None'
    Geom: 'Particle-Particle', Other: '', Calc: 'PotentialAndForce'

NB kernel nb_kernel_ElecRF_VdwCSTab_GeomP1P1_F_c() with architecture 'c' used for neighborlist with
    Elec: 'Reaction-Field', Modifier: 'None'
    Vdw:  'Cubic-Spline-Table', Modifier: 'None'
    Geom: 'Particle-Particle', Other: '', Calc: 'Force'

NB kernel nb_kernel_ElecNone_VdwCSTab_GeomP1P1_VF_c() with architecture 'c' used for neighborlist with
    Elec: 'None', Modifier: 'None'
    Vdw:  'Cubic-Spline-Table', Modifier: 'None'
    Geom: 'Particle-Particle', Other: '', Calc: 'PotentialAndForce'

NB kernel nb_kernel_ElecNone_VdwCSTab_GeomP1P1_F_c() with architecture 'c' used for neighborlist with
    Elec: 'None', Modifier: 'None'
    Vdw:  'Cubic-Spline-Table', Modifier: 'None'
    Geom: 'Particle-Particle', Other: '', Calc: 'Force'

NB kernel nb_kernel_ElecRF_VdwNone_GeomP1P1_VF_c() with architecture 'c' used for neighborlist with
    Elec: 'Reaction-Field', Modifier: 'None'
    Vdw:  'None', Modifier: 'None'
    Geom: 'Particle-Particle', Other: '', Calc: 'PotentialAndForce'

NB kernel nb_kernel_ElecRF_VdwNone_GeomP1P1_F_c() with architecture 'c' used for neighborlist with
    Elec: 'Reaction-Field', Modifier: 'None'
    Vdw:  'None', Modifier: 'None'
    Geom: 'Particle-Particle', Other: '', Calc: 'Force'

NB kernel nb_kernel_ElecRF_VdwCSTab_GeomW4P1_VF_c() with architecture 'c' used for neighborlist with
    Elec: 'Reaction-Field', Modifier: 'None'
    Vdw:  'Cubic-Spline-Table', Modifier: 'None'
    Geom: 'Water4-Particle', Other: '', Calc: 'PotentialAndForce'

NB kernel nb_kernel_ElecRF_VdwCSTab_GeomW4P1_F_c() with architecture 'c' used for neighborlist with
    Elec: 'Reaction-Field', Modifier: 'None'
    Vdw:  'Cubic-Spline-Table', Modifier: 'None'
    Geom: 'Water4-Particle', Other: '', Calc: 'Force'

NB kernel nb_kernel_ElecRF_VdwNone_GeomW4P1_VF_c() with architecture 'c' used for neighborlist with
    Elec: 'Reaction-Field', Modifier: 'None'
    Vdw:  'None', Modifier: 'None'
    Geom: 'Water4-Particle', Other: '', Calc: 'PotentialAndForce'

NB kernel nb_kernel_ElecRF_VdwNone_GeomW4P1_F_c() with architecture 'c' used for neighborlist with
    Elec: 'Reaction-Field', Modifier: 'None'
    Vdw:  'None', Modifier: 'None'
    Geom: 'Water4-Particle', Other: '', Calc: 'Force'

NB kernel nb_kernel_ElecRF_VdwCSTab_GeomW4W4_VF_c() with architecture 'c' used for neighborlist with
    Elec: 'Reaction-Field', Modifier: 'None'
    Vdw:  'Cubic-Spline-Table', Modifier: 'None'
    Geom: 'Water4-Water4', Other: '', Calc: 'PotentialAndForce'

NB kernel nb_kernel_ElecRF_VdwCSTab_GeomW4W4_F_c() with architecture 'c' used for neighborlist with
    Elec: 'Reaction-Field', Modifier: 'None'
    Vdw:  'Cubic-Spline-Table', Modifier: 'None'
    Geom: 'Water4-Water4', Other: '', Calc: 'Force'

NB kernel nb_kernel_ElecRF_VdwNone_GeomW4W4_VF_c() with architecture 'c' used for neighborlist with
    Elec: 'Reaction-Field', Modifier: 'None'
    Vdw:  'None', Modifier: 'None'
    Geom: 'Water4-Water4', Other: '', Calc: 'PotentialAndForce'

NB kernel nb_kernel_ElecRF_VdwNone_GeomW4W4_F_c() with architecture 'c' used for neighborlist with
    Elec: 'Reaction-Field', Modifier: 'None'
    Vdw:  'None', Modifier: 'None'
    Geom: 'Water4-Water4', Other: '', Calc: 'Force'


Grid: 3 x 3 x 3 cells
   Energies (kJ/mol)
           Bond        G96Bond          Angle       G96Angle    Proper Dih.
    9.42520e+00    2.30017e+02    1.31993e+00    6.28154e+00    8.00118e+00
  Improper Dih.          LJ-14     Coulomb-14        LJ (SR)   Coulomb (SR)
    2.03469e+00    6.50743e+00    1.00417e+02    1.13810e+03   -6.77224e+03
       RF excl.      Potential    Kinetic En.   Total Energy    Temperature
   -8.18266e+02   -6.08840e+03    0.00000e+00   -6.08840e+03    0.00000e+00
 Pressure (bar)
    9.89400e+03

           Step           Time         Lambda
              2        0.00400        0.00000

Writing checkpoint, step 2 at Sun Nov 25 14:22:32 2012


   Energies (kJ/mol)
           Bond        G96Bond          Angle       G96Angle    Proper Dih.
    9.42520e+00    2.30017e+02    1.31993e+00    6.28154e+00    8.00118e+00
  Improper Dih.          LJ-14     Coulomb-14        LJ (SR)   Coulomb (SR)
    2.03469e+00    6.50743e+00    1.00417e+02    1.13810e+03   -6.77224e+03
       RF excl.      Potential    Kinetic En.   Total Energy    Temperature
   -8.18266e+02   -6.08840e+03    0.00000e+00   -6.08840e+03    0.00000e+00
 Pressure (bar)
    9.89400e+03

	<======  ###############  ==>
	<====  A V E R A G E S  ====>
	<==  ###############  ======>

	Statistics over 3 steps using 2 frames

   Energies (kJ/mol)
           Bond        G96Bond          Angle       G96Angle    Proper Dih.
    9.42520e+00    2.30017e+02    1.31993e+00    6.28154e+00    8.00118e+00
  Improper Dih.          LJ-14     Coulomb-14        LJ (SR)   Coulomb (SR)
    2.03469e+00    6.50743e+00    1.00417e+02    1.13810e+03   -6.77224e+03
       RF excl.      Potential    Kinetic En.   Total Energy    Temperature
   -8.18266e+02   -6.08840e+03    0.00000e+00   -6.08840e+03    0.00000e+00
 Pressure (bar)
    9.89400e+03

   Total Virial (kJ/mol)
   -1.93609e+03    4.71694e+02   -1.97655e+02
    4.71693e+02   -2.43013e+03    4.84538e+02
   -1.97657e+02    4.84541e+02   -2.78374e+03

   Pressure (bar)
    8.03737e+03   -1.95817e+03    8.20535e+02
   -1.95816e+03    1.00883e+04   -2.01149e+03
    8.20542e+02   -2.01150e+03    1.15563e+04

  Epot (kJ/mol)        Coul-SR          LJ-SR        Coul-14          LJ-14   
Protein-Protein    0.00000e+00    0.00000e+00    1.00417e+02    6.50743e+00
    Protein-SOL    0.00000e+00    0.00000e+00    0.00000e+00    0.00000e+00
        SOL-SOL   -6.77224e+03    1.13810e+03    0.00000e+00    0.00000e+00


	M E G A - F L O P S   A C C O U N T I N G

 NB=Group-cutoff nonbonded kernels    NxN=N-by-N tile Verlet kernels
 RF=Reaction-Field  VdW=Van der Waals  CSTab=Cubic-spline table
 W3=SPC/TIP3p  W4=TIP4p (single or pairs)
 V&F=Potential and force  V=Potential only  F=Force only

 Computing:                               M-Number         M-Flops  % Flops
-----------------------------------------------------------------------------
 NB VdW & Elec. [W4-W4,V&F]               6.324710           6.325    54.1
 NB VdW & Elec. [W4-W4,F]                 2.664550           2.665    22.8
 1,4 nonbonded interactions               0.000120           0.011     0.1
 NS-Pairs                                 0.109437           2.298    19.6
 Reset In Box                             0.000687           0.002     0.0
 Shift-X                                  0.004848           0.029     0.2
 CG-CoM                                   0.002424           0.007     0.1
 Bonds                                    0.001254           0.074     0.6
 Angles                                   0.000723           0.121     1.0
 Propers                                  0.000024           0.005     0.0
 Impropers                                0.000024           0.005     0.0
 Virial                                   0.001706           0.031     0.3
 Stop-CM                                  0.001616           0.016     0.1
 Calc-Ekin                                0.003232           0.087     0.7
 Virtual Site 3                           0.000579           0.021     0.2
-----------------------------------------------------------------------------
 Total                                                      11.698   100.0
-----------------------------------------------------------------------------


     R E A L   C Y C L E   A N D   T I M E   A C C O U N T I N G

 Computing:         Nodes   Th.     Count  Wall t (s)     G-Cycles       %
-----------------------------------------------------------------------------
 Vsite constr.          1    1          3       0.000        0.001     0.5
 Neighbor search        1    1          3       0.011        0.024    23.3
 Force                  1    1          3       0.018        0.040    38.5
 Vsite spread           1    1          3       0.000        0.000     0.3
 Write traj.            1    1          3       0.015        0.034    32.9
 Update                 1    1          3       0.000        0.000     0.4
 Rest                   1                       0.002        0.004     4.1
-----------------------------------------------------------------------------
 Total                  1                       0.046        0.103   100.0
-----------------------------------------------------------------------------

               Core t (s)   Wall t (s)        (%)
       Time:        0.030        0.046       65.1
                 (ns/day)    (hour/ns)
Performance:       11.245        2.134
Finished mdrun on node 0 Sun Nov 25 14:22:32 2012
