Log file opened on Sun Nov 25 12:30:36 2012
Host: tcbs06  pid: 28047  nodeid: 0  nnodes:  1
Gromacs version:    VERSION 4.6-dev-20121124-6e1d465-dirty
GIT SHA1 hash:      6e1d46575eef5fbf043f62c0c8c7ce961889d115 (dirty)
Branched from:      31e68351b028af5d2618969685938510ed40a455 (1 newer local commits)
Precision:          double
MPI library:        none
OpenMP support:     disabled
GPU support:        disabled
Software invsqrt:   disabled
CPU acceleration:   None
FFT library:        fftpack (built-in)
Large file support: enabled
RDTSCP usage:       enabled
Built on:           Sun Nov 25 12:26:25 CET 2012
Built by:           lindahl@tcbs06 [CMAKE]
Build OS/arch:      Linux 3.2.0-29-generic x86_64
Build CPU vendor:   AuthenticAMD
Build CPU brand:    AMD Opteron(TM) Processor 6274
Build CPU family:   21   Model: 1   Stepping: 2
Build CPU features: aes apic avx clfsh cmov cx8 cx16 fma4 htt lahf_lm misalignsse mmx msr nonstop_tsc pclmuldq pdpe1gb popcnt pse rdtscp sse2 sse3 sse4a sse4.1 sse4.2 ssse3 xop
C compiler:         /usr/bin/gcc-4.7 GNU gcc-4.7 (Ubuntu/Linaro 4.7.2-4precise1) 4.7.2
C compiler flags:    -Wextra -Wno-missing-field-initializers -Wno-sign-compare -Wall -Wno-unused -Wunused-value  


                         :-)  G  R  O  M  A  C  S  (-:

                   Groningen Machine for Chemical Simulation

                :-)  VERSION 4.6-dev-20121124-6e1d465-dirty  (-:

        Written by Emile Apol, Rossen Apostolov, Herman J.C. Berendsen,
      Aldert van Buuren, Pär Bjelkmar, Rudi van Drunen, Anton Feenstra, 
        Gerrit Groenhof, Peter Kasson, Per Larsson, Pieter Meulenhoff, 
           Teemu Murtola, Szilard Pall, Sander Pronk, Roland Schulz, 
                Michael Shirts, Alfons Sijbers, Peter Tieleman,

               Berk Hess, David van der Spoel, and Erik Lindahl.

       Copyright (c) 1991-2000, University of Groningen, The Netherlands.
            Copyright (c) 2001-2010, The GROMACS development team at
        Uppsala University & The Royal Institute of Technology, Sweden.
            check out http://www.gromacs.org for more information.

         This program is free software; you can redistribute it and/or
          modify it under the terms of the GNU General Public License
         as published by the Free Software Foundation; either version 2
             of the License, or (at your option) any later version.

                      :-)  mdrun_d (double precision)  (-:


++++ PLEASE READ AND CITE THE FOLLOWING REFERENCE ++++
B. Hess and C. Kutzner and D. van der Spoel and E. Lindahl
GROMACS 4: Algorithms for highly efficient, load-balanced, and scalable
molecular simulation
J. Chem. Theory Comput. 4 (2008) pp. 435-447
-------- -------- --- Thank You --- -------- --------


++++ PLEASE READ AND CITE THE FOLLOWING REFERENCE ++++
D. van der Spoel, E. Lindahl, B. Hess, G. Groenhof, A. E. Mark and H. J. C.
Berendsen
GROMACS: Fast, Flexible and Free
J. Comp. Chem. 26 (2005) pp. 1701-1719
-------- -------- --- Thank You --- -------- --------


++++ PLEASE READ AND CITE THE FOLLOWING REFERENCE ++++
E. Lindahl and B. Hess and D. van der Spoel
GROMACS 3.0: A package for molecular simulation and trajectory analysis
J. Mol. Mod. 7 (2001) pp. 306-317
-------- -------- --- Thank You --- -------- --------


++++ PLEASE READ AND CITE THE FOLLOWING REFERENCE ++++
H. J. C. Berendsen, D. van der Spoel and R. van Drunen
GROMACS: A message-passing parallel molecular dynamics implementation
Comp. Phys. Comm. 91 (1995) pp. 43-56
-------- -------- --- Thank You --- -------- --------

Input Parameters:
   integrator           = md
   nsteps               = 60
   init-step            = 0
   cutoff-scheme        = Group
   ns_type              = Grid
   nstlist              = 10
   ndelta               = 2
   nstcomm              = 100
   comm-mode            = Linear
   nstlog               = 100
   nstxout              = 60
   nstvout              = 60
   nstfout              = 60
   nstcalcenergy        = 10
   nstenergy            = 10
   nstxtcout            = 0
   init-t               = 0
   delta-t              = 0.001
   xtcprec              = 1000
   fourierspacing       = 0.1
   nkx                  = 32
   nky                  = 32
   nkz                  = 32
   pme-order            = 6
   ewald-rtol           = 1e-06
   ewald-geometry       = 0
   epsilon-surface      = 0
   optimize-fft         = FALSE
   ePBC                 = xyz
   bPeriodicMols        = FALSE
   bContinuation        = FALSE
   bShakeSOR            = FALSE
   etc                  = V-rescale
   bPrintNHChains       = FALSE
   nsttcouple           = 10
   epc                  = No
   epctype              = Isotropic
   nstpcouple           = -1
   tau-p                = 0.5
   ref-p (3x3):
      ref-p[    0]={ 0.00000e+00,  0.00000e+00,  0.00000e+00}
      ref-p[    1]={ 0.00000e+00,  0.00000e+00,  0.00000e+00}
      ref-p[    2]={ 0.00000e+00,  0.00000e+00,  0.00000e+00}
   compress (3x3):
      compress[    0]={ 0.00000e+00,  0.00000e+00,  0.00000e+00}
      compress[    1]={ 0.00000e+00,  0.00000e+00,  0.00000e+00}
      compress[    2]={ 0.00000e+00,  0.00000e+00,  0.00000e+00}
   refcoord-scaling     = No
   posres-com (3):
      posres-com[0]= 0.00000e+00
      posres-com[1]= 0.00000e+00
      posres-com[2]= 0.00000e+00
   posres-comB (3):
      posres-comB[0]= 0.00000e+00
      posres-comB[1]= 0.00000e+00
      posres-comB[2]= 0.00000e+00
   verlet-buffer-drift  = 0.005
   rlist                = 1
   rlistlong            = 1
   nstcalclr            = 0
   rtpi                 = 0.05
   coulombtype          = PME
   coulomb-modifier     = None
   rcoulomb-switch      = 0
   rcoulomb             = 1
   vdwtype              = Switch
   vdw-modifier         = None
   rvdw-switch          = 0.8
   rvdw                 = 0.9
   epsilon-r            = 1
   epsilon-rf           = inf
   tabext               = 1
   implicit-solvent     = No
   gb-algorithm         = Still
   gb-epsilon-solvent   = 80
   nstgbradii           = 1
   rgbradii             = 1
   gb-saltconc          = 0
   gb-obc-alpha         = 1
   gb-obc-beta          = 0.8
   gb-obc-gamma         = 4.85
   gb-dielectric-offset = 0.009
   sa-algorithm         = Ace-approximation
   sa-surface-tension   = 2.05016
   DispCorr             = EnerPres
   bSimTemp             = FALSE
   free-energy          = yes
   nstdhdl              = 20
   init-lambda-state    = 0
   init-lambda          = 0.25
   delta-lambda         = 0
   n-lambdas            = 0
   sc-alpha             = 0.5
   bScCoul              = TRUE
   bScPrintEnergy       = FALSE
   sc-power             = 1
   sc-r-power           = 6
   sc-sigma             = 0.3
   sc-sigma-min         = 0.3
   separate-dhdl-file   = yes
   dhdl-derivatives     = yes
   dh-hist-size         = 0
   dh-hist-spacing      = 0.1
   nwall                = 0
   wall-type            = 9-3
   wall-atomtype[0]     = -1
   wall-atomtype[1]     = -1
   wall-density[0]      = 0
   wall-density[1]      = 0
   wall-ewald-zfac      = 3
   pull                 = no
   rotation             = FALSE
   disre                = No
   disre-weighting      = Conservative
   disre-mixed          = FALSE
   dr-fc                = 1000
   dr-tau               = 0
   nstdisreout          = 100
   orires-fc            = 0
   orires-tau           = 0
   nstorireout          = 100
   dihre-fc             = 0
   em-stepsize          = 0.01
   em-tol               = 10
   niter                = 20
   fc-stepsize          = 0
   nstcgsteep           = 1000
   nbfgscorr            = 10
   ConstAlg             = Lincs
   shake-tol            = 0.0001
   lincs-order          = 8
   lincs-warnangle      = 30
   lincs-iter           = 4
   bd-fric              = 0
   ld-seed              = 1993
   cos-accel            = 0
   deform (3x3):
      deform[    0]={ 0.00000e+00,  0.00000e+00,  0.00000e+00}
      deform[    1]={ 0.00000e+00,  0.00000e+00,  0.00000e+00}
      deform[    2]={ 0.00000e+00,  0.00000e+00,  0.00000e+00}
   adress               = FALSE
   userint1             = 0
   userint2             = 0
   userint3             = 0
   userint4             = 0
   userreal1            = 0
   userreal2            = 0
   userreal3            = 0
   userreal4            = 0
grpopts:
   nrdf:        4194
   ref-t:         300
   tau-t:           1
anneal:          No
ann-npoints:           0
   acc:	           0           0           0
   nfreeze:           N           N           N
   energygrp-flags[  0]: 0
   efield-x:
      n = 0
   efield-xt:
      n = 0
   efield-y:
      n = 0
   efield-yt:
      n = 0
   efield-z:
      n = 0
   efield-zt:
      n = 0
   bQMMM                = FALSE
   QMconstraints        = 0
   QMMMscheme           = 0
   scalefactor          = 1
qm-opts:
   ngQM                 = 0

Detecting CPU-specific acceleration.
Present hardware specification:
Vendor: AuthenticAMD
Brand:  AMD Opteron(TM) Processor 6274                 
Family: 21  Model:  1  Stepping:  2
Features: aes apic avx clfsh cmov cx8 cx16 fma4 htt lahf_lm misalignsse mmx msr nonstop_tsc pclmuldq pdpe1gb popcnt pse rdtscp sse2 sse3 sse4a sse4.1 sse4.2 ssse3 xop
Acceleration most likely to fit this hardware: AVX_128_FMA
Acceleration selected at GROMACS compile time: None

WARNING! Binary not matching hardware - you are likely losing performance.

Table routines are used for coulomb: FALSE
Table routines are used for vdw:     TRUE
Will do PME sum in reciprocal space.

++++ PLEASE READ AND CITE THE FOLLOWING REFERENCE ++++
U. Essmann, L. Perera, M. L. Berkowitz, T. Darden, H. Lee and L. G. Pedersen 
A smooth particle mesh Ewald method
J. Chem. Phys. 103 (1995) pp. 8577-8592
-------- -------- --- Thank You --- -------- --------

Will do ordinary reciprocal space Ewald sum.
Using a Gaussian width (1/beta) of 0.289108 nm for Ewald
Using shifted Lennard-Jones, switch between 0.8 and 0.9 nm
Cut-off's:   NS: 1   Coulomb: 1   LJ: 0.9
Long Range LJ corr.: <C6> 2.8086e-04
System total charge, top. A: 0.000 top. B: 0.000
Generated table with 4000 data points for Ewald.
Tabscale = 2000 points/nm
Generated table with 4000 data points for LJ6Switch.
Tabscale = 2000 points/nm
Generated table with 4000 data points for LJ12Switch.
Tabscale = 2000 points/nm
Generated table with 4000 data points for 1-4 COUL.
Tabscale = 2000 points/nm
Generated table with 4000 data points for 1-4 LJ6.
Tabscale = 2000 points/nm
Generated table with 4000 data points for 1-4 LJ12.
Tabscale = 2000 points/nm

Enabling SPC-like water optimization for 691 molecules.

Potential shift: LJ r^-12: 0.000 r^-6 0.000, Ewald 0.000e+00
Initialized non-bonded Ewald correction tables, spacing: 6.27e-04 size: 3192

There are 20 atoms and 0 charges for free energy perturbation
Removing pbc first time

Initializing LINear Constraint Solver

++++ PLEASE READ AND CITE THE FOLLOWING REFERENCE ++++
B. Hess and H. Bekker and H. J. C. Berendsen and J. G. E. M. Fraaije
LINCS: A Linear Constraint Solver for molecular simulations
J. Comp. Chem. 18 (1997) pp. 1463-1472
-------- -------- --- Thank You --- -------- --------

The number of constraints is 9

++++ PLEASE READ AND CITE THE FOLLOWING REFERENCE ++++
S. Miyamoto and P. A. Kollman
SETTLE: An Analytical Version of the SHAKE and RATTLE Algorithms for Rigid
Water Models
J. Comp. Chem. 13 (1992) pp. 952-962
-------- -------- --- Thank You --- -------- --------

Initial vector of lambda components:[     0.2500     0.2500     0.2500     0.2500     0.2500     0.2500     0.2500 ]
Center of mass motion removal mode is Linear
We have the following groups for center of mass motion removal:
  0:  rest

++++ PLEASE READ AND CITE THE FOLLOWING REFERENCE ++++
G. Bussi, D. Donadio and M. Parrinello
Canonical sampling through velocity rescaling
J. Chem. Phys. 126 (2007) pp. 014101
-------- -------- --- Thank You --- -------- --------

There are: 2093 Atoms
Max number of connections per atom is 65
Total number of connections is 3370
Max number of graph edges per atom is 3
Total number of graph edges is 2806

Constraining the starting coordinates (step 0)

Constraining the coordinates at t0-dt (step 0)
RMS relative constraint deviation after constraining: 1.05e-15
Initial temperature: 300.365 K

Started mdrun on node 0 Sun Nov 25 12:30:36 2012

           Step           Time         Lambda
              0        0.00000        0.25000

NB kernel nb_kernel_ElecEw_VdwCSTab_GeomP1P1_VF_c() with architecture 'c' used for neighborlist with
    Elec: 'Ewald', Modifier: 'None'
    Vdw:  'Cubic-Spline-Table', Modifier: 'None'
    Geom: 'Particle-Particle', Other: '', Calc: 'PotentialAndForce'

NB kernel nb_kernel_ElecEw_VdwCSTab_GeomP1P1_F_c() with architecture 'c' used for neighborlist with
    Elec: 'Ewald', Modifier: 'None'
    Vdw:  'Cubic-Spline-Table', Modifier: 'None'
    Geom: 'Particle-Particle', Other: '', Calc: 'Force'

NB kernel nb_kernel_ElecNone_VdwCSTab_GeomP1P1_VF_c() with architecture 'c' used for neighborlist with
    Elec: 'None', Modifier: 'None'
    Vdw:  'Cubic-Spline-Table', Modifier: 'None'
    Geom: 'Particle-Particle', Other: '', Calc: 'PotentialAndForce'

NB kernel nb_kernel_ElecNone_VdwCSTab_GeomP1P1_F_c() with architecture 'c' used for neighborlist with
    Elec: 'None', Modifier: 'None'
    Vdw:  'Cubic-Spline-Table', Modifier: 'None'
    Geom: 'Particle-Particle', Other: '', Calc: 'Force'

NB kernel nb_kernel_ElecEw_VdwNone_GeomP1P1_VF_c() with architecture 'c' used for neighborlist with
    Elec: 'Ewald', Modifier: 'None'
    Vdw:  'None', Modifier: 'None'
    Geom: 'Particle-Particle', Other: '', Calc: 'PotentialAndForce'

NB kernel nb_kernel_ElecEw_VdwNone_GeomP1P1_F_c() with architecture 'c' used for neighborlist with
    Elec: 'Ewald', Modifier: 'None'
    Vdw:  'None', Modifier: 'None'
    Geom: 'Particle-Particle', Other: '', Calc: 'Force'

NB kernel nb_kernel_ElecEw_VdwCSTab_GeomW3P1_VF_c() with architecture 'c' used for neighborlist with
    Elec: 'Ewald', Modifier: 'None'
    Vdw:  'Cubic-Spline-Table', Modifier: 'None'
    Geom: 'Water3-Particle', Other: '', Calc: 'PotentialAndForce'

NB kernel nb_kernel_ElecEw_VdwCSTab_GeomW3P1_F_c() with architecture 'c' used for neighborlist with
    Elec: 'Ewald', Modifier: 'None'
    Vdw:  'Cubic-Spline-Table', Modifier: 'None'
    Geom: 'Water3-Particle', Other: '', Calc: 'Force'

NB kernel nb_kernel_ElecEw_VdwNone_GeomW3P1_VF_c() with architecture 'c' used for neighborlist with
    Elec: 'Ewald', Modifier: 'None'
    Vdw:  'None', Modifier: 'None'
    Geom: 'Water3-Particle', Other: '', Calc: 'PotentialAndForce'

NB kernel nb_kernel_ElecEw_VdwNone_GeomW3P1_F_c() with architecture 'c' used for neighborlist with
    Elec: 'Ewald', Modifier: 'None'
    Vdw:  'None', Modifier: 'None'
    Geom: 'Water3-Particle', Other: '', Calc: 'Force'

NB kernel nb_kernel_ElecEw_VdwCSTab_GeomW3W3_VF_c() with architecture 'c' used for neighborlist with
    Elec: 'Ewald', Modifier: 'None'
    Vdw:  'Cubic-Spline-Table', Modifier: 'None'
    Geom: 'Water3-Water3', Other: '', Calc: 'PotentialAndForce'

NB kernel nb_kernel_ElecEw_VdwCSTab_GeomW3W3_F_c() with architecture 'c' used for neighborlist with
    Elec: 'Ewald', Modifier: 'None'
    Vdw:  'Cubic-Spline-Table', Modifier: 'None'
    Geom: 'Water3-Water3', Other: '', Calc: 'Force'

NB kernel nb_kernel_ElecEw_VdwNone_GeomW3W3_VF_c() with architecture 'c' used for neighborlist with
    Elec: 'Ewald', Modifier: 'None'
    Vdw:  'None', Modifier: 'None'
    Geom: 'Water3-Water3', Other: '', Calc: 'PotentialAndForce'

NB kernel nb_kernel_ElecEw_VdwNone_GeomW3W3_F_c() with architecture 'c' used for neighborlist with
    Elec: 'Ewald', Modifier: 'None'
    Vdw:  'None', Modifier: 'None'
    Geom: 'Water3-Water3', Other: '', Calc: 'Force'


Grid: 5 x 5 x 3 cells
   Energies (kJ/mol)
           Bond          Angle    Proper Dih. Ryckaert-Bell.          LJ-14
    3.29403e+01    3.89833e+01    3.11570e+00    1.79524e+01    3.40178e+01
     Coulomb-14        LJ (SR)  Disper. corr.   Coulomb (SR)   Coul. recip.
    0.00000e+00    4.31046e+03   -1.98213e+02   -2.81250e+04   -3.45585e+03
      Potential    Kinetic En.   Total Energy  Conserved En.    Temperature
   -2.73416e+04    5.24248e+03   -2.20991e+04   -2.20991e+04    3.00678e+02
 Pres. DC (bar) Pressure (bar)    dVremain/dl   Constr. rmsd
   -1.56344e+02    4.82349e+01    6.10894e+01    8.76537e-16

           Step           Time         Lambda
             60        0.06000        0.25000

Writing checkpoint, step 60 at Sun Nov 25 12:30:41 2012


   Energies (kJ/mol)
           Bond          Angle    Proper Dih. Ryckaert-Bell.          LJ-14
    2.08438e+01    2.48664e+01    1.94654e+00    1.65592e+01    3.40592e+01
     Coulomb-14        LJ (SR)  Disper. corr.   Coulomb (SR)   Coul. recip.
    0.00000e+00    4.40949e+03   -1.98213e+02   -2.81938e+04   -3.44848e+03
      Potential    Kinetic En.   Total Energy  Conserved En.    Temperature
   -2.73327e+04    5.28308e+03   -2.20496e+04   -2.21008e+04    3.03007e+02
 Pres. DC (bar) Pressure (bar)    dVremain/dl   Constr. rmsd
   -1.56344e+02    4.22673e+02    6.40645e+01    3.64744e-15

	<======  ###############  ==>
	<====  A V E R A G E S  ====>
	<==  ###############  ======>

	Statistics over 61 steps using 7 frames

   Energies (kJ/mol)
           Bond          Angle    Proper Dih. Ryckaert-Bell.          LJ-14
    2.30382e+01    3.07135e+01    3.44237e+00    1.98795e+01    3.87392e+01
     Coulomb-14        LJ (SR)  Disper. corr.   Coulomb (SR)   Coul. recip.
    0.00000e+00    4.34166e+03   -1.98213e+02   -2.81963e+04   -3.46157e+03
      Potential    Kinetic En.   Total Energy  Conserved En.    Temperature
   -2.73986e+04    5.30868e+03   -2.20899e+04   -2.20999e+04    3.04475e+02
 Pres. DC (bar) Pressure (bar)    dVremain/dl   Constr. rmsd
   -1.56344e+02    3.80016e+02    6.51465e+01    0.00000e+00

   Total Virial (kJ/mol)
    1.29621e+03    3.25902e+02    2.66431e+01
    3.25902e+02    1.55498e+03    1.98362e+01
    2.66431e+01    1.98362e+01    1.73482e+03

   Pressure (bar)
    6.24556e+02   -5.37027e+02   -1.05754e+01
   -5.37027e+02    3.52872e+02   -1.32755e+01
   -1.05754e+01   -1.32755e+01    1.62621e+02


	M E G A - F L O P S   A C C O U N T I N G

 NB=Group-cutoff nonbonded kernels    NxN=N-by-N tile Verlet kernels
 RF=Reaction-Field  VdW=Van der Waals  CSTab=Cubic-spline table
 W3=SPC/TIP3p  W4=TIP4p (single or pairs)
 V&F=Potential and force  V=Potential only  F=Force only

 Computing:                               M-Number         M-Flops  % Flops
-----------------------------------------------------------------------------
 NB Elec. [W3,V&F]                        9.108227           9.108     0.5
 NB Elec. [W3,F]                         58.387230          58.387     3.3
 NB VdW & Elec. [W3,V&F]                  5.787340           5.787     0.3
 NB VdW & Elec. [W3,F]                   36.429525          36.430     2.1
 NB VdW & Elec. [W3-W3,V&F]             115.911707         115.912     6.6
 NB VdW & Elec. [W3-W3,F]               732.972312         732.972    42.0
 NB Free energy kernel                   24.910986          24.911     1.4
 1,4 nonbonded interactions               0.002562           0.231     0.0
 Calc Weights                             0.383019          13.789     0.8
 Spread Q Bspline                        27.577368          55.155     3.2
 Gather F Bspline                        27.577368         165.464     9.5
 3D-FFT                                  59.965440         479.724    27.5
 Solve PME                                0.062464           3.998     0.2
 NS-Pairs                                 1.121832          23.558     1.3
 Reset In Box                             0.004977           0.015     0.0
 Shift-X                                  0.510692           3.064     0.2
 CG-CoM                                   0.014651           0.044     0.0
 Bonds                                    0.000732           0.043     0.0
 Angles                                   0.002013           0.338     0.0
 Propers                                  0.000610           0.140     0.0
 RB-Dihedrals                             0.002928           0.723     0.0
 Virial                                   0.014966           0.269     0.0
 Stop-CM                                  0.004186           0.042     0.0
 Calc-Ekin                                0.029302           0.791     0.0
 Lincs                                    0.000567           0.034     0.0
 Lincs-Mat                                0.001260           0.005     0.0
 Constraint-V                             0.129642           1.037     0.1
 Constraint-Vir                           0.014574           0.350     0.0
 Settle                                   0.043533          14.061     0.8
-----------------------------------------------------------------------------
 Total                                                    1746.382   100.0
-----------------------------------------------------------------------------


     R E A L   C Y C L E   A N D   T I M E   A C C O U N T I N G

 Computing:         Nodes   Th.     Count  Wall t (s)     G-Cycles       %
-----------------------------------------------------------------------------
 Neighbor search        1    1          7       0.131        0.287     2.6
 Force                  1    1         61       2.981        6.561    60.3
 PME mesh               1    1         61       1.743        3.837    35.3
 Write traj.            1    1          2       0.039        0.086     0.8
 Update                 1    1         61       0.008        0.017     0.2
 Constraints            1    1         61       0.025        0.055     0.5
 Rest                   1                       0.014        0.030     0.3
-----------------------------------------------------------------------------
 Total                  1                       4.940       10.874   100.0
-----------------------------------------------------------------------------
-----------------------------------------------------------------------------
 PME spread/gather      1    1        122       0.982        2.162    19.9
 PME 3D-FFT             1    1        122       0.638        1.405    12.9
 PME solve              1    1         61       0.122        0.270     2.5
-----------------------------------------------------------------------------

               Core t (s)   Wall t (s)        (%)
       Time:        4.920        4.940       99.6
                 (ns/day)    (hour/ns)
Performance:        1.067       22.496
Finished mdrun on node 0 Sun Nov 25 12:30:41 2012
