Log file opened on Wed Jan 29 16:23:18 2014
Host: linux.localdomain  pid: 20114  nodeid: 0  nnodes:  1
GROMACS:    gmx mdrun, VERSION 5.0-beta2-dev-20140129-1b77d0b

GROMACS is written by:
Emile Apol         Rossen Apostolov   Herman J.C. Berendsen Par Bjelkmar       
Aldert van Buuren  Rudi van Drunen    Anton Feenstra     Sebastian Fritsch  
Gerrit Groenhof    Christoph Junghans Peter Kasson       Carsten Kutzner    
Per Larsson        Justin A. Lemkul   Magnus Lundborg    Pieter Meulenhoff  
Erik Marklund      Teemu Murtola      Szilard Pall       Sander Pronk       
Roland Schulz      Alexey Shvetsov    Michael Shirts     Alfons Sijbers     
Peter Tieleman     Christian Wennberg Maarten Wolf       
and the project leaders:
Mark Abraham, Berk Hess, Erik Lindahl, and David van der Spoel

Copyright (c) 1991-2000, University of Groningen, The Netherlands.
Copyright (c) 2001-2014, The GROMACS development team at
Uppsala University, Stockholm University and
the Royal Institute of Technology, Sweden.
check out http://www.gromacs.org for more information.

GROMACS is free software; you can redistribute it and/or modify it
under the terms of the GNU Lesser General Public License
as published by the Free Software Foundation; either version 2.1
of the License, or (at your option) any later version.

GROMACS:    gmx mdrun, VERSION 5.0-beta2-dev-20140129-1b77d0b
Executable: /home/rschulz/download/gromacs5.0/gcc.ref/bin/gmx
Command line:
  gmx mdrun -notunepme -table ../table -tablep ../tablep

Gromacs version:    VERSION 5.0-beta2-dev-20140129-1b77d0b
GIT SHA1 hash:      1b77d0b0abc0eb8c5364c369cf3e99a72beaaa32
Branched from:      ea99912691d0385f4d614c0383aefed35f67adc1 (1 newer local commits)
Precision:          single
Memory model:       64 bit
MPI library:        none
OpenMP support:     disabled
GPU support:        disabled
invsqrt routine:    (1.0/sqrt(x))
CPU acceleration:   NONE
FFT library:        fftpack (built-in)
RDTSCP usage:       enabled
C++11 compilation:  enabled
TNG support:        enabled
Built on:           Tue Jan 21 21:17:17 EST 2014
Built by:           rschulz@linux.localdomain [CMAKE]
Build OS/arch:      Linux 3.7.10-1.16-desktop x86_64
Build CPU vendor:   GenuineIntel
Build CPU brand:    Intel(R) Core(TM) i7-4700HQ CPU @ 2.40GHz
Build CPU family:   6   Model: 60   Stepping: 3
Build CPU features: aes apic avx clfsh cmov cx8 cx16 f16c fma lahf_lm mmx msr nonstop_tsc pcid pclmuldq pdpe1gb popcnt pse rdrnd rdtscp sse2 sse3 sse4.1 sse4.2 ssse3 x2apic
C compiler:         /usr/bin/cc GNU 4.7.2
C compiler flags:      -Wextra -Wno-missing-field-initializers -Wno-sign-compare -Wall -Wno-unused -Wunused-value -Wunused-parameter -Wno-unknown-pragmas   -O0 -g
C++ compiler:       /usr/bin/c++ GNU 4.7.2
C++ compiler flags:    -std=c++0x -Wextra -Wno-missing-field-initializers -Wall -Wno-unused-function -Wno-unknown-pragmas   -O0 -g
Boost version:      1.49.0 (external)



++++ PLEASE READ AND CITE THE FOLLOWING REFERENCE ++++
B. Hess and C. Kutzner and D. van der Spoel and E. Lindahl
GROMACS 4: Algorithms for highly efficient, load-balanced, and scalable
molecular simulation
J. Chem. Theory Comput. 4 (2008) pp. 435-447
-------- -------- --- Thank You --- -------- --------


++++ PLEASE READ AND CITE THE FOLLOWING REFERENCE ++++
D. van der Spoel, E. Lindahl, B. Hess, G. Groenhof, A. E. Mark and H. J. C.
Berendsen
GROMACS: Fast, Flexible and Free
J. Comp. Chem. 26 (2005) pp. 1701-1719
-------- -------- --- Thank You --- -------- --------


++++ PLEASE READ AND CITE THE FOLLOWING REFERENCE ++++
E. Lindahl and B. Hess and D. van der Spoel
GROMACS 3.0: A package for molecular simulation and trajectory analysis
J. Mol. Mod. 7 (2001) pp. 306-317
-------- -------- --- Thank You --- -------- --------


++++ PLEASE READ AND CITE THE FOLLOWING REFERENCE ++++
H. J. C. Berendsen, D. van der Spoel and R. van Drunen
GROMACS: A message-passing parallel molecular dynamics implementation
Comp. Phys. Comm. 91 (1995) pp. 43-56
-------- -------- --- Thank You --- -------- --------

Input Parameters:
   integrator           = md
   nsteps               = 60
   init-step            = 0
   cutoff-scheme        = Group
   ns_type              = Grid
   nstlist              = 10
   ndelta               = 2
   nstcomm              = 100
   comm-mode            = Linear
   nstlog               = 100
   nstxout              = 60
   nstvout              = 60
   nstfout              = 60
   nstcalcenergy        = 10
   nstenergy            = 10
   nstxout_compressed   = 0
   init-t               = 0
   delta-t              = 0.001
   x_compression_precision = 1000
   fourierspacing       = 0.1
   nkx                  = 32
   nky                  = 32
   nkz                  = 32
   pme-order            = 6
   ewald-rtol           = 1e-06
   ewald-rtol-lj        = 0.001
   ewald-geometry       = 0
   epsilon-surface      = 0
   optimize-fft         = FALSE
   lj-pme-comb-rule     = Geometric
   ePBC                 = xyz
   bPeriodicMols        = FALSE
   bContinuation        = FALSE
   bShakeSOR            = FALSE
   etc                  = V-rescale
   bPrintNHChains       = FALSE
   nsttcouple           = 10
   epc                  = No
   epctype              = Isotropic
   nstpcouple           = -1
   tau-p                = 0.5
   ref-p (3x3):
      ref-p[    0]={ 0.00000e+00,  0.00000e+00,  0.00000e+00}
      ref-p[    1]={ 0.00000e+00,  0.00000e+00,  0.00000e+00}
      ref-p[    2]={ 0.00000e+00,  0.00000e+00,  0.00000e+00}
   compress (3x3):
      compress[    0]={ 0.00000e+00,  0.00000e+00,  0.00000e+00}
      compress[    1]={ 0.00000e+00,  0.00000e+00,  0.00000e+00}
      compress[    2]={ 0.00000e+00,  0.00000e+00,  0.00000e+00}
   refcoord-scaling     = No
   posres-com (3):
      posres-com[0]= 0.00000e+00
      posres-com[1]= 0.00000e+00
      posres-com[2]= 0.00000e+00
   posres-comB (3):
      posres-comB[0]= 0.00000e+00
      posres-comB[1]= 0.00000e+00
      posres-comB[2]= 0.00000e+00
   verlet-buffer-tolerance = 0.005
   rlist                = 1
   rlistlong            = 1
   nstcalclr            = 0
   rtpi                 = 0.05
   coulombtype          = PME
   coulomb-modifier     = None
   rcoulomb-switch      = 0
   rcoulomb             = 1
   vdwtype              = Switch
   vdw-modifier         = None
   rvdw-switch          = 0.8
   rvdw                 = 0.9
   epsilon-r            = 1
   epsilon-rf           = inf
   tabext               = 1
   implicit-solvent     = No
   gb-algorithm         = Still
   gb-epsilon-solvent   = 80
   nstgbradii           = 1
   rgbradii             = 1
   gb-saltconc          = 0
   gb-obc-alpha         = 1
   gb-obc-beta          = 0.8
   gb-obc-gamma         = 4.85
   gb-dielectric-offset = 0.009
   sa-algorithm         = Ace-approximation
   sa-surface-tension   = 2.05016
   DispCorr             = EnerPres
   bSimTemp             = FALSE
   free-energy          = yes
   nstdhdl              = 20
   init-lambda-state    = -1
   init-lambda          = 0.25
   delta-lambda         = 0
   n-lambdas            = 0
   calc-lambda-neighbors = 1
   sc-alpha             = 0.5
   bScCoul              = TRUE
   bScPrintEnergy       = FALSE
   sc-power             = 1
   sc-r-power           = 6
   sc-sigma             = 0.3
   sc-sigma-min         = 0.3
   separate-dhdl-file   = yes
   dhdl-derivatives     = yes
   dh-hist-size         = 0
   dh-hist-spacing      = 0.1
   nwall                = 0
   wall-type            = 9-3
   wall-atomtype[0]     = -1
   wall-atomtype[1]     = -1
   wall-density[0]      = 0
   wall-density[1]      = 0
   wall-ewald-zfac      = 3
   pull                 = no
   rotation             = FALSE
   disre                = No
   disre-weighting      = Conservative
   disre-mixed          = FALSE
   dr-fc                = 1000
   dr-tau               = 0
   nstdisreout          = 100
   orires-fc            = 0
   orires-tau           = 0
   nstorireout          = 100
   dihre-fc             = 0
   em-stepsize          = 0.01
   em-tol               = 10
   niter                = 20
   fc-stepsize          = 0
   nstcgsteep           = 1000
   nbfgscorr            = 10
   ConstAlg             = Lincs
   shake-tol            = 0.0001
   lincs-order          = 8
   lincs-warnangle      = 30
   lincs-iter           = 4
   bd-fric              = 0
   ld-seed              = 1993
   cos-accel            = 0
   deform (3x3):
      deform[    0]={ 0.00000e+00,  0.00000e+00,  0.00000e+00}
      deform[    1]={ 0.00000e+00,  0.00000e+00,  0.00000e+00}
      deform[    2]={ 0.00000e+00,  0.00000e+00,  0.00000e+00}
   adress               = FALSE
   userint1             = 0
   userint2             = 0
   userint3             = 0
   userint4             = 0
   userreal1            = 0
   userreal2            = 0
   userreal3            = 0
   userreal4            = 0
grpopts:
   nrdf:        4194
   ref-t:         300
   tau-t:           1
anneal:          No
ann-npoints:           0
   acc:	           0           0           0
   nfreeze:           N           N           N
   energygrp-flags[  0]: 0
   efield-x:
      n = 0
   efield-xt:
      n = 0
   efield-y:
      n = 0
   efield-yt:
      n = 0
   efield-z:
      n = 0
   efield-zt:
      n = 0
   eSwapCoords          = no
   bQMMM                = FALSE
   QMconstraints        = 0
   QMMMscheme           = 0
   scalefactor          = 1
qm-opts:
   ngQM                 = 0

Detecting CPU-specific acceleration.
Present hardware specification:
Vendor: GenuineIntel
Brand:  Intel(R) Core(TM) i7-4700HQ CPU @ 2.40GHz
Family:  6  Model: 60  Stepping:  3
Features: aes apic avx clfsh cmov cx8 cx16 f16c fma lahf_lm mmx msr nonstop_tsc pcid pclmuldq pdpe1gb popcnt pse rdrnd rdtscp sse2 sse3 sse4.1 sse4.2 ssse3 x2apic
Acceleration most likely to fit this hardware: AVX_256
Acceleration selected at GROMACS compile time: None


Binary not matching hardware - you might be losing performance.
Acceleration most likely to fit this hardware: AVX_256
Acceleration selected at GROMACS compile time: None

Table routines are used for coulomb: FALSE
Table routines are used for vdw:     TRUE
Will do PME sum in reciprocal space for electrostatic interactions.

++++ PLEASE READ AND CITE THE FOLLOWING REFERENCE ++++
U. Essmann, L. Perera, M. L. Berkowitz, T. Darden, H. Lee and L. G. Pedersen 
A smooth particle mesh Ewald method
J. Chem. Phys. 103 (1995) pp. 8577-8592
-------- -------- --- Thank You --- -------- --------

Will do ordinary reciprocal space Ewald sum.
Using a Gaussian width (1/beta) of 0.289108 nm for Ewald
Using shifted Lennard-Jones, switch between 0.8 and 0.9 nm
Cut-off's:   NS: 1   Coulomb: 1   LJ: 0.9
Long Range LJ corr.: <C6> 2.8086e-04
System total charge, top. A: 0.000 top. B: 0.000
Generated table with 1000 data points for Ewald.
Tabscale = 500 points/nm
Generated table with 1000 data points for LJ6Switch.
Tabscale = 500 points/nm
Generated table with 1000 data points for LJ12Switch.
Tabscale = 500 points/nm
Generated table with 1000 data points for 1-4 COUL.
Tabscale = 500 points/nm
Generated table with 1000 data points for 1-4 LJ6.
Tabscale = 500 points/nm
Generated table with 1000 data points for 1-4 LJ12.
Tabscale = 500 points/nm

Enabling SPC-like water optimization for 691 molecules.

Potential shift: LJ r^-12: 0.000 r^-6 0.000, Ewald 0.000e+00
Initialized non-bonded Ewald correction tables, spacing: 6.27e-04 size: 3192

There are 20 atoms and 0 charges for free energy perturbation
Removing pbc first time

Initializing LINear Constraint Solver

++++ PLEASE READ AND CITE THE FOLLOWING REFERENCE ++++
B. Hess and H. Bekker and H. J. C. Berendsen and J. G. E. M. Fraaije
LINCS: A Linear Constraint Solver for molecular simulations
J. Comp. Chem. 18 (1997) pp. 1463-1472
-------- -------- --- Thank You --- -------- --------

The number of constraints is 9

++++ PLEASE READ AND CITE THE FOLLOWING REFERENCE ++++
S. Miyamoto and P. A. Kollman
SETTLE: An Analytical Version of the SHAKE and RATTLE Algorithms for Rigid
Water Models
J. Comp. Chem. 13 (1992) pp. 952-962
-------- -------- --- Thank You --- -------- --------

Initial vector of lambda components:[     0.2500     0.2500     0.2500     0.2500     0.2500     0.2500     0.2500 ]
Center of mass motion removal mode is Linear
We have the following groups for center of mass motion removal:
  0:  rest

++++ PLEASE READ AND CITE THE FOLLOWING REFERENCE ++++
G. Bussi, D. Donadio and M. Parrinello
Canonical sampling through velocity rescaling
J. Chem. Phys. 126 (2007) pp. 014101
-------- -------- --- Thank You --- -------- --------

There are: 2093 Atoms
Max number of connections per atom is 65
Total number of connections is 3370
Max number of graph edges per atom is 3
Total number of graph edges is 2806

Constraining the starting coordinates (step 0)

Constraining the coordinates at t0-dt (step 0)
RMS relative constraint deviation after constraining: 2.83e-07
Initial temperature: 300.365 K

Started mdrun on node 0 Wed Jan 29 16:23:18 2014
           Step           Time         Lambda
              0        0.00000        0.25000


Grid: 5 x 5 x 3 cells
   Energies (kJ/mol)
           Bond          Angle    Proper Dih. Ryckaert-Bell.          LJ-14
    3.29402e+01    3.89831e+01    3.11578e+00    1.79526e+01    3.40179e+01
     Coulomb-14        LJ (SR)  Disper. corr.   Coulomb (SR)   Coul. recip.
    0.00000e+00    4.31046e+03   -1.98213e+02   -2.81250e+04   -3.45586e+03
      Potential    Kinetic En.   Total Energy  Conserved En.    Temperature
   -2.73416e+04    5.24247e+03   -2.20991e+04   -2.20991e+04    3.00678e+02
 Pres. DC (bar) Pressure (bar)    dVremain/dl   Constr. rmsd
   -1.56344e+02    4.74125e+01    6.10894e+01    3.11621e-07

           Step           Time         Lambda
             60        0.06000        0.25000

Writing checkpoint, step 60 at Wed Jan 29 16:23:20 2014


   Energies (kJ/mol)
           Bond          Angle    Proper Dih. Ryckaert-Bell.          LJ-14
    2.07524e+01    2.47356e+01    1.97027e+00    1.63925e+01    3.40639e+01
     Coulomb-14        LJ (SR)  Disper. corr.   Coulomb (SR)   Coul. recip.
    0.00000e+00    4.39075e+03   -1.98213e+02   -2.82273e+04   -3.45002e+03
      Potential    Kinetic En.   Total Energy  Conserved En.    Temperature
   -2.73868e+04    5.22621e+03   -2.21606e+04   -2.21008e+04    2.99745e+02
 Pres. DC (bar) Pressure (bar)    dVremain/dl   Constr. rmsd
   -1.56344e+02    3.02616e+02    6.41090e+01    4.30274e-07

	<======  ###############  ==>
	<====  A V E R A G E S  ====>
	<==  ###############  ======>

	Statistics over 61 steps using 7 frames

   Energies (kJ/mol)
           Bond          Angle    Proper Dih. Ryckaert-Bell.          LJ-14
    2.29879e+01    3.06526e+01    3.42911e+00    1.97600e+01    3.87300e+01
     Coulomb-14        LJ (SR)  Disper. corr.   Coulomb (SR)   Coul. recip.
    0.00000e+00    4.33407e+03   -1.98213e+02   -2.82127e+04   -3.46242e+03
      Potential    Kinetic En.   Total Energy  Conserved En.    Temperature
   -2.74237e+04    5.27437e+03   -2.21494e+04   -2.20999e+04    3.02507e+02
 Pres. DC (bar) Pressure (bar)    dVremain/dl   Constr. rmsd
   -1.56344e+02    3.23607e+02    6.51544e+01    0.00000e+00

   Total Virial (kJ/mol)
    1.31900e+03    3.25607e+02    2.76945e+01
    3.25697e+02    1.57862e+03    2.10826e+01
    2.71342e+01    2.13613e+01    1.76134e+03

   Pressure (bar)
    5.71271e+02   -5.36579e+02   -1.24397e+01
   -5.36722e+02    2.97066e+02   -1.53707e+01
   -1.15558e+01   -1.58103e+01    1.02482e+02


	M E G A - F L O P S   A C C O U N T I N G

 NB=Group-cutoff nonbonded kernels    NxN=N-by-N cluster Verlet kernels
 RF=Reaction-Field  VdW=Van der Waals  QSTab=quadratic-spline table
 W3=SPC/TIP3p  W4=TIP4p (single or pairs)
 V&F=Potential and force  V=Potential only  F=Force only

 Computing:                               M-Number         M-Flops  % Flops
-----------------------------------------------------------------------------
 NB Elec. [W3,V&F]                        9.107735           9.108     0.5
 NB Elec. [W3,F]                         58.389066          58.389     3.3
 NB VdW & Elec. [W3,V&F]                  5.787028           5.787     0.3
 NB VdW & Elec. [W3,F]                   36.430668          36.431     2.1
 NB VdW & Elec. [W3-W3,V&F]             115.915244         115.915     6.6
 NB VdW & Elec. [W3-W3,F]               732.995496         732.995    42.0
 NB Free energy kernel                   24.909936          24.910     1.4
 1,4 nonbonded interactions               0.002562           0.231     0.0
 Calc Weights                             0.383019          13.789     0.8
 Spread Q Bspline                        27.577368          55.155     3.2
 Gather F Bspline                        27.577368         165.464     9.5
 3D-FFT                                  59.965440         479.724    27.5
 Solve PME                                0.062464           3.998     0.2
 NS-Pairs                                 1.121870          23.559     1.3
 Reset In Box                             0.004977           0.015     0.0
 Shift-X                                  0.510692           3.064     0.2
 CG-CoM                                   0.014651           0.044     0.0
 Bonds                                    0.000732           0.043     0.0
 Angles                                   0.002013           0.338     0.0
 Propers                                  0.000610           0.140     0.0
 RB-Dihedrals                             0.002928           0.723     0.0
 Virial                                   0.014966           0.269     0.0
 Stop-CM                                  0.004186           0.042     0.0
 Calc-Ekin                                0.029302           0.791     0.0
 Lincs                                    0.000567           0.034     0.0
 Lincs-Mat                                0.001260           0.005     0.0
 Constraint-V                             0.129642           1.037     0.1
 Constraint-Vir                           0.014574           0.350     0.0
 Settle                                   0.043533          14.061     0.8
-----------------------------------------------------------------------------
 Total                                                    1746.411   100.0
-----------------------------------------------------------------------------


     R E A L   C Y C L E   A N D   T I M E   A C C O U N T I N G

 Computing:         Nodes   Th.     Count  Wall t (s)     G-Cycles       %
-----------------------------------------------------------------------------
 Neighbor search        1    1          7       0.058        0.140     3.0
 Force                  1    1         61       1.111        2.661    57.2
 PME mesh               1    1         61       0.728        1.744    37.5
 Write traj.            1    1          2       0.020        0.048     1.0
 Update                 1    1         61       0.004        0.011     0.2
 Constraints            1    1         61       0.013        0.032     0.7
 Rest                   1                       0.006        0.015     0.3
-----------------------------------------------------------------------------
 Total                  1                       1.942        4.651   100.0
-----------------------------------------------------------------------------
-----------------------------------------------------------------------------
 PME spread/gather      1    1        122       0.378        0.906    19.5
 PME 3D-FFT             1    1        122       0.280        0.671    14.4
 PME solve Elec         1    1         61       0.069        0.166     3.6
-----------------------------------------------------------------------------

               Core t (s)   Wall t (s)        (%)
       Time:        1.928        1.942       99.3
                 (ns/day)    (hour/ns)
Performance:        2.713        8.845
Finished mdrun on node 0 Wed Jan 29 16:23:18 2014
