Log file opened on Fri Feb  1 20:06:01 2013
Host: x230  pid: 16720  nodeid: 0  nnodes:  1
Gromacs version:    VERSION 4.6.1-dev-20130129-681a2ea-dirty-unknown
GIT SHA1 hash:      681a2ea76138006e75f560008115ddf5b68c6d10 (dirty)
Branched from:      unknown
Precision:          double
Memory model:       64 bit
MPI library:        thread_mpi
OpenMP support:     enabled
GPU support:        disabled
invsqrt routine:    gmx_software_invsqrt(x)
CPU acceleration:   AVX_256
FFT library:        fftw-3.3.3-fma-sse2-avx
Large file support: enabled
RDTSCP usage:       enabled
Built on:           Fri Feb  1 17:51:07 MST 2013
Built by:           portage@x230 [CMAKE]
Build OS/arch:      Linux 3.6.11-gentoo x86_64
Build CPU vendor:   GenuineIntel
Build CPU brand:    Intel(R) Core(TM) i7-3520M CPU @ 2.90GHz
Build CPU family:   6   Model: 58   Stepping: 9
Build CPU features: aes apic avx clfsh cmov cx8 cx16 f16c htt lahf_lm mmx msr nonstop_tsc pcid pclmuldq pdcm popcnt pse rdrnd rdtscp sse2 sse3 sse4.1 sse4.2 ssse3 tdt x2apic
C compiler:         /usr/lib64/ccache/bin/x86_64-pc-linux-gnu-gcc GNU x86_64-pc-linux-gnu-gcc (Gentoo 4.6.3 p1.11, pie-0.5.2) 4.6.3
C compiler flags:   -mavx   -Wextra -Wno-missing-field-initializers -Wno-sign-compare -Wall -Wno-unused -Wunused-value  -march=native -O2 -pipe -fomit-frame-pointer  


                         :-)  G  R  O  M  A  C  S  (-:

                   Groningen Machine for Chemical Simulation

           :-)  VERSION 4.6.1-dev-20130129-681a2ea-dirty-unknown  (-:

        Contributions from Mark Abraham, Emile Apol, Rossen Apostolov, 
           Herman J.C. Berendsen, Aldert van Buuren, Pär Bjelkmar,  
     Rudi van Drunen, Anton Feenstra, Gerrit Groenhof, Christoph Junghans, 
        Peter Kasson, Carsten Kutzner, Per Larsson, Pieter Meulenhoff, 
           Teemu Murtola, Szilard Pall, Sander Pronk, Roland Schulz, 
                Michael Shirts, Alfons Sijbers, Peter Tieleman,

               Berk Hess, David van der Spoel, and Erik Lindahl.

       Copyright (c) 1991-2000, University of Groningen, The Netherlands.
         Copyright (c) 2001-2012,2013, The GROMACS development team at
        Uppsala University & The Royal Institute of Technology, Sweden.
            check out http://www.gromacs.org for more information.

         This program is free software; you can redistribute it and/or
       modify it under the terms of the GNU Lesser General Public License
        as published by the Free Software Foundation; either version 2.1
             of the License, or (at your option) any later version.

                      :-)  mdrun_d (double precision)  (-:


++++ PLEASE READ AND CITE THE FOLLOWING REFERENCE ++++
B. Hess and C. Kutzner and D. van der Spoel and E. Lindahl
GROMACS 4: Algorithms for highly efficient, load-balanced, and scalable
molecular simulation
J. Chem. Theory Comput. 4 (2008) pp. 435-447
-------- -------- --- Thank You --- -------- --------


++++ PLEASE READ AND CITE THE FOLLOWING REFERENCE ++++
D. van der Spoel, E. Lindahl, B. Hess, G. Groenhof, A. E. Mark and H. J. C.
Berendsen
GROMACS: Fast, Flexible and Free
J. Comp. Chem. 26 (2005) pp. 1701-1719
-------- -------- --- Thank You --- -------- --------


++++ PLEASE READ AND CITE THE FOLLOWING REFERENCE ++++
E. Lindahl and B. Hess and D. van der Spoel
GROMACS 3.0: A package for molecular simulation and trajectory analysis
J. Mol. Mod. 7 (2001) pp. 306-317
-------- -------- --- Thank You --- -------- --------


++++ PLEASE READ AND CITE THE FOLLOWING REFERENCE ++++
H. J. C. Berendsen, D. van der Spoel and R. van Drunen
GROMACS: A message-passing parallel molecular dynamics implementation
Comp. Phys. Comm. 91 (1995) pp. 43-56
-------- -------- --- Thank You --- -------- --------

Input Parameters:
   integrator           = sd
   nsteps               = 5
   init-step            = 0
   cutoff-scheme        = Group
   ns_type              = Grid
   nstlist              = 10
   ndelta               = 2
   nstcomm              = 1
   comm-mode            = Linear
   nstlog               = 0
   nstxout              = 1
   nstvout              = 1
   nstfout              = 1
   nstcalcenergy        = 1
   nstenergy            = 1
   nstxtcout            = 0
   init-t               = 0
   delta-t              = 0.002
   xtcprec              = 1000
   fourierspacing       = 0.12
   nkx                  = 0
   nky                  = 0
   nkz                  = 0
   pme-order            = 4
   ewald-rtol           = 1e-05
   ewald-geometry       = 0
   epsilon-surface      = 0
   optimize-fft         = FALSE
   ePBC                 = xyz
   bPeriodicMols        = FALSE
   bContinuation        = FALSE
   bShakeSOR            = FALSE
   etc                  = No
   bPrintNHChains       = FALSE
   nsttcouple           = -1
   epc                  = No
   epctype              = Isotropic
   nstpcouple           = -1
   tau-p                = 0.5
   ref-p (3x3):
      ref-p[    0]={ 0.00000e+00,  0.00000e+00,  0.00000e+00}
      ref-p[    1]={ 0.00000e+00,  0.00000e+00,  0.00000e+00}
      ref-p[    2]={ 0.00000e+00,  0.00000e+00,  0.00000e+00}
   compress (3x3):
      compress[    0]={ 0.00000e+00,  0.00000e+00,  0.00000e+00}
      compress[    1]={ 0.00000e+00,  0.00000e+00,  0.00000e+00}
      compress[    2]={ 0.00000e+00,  0.00000e+00,  0.00000e+00}
   refcoord-scaling     = No
   posres-com (3):
      posres-com[0]= 0.00000e+00
      posres-com[1]= 0.00000e+00
      posres-com[2]= 0.00000e+00
   posres-comB (3):
      posres-comB[0]= 0.00000e+00
      posres-comB[1]= 0.00000e+00
      posres-comB[2]= 0.00000e+00
   verlet-buffer-drift  = 0.005
   rlist                = 0.9
   rlistlong            = 0.9
   nstcalclr            = 0
   rtpi                 = 0.05
   coulombtype          = Reaction-Field
   coulomb-modifier     = None
   rcoulomb-switch      = 0
   rcoulomb             = 0.9
   vdwtype              = User
   vdw-modifier         = None
   rvdw-switch          = 0
   rvdw                 = 0.9
   epsilon-r            = 1
   epsilon-rf           = 80
   tabext               = 1
   implicit-solvent     = No
   gb-algorithm         = Still
   gb-epsilon-solvent   = 80
   nstgbradii           = 1
   rgbradii             = 2
   gb-saltconc          = 0
   gb-obc-alpha         = 1
   gb-obc-beta          = 0.8
   gb-obc-gamma         = 4.85
   gb-dielectric-offset = 0.009
   sa-algorithm         = Ace-approximation
   sa-surface-tension   = 2.092
   DispCorr             = No
   bSimTemp             = FALSE
   free-energy          = no
   nwall                = 0
   wall-type            = 9-3
   wall-atomtype[0]     = -1
   wall-atomtype[1]     = -1
   wall-density[0]      = 0
   wall-density[1]      = 0
   wall-ewald-zfac      = 3
   pull                 = no
   rotation             = FALSE
   disre                = No
   disre-weighting      = Conservative
   disre-mixed          = FALSE
   dr-fc                = 1000
   dr-tau               = 0
   nstdisreout          = 100
   orires-fc            = 0
   orires-tau           = 0
   nstorireout          = 100
   dihre-fc             = 0
   em-stepsize          = 0.01
   em-tol               = 10
   niter                = 20
   fc-stepsize          = 0
   nstcgsteep           = 1000
   nbfgscorr            = 10
   ConstAlg             = Lincs
   shake-tol            = 0.0001
   lincs-order          = 4
   lincs-warnangle      = 30
   lincs-iter           = 1
   bd-fric              = 0
   ld-seed              = 1993
   cos-accel            = 0
   deform (3x3):
      deform[    0]={ 0.00000e+00,  0.00000e+00,  0.00000e+00}
      deform[    1]={ 0.00000e+00,  0.00000e+00,  0.00000e+00}
      deform[    2]={ 0.00000e+00,  0.00000e+00,  0.00000e+00}
   adress               = TRUE
   adress_type          = xsplit
   adress_const_wf      = 1
   adress_ex_width      = 0
   adress_hy_width      = 0.9
   adress_interface_correction = thermoforce
   adress_site          = com
   adress_ex_force_cap  = 0
   adress_do_hybridpairs = FALSE
   adress_reference_coords (3):
      adress_reference_coords[0]= 9.31030e-01
      adress_reference_coords[1]= 0.00000e+00
      adress_reference_coords[2]= 0.00000e+00
   userint1             = 0
   userint2             = 0
   userint3             = 0
   userint4             = 0
   userreal1            = 0
   userreal2            = 0
   userreal3            = 0
   userreal4            = 0
grpopts:
   nrdf:        1293
   ref-t:         300
   tau-t:         0.5
anneal:          No
ann-npoints:           0
   acc:	           0           0           0
   nfreeze:           N           N           N
   energygrp-flags[  0]: 2 1
   energygrp-flags[  1]: 1 0
   efield-x:
      n = 0
   efield-xt:
      n = 0
   efield-y:
      n = 0
   efield-yt:
      n = 0
   efield-z:
      n = 0
   efield-zt:
      n = 0
   bQMMM                = FALSE
   QMconstraints        = 0
   QMMMscheme           = 0
   scalefactor          = 1
qm-opts:
   ngQM                 = 0

Initializing Domain Decomposition on 4 nodes
Dynamic load balancing: auto
Will sort the charge groups at every domain (re)decomposition
Minimum cell size due to bonded interactions: 0.000 nm
Scaling the initial minimum size with 1/0.8 (option -dds) = 1.25
Optimizing the DD grid for 4 cells with a minimum initial size of 0.000 nm
Domain decomposition grid 4 x 1 x 1, separate PME nodes 0
Domain decomposition nodeid 0, coordinates 0 0 0

Using 4 MPI threads

Detecting CPU-specific acceleration.
Present hardware specification:
Vendor: GenuineIntel
Brand:  Intel(R) Core(TM) i7-3520M CPU @ 2.90GHz
Family:  6  Model: 58  Stepping:  9
Features: aes apic avx clfsh cmov cx8 cx16 f16c htt lahf_lm mmx msr nonstop_tsc pcid pclmuldq pdcm popcnt pse rdrnd rdtscp sse2 sse3 sse4.1 sse4.2 ssse3 tdt x2apic
Acceleration most likely to fit this hardware: AVX_256
Acceleration selected at GROMACS compile time: AVX_256

Table routines are used for coulomb: FALSE
Table routines are used for vdw:     TRUE
Cut-off's:   NS: 0.9   Coulomb: 0.9   LJ: 0.9
Reaction-Field:
epsRF = 80, rc = 0.9, krf = 0.673091, crf = 1.65631, epsfac = 138.935
The electrostatics potential has its minimum at r = 0.905661
System total charge: 0.000
Read user tables from table.xvg with 1501 data points.
Tabscale = 500 points/nm
Generated table with 950 data points for RF.
Tabscale = 500 points/nm
Read user tables from table.xvg with 1501 data points.
Tabscale = 500 points/nm
Generated table with 950 data points for RF.
Tabscale = 500 points/nm
Read user tables from table_CG_CG.xvg with 1102 data points.
Tabscale = 500 points/nm
Generated table with 950 data points for RF.
Tabscale = 500 points/nm
Read user tables from table_CG_CG.xvg with 1102 data points.
Tabscale = 500 points/nm
Generated table with 950 data points for RF.
Tabscale = 500 points/nm
Read user tables from tabletf.xvg with 811 data points.
Tabscale = 100 points/nm
Potential shift: LJ r^-12: 0.000 r^-6 0.000
Removing pbc first time

++++ PLEASE READ AND CITE THE FOLLOWING REFERENCE ++++
S. Miyamoto and P. A. Kollman
SETTLE: An Analytical Version of the SHAKE and RATTLE Algorithms for Rigid
Water Models
J. Comp. Chem. 13 (1992) pp. 952-962
-------- -------- --- Thank You --- -------- --------


Linking all bonded interactions to atoms
There are 216 inter charge-group virtual sites,
will an extra communication step for selected coordinates and forces

The initial number of communication pulses is: X 2
The initial domain decomposition cell size is: X 0.47 nm

The maximum allowed distance for charge groups involved in interactions is:
                 non-bonded interactions           0.900 nm
            two-body bonded interactions  (-rdd)   0.900 nm
          multi-body bonded interactions  (-rdd)   0.466 nm
              virtual site constructions  (-rcon)  0.466 nm

When dynamic load balancing gets turned on, these settings will change to:
The maximum number of communication pulses is: X 3
The minimum size for domain decomposition cells is 0.300 nm
The requested allowed shrink of DD cells (option -dds) is: 0.80
The allowed shrink of domain decomposition cells is: X 0.64
The maximum allowed distance for charge groups involved in interactions is:
                 non-bonded interactions           0.900 nm
            two-body bonded interactions  (-rdd)   0.900 nm
          multi-body bonded interactions  (-rdd)   0.300 nm
              virtual site constructions  (-rcon)  0.300 nm


Making 1D domain decomposition grid 4 x 1 x 1, home cell index 0 0 0

Center of mass motion removal mode is Linear
We have the following groups for center of mass motion removal:
  0:  rest

++++ PLEASE READ AND CITE THE FOLLOWING REFERENCE ++++
S. Fritsch, C. Junghans and K. Kremer
Adaptive molecular simulation study on structure formation of toluene around
C60 using Gromacs
J. Chem. Theo. Comp. 8 (2012) pp. 398
-------- -------- --- Thank You --- -------- --------


++++ PLEASE READ AND CITE THE FOLLOWING REFERENCE ++++
C. Junghans and S. Poblete
A reference implementation of the adaptive resolution scheme in ESPResSo
Comp. Phys. Comm. 181 (2010) pp. 1449
-------- -------- --- Thank You --- -------- --------

There are: 648 Atoms
There are: 216 VSites
Charge group distribution at step 0: 113 104 107 108
Grid: 6 x 4 x 4 cells

Constraining the starting coordinates (step 0)

Constraining the coordinates at t0-dt (step 0)
RMS relative constraint deviation after constraining: 0.00e+00
Initial temperature: 4.27496e-25 K

Started mdrun on node 0 Fri Feb  1 20:06:01 2013

           Step           Time         Lambda
              0        0.00000        0.00000


   Energies (kJ/mol)
    Kinetic En.    Temperature
    1.26807e+01    2.35905e+00

           Step           Time         Lambda
              5        0.01000        0.00000

Writing checkpoint, step 5 at Fri Feb  1 20:06:01 2013


   Energies (kJ/mol)
    Kinetic En.    Temperature
    3.14744e+02    5.85533e+01

	<======  ###############  ==>
	<====  A V E R A G E S  ====>
	<==  ###############  ======>

	Statistics over 6 steps using 6 frames

   Energies (kJ/mol)
    Kinetic En.    Temperature
    1.50207e+02    2.79437e+01


	M E G A - F L O P S   A C C O U N T I N G

 NB=Group-cutoff nonbonded kernels    NxN=N-by-N cluster Verlet kernels
 RF=Reaction-Field  VdW=Van der Waals  QSTab=quadratic-spline table
 W3=SPC/TIP3p  W4=TIP4p (single or pairs)
 V&F=Potential and force  V=Potential only  F=Force only

 Computing:                               M-Number         M-Flops  % Flops
-----------------------------------------------------------------------------
 NB VdW [V&F]                             0.017004           0.017     0.0
 NB Generic kernel                       30.843720          30.844    88.7
 NS-Pairs                                 0.105725           2.220     6.4
 Reset In Box                             0.000432           0.001     0.0
 CG-CoM                                   0.001728           0.005     0.0
 Virial                                   0.006264           0.113     0.3
 Update                                   0.005184           0.161     0.5
 Stop-CM                                  0.006048           0.060     0.2
 Calc-Ekin                                0.006048           0.163     0.5
 Constraint-V                             0.004536           0.036     0.1
 Constraint-Vir                           0.003888           0.093     0.3
 Settle                                   0.003024           0.977     2.8
 Virtual Site 3                           0.002592           0.096     0.3
-----------------------------------------------------------------------------
 Total                                                      34.787   100.0
-----------------------------------------------------------------------------


    D O M A I N   D E C O M P O S I T I O N   S T A T I S T I C S

 av. #atoms communicated per step for force:  2 x 1671.0
 av. #atoms communicated per step for vsites: 2 x 36.0


     R E A L   C Y C L E   A N D   T I M E   A C C O U N T I N G

 Computing:         Nodes   Th.     Count  Wall t (s)     G-Cycles       %
-----------------------------------------------------------------------------
 Domain decomp.         4    1          1       0.000        0.003     0.2
 Vsite constr.          4    1          6       0.062        0.721    39.6
 Neighbor search        4    1          1       0.005        0.054     3.0
 Comm. coord.           4    1          6       0.000        0.003     0.1
 Force                  4    1          6       0.020        0.229    12.6
 Wait + Comm. F         4    1          6       0.003        0.034     1.9
 Vsite spread           4    1         12       0.000        0.003     0.1
 Write traj.            4    1          6       0.031        0.363    19.9
 Update                 4    1          6       0.000        0.006     0.3
 Constraints            4    1         12       0.000        0.006     0.3
 Comm. energies         4    1          6       0.033        0.383    21.0
 Rest                   4                       0.001        0.015     0.8
-----------------------------------------------------------------------------
 Total                  4                       0.157        1.819   100.0
-----------------------------------------------------------------------------

NOTE: 21 % of the run time was spent communicating energies,
      you might want to use the -gcom option of mdrun


               Core t (s)   Wall t (s)        (%)
       Time:        0.520        0.157      330.9
                 (ns/day)    (hour/ns)
Performance:        6.597        3.638
Finished mdrun on node 0 Fri Feb  1 20:06:02 2013
