Log file opened on Wed Jan 29 16:38:56 2014
Host: linux.localdomain  pid: 21199  nodeid: 0  nnodes:  1
GROMACS:    gmx mdrun, VERSION 5.0-beta2-dev-20140129-1b77d0b

GROMACS is written by:
Emile Apol         Rossen Apostolov   Herman J.C. Berendsen Par Bjelkmar       
Aldert van Buuren  Rudi van Drunen    Anton Feenstra     Sebastian Fritsch  
Gerrit Groenhof    Christoph Junghans Peter Kasson       Carsten Kutzner    
Per Larsson        Justin A. Lemkul   Magnus Lundborg    Pieter Meulenhoff  
Erik Marklund      Teemu Murtola      Szilard Pall       Sander Pronk       
Roland Schulz      Alexey Shvetsov    Michael Shirts     Alfons Sijbers     
Peter Tieleman     Christian Wennberg Maarten Wolf       
and the project leaders:
Mark Abraham, Berk Hess, Erik Lindahl, and David van der Spoel

Copyright (c) 1991-2000, University of Groningen, The Netherlands.
Copyright (c) 2001-2014, The GROMACS development team at
Uppsala University, Stockholm University and
the Royal Institute of Technology, Sweden.
check out http://www.gromacs.org for more information.

GROMACS is free software; you can redistribute it and/or modify it
under the terms of the GNU Lesser General Public License
as published by the Free Software Foundation; either version 2.1
of the License, or (at your option) any later version.

GROMACS:    gmx mdrun, VERSION 5.0-beta2-dev-20140129-1b77d0b
Executable: /home/rschulz/download/gromacs5.0/gcc.ref/bin/gmx
Command line:
  gmx mdrun -notunepme

Gromacs version:    VERSION 5.0-beta2-dev-20140129-1b77d0b
GIT SHA1 hash:      1b77d0b0abc0eb8c5364c369cf3e99a72beaaa32
Branched from:      ea99912691d0385f4d614c0383aefed35f67adc1 (1 newer local commits)
Precision:          single
Memory model:       64 bit
MPI library:        none
OpenMP support:     disabled
GPU support:        disabled
invsqrt routine:    (1.0/sqrt(x))
CPU acceleration:   NONE
FFT library:        fftpack (built-in)
RDTSCP usage:       enabled
C++11 compilation:  enabled
TNG support:        enabled
Built on:           Tue Jan 21 21:17:17 EST 2014
Built by:           rschulz@linux.localdomain [CMAKE]
Build OS/arch:      Linux 3.7.10-1.16-desktop x86_64
Build CPU vendor:   GenuineIntel
Build CPU brand:    Intel(R) Core(TM) i7-4700HQ CPU @ 2.40GHz
Build CPU family:   6   Model: 60   Stepping: 3
Build CPU features: aes apic avx clfsh cmov cx8 cx16 f16c fma lahf_lm mmx msr nonstop_tsc pcid pclmuldq pdpe1gb popcnt pse rdrnd rdtscp sse2 sse3 sse4.1 sse4.2 ssse3 x2apic
C compiler:         /usr/bin/cc GNU 4.7.2
C compiler flags:      -Wextra -Wno-missing-field-initializers -Wno-sign-compare -Wall -Wno-unused -Wunused-value -Wunused-parameter -Wno-unknown-pragmas   -O0 -g
C++ compiler:       /usr/bin/c++ GNU 4.7.2
C++ compiler flags:    -std=c++0x -Wextra -Wno-missing-field-initializers -Wall -Wno-unused-function -Wno-unknown-pragmas   -O0 -g
Boost version:      1.49.0 (external)



++++ PLEASE READ AND CITE THE FOLLOWING REFERENCE ++++
B. Hess and C. Kutzner and D. van der Spoel and E. Lindahl
GROMACS 4: Algorithms for highly efficient, load-balanced, and scalable
molecular simulation
J. Chem. Theory Comput. 4 (2008) pp. 435-447
-------- -------- --- Thank You --- -------- --------


++++ PLEASE READ AND CITE THE FOLLOWING REFERENCE ++++
D. van der Spoel, E. Lindahl, B. Hess, G. Groenhof, A. E. Mark and H. J. C.
Berendsen
GROMACS: Fast, Flexible and Free
J. Comp. Chem. 26 (2005) pp. 1701-1719
-------- -------- --- Thank You --- -------- --------


++++ PLEASE READ AND CITE THE FOLLOWING REFERENCE ++++
E. Lindahl and B. Hess and D. van der Spoel
GROMACS 3.0: A package for molecular simulation and trajectory analysis
J. Mol. Mod. 7 (2001) pp. 306-317
-------- -------- --- Thank You --- -------- --------


++++ PLEASE READ AND CITE THE FOLLOWING REFERENCE ++++
H. J. C. Berendsen, D. van der Spoel and R. van Drunen
GROMACS: A message-passing parallel molecular dynamics implementation
Comp. Phys. Comm. 91 (1995) pp. 43-56
-------- -------- --- Thank You --- -------- --------

Input Parameters:
   integrator           = sd
   nsteps               = 5
   init-step            = 0
   cutoff-scheme        = Group
   ns_type              = Grid
   nstlist              = 10
   ndelta               = 2
   nstcomm              = 1
   comm-mode            = Linear
   nstlog               = 0
   nstxout              = 1
   nstvout              = 1
   nstfout              = 1
   nstcalcenergy        = 1
   nstenergy            = 1
   nstxout_compressed   = 0
   init-t               = 0
   delta-t              = 0.002
   x_compression_precision = 1000
   fourierspacing       = 0.12
   nkx                  = 0
   nky                  = 0
   nkz                  = 0
   pme-order            = 4
   ewald-rtol           = 1e-05
   ewald-rtol-lj        = 0.001
   ewald-geometry       = 0
   epsilon-surface      = 0
   optimize-fft         = FALSE
   lj-pme-comb-rule     = Geometric
   ePBC                 = xyz
   bPeriodicMols        = FALSE
   bContinuation        = FALSE
   bShakeSOR            = FALSE
   etc                  = No
   bPrintNHChains       = FALSE
   nsttcouple           = -1
   epc                  = No
   epctype              = Isotropic
   nstpcouple           = -1
   tau-p                = 0.5
   ref-p (3x3):
      ref-p[    0]={ 0.00000e+00,  0.00000e+00,  0.00000e+00}
      ref-p[    1]={ 0.00000e+00,  0.00000e+00,  0.00000e+00}
      ref-p[    2]={ 0.00000e+00,  0.00000e+00,  0.00000e+00}
   compress (3x3):
      compress[    0]={ 0.00000e+00,  0.00000e+00,  0.00000e+00}
      compress[    1]={ 0.00000e+00,  0.00000e+00,  0.00000e+00}
      compress[    2]={ 0.00000e+00,  0.00000e+00,  0.00000e+00}
   refcoord-scaling     = No
   posres-com (3):
      posres-com[0]= 0.00000e+00
      posres-com[1]= 0.00000e+00
      posres-com[2]= 0.00000e+00
   posres-comB (3):
      posres-comB[0]= 0.00000e+00
      posres-comB[1]= 0.00000e+00
      posres-comB[2]= 0.00000e+00
   verlet-buffer-tolerance = 0.005
   rlist                = 0.9
   rlistlong            = 0.9
   nstcalclr            = 0
   rtpi                 = 0.05
   coulombtype          = Reaction-Field
   coulomb-modifier     = None
   rcoulomb-switch      = 0
   rcoulomb             = 0.9
   vdwtype              = User
   vdw-modifier         = None
   rvdw-switch          = 0
   rvdw                 = 0.9
   epsilon-r            = 1
   epsilon-rf           = 80
   tabext               = 1
   implicit-solvent     = No
   gb-algorithm         = Still
   gb-epsilon-solvent   = 80
   nstgbradii           = 1
   rgbradii             = 2
   gb-saltconc          = 0
   gb-obc-alpha         = 1
   gb-obc-beta          = 0.8
   gb-obc-gamma         = 4.85
   gb-dielectric-offset = 0.009
   sa-algorithm         = Ace-approximation
   sa-surface-tension   = 2.092
   DispCorr             = No
   bSimTemp             = FALSE
   free-energy          = no
   nwall                = 0
   wall-type            = 9-3
   wall-atomtype[0]     = -1
   wall-atomtype[1]     = -1
   wall-density[0]      = 0
   wall-density[1]      = 0
   wall-ewald-zfac      = 3
   pull                 = no
   rotation             = FALSE
   disre                = No
   disre-weighting      = Conservative
   disre-mixed          = FALSE
   dr-fc                = 1000
   dr-tau               = 0
   nstdisreout          = 100
   orires-fc            = 0
   orires-tau           = 0
   nstorireout          = 100
   dihre-fc             = 0
   em-stepsize          = 0.01
   em-tol               = 10
   niter                = 20
   fc-stepsize          = 0
   nstcgsteep           = 1000
   nbfgscorr            = 10
   ConstAlg             = Lincs
   shake-tol            = 0.0001
   lincs-order          = 4
   lincs-warnangle      = 30
   lincs-iter           = 1
   bd-fric              = 0
   ld-seed              = 1993
   cos-accel            = 0
   deform (3x3):
      deform[    0]={ 0.00000e+00,  0.00000e+00,  0.00000e+00}
      deform[    1]={ 0.00000e+00,  0.00000e+00,  0.00000e+00}
      deform[    2]={ 0.00000e+00,  0.00000e+00,  0.00000e+00}
   adress               = TRUE
   adress_type          = xsplit
   adress_const_wf      = 1
   adress_ex_width      = 0
   adress_hy_width      = 0.9
   adress_interface_correction = thermoforce
   adress_site          = com
   adress_ex_force_cap  = 0
   adress_do_hybridpairs = FALSE
   adress_reference_coords (3):
      adress_reference_coords[0]= 9.31030e-01
      adress_reference_coords[1]= 0.00000e+00
      adress_reference_coords[2]= 0.00000e+00
   userint1             = 0
   userint2             = 0
   userint3             = 0
   userint4             = 0
   userreal1            = 0
   userreal2            = 0
   userreal3            = 0
   userreal4            = 0
grpopts:
   nrdf:        1293
   ref-t:         300
   tau-t:         0.5
anneal:          No
ann-npoints:           0
   acc:	           0           0           0
   nfreeze:           N           N           N
   energygrp-flags[  0]: 2 1
   energygrp-flags[  1]: 1 0
   efield-x:
      n = 0
   efield-xt:
      n = 0
   efield-y:
      n = 0
   efield-yt:
      n = 0
   efield-z:
      n = 0
   efield-zt:
      n = 0
   eSwapCoords          = no
   bQMMM                = FALSE
   QMconstraints        = 0
   QMMMscheme           = 0
   scalefactor          = 1
qm-opts:
   ngQM                 = 0

Detecting CPU-specific acceleration.
Present hardware specification:
Vendor: GenuineIntel
Brand:  Intel(R) Core(TM) i7-4700HQ CPU @ 2.40GHz
Family:  6  Model: 60  Stepping:  3
Features: aes apic avx clfsh cmov cx8 cx16 f16c fma lahf_lm mmx msr nonstop_tsc pcid pclmuldq pdpe1gb popcnt pse rdrnd rdtscp sse2 sse3 sse4.1 sse4.2 ssse3 x2apic
Acceleration most likely to fit this hardware: AVX_256
Acceleration selected at GROMACS compile time: None


Binary not matching hardware - you might be losing performance.
Acceleration most likely to fit this hardware: AVX_256
Acceleration selected at GROMACS compile time: None

Table routines are used for coulomb: FALSE
Table routines are used for vdw:     TRUE
Cut-off's:   NS: 0.9   Coulomb: 0.9   LJ: 0.9
Reaction-Field:
epsRF = 80, rc = 0.9, krf = 0.673091, crf = 1.65631, epsfac = 138.935
The electrostatics potential has its minimum at r = 0.905661
System total charge: 0.000
Read user tables from table.xvg with 1501 data points.
Tabscale = 500 points/nm
Generated table with 950 data points for RF.
Tabscale = 500 points/nm
Read user tables from table.xvg with 1501 data points.
Tabscale = 500 points/nm
Generated table with 950 data points for RF.
Tabscale = 500 points/nm
Read user tables from table_CG_CG.xvg with 1102 data points.
Tabscale = 500 points/nm
Generated table with 950 data points for RF.
Tabscale = 500 points/nm
Read user tables from table_CG_CG.xvg with 1102 data points.
Tabscale = 500 points/nm
Generated table with 950 data points for RF.
Tabscale = 500 points/nm
Read user tables from tabletf.xvg with 811 data points.
Tabscale = 100 points/nm
Potential shift: LJ r^-12: 0.000 r^-6 0.000
Removing pbc first time

++++ PLEASE READ AND CITE THE FOLLOWING REFERENCE ++++
S. Miyamoto and P. A. Kollman
SETTLE: An Analytical Version of the SHAKE and RATTLE Algorithms for Rigid
Water Models
J. Comp. Chem. 13 (1992) pp. 952-962
-------- -------- --- Thank You --- -------- --------

Center of mass motion removal mode is Linear
We have the following groups for center of mass motion removal:
  0:  rest

++++ PLEASE READ AND CITE THE FOLLOWING REFERENCE ++++
S. Fritsch, C. Junghans and K. Kremer
Adaptive molecular simulation study on structure formation of toluene around
C60 using Gromacs
J. Chem. Theo. Comp. 8 (2012) pp. 398
-------- -------- --- Thank You --- -------- --------


++++ PLEASE READ AND CITE THE FOLLOWING REFERENCE ++++
C. Junghans and S. Poblete
A reference implementation of the adaptive resolution scheme in ESPResSo
Comp. Phys. Comm. 181 (2010) pp. 1449
-------- -------- --- Thank You --- -------- --------

There are: 648 Atoms
There are: 216 VSites
Max number of connections per atom is 4
Total number of connections is 2160
Max number of graph edges per atom is 3
Total number of graph edges is 1296

Constraining the starting coordinates (step 0)

Constraining the coordinates at t0-dt (step 0)
RMS relative constraint deviation after constraining: 0.00e+00
Initial temperature: 4.19588e-09 K

Started mdrun on node 0 Wed Jan 29 16:38:56 2014
           Step           Time         Lambda
              0        0.00000        0.00000


Grid: 4 x 4 x 4 cells
   Energies (kJ/mol)
    Kinetic En.    Temperature
    1.25241e+01    2.32993e+00

           Step           Time         Lambda
              5        0.01000        0.00000

Writing checkpoint, step 5 at Wed Jan 29 16:38:56 2014


   Energies (kJ/mol)
    Kinetic En.    Temperature
    3.25156e+02    6.04903e+01

	<======  ###############  ==>
	<====  A V E R A G E S  ====>
	<==  ###############  ======>

	Statistics over 6 steps using 6 frames

   Energies (kJ/mol)
    Kinetic En.    Temperature
    1.52044e+02    2.82856e+01


	M E G A - F L O P S   A C C O U N T I N G

 NB=Group-cutoff nonbonded kernels    NxN=N-by-N cluster Verlet kernels
 RF=Reaction-Field  VdW=Van der Waals  QSTab=quadratic-spline table
 W3=SPC/TIP3p  W4=TIP4p (single or pairs)
 V&F=Potential and force  V=Potential only  F=Force only

 Computing:                               M-Number         M-Flops  % Flops
-----------------------------------------------------------------------------
 NB VdW [V&F]                             0.008820           0.009     0.0
 NB Generic AdResS kernel                33.476820          33.477    89.1
 NS-Pairs                                 0.111598           2.344     6.2
 Reset In Box                             0.000432           0.001     0.0
 Shift-X                                  0.010368           0.062     0.2
 CG-CoM                                   0.000864           0.003     0.0
 Virial                                   0.005454           0.098     0.3
 Update                                   0.005184           0.161     0.4
 Stop-CM                                  0.006048           0.060     0.2
 Calc-Ekin                                0.006048           0.163     0.4
 Constraint-V                             0.004536           0.036     0.1
 Constraint-Vir                           0.003888           0.093     0.2
 Settle                                   0.003024           0.977     2.6
 Virtual Site 3                           0.002592           0.096     0.3
-----------------------------------------------------------------------------
 Total                                                      37.580   100.0
-----------------------------------------------------------------------------


     R E A L   C Y C L E   A N D   T I M E   A C C O U N T I N G

 Computing:         Nodes   Th.     Count  Wall t (s)     G-Cycles       %
-----------------------------------------------------------------------------
 Vsite constr.          1    1          6       0.000        0.000     0.3
 Neighbor search        1    1          1       0.009        0.021    14.4
 Force                  1    1          6       0.037        0.089    60.3
 Vsite spread           1    1         12       0.000        0.001     0.4
 Write traj.            1    1          6       0.010        0.023    15.8
 Update                 1    1          6       0.002        0.004     2.5
 Constraints            1    1         12       0.001        0.002     1.3
 Rest                   1                       0.003        0.008     5.1
-----------------------------------------------------------------------------
 Total                  1                       0.062        0.148   100.0
-----------------------------------------------------------------------------

               Core t (s)   Wall t (s)        (%)
       Time:        0.058        0.062       93.6
                 (ns/day)    (hour/ns)
Performance:       16.793        1.429
Finished mdrun on node 0 Wed Jan 29 16:38:56 2014
