Log file opened on Mon Mar 24 23:17:58 2014
Host: amd2  pid: 12899  nodeid: 0  nnodes:  1
Gromacs version:    VERSION 4.6.6-dev-20140323-b58afa7-unknown
GIT SHA1 hash:      b58afa7e304477f48ce48dfc11b9e9afd2987bc3
Branched from:      unknown
Precision:          single
Memory model:       64 bit
MPI library:        none
OpenMP support:     disabled
GPU support:        disabled
invsqrt routine:    (1.0/sqrt(x))
CPU acceleration:   NONE
FFT library:        fftpack (built-in)
Large file support: enabled
RDTSCP usage:       enabled
Built on:           Mon Mar 24 17:58:08 CET 2014
Built by:           mark@amd2 [CMAKE]
Build OS/arch:      Linux 3.5.0-47-generic x86_64
Build CPU vendor:   AuthenticAMD
Build CPU brand:    AMD Opteron(tm) Processor 6376
Build CPU family:   21   Model: 2   Stepping: 0
Build CPU features: aes apic avx clfsh cmov cx8 cx16 f16c fma fma4 htt lahf_lm misalignsse mmx msr nonstop_tsc pclmuldq pdpe1gb popcnt pse rdtscp sse2 sse3 sse4a sse4.1 sse4.2 ssse3 xop
C compiler:         /usr/bin/gcc-4.7 GNU gcc-4.7 (Ubuntu/Linaro 4.7.3-2ubuntu1~12.04) 4.7.3
C compiler flags:      -Wextra -Wno-missing-field-initializers -Wno-sign-compare -Wall -Wno-unused -Wunused-value -Wno-unknown-pragmas   -O0 -g


                         :-)  G  R  O  M  A  C  S  (-:

                   Groningen Machine for Chemical Simulation

              :-)  VERSION 4.6.6-dev-20140323-b58afa7-unknown  (-:

        Contributions from Mark Abraham, Emile Apol, Rossen Apostolov, 
           Herman J.C. Berendsen, Aldert van Buuren, Pär Bjelkmar,  
     Rudi van Drunen, Anton Feenstra, Gerrit Groenhof, Christoph Junghans, 
        Peter Kasson, Carsten Kutzner, Per Larsson, Pieter Meulenhoff, 
           Teemu Murtola, Szilard Pall, Sander Pronk, Roland Schulz, 
                Michael Shirts, Alfons Sijbers, Peter Tieleman,

               Berk Hess, David van der Spoel, and Erik Lindahl.

       Copyright (c) 1991-2000, University of Groningen, The Netherlands.
         Copyright (c) 2001-2012,2013, The GROMACS development team at
        Uppsala University & The Royal Institute of Technology, Sweden.
            check out http://www.gromacs.org for more information.

         This program is free software; you can redistribute it and/or
       modify it under the terms of the GNU Lesser General Public License
        as published by the Free Software Foundation; either version 2.1
             of the License, or (at your option) any later version.

                                :-)  mdrun  (-:


++++ PLEASE READ AND CITE THE FOLLOWING REFERENCE ++++
B. Hess and C. Kutzner and D. van der Spoel and E. Lindahl
GROMACS 4: Algorithms for highly efficient, load-balanced, and scalable
molecular simulation
J. Chem. Theory Comput. 4 (2008) pp. 435-447
-------- -------- --- Thank You --- -------- --------


++++ PLEASE READ AND CITE THE FOLLOWING REFERENCE ++++
D. van der Spoel, E. Lindahl, B. Hess, G. Groenhof, A. E. Mark and H. J. C.
Berendsen
GROMACS: Fast, Flexible and Free
J. Comp. Chem. 26 (2005) pp. 1701-1719
-------- -------- --- Thank You --- -------- --------


++++ PLEASE READ AND CITE THE FOLLOWING REFERENCE ++++
E. Lindahl and B. Hess and D. van der Spoel
GROMACS 3.0: A package for molecular simulation and trajectory analysis
J. Mol. Mod. 7 (2001) pp. 306-317
-------- -------- --- Thank You --- -------- --------


++++ PLEASE READ AND CITE THE FOLLOWING REFERENCE ++++
H. J. C. Berendsen, D. van der Spoel and R. van Drunen
GROMACS: A message-passing parallel molecular dynamics implementation
Comp. Phys. Comm. 91 (1995) pp. 43-56
-------- -------- --- Thank You --- -------- --------

Input Parameters:
   integrator           = md
   nsteps               = 20
   init-step            = 0
   cutoff-scheme        = Verlet
   ns_type              = Grid
   nstlist              = 10
   ndelta               = 2
   nstcomm              = 100
   comm-mode            = Linear
   nstlog               = 0
   nstxout              = 20
   nstvout              = 20
   nstfout              = 20
   nstcalcenergy        = 100
   nstenergy            = 100
   nstxtcout            = 0
   init-t               = 0
   delta-t              = 0.005
   xtcprec              = 1000
   fourierspacing       = 0
   nkx                  = 24
   nky                  = 24
   nkz                  = 24
   pme-order            = 4
   ewald-rtol           = 1e-05
   ewald-geometry       = 0
   epsilon-surface      = 0
   optimize-fft         = FALSE
   ePBC                 = xyz
   bPeriodicMols        = FALSE
   bContinuation        = FALSE
   bShakeSOR            = FALSE
   etc                  = V-rescale
   bPrintNHChains       = FALSE
   nsttcouple           = 10
   epc                  = Berendsen
   epctype              = Isotropic
   nstpcouple           = 10
   tau-p                = 1
   ref-p (3x3):
      ref-p[    0]={ 1.00000e+00,  0.00000e+00,  0.00000e+00}
      ref-p[    1]={ 0.00000e+00,  1.00000e+00,  0.00000e+00}
      ref-p[    2]={ 0.00000e+00,  0.00000e+00,  1.00000e+00}
   compress (3x3):
      compress[    0]={ 4.50000e-05,  0.00000e+00,  0.00000e+00}
      compress[    1]={ 0.00000e+00,  4.50000e-05,  0.00000e+00}
      compress[    2]={ 0.00000e+00,  0.00000e+00,  4.50000e-05}
   refcoord-scaling     = No
   posres-com (3):
      posres-com[0]= 0.00000e+00
      posres-com[1]= 0.00000e+00
      posres-com[2]= 0.00000e+00
   posres-comB (3):
      posres-comB[0]= 0.00000e+00
      posres-comB[1]= 0.00000e+00
      posres-comB[2]= 0.00000e+00
   verlet-buffer-drift  = -1
   rlist                = 0.9
   rlistlong            = 0.9
   nstcalclr            = 10
   rtpi                 = 0.05
   coulombtype          = PME
   coulomb-modifier     = Potential-shift
   rcoulomb-switch      = 0
   rcoulomb             = 0.85
   vdwtype              = Cut-off
   vdw-modifier         = Potential-shift
   rvdw-switch          = 0
   rvdw                 = 0.85
   epsilon-r            = 1
   epsilon-rf           = inf
   tabext               = 1
   implicit-solvent     = No
   gb-algorithm         = Still
   gb-epsilon-solvent   = 80
   nstgbradii           = 1
   rgbradii             = 1
   gb-saltconc          = 0
   gb-obc-alpha         = 1
   gb-obc-beta          = 0.8
   gb-obc-gamma         = 4.85
   gb-dielectric-offset = 0.009
   sa-algorithm         = Ace-approximation
   sa-surface-tension   = 2.05016
   DispCorr             = No
   bSimTemp             = FALSE
   free-energy          = no
   nwall                = 0
   wall-type            = 9-3
   wall-atomtype[0]     = -1
   wall-atomtype[1]     = -1
   wall-density[0]      = 0
   wall-density[1]      = 0
   wall-ewald-zfac      = 3
   pull                 = no
   rotation             = FALSE
   disre                = No
   disre-weighting      = Conservative
   disre-mixed          = FALSE
   dr-fc                = 1000
   dr-tau               = 0
   nstdisreout          = 100
   orires-fc            = 0
   orires-tau           = 0
   nstorireout          = 100
   dihre-fc             = 0
   em-stepsize          = 0.01
   em-tol               = 10
   niter                = 20
   fc-stepsize          = 0
   nstcgsteep           = 1000
   nbfgscorr            = 10
   ConstAlg             = Lincs
   shake-tol            = 0.0001
   lincs-order          = 2
   lincs-warnangle      = 30
   lincs-iter           = 5
   bd-fric              = 0
   ld-seed              = 1993
   cos-accel            = 0
   deform (3x3):
      deform[    0]={ 0.00000e+00,  0.00000e+00,  0.00000e+00}
      deform[    1]={ 0.00000e+00,  0.00000e+00,  0.00000e+00}
      deform[    2]={ 0.00000e+00,  0.00000e+00,  0.00000e+00}
   adress               = FALSE
   userint1             = 0
   userint2             = 0
   userint3             = 0
   userint4             = 0
   userreal1            = 0
   userreal2            = 0
   userreal3            = 0
   userreal4            = 0
grpopts:
   nrdf:        1811
   ref-t:         300
   tau-t:         0.1
anneal:          No
ann-npoints:           0
   acc:	           0           0           0
   nfreeze:           N           N           N
   energygrp-flags[  0]: 0
   efield-x:
      n = 0
   efield-xt:
      n = 0
   efield-y:
      n = 0
   efield-yt:
      n = 0
   efield-z:
      n = 0
   efield-zt:
      n = 0
   bQMMM                = FALSE
   QMconstraints        = 0
   QMMMscheme           = 0
   scalefactor          = 1
qm-opts:
   ngQM                 = 0

Detecting CPU-specific acceleration.
Present hardware specification:
Vendor: AuthenticAMD
Brand:  AMD Opteron(tm) Processor 6376                 
Family: 21  Model:  2  Stepping:  0
Features: aes apic avx clfsh cmov cx8 cx16 f16c fma fma4 htt lahf_lm misalignsse mmx msr nonstop_tsc pclmuldq pdpe1gb popcnt pse rdtscp sse2 sse3 sse4a sse4.1 sse4.2 ssse3 xop
Acceleration most likely to fit this hardware: AVX_128_FMA
Acceleration selected at GROMACS compile time: None


Binary not matching hardware - you might be losing performance.
Acceleration most likely to fit this hardware: AVX_128_FMA
Acceleration selected at GROMACS compile time: None

Will do PME sum in reciprocal space.

++++ PLEASE READ AND CITE THE FOLLOWING REFERENCE ++++
U. Essmann, L. Perera, M. L. Berkowitz, T. Darden, H. Lee and L. G. Pedersen 
A smooth particle mesh Ewald method
J. Chem. Phys. 103 (1995) pp. 8577-8592
-------- -------- --- Thank You --- -------- --------

Will do ordinary reciprocal space Ewald sum.
Using a Gaussian width (1/beta) of 0.272138 nm for Ewald
Cut-off's:   NS: 0.9   Coulomb: 0.85   LJ: 0.85
System total charge: 0.000
Generated table with 950 data points for Ewald.
Tabscale = 500 points/nm
Generated table with 950 data points for LJ6.
Tabscale = 500 points/nm
Generated table with 950 data points for LJ12.
Tabscale = 500 points/nm
Generated table with 950 data points for 1-4 COUL.
Tabscale = 500 points/nm
Generated table with 950 data points for 1-4 LJ6.
Tabscale = 500 points/nm
Generated table with 950 data points for 1-4 LJ12.
Tabscale = 500 points/nm

Using plain C 4x4 non-bonded kernels

Using Lorentz-Berthelot Lennard-Jones combination rule

Potential shift: LJ r^-12: 7.030 r^-6 2.651, Ewald 1.000e-05
Initialized non-bonded Ewald correction tables, spacing: 6.08e-04 size: 3125

Removing pbc first time

Initializing LINear Constraint Solver

++++ PLEASE READ AND CITE THE FOLLOWING REFERENCE ++++
B. Hess
P-LINCS: A Parallel Linear Constraint Solver for molecular simulation
J. Chem. Theory Comput. 4 (2008) pp. 116-122
-------- -------- --- Thank You --- -------- --------

The number of constraints is 16
9 constraints are involved in constraint triangles,
will apply an additional matrix expansion of order 2 for couplings
between constraints inside triangles

++++ PLEASE READ AND CITE THE FOLLOWING REFERENCE ++++
S. Miyamoto and P. A. Kollman
SETTLE: An Analytical Version of the SHAKE and RATTLE Algorithms for Rigid
Water Models
J. Comp. Chem. 13 (1992) pp. 952-962
-------- -------- --- Thank You --- -------- --------

Center of mass motion removal mode is Linear
We have the following groups for center of mass motion removal:
  0:  rest

++++ PLEASE READ AND CITE THE FOLLOWING REFERENCE ++++
G. Bussi, D. Donadio and M. Parrinello
Canonical sampling through velocity rescaling
J. Chem. Phys. 126 (2007) pp. 014101
-------- -------- --- Thank You --- -------- --------

There are: 908 Atoms
There are: 15 VSites

Constraining the starting coordinates (step 0)

Constraining the coordinates at t0-dt (step 0)
RMS relative constraint deviation after constraining: 9.97e-07
Initial temperature: 289.877 K

Started mdrun on node 0 Thu Jan  1 01:00:00 1970
           Step           Time         Lambda
              0        0.00000        0.00000

   Energies (kJ/mol)
          Angle    Proper Dih.  Improper Dih.          LJ-14     Coulomb-14
    1.92199e+01    8.45392e+00    5.35369e-01    9.73848e+00    6.48782e+02
        LJ (SR)   Coulomb (SR)   Coul. recip.      Potential    Kinetic En.
    1.94439e+03   -1.52343e+04    1.89333e+02   -1.24138e+04    2.18234e+03
   Total Energy    Temperature Pressure (bar)   Constr. rmsd
   -1.02315e+04    2.89865e+02   -1.14963e+02    2.34650e-06

           Step           Time         Lambda
             20        0.10000        0.00000

Writing checkpoint, step 20 at Mon Mar 24 23:17:59 2014


   Energies (kJ/mol)
          Angle    Proper Dih.  Improper Dih.          LJ-14     Coulomb-14
    2.86933e+01    1.14387e+01    1.15039e+00    6.32038e+00    6.44115e+02
        LJ (SR)   Coulomb (SR)   Coul. recip.      Potential    Kinetic En.
    1.99178e+03   -1.53150e+04    1.65837e+02   -1.24657e+04    2.23538e+03
   Total Energy    Temperature Pressure (bar)   Constr. rmsd
   -1.02303e+04    2.96911e+02    8.73392e+00    3.44168e-06

	<======  ###############  ==>
	<====  A V E R A G E S  ====>
	<==  ###############  ======>

	Statistics over 21 steps using 2 frames

   Energies (kJ/mol)
          Angle    Proper Dih.  Improper Dih.          LJ-14     Coulomb-14
    2.39566e+01    9.94632e+00    8.42878e-01    8.02943e+00    6.46449e+02
        LJ (SR)   Coulomb (SR)   Coul. recip.      Potential    Kinetic En.
    1.96809e+03   -1.52746e+04    1.77585e+02   -1.24397e+04    2.20886e+03
   Total Energy    Temperature Pressure (bar)   Constr. rmsd
   -1.02309e+04    2.93388e+02   -5.31144e+01    0.00000e+00

          Box-X          Box-Y          Box-Z
    2.35527e+00    2.35527e+00    1.66542e+00

   Total Virial (kJ/mol)
    1.00320e+03    9.22640e+01    9.69208e+01
    9.22559e+01    6.21945e+02   -9.37815e+01
    9.68829e+01   -9.38124e+01    6.28072e+02

   Pressure (bar)
   -1.04165e+03   -3.85607e+02   -3.98597e+02
   -3.85578e+02    4.17815e+02    2.55910e+02
   -3.98460e+02    2.56021e+02    4.64486e+02


	M E G A - F L O P S   A C C O U N T I N G

 NB=Group-cutoff nonbonded kernels    NxN=N-by-N cluster Verlet kernels
 RF=Reaction-Field  VdW=Van der Waals  QSTab=quadratic-spline table
 W3=SPC/TIP3p  W4=TIP4p (single or pairs)
 V&F=Potential and force  V=Potential only  F=Force only

 Computing:                               M-Number         M-Flops  % Flops
-----------------------------------------------------------------------------
 Pair Search distance check               0.683148           6.148     1.9
 NxN QSTab Elec. + VdW [F]                2.805672         115.033    35.9
 NxN QSTab Elec. + VdW [V&F]              0.293176          17.297     5.4
 NxN QSTab Elec. [F]                      2.665672          90.633    28.3
 NxN QSTab Elec. [V&F]                    0.278456          11.417     3.6
 1,4 nonbonded interactions               0.001029           0.093     0.0
 Calc Weights                             0.058149           2.093     0.7
 Spread Q Bspline                         1.240512           2.481     0.8
 Gather F Bspline                         1.240512           7.443     2.3
 3D-FFT                                   7.986174          63.889    19.9
 Solve PME                                0.012096           0.774     0.2
 Shift-X                                  0.002769           0.017     0.0
 Angles                                   0.000441           0.074     0.0
 Propers                                  0.000630           0.144     0.0
 Impropers                                0.000063           0.013     0.0
 Virial                                   0.002904           0.052     0.0
 Stop-CM                                  0.001846           0.018     0.0
 P-Coupling                               0.019383           0.116     0.0
 Calc-Ekin                                0.005538           0.150     0.0
 Lincs                                    0.000368           0.022     0.0
 Lincs-Mat                                0.006164           0.025     0.0
 Constraint-V                             0.020372           0.163     0.1
 Constraint-Vir                           0.002730           0.066     0.0
 Settle                                   0.006854           2.214     0.7
 Virtual Site 3                           0.000144           0.005     0.0
 Virtual Site 3fd                         0.000024           0.002     0.0
 Virtual Site 3out                        0.000144           0.013     0.0
 Virtual Site 4fdn                        0.000048           0.012     0.0
-----------------------------------------------------------------------------
 Total                                                     320.407   100.0
-----------------------------------------------------------------------------


     R E A L   C Y C L E   A N D   T I M E   A C C O U N T I N G

 Computing:         Nodes   Th.     Count  Wall t (s)     G-Cycles       %
-----------------------------------------------------------------------------
 Vsite constr.          1    1         21       0.000        0.001     0.0
 Neighbor search        1    1          3       0.025        0.059     0.9
 Force                  1    1         21       0.845        1.943    29.6
 PME mesh               1    1         21       0.124        0.286     4.4
 NB X/F buffer ops.     1    1         39       0.001        0.001     0.0
 Vsite spread           1    1         24       0.000        0.001     0.0
 Write traj.            1    1          2       1.846        4.249    64.7
 Update                 1    1         21       0.001        0.003     0.1
 Constraints            1    1         21       0.006        0.014     0.2
 Rest                   1                       0.003        0.007     0.1
-----------------------------------------------------------------------------
 Total                  1                       2.853        6.565   100.0
-----------------------------------------------------------------------------
-----------------------------------------------------------------------------
 PME spread/gather      1    1         42       0.040        0.092     1.4
 PME 3D-FFT             1    1         42       0.069        0.160     2.4
 PME solve              1    1         21       0.015        0.035     0.5
-----------------------------------------------------------------------------

               Core t (s)   Wall t (s)        (%)
       Time:        1.020        2.853       35.8
                 (ns/day)    (hour/ns)
Performance:        3.180        7.547
Finished mdrun on node 0 Mon Mar 24 23:18:00 2014
