Log file opened on Fri Nov 23 19:33:24 2012
Host: tcbs06  pid: 39763  nodeid: 0  nnodes:  1
Built Fri Nov 23 18:52:34 CET 2012 by lindahl@tcbs06 [CMAKE]
Build os/architecture: Linux 3.2.0-29-generic x86_64
Build CPU Vendor: AuthenticAMD  Brand: AMD Opteron(TM) Processor 6274
Build CPU Family: 21  Model: 1  Stepping: 2
Build CPU Features: aes apic avx clfsh cmov cx8 cx16 fma4 htt lahf_lm misalignsse mmx msr nonstop_tsc pclmuldq pdpe1gb popcnt pse rdtscp sse2 sse3 sse4a sse4.1 sse4.2 ssse3 xop
Compiler: /usr/bin/gcc-4.7 GNU gcc-4.7 (Ubuntu/Linaro 4.7.2-4precise1) 4.7.2
CFLAGS:  -Wextra -Wno-missing-field-initializers -Wno-sign-compare -Wall -Wno-unused -Wunused-value   -O0 -g

                         :-)  G  R  O  M  A  C  S  (-:

                   Groningen Machine for Chemical Simulation

                  :-)  VERSION 4.6-dev-20121123-c0180203  (-:

        Written by Emile Apol, Rossen Apostolov, Herman J.C. Berendsen,
      Aldert van Buuren, Pär Bjelkmar, Rudi van Drunen, Anton Feenstra, 
        Gerrit Groenhof, Peter Kasson, Per Larsson, Pieter Meulenhoff, 
           Teemu Murtola, Szilard Pall, Sander Pronk, Roland Schulz, 
                Michael Shirts, Alfons Sijbers, Peter Tieleman,

               Berk Hess, David van der Spoel, and Erik Lindahl.

       Copyright (c) 1991-2000, University of Groningen, The Netherlands.
            Copyright (c) 2001-2010, The GROMACS development team at
        Uppsala University & The Royal Institute of Technology, Sweden.
            check out http://www.gromacs.org for more information.

         This program is free software; you can redistribute it and/or
          modify it under the terms of the GNU General Public License
         as published by the Free Software Foundation; either version 2
             of the License, or (at your option) any later version.

                      :-)  mdrun_d (double precision)  (-:


++++ PLEASE READ AND CITE THE FOLLOWING REFERENCE ++++
B. Hess and C. Kutzner and D. van der Spoel and E. Lindahl
GROMACS 4: Algorithms for highly efficient, load-balanced, and scalable
molecular simulation
J. Chem. Theory Comput. 4 (2008) pp. 435-447
-------- -------- --- Thank You --- -------- --------


++++ PLEASE READ AND CITE THE FOLLOWING REFERENCE ++++
D. van der Spoel, E. Lindahl, B. Hess, G. Groenhof, A. E. Mark and H. J. C.
Berendsen
GROMACS: Fast, Flexible and Free
J. Comp. Chem. 26 (2005) pp. 1701-1719
-------- -------- --- Thank You --- -------- --------


++++ PLEASE READ AND CITE THE FOLLOWING REFERENCE ++++
E. Lindahl and B. Hess and D. van der Spoel
GROMACS 3.0: A package for molecular simulation and trajectory analysis
J. Mol. Mod. 7 (2001) pp. 306-317
-------- -------- --- Thank You --- -------- --------


++++ PLEASE READ AND CITE THE FOLLOWING REFERENCE ++++
H. J. C. Berendsen, D. van der Spoel and R. van Drunen
GROMACS: A message-passing parallel molecular dynamics implementation
Comp. Phys. Comm. 91 (1995) pp. 43-56
-------- -------- --- Thank You --- -------- --------

Input Parameters:
   integrator           = md
   nsteps               = 50
   init-step            = 0
   cutoff-scheme        = Verlet
   ns_type              = Grid
   nstlist              = 10
   ndelta               = 2
   nstcomm              = 100
   comm-mode            = Linear
   nstlog               = 0
   nstxout              = 50
   nstvout              = 50
   nstfout              = 50
   nstcalcenergy        = 100
   nstenergy            = 100
   nstxtcout            = 0
   init-t               = 0
   delta-t              = 0.005
   xtcprec              = 1000
   fourierspacing       = 0
   nkx                  = 24
   nky                  = 24
   nkz                  = 24
   pme-order            = 4
   ewald-rtol           = 1e-05
   ewald-geometry       = 0
   epsilon-surface      = 0
   optimize-fft         = FALSE
   ePBC                 = xyz
   bPeriodicMols        = FALSE
   bContinuation        = FALSE
   bShakeSOR            = FALSE
   etc                  = V-rescale
   bPrintNHChains       = FALSE
   nsttcouple           = 10
   epc                  = Berendsen
   epctype              = Isotropic
   nstpcouple           = 10
   tau-p                = 1
   ref-p (3x3):
      ref-p[    0]={ 1.00000e+00,  0.00000e+00,  0.00000e+00}
      ref-p[    1]={ 0.00000e+00,  1.00000e+00,  0.00000e+00}
      ref-p[    2]={ 0.00000e+00,  0.00000e+00,  1.00000e+00}
   compress (3x3):
      compress[    0]={ 4.50000e-05,  0.00000e+00,  0.00000e+00}
      compress[    1]={ 0.00000e+00,  4.50000e-05,  0.00000e+00}
      compress[    2]={ 0.00000e+00,  0.00000e+00,  4.50000e-05}
   refcoord-scaling     = No
   posres-com (3):
      posres-com[0]= 0.00000e+00
      posres-com[1]= 0.00000e+00
      posres-com[2]= 0.00000e+00
   posres-comB (3):
      posres-comB[0]= 0.00000e+00
      posres-comB[1]= 0.00000e+00
      posres-comB[2]= 0.00000e+00
   verlet-buffer-drift  = 0.005
   rlist                = 0.952
   rlistlong            = 0.952
   nstcalclr            = 10
   rtpi                 = 0.05
   coulombtype          = PME
   coulomb-modifier     = Potential-shift
   rcoulomb-switch      = 0
   rcoulomb             = 0.9
   vdwtype              = Cut-off
   vdw-modifier         = Potential-shift
   rvdw-switch          = 0
   rvdw                 = 0.9
   epsilon-r            = 1
   epsilon-rf           = inf
   tabext               = 1
   implicit-solvent     = No
   gb-algorithm         = Still
   gb-epsilon-solvent   = 80
   nstgbradii           = 1
   rgbradii             = 1
   gb-saltconc          = 0
   gb-obc-alpha         = 1
   gb-obc-beta          = 0.8
   gb-obc-gamma         = 4.85
   gb-dielectric-offset = 0.009
   sa-algorithm         = Ace-approximation
   sa-surface-tension   = 2.05016
   DispCorr             = No
   bSimTemp             = FALSE
   free-energy          = no
   nwall                = 0
   wall-type            = 9-3
   wall-atomtype[0]     = -1
   wall-atomtype[1]     = -1
   wall-density[0]      = 0
   wall-density[1]      = 0
   wall-ewald-zfac      = 3
   pull                 = no
   rotation             = FALSE
   disre                = No
   disre-weighting      = Conservative
   disre-mixed          = FALSE
   dr-fc                = 1000
   dr-tau               = 0
   nstdisreout          = 100
   orires-fc            = 0
   orires-tau           = 0
   nstorireout          = 100
   dihre-fc             = 0
   em-stepsize          = 0.01
   em-tol               = 10
   niter                = 20
   fc-stepsize          = 0
   nstcgsteep           = 1000
   nbfgscorr            = 10
   ConstAlg             = Lincs
   shake-tol            = 0.0001
   lincs-order          = 2
   lincs-warnangle      = 30
   lincs-iter           = 5
   bd-fric              = 0
   ld-seed              = 1993
   cos-accel            = 0
   deform (3x3):
      deform[    0]={ 0.00000e+00,  0.00000e+00,  0.00000e+00}
      deform[    1]={ 0.00000e+00,  0.00000e+00,  0.00000e+00}
      deform[    2]={ 0.00000e+00,  0.00000e+00,  0.00000e+00}
   adress               = FALSE
   userint1             = 0
   userint2             = 0
   userint3             = 0
   userint4             = 0
   userreal1            = 0
   userreal2            = 0
   userreal3            = 0
   userreal4            = 0
grpopts:
   nrdf:        1811
   ref-t:         300
   tau-t:         0.1
anneal:          No
ann-npoints:           0
   acc:	           0           0           0
   nfreeze:           N           N           N
   energygrp-flags[  0]: 0
   efield-x:
      n = 0
   efield-xt:
      n = 0
   efield-y:
      n = 0
   efield-yt:
      n = 0
   efield-z:
      n = 0
   efield-zt:
      n = 0
   bQMMM                = FALSE
   QMconstraints        = 0
   QMMMscheme           = 0
   scalefactor          = 1
qm-opts:
   ngQM                 = 0
Using 1 MPI thread

Detecting CPU-specific acceleration.
Present hardware specification:
Vendor: AuthenticAMD
Brand:  AMD Opteron(TM) Processor 6274                 
Family: 21  Model:  1  Stepping:  2
Features: aes apic avx clfsh cmov cx8 cx16 fma4 htt lahf_lm misalignsse mmx msr nonstop_tsc pclmuldq pdpe1gb popcnt pse rdtscp sse2 sse3 sse4a sse4.1 sse4.2 ssse3 xop
Acceleration most likely to fit this hardware: AVX_128_FMA
Acceleration selected at GROMACS compile time: None

WARNING! Binary not matching hardware - you are likely losing performance.

Will do PME sum in reciprocal space.

++++ PLEASE READ AND CITE THE FOLLOWING REFERENCE ++++
U. Essmann, L. Perera, M. L. Berkowitz, T. Darden, H. Lee and L. G. Pedersen 
A smooth particle mesh Ewald method
J. Chem. Phys. 103 (1995) pp. 8577-8592
-------- -------- --- Thank You --- -------- --------

Will do ordinary reciprocal space Ewald sum.
Using a Gaussian width (1/beta) of 0.288146 nm for Ewald
Cut-off's:   NS: 0.952   Coulomb: 0.9   LJ: 0.9
System total charge: 0.000
Generated table with 3904 data points for Ewald.
Tabscale = 2000 points/nm
Generated table with 3904 data points for LJ6.
Tabscale = 2000 points/nm
Generated table with 3904 data points for LJ12.
Tabscale = 2000 points/nm
Generated table with 3904 data points for 1-4 COUL.
Tabscale = 2000 points/nm
Generated table with 3904 data points for 1-4 LJ6.
Tabscale = 2000 points/nm
Generated table with 3904 data points for 1-4 LJ12.
Tabscale = 2000 points/nm

Using plain C 4x4 non-bonded kernels

Using Lorentz-Berthelot Lennard-Jones combination rule

Potential shift: LJ r^-12: 3.541 r^-6 1.882, Ewald 1.000e-05
Initialized non-bonded Ewald correction tables, spacing: 6.26e-04 size: 3120

Removing pbc first time

Initializing LINear Constraint Solver

++++ PLEASE READ AND CITE THE FOLLOWING REFERENCE ++++
B. Hess
P-LINCS: A Parallel Linear Constraint Solver for molecular simulation
J. Chem. Theory Comput. 4 (2008) pp. 116-122
-------- -------- --- Thank You --- -------- --------

The number of constraints is 16
9 constraints are involved in constraint triangles,
will apply an additional matrix expansion of order 2 for couplings
between constraints inside triangles

++++ PLEASE READ AND CITE THE FOLLOWING REFERENCE ++++
S. Miyamoto and P. A. Kollman
SETTLE: An Analytical Version of the SHAKE and RATTLE Algorithms for Rigid
Water Models
J. Comp. Chem. 13 (1992) pp. 952-962
-------- -------- --- Thank You --- -------- --------

Center of mass motion removal mode is Linear
We have the following groups for center of mass motion removal:
  0:  rest

++++ PLEASE READ AND CITE THE FOLLOWING REFERENCE ++++
G. Bussi, D. Donadio and M. Parrinello
Canonical sampling through velocity rescaling
J. Chem. Phys. 126 (2007) pp. 014101
-------- -------- --- Thank You --- -------- --------

There are: 908 Atoms
There are: 15 VSites

Constraining the starting coordinates (step 0)

Constraining the coordinates at t0-dt (step 0)
RMS relative constraint deviation after constraining: 8.32e-07
Initial temperature: 289.877 K

Started mdrun on node 0 Fri Nov 23 19:33:24 2012

           Step           Time         Lambda
              0        0.00000        0.00000

   Energies (kJ/mol)
          Angle    Proper Dih.  Improper Dih.          LJ-14     Coulomb-14
    1.92200e+01    8.45390e+00    5.35404e-01    9.73851e+00    6.48782e+02
        LJ (SR)   Coulomb (SR)   Coul. recip.      Potential    Kinetic En.
    1.91688e+03   -1.51961e+04    1.51553e+02   -1.24409e+04    2.18234e+03
   Total Energy    Temperature Pressure (bar)   Constr. rmsd
   -1.02586e+04    2.89866e+02   -1.65156e+02    2.12817e-06

           Step           Time         Lambda
             50        0.25000        0.00000

Writing checkpoint, step 50 at Fri Nov 23 19:33:27 2012


   Energies (kJ/mol)
          Angle    Proper Dih.  Improper Dih.          LJ-14     Coulomb-14
    1.06273e+01    1.16509e+01    2.41991e+00    1.22838e+01    6.60787e+02
        LJ (SR)   Coulomb (SR)   Coul. recip.      Potential    Kinetic En.
    1.91726e+03   -1.51479e+04    1.53188e+02   -1.23797e+04    2.27650e+03
   Total Energy    Temperature Pressure (bar)   Constr. rmsd
   -1.01032e+04    3.02372e+02    4.38881e+02    2.02462e-08

	<======  ###############  ==>
	<====  A V E R A G E S  ====>
	<==  ###############  ======>

	Statistics over 51 steps using 2 frames

   Energies (kJ/mol)
          Angle    Proper Dih.  Improper Dih.          LJ-14     Coulomb-14
    1.49236e+01    1.00524e+01    1.47766e+00    1.10112e+01    6.54785e+02
        LJ (SR)   Coulomb (SR)   Coul. recip.      Potential    Kinetic En.
    1.91707e+03   -1.51720e+04    1.52370e+02   -1.24103e+04    2.22942e+03
   Total Energy    Temperature Pressure (bar)   Constr. rmsd
   -1.01809e+04    2.96119e+02    1.36862e+02    0.00000e+00

          Box-X          Box-Y          Box-Z
    2.35619e+00    2.35619e+00    1.66607e+00

   Total Virial (kJ/mol)
    6.74275e+02    1.62709e+01    5.68684e+01
    1.62709e+01    8.48931e+02   -1.12055e+02
    5.68684e+01   -1.12055e+02    5.91724e+02

   Pressure (bar)
    1.77328e+02   -1.86485e+02   -2.31301e+02
   -1.86485e+02   -3.06268e+02    2.63529e+02
   -2.31301e+02    2.63529e+02    5.39527e+02


	M E G A - F L O P S   A C C O U N T I N G

 NB=Group-cutoff nonbonded kernels    NxN=N-by-N tile Verlet kernels
 RF=Reaction-Field  VdW=Van der Waals  CSTab=Cubic-spline table
 W3=SPC/TIP3p  W4=TIP4p (single or pairs)
 V&F=Potential and force  V=Potential only  F=Force only

 Computing:                               M-Number         M-Flops  % Flops
-----------------------------------------------------------------------------
 Pair Search distance check               1.524880          13.724     1.6
 NxN CSTab Elec. + VdW [F]                8.889824         364.483    42.9
 NxN CSTab Elec. + VdW [V&F]              0.370704          21.872     2.6
 NxN CSTab Elec. [F]                      7.177824         244.046    28.7
 NxN CSTab Elec. [V&F]                    0.292480          11.992     1.4
 1,4 nonbonded interactions               0.002499           0.225     0.0
 Calc Weights                             0.141219           5.084     0.6
 Spread Q Bspline                         3.012672           6.025     0.7
 Gather F Bspline                         3.012672          18.076     2.1
 3D-FFT                                  19.394994         155.160    18.3
 Solve PME                                0.029376           1.880     0.2
 Shift-X                                  0.005538           0.033     0.0
 Angles                                   0.001071           0.180     0.0
 Propers                                  0.002397           0.549     0.1
 Virial                                   0.005808           0.105     0.0
 Stop-CM                                  0.001846           0.018     0.0
 P-Coupling                               0.047073           0.282     0.0
 Calc-Ekin                                0.011076           0.299     0.0
 Lincs                                    0.000848           0.051     0.0
 Lincs-Mat                                0.014204           0.057     0.0
 Constraint-V                             0.048152           0.385     0.0
 Constraint-Vir                           0.005460           0.131     0.0
 Settle                                   0.015794           5.101     0.6
 Virtual Site 3                           0.000342           0.013     0.0
 Virtual Site 3fd                         0.000057           0.005     0.0
 Virtual Site 3out                        0.000342           0.030     0.0
 Virtual Site 4fdn                        0.000114           0.029     0.0
-----------------------------------------------------------------------------
 Total                                                     849.835   100.0
-----------------------------------------------------------------------------


     R E A L   C Y C L E   A N D   T I M E   A C C O U N T I N G

 Computing:         Nodes   Th.     Count  Wall t (s)     G-Cycles       %
-----------------------------------------------------------------------------
 Vsite constr.          1    1         51       0.001        0.002     0.0
 Neighbor search        1    1          6       0.085        0.187     2.4
 Force                  1    1         51       3.140        6.910    90.2
 PME mesh               1    1         51       0.201        0.443     5.8
 NB X/F buffer ops.     1    1         96       0.002        0.005     0.1
 Vsite spread           1    1         57       0.001        0.003     0.0
 Write traj.            1    1          2       0.023        0.051     0.7
 Update                 1    1         51       0.003        0.006     0.1
 Constraints            1    1         51       0.016        0.036     0.5
 Rest                   1                       0.007        0.016     0.2
-----------------------------------------------------------------------------
 Total                  1                       3.480        7.659   100.0
-----------------------------------------------------------------------------
-----------------------------------------------------------------------------
 PME spread/gather      1    1        102       0.140        0.309     4.0
 PME 3D-FFT             1    1        102       0.019        0.042     0.5
 PME solve              1    1         51       0.042        0.093     1.2
-----------------------------------------------------------------------------

               Core t (s)   Wall t (s)        (%)
       Time:        3.460        3.480       99.4
                 (ns/day)    (hour/ns)
Performance:        6.331        3.791
Finished mdrun on node 0 Fri Nov 23 19:33:27 2012
