Log file opened on Thu Mar  5 14:26:06 2015
Host: amd2  pid: 51677  rank ID: 0  number of ranks:  1
GROMACS:    gmx mdrun, VERSION 5.1-dev-20150305-db95456 (double precision)

GROMACS is written by:
Emile Apol         Rossen Apostolov   Herman J.C. Berendsen Par Bjelkmar       
Aldert van Buuren  Rudi van Drunen    Anton Feenstra     Sebastian Fritsch  
Gerrit Groenhof    Christoph Junghans Peter Kasson       Carsten Kutzner    
Per Larsson        Justin A. Lemkul   Magnus Lundborg    Pieter Meulenhoff  
Erik Marklund      Teemu Murtola      Szilard Pall       Sander Pronk       
Roland Schulz      Alexey Shvetsov    Michael Shirts     Alfons Sijbers     
Peter Tieleman     Christian Wennberg Maarten Wolf       
and the project leaders:
Mark Abraham, Berk Hess, Erik Lindahl, and David van der Spoel

Copyright (c) 1991-2000, University of Groningen, The Netherlands.
Copyright (c) 2001-2015, The GROMACS development team at
Uppsala University, Stockholm University and
the Royal Institute of Technology, Sweden.
check out http://www.gromacs.org for more information.

GROMACS is free software; you can redistribute it and/or modify it
under the terms of the GNU Lesser General Public License
as published by the Free Software Foundation; either version 2.1
of the License, or (at your option) any later version.

GROMACS:      gmx mdrun, VERSION 5.1-dev-20150305-db95456 (double precision)
Executable:   /nethome/mark/git/master-make-reference/build-cmake-reference-double-amd2/install/bin/gmx_d
Data prefix:  /nethome/mark/git/master-make-reference/build-cmake-reference-double-amd2/install
Command line:
  gmx_d mdrun -notunepme

Gromacs version:    VERSION 5.1-dev-20150305-db95456
GIT SHA1 hash:      db95456bb59cc7e7d61b3f2115885ccf4b5969c8
Precision:          double
Memory model:       64 bit
MPI library:        none
OpenMP support:     disabled
GPU support:        disabled
invsqrt routine:    (1.0/sqrt(x))
SIMD instructions:  NONE
FFT library:        fftpack (built-in)
RDTSCP usage:       enabled
C++11 compilation:  enabled
TNG support:        enabled
Tracing support:    disabled
Built on:           Thu Mar  5 13:57:19 CET 2015
Built by:           mark@amd2 [CMAKE]
Build OS/arch:      Linux 3.13.0-45-generic x86_64
Build CPU vendor:   AuthenticAMD
Build CPU brand:    AMD Opteron(tm) Processor 6376
Build CPU family:   21   Model: 2   Stepping: 0
Build CPU features: aes apic avx clfsh cmov cx8 cx16 f16c fma fma4 htt lahf_lm misalignsse mmx msr nonstop_tsc pclmuldq pdpe1gb popcnt pse rdtscp sse2 sse3 sse4a sse4.1 sse4.2 ssse3 xop
C compiler:         /usr/bin/gcc-4.7 GNU 4.7.3
C compiler flags:       -Wextra -Wno-missing-field-initializers -Wno-sign-compare -Wpointer-arith -Wall -Wno-unused -Wunused-value -Wunused-parameter -Wno-unknown-pragmas  -O0 -g
C++ compiler:       /usr/bin/g++-4.7 GNU 4.7.3
C++ compiler flags:    -std=c++0x  -Wextra -Wno-missing-field-initializers -Wpointer-arith -Wall -Wno-unused-function -Wno-unknown-pragmas  -O0 -g
Boost version:      1.55.0 (internal)



++++ PLEASE READ AND CITE THE FOLLOWING REFERENCE ++++
B. Hess and C. Kutzner and D. van der Spoel and E. Lindahl
GROMACS 4: Algorithms for highly efficient, load-balanced, and scalable
molecular simulation
J. Chem. Theory Comput. 4 (2008) pp. 435-447
-------- -------- --- Thank You --- -------- --------


++++ PLEASE READ AND CITE THE FOLLOWING REFERENCE ++++
D. van der Spoel, E. Lindahl, B. Hess, G. Groenhof, A. E. Mark and H. J. C.
Berendsen
GROMACS: Fast, Flexible and Free
J. Comp. Chem. 26 (2005) pp. 1701-1719
-------- -------- --- Thank You --- -------- --------


++++ PLEASE READ AND CITE THE FOLLOWING REFERENCE ++++
E. Lindahl and B. Hess and D. van der Spoel
GROMACS 3.0: A package for molecular simulation and trajectory analysis
J. Mol. Mod. 7 (2001) pp. 306-317
-------- -------- --- Thank You --- -------- --------


++++ PLEASE READ AND CITE THE FOLLOWING REFERENCE ++++
H. J. C. Berendsen, D. van der Spoel and R. van Drunen
GROMACS: A message-passing parallel molecular dynamics implementation
Comp. Phys. Comm. 91 (1995) pp. 43-56
-------- -------- --- Thank You --- -------- --------

Input Parameters:
   integrator                     = md
   tinit                          = 0
   dt                             = 0.002
   nsteps                         = 20
   init-step                      = 0
   simulation-part                = 1
   comm-mode                      = Linear
   nstcomm                        = 20
   bd-fric                        = 0
   ld-seed                        = 1993
   emtol                          = 10
   emstep                         = 0.01
   niter                          = 20
   fcstep                         = 0
   nstcgsteep                     = 1000
   nbfgscorr                      = 10
   rtpi                           = 0.05
   nstxout                        = 20
   nstvout                        = 20
   nstfout                        = 20
   nstlog                         = 20
   nstcalcenergy                  = 20
   nstenergy                      = 20
   nstxout-compressed             = 0
   compressed-x-precision         = 1000
   cutoff-scheme                  = Verlet
   nstlist                        = 10
   ns-type                        = Grid
   pbc                            = xyz
   periodic-molecules             = FALSE
   verlet-buffer-tolerance        = 0.005
   rlist                          = 0.944
   rlistlong                      = 0.944
   nstcalclr                      = 10
   coulombtype                    = Reaction-Field
   coulomb-modifier               = Potential-shift
   rcoulomb-switch                = 0
   rcoulomb                       = 0.9
   epsilon-r                      = 1
   epsilon-rf                     = inf
   vdw-type                       = Cut-off
   vdw-modifier                   = Potential-shift
   rvdw-switch                    = 0
   rvdw                           = 0.9
   DispCorr                       = EnerPres
   table-extension                = 1
   fourierspacing                 = 0.12
   fourier-nx                     = 56
   fourier-ny                     = 28
   fourier-nz                     = 28
   pme-order                      = 4
   ewald-rtol                     = 1e-05
   ewald-rtol-lj                  = 0.001
   lj-pme-comb-rule               = Geometric
   ewald-geometry                 = 0
   epsilon-surface                = 0
   implicit-solvent               = No
   gb-algorithm                   = Still
   nstgbradii                     = 1
   rgbradii                       = 1
   gb-epsilon-solvent             = 80
   gb-saltconc                    = 0
   gb-obc-alpha                   = 1
   gb-obc-beta                    = 0.8
   gb-obc-gamma                   = 4.85
   gb-dielectric-offset           = 0.009
   sa-algorithm                   = Ace-approximation
   sa-surface-tension             = 2.05016
   tcoupl                         = V-rescale
   nsttcouple                     = 10
   nh-chain-length                = 0
   print-nose-hoover-chain-variables = FALSE
   pcoupl                         = No
   pcoupltype                     = Isotropic
   nstpcouple                     = -1
   tau-p                          = 2
   compressibility (3x3):
      compressibility[    0]={ 0.00000e+00,  0.00000e+00,  0.00000e+00}
      compressibility[    1]={ 0.00000e+00,  0.00000e+00,  0.00000e+00}
      compressibility[    2]={ 0.00000e+00,  0.00000e+00,  0.00000e+00}
   ref-p (3x3):
      ref-p[    0]={ 0.00000e+00,  0.00000e+00,  0.00000e+00}
      ref-p[    1]={ 0.00000e+00,  0.00000e+00,  0.00000e+00}
      ref-p[    2]={ 0.00000e+00,  0.00000e+00,  0.00000e+00}
   refcoord-scaling               = No
   posres-com (3):
      posres-com[0]= 0.00000e+00
      posres-com[1]= 0.00000e+00
      posres-com[2]= 0.00000e+00
   posres-comB (3):
      posres-comB[0]= 0.00000e+00
      posres-comB[1]= 0.00000e+00
      posres-comB[2]= 0.00000e+00
   QMMM                           = FALSE
   QMconstraints                  = 0
   QMMMscheme                     = 0
   MMChargeScaleFactor            = 1
qm-opts:
   ngQM                           = 0
   constraint-algorithm           = Lincs
   continuation                   = FALSE
   Shake-SOR                      = FALSE
   shake-tol                      = 0.0001
   lincs-order                    = 4
   lincs-iter                     = 1
   lincs-warnangle                = 30
   nwall                          = 0
   wall-type                      = 9-3
   wall-r-linpot                  = -1
   wall-atomtype[0]               = -1
   wall-atomtype[1]               = -1
   wall-density[0]                = 0
   wall-density[1]                = 0
   wall-ewald-zfac                = 3
   pull                           = TRUE
   pull-cylinder-r                = 1.2
   pull-constr-tol                = 1e-06
   pull-print-COM1                = FALSE
   pull-print-COM2                = FALSE
   pull-print-ref-value           = FALSE
   pull-print-components          = FALSE
   pull-nstxout                   = 0
   pull-nstfout                   = 0
   pull-ngroups                   = 4
   pull-group 0:
     atom: not available
     weight: not available
     pbcatom                        = -1
   pull-group 1:
     atom (1200):
        atom[0,...,1199] = {1200,...,2399}
     weight: not available
     pbcatom                        = 1799
   pull-group 2:
     atom (3):
        atom[0,...,2] = {0,...,2}
     weight: not available
     pbcatom                        = 1
   pull-group 3:
     atom (3):
        atom[0,...,2] = {3,...,5}
     weight: not available
     pbcatom                        = 4
   pull-ncoords                   = 3
   pull-coord 0:
   group[0]                       = 1
   group[1]                       = 2
   type                           = umbrella
   geometry                       = cylinder
   dim (3):
      dim[0]=1
      dim[1]=0
      dim[2]=0
   origin (3):
      origin[0]= 0.00000e+00
      origin[1]= 0.00000e+00
      origin[2]= 0.00000e+00
   vec (3):
      vec[0]= 1.00000e+00
      vec[1]= 0.00000e+00
      vec[2]= 0.00000e+00
   start                          = FALSE
   init                           = 2
   rate                           = 0
   k                              = 1000
   kB                             = 1000
   pull-coord 1:
   group[0]                       = 1
   group[1]                       = 3
   type                           = umbrella
   geometry                       = cylinder
   dim (3):
      dim[0]=1
      dim[1]=0
      dim[2]=0
   origin (3):
      origin[0]= 0.00000e+00
      origin[1]= 0.00000e+00
      origin[2]= 0.00000e+00
   vec (3):
      vec[0]= 1.00000e+00
      vec[1]= 0.00000e+00
      vec[2]= 0.00000e+00
   start                          = FALSE
   init                           = -2
   rate                           = 0
   k                              = 1000
   kB                             = 1000
   pull-coord 2:
   group[0]                       = 2
   group[1]                       = 3
   type                           = umbrella
   geometry                       = distance
   dim (3):
      dim[0]=0
      dim[1]=1
      dim[2]=1
   origin (3):
      origin[0]= 0.00000e+00
      origin[1]= 0.00000e+00
      origin[2]= 0.00000e+00
   vec (3):
      vec[0]= 0.00000e+00
      vec[1]= 0.00000e+00
      vec[2]= 0.00000e+00
   start                          = FALSE
   init                           = 1.2
   rate                           = 0
   k                              = 100
   kB                             = 100
   rotation                       = FALSE
   interactiveMD                  = FALSE
   disre                          = No
   disre-weighting                = Conservative
   disre-mixed                    = FALSE
   dr-fc                          = 1000
   dr-tau                         = 0
   nstdisreout                    = 100
   orire-fc                       = 0
   orire-tau                      = 0
   nstorireout                    = 100
   free-energy                    = no
   cos-acceleration               = 0
   deform (3x3):
      deform[    0]={ 0.00000e+00,  0.00000e+00,  0.00000e+00}
      deform[    1]={ 0.00000e+00,  0.00000e+00,  0.00000e+00}
      deform[    2]={ 0.00000e+00,  0.00000e+00,  0.00000e+00}
   simulated-tempering            = FALSE
   E-x:
      n = 0
   E-xt:
      n = 0
   E-y:
      n = 0
   E-yt:
      n = 0
   E-z:
      n = 0
   E-zt:
      n = 0
   swapcoords                     = no
   adress                         = FALSE
   userint1                       = 0
   userint2                       = 0
   userint3                       = 0
   userint4                       = 0
   userreal1                      = 0
   userreal2                      = 0
   userreal3                      = 0
   userreal4                      = 0
grpopts:
   nrdf:        4997
   ref-t:         298
   tau-t:         0.5
annealing:          No
annealing-npoints:           0
   acc:	           0           0           0
   nfreeze:           N           N           N
   energygrp-flags[  0]: 0

Detecting CPU SIMD instructions.
Present hardware specification:
Vendor: AuthenticAMD
Brand:  AMD Opteron(tm) Processor 6376                 
Family: 21  Model:  2  Stepping:  0
Features: aes apic avx clfsh cmov cx8 cx16 f16c fma fma4 htt lahf_lm misalignsse mmx msr nonstop_tsc pclmuldq pdpe1gb popcnt pse rdtscp sse2 sse3 sse4a sse4.1 sse4.2 ssse3 xop
SIMD instructions most likely to fit this hardware: AVX_128_FMA
SIMD instructions selected at GROMACS compile time: None


Binary not matching hardware - you might be losing performance.
SIMD instructions most likely to fit this hardware: AVX_128_FMA
SIMD instructions selected at GROMACS compile time: None

Cut-off's:   NS: 0.944   Coulomb: 0.9   LJ: 0.9
Long Range LJ corr.: <C6> 2.8773e-03
Reaction-Field:
epsRF = 0, rc = 0.9, krf = 0.685871, crf = 1.66667, epsfac = 138.935
The electrostatics potential has its minimum at r = 0.9
System total charge: 0.000
Generated table with 3888 data points for RF.
Tabscale = 2000 points/nm
Generated table with 3888 data points for LJ6.
Tabscale = 2000 points/nm
Generated table with 3888 data points for LJ12.
Tabscale = 2000 points/nm
Generated table with 3888 data points for 1-4 COUL.
Tabscale = 2000 points/nm
Generated table with 3888 data points for 1-4 LJ6.
Tabscale = 2000 points/nm
Generated table with 3888 data points for 1-4 LJ12.
Tabscale = 2000 points/nm

Using plain C 4x4 non-bonded kernels


WARNING: Using the slow plain C kernels. This should
not happen during routine usage on supported platforms.


Using geometric Lennard-Jones combination rule

Potential shift: LJ r^-12: -3.541e+00 r^-6: -1.882e+00
Removing pbc first time

Will apply potential COM pulling
with 3 pull coordinates and 4 groups
Pull group 1:  1200 atoms, mass 17235.600
Pull group 2:     3 atoms, mass    18.015
Pull group 3:     3 atoms, mass    18.015

Initializing LINear Constraint Solver

++++ PLEASE READ AND CITE THE FOLLOWING REFERENCE ++++
B. Hess and H. Bekker and H. J. C. Berendsen and J. G. E. M. Fraaije
LINCS: A Linear Constraint Solver for molecular simulations
J. Comp. Chem. 18 (1997) pp. 1463-1472
-------- -------- --- Thank You --- -------- --------

The number of constraints is 1000

++++ PLEASE READ AND CITE THE FOLLOWING REFERENCE ++++
S. Miyamoto and P. A. Kollman
SETTLE: An Analytical Version of the SHAKE and RATTLE Algorithms for Rigid
Water Models
J. Comp. Chem. 13 (1992) pp. 952-962
-------- -------- --- Thank You --- -------- --------

Center of mass motion removal mode is Linear
We have the following groups for center of mass motion removal:
  0:  rest

++++ PLEASE READ AND CITE THE FOLLOWING REFERENCE ++++
G. Bussi, D. Donadio and M. Parrinello
Canonical sampling through velocity rescaling
J. Chem. Phys. 126 (2007) pp. 014101
-------- -------- --- Thank You --- -------- --------

There are: 2400 Atoms

Constraining the starting coordinates (step 0)

Constraining the coordinates at t0-dt (step 0)
RMS relative constraint deviation after constraining: 4.60e-07
Initial temperature: 293.002 K

Started mdrun on rank 0 Thu Mar  5 14:26:06 2015
           Step           Time         Lambda
              0        0.00000        0.00000

   Energies (kJ/mol)
       G96Angle    Proper Dih.          LJ-14     Coulomb-14        LJ (SR)
    1.09331e+03    9.76630e+02   -4.05103e+02    0.00000e+00   -1.44761e+03
  Disper. corr.   Coulomb (SR)   COM Pull En.      Potential    Kinetic En.
   -1.73022e+03   -2.12977e+04    1.62272e+01   -2.27945e+04    6.08079e+03
   Total Energy  Conserved En.    Temperature Pres. DC (bar) Pressure (bar)
   -1.67137e+04   -1.67137e+04    2.92714e+02   -5.25950e+02   -8.79370e+01
   Constr. rmsd
    4.68049e-07

           Step           Time         Lambda
             20        0.04000        0.00000

Writing checkpoint, step 20 at Thu Mar  5 14:26:08 2015


   Energies (kJ/mol)
       G96Angle    Proper Dih.          LJ-14     Coulomb-14        LJ (SR)
    1.01280e+03    9.24640e+02   -3.60369e+02    0.00000e+00   -1.46119e+03
  Disper. corr.   Coulomb (SR)   COM Pull En.      Potential    Kinetic En.
   -1.73022e+03   -2.11559e+04    1.12576e+01   -2.27590e+04    6.03002e+03
   Total Energy  Conserved En.    Temperature Pres. DC (bar) Pressure (bar)
   -1.67290e+04   -1.67122e+04    2.90270e+02   -5.25950e+02   -9.43444e+01
   Constr. rmsd
    5.19031e-07

	<======  ###############  ==>
	<====  A V E R A G E S  ====>
	<==  ###############  ======>

	Statistics over 21 steps using 2 frames

   Energies (kJ/mol)
       G96Angle    Proper Dih.          LJ-14     Coulomb-14        LJ (SR)
    1.05306e+03    9.50635e+02   -3.82736e+02    0.00000e+00   -1.45440e+03
  Disper. corr.   Coulomb (SR)   COM Pull En.      Potential    Kinetic En.
   -1.73022e+03   -2.12268e+04    1.37424e+01   -2.27767e+04    6.05541e+03
   Total Energy  Conserved En.    Temperature Pres. DC (bar) Pressure (bar)
   -1.67213e+04   -1.67130e+04    2.91492e+02   -5.25950e+02   -9.11407e+01
   Constr. rmsd
    0.00000e+00

   Total Virial (kJ/mol)
    2.02984e+03   -7.92384e+01    7.31269e+01
   -7.92384e+01    2.38610e+03    8.11634e+01
    7.31269e+01    8.11634e+01    2.09089e+03

   Pressure (bar)
    7.43172e+00    4.65886e+01   -9.06600e+01
    4.65886e+01   -2.38341e+02   -7.25049e+01
   -9.06600e+01   -7.25049e+01   -4.25125e+01


	M E G A - F L O P S   A C C O U N T I N G

 NB=Group-cutoff nonbonded kernels    NxN=N-by-N cluster Verlet kernels
 RF=Reaction-Field  VdW=Van der Waals  QSTab=quadratic-spline table
 W3=SPC/TIP3p  W4=TIP4p (single or pairs)
 V&F=Potential and force  V=Potential only  F=Force only

 Computing:                               M-Number         M-Flops  % Flops
-----------------------------------------------------------------------------
 Pair Search distance check               1.269058          11.422     2.8
 NxN RF Elec. + LJ [F]                    3.667584         139.368    34.3
 NxN RF Elec. + LJ [V&F]                  0.390936          21.111     5.2
 NxN LJ [F]                               3.100688         102.323    25.2
 NxN LJ [V&F]                             0.325536          13.998     3.4
 NxN RF Electrostatics [F]                3.024544          93.761    23.1
 NxN RF Electrostatics [V&F]              0.314104          11.308     2.8
 1,4 nonbonded interactions               0.012600           1.134     0.3
 Shift-X                                  0.007200           0.043     0.0
 Angles                                   0.016800           2.822     0.7
 Propers                                  0.012600           2.885     0.7
 Virial                                   0.004890           0.088     0.0
 Stop-CM                                  0.007200           0.072     0.0
 Calc-Ekin                                0.014400           0.389     0.1
 Lincs                                    0.023000           1.380     0.3
 Lincs-Mat                                0.220800           0.883     0.2
 Constraint-V                             0.070400           0.563     0.1
 Constraint-Vir                           0.004400           0.106     0.0
 Settle                                   0.009200           2.972     0.7
-----------------------------------------------------------------------------
 Total                                                     406.627   100.0
-----------------------------------------------------------------------------


     R E A L   C Y C L E   A N D   T I M E   A C C O U N T I N G

On 1 MPI rank

 Computing:          Num   Num      Call    Wall time         Giga-Cycles
                     Ranks Threads  Count      (s)         total sum    %
-----------------------------------------------------------------------------
 Neighbor search        1    1          3       0.047          0.109   3.3
 Force                  1    1         21       1.311          3.022  91.9
 NB X/F buffer ops.     1    1         39       0.002          0.004   0.1
 COM pull force         1    1         21       0.009          0.020   0.6
 Write traj.            1    1          2       0.028          0.064   1.9
 Update                 1    1         21       0.003          0.006   0.2
 Constraints            1    1         21       0.021          0.049   1.5
 Rest                                           0.006          0.015   0.4
-----------------------------------------------------------------------------
 Total                                          1.426          3.288 100.0
-----------------------------------------------------------------------------

               Core t (s)   Wall t (s)        (%)
       Time:        1.419        1.426       99.5
                 (ns/day)    (hour/ns)
Performance:        2.544        9.433
Finished mdrun on rank 0 Thu Mar  5 14:26:08 2015
