Log file opened on Thu Feb 13 16:04:41 2014
Host: amd2  pid: 42339  nodeid: 0  nnodes:  1
GROMACS:    gmx mdrun, VERSION 5.0-beta2-dev-20140206-d81231f-unknown (double precision)

GROMACS is written by:
Emile Apol         Rossen Apostolov   Herman J.C. Berendsen Par Bjelkmar       
Aldert van Buuren  Rudi van Drunen    Anton Feenstra     Sebastian Fritsch  
Gerrit Groenhof    Christoph Junghans Peter Kasson       Carsten Kutzner    
Per Larsson        Justin A. Lemkul   Magnus Lundborg    Pieter Meulenhoff  
Erik Marklund      Teemu Murtola      Szilard Pall       Sander Pronk       
Roland Schulz      Alexey Shvetsov    Michael Shirts     Alfons Sijbers     
Peter Tieleman     Christian Wennberg Maarten Wolf       
and the project leaders:
Mark Abraham, Berk Hess, Erik Lindahl, and David van der Spoel

Copyright (c) 1991-2000, University of Groningen, The Netherlands.
Copyright (c) 2001-2014, The GROMACS development team at
Uppsala University, Stockholm University and
the Royal Institute of Technology, Sweden.
check out http://www.gromacs.org for more information.

GROMACS is free software; you can redistribute it and/or modify it
under the terms of the GNU Lesser General Public License
as published by the Free Software Foundation; either version 2.1
of the License, or (at your option) any later version.

GROMACS:    gmx mdrun, VERSION 5.0-beta2-dev-20140206-d81231f-unknown (double precision)
Executable: /nethome/mark/nfs-git/master-make-reference/build-cmake-reference-double-amd2/install/bin/gmx_d
Command line:
  gmx_d mdrun -notunepme -table ../table -tablep ../tablep

Gromacs version:    VERSION 5.0-beta2-dev-20140206-d81231f-unknown
GIT SHA1 hash:      d81231fee99dc267329b0b7a46841394dc3b0189
Branched from:      unknown
Precision:          double
Memory model:       64 bit
MPI library:        none
OpenMP support:     disabled
GPU support:        disabled
invsqrt routine:    (1.0/sqrt(x))
CPU acceleration:   NONE
FFT library:        fftpack (built-in)
RDTSCP usage:       enabled
C++11 compilation:  enabled
TNG support:        enabled
Built on:           Thu Feb  6 17:05:59 CET 2014
Built by:           mark@amd2 [CMAKE]
Build OS/arch:      Linux 3.5.0-45-generic x86_64
Build CPU vendor:   AuthenticAMD
Build CPU brand:    AMD Opteron(tm) Processor 6376
Build CPU family:   21   Model: 2   Stepping: 0
Build CPU features: aes apic avx clfsh cmov cx8 cx16 f16c fma fma4 htt lahf_lm misalignsse mmx msr nonstop_tsc pclmuldq pdpe1gb popcnt pse rdtscp sse2 sse3 sse4a sse4.1 sse4.2 ssse3 xop
C compiler:         /usr/bin/gcc-4.7 GNU 4.7.3
C compiler flags:      -Wextra -Wno-missing-field-initializers -Wno-sign-compare -Wall -Wno-unused -Wunused-value -Wunused-parameter -Wno-unknown-pragmas   -O0 -g
C++ compiler:       /usr/bin/g++-4.7 GNU 4.7.3
C++ compiler flags:    -std=c++0x -Wextra -Wno-missing-field-initializers -Wall -Wno-unused-function -Wno-unknown-pragmas   -O0 -g
Boost version:      1.48.0 (internal)



++++ PLEASE READ AND CITE THE FOLLOWING REFERENCE ++++
B. Hess and C. Kutzner and D. van der Spoel and E. Lindahl
GROMACS 4: Algorithms for highly efficient, load-balanced, and scalable
molecular simulation
J. Chem. Theory Comput. 4 (2008) pp. 435-447
-------- -------- --- Thank You --- -------- --------


++++ PLEASE READ AND CITE THE FOLLOWING REFERENCE ++++
D. van der Spoel, E. Lindahl, B. Hess, G. Groenhof, A. E. Mark and H. J. C.
Berendsen
GROMACS: Fast, Flexible and Free
J. Comp. Chem. 26 (2005) pp. 1701-1719
-------- -------- --- Thank You --- -------- --------


++++ PLEASE READ AND CITE THE FOLLOWING REFERENCE ++++
E. Lindahl and B. Hess and D. van der Spoel
GROMACS 3.0: A package for molecular simulation and trajectory analysis
J. Mol. Mod. 7 (2001) pp. 306-317
-------- -------- --- Thank You --- -------- --------


++++ PLEASE READ AND CITE THE FOLLOWING REFERENCE ++++
H. J. C. Berendsen, D. van der Spoel and R. van Drunen
GROMACS: A message-passing parallel molecular dynamics implementation
Comp. Phys. Comm. 91 (1995) pp. 43-56
-------- -------- --- Thank You --- -------- --------

Input Parameters:
   integrator           = md
   nsteps               = 2
   init-step            = 0
   cutoff-scheme        = Group
   ns_type              = Grid
   nstlist              = 1
   ndelta               = 2
   nstcomm              = 100
   comm-mode            = Linear
   nstlog               = 1000
   nstxout              = 1
   nstvout              = 0
   nstfout              = 1
   nstcalcenergy        = 2
   nstenergy            = 1000
   nstxout_compressed   = 0
   init-t               = 0
   delta-t              = 0.002
   x_compression_precision = 1000
   fourierspacing       = 0.12
   nkx                  = 20
   nky                  = 20
   nkz                  = 20
   pme-order            = 4
   ewald-rtol           = 1e-05
   ewald-rtol-lj        = 0.001
   ewald-geometry       = 0
   epsilon-surface      = 0
   optimize-fft         = FALSE
   lj-pme-comb-rule     = Geometric
   ePBC                 = xyz
   bPeriodicMols        = FALSE
   bContinuation        = FALSE
   bShakeSOR            = FALSE
   etc                  = No
   bPrintNHChains       = FALSE
   nsttcouple           = -1
   epc                  = No
   epctype              = Isotropic
   nstpcouple           = -1
   tau-p                = 1
   ref-p (3x3):
      ref-p[    0]={ 0.00000e+00,  0.00000e+00,  0.00000e+00}
      ref-p[    1]={ 0.00000e+00,  0.00000e+00,  0.00000e+00}
      ref-p[    2]={ 0.00000e+00,  0.00000e+00,  0.00000e+00}
   compress (3x3):
      compress[    0]={ 0.00000e+00,  0.00000e+00,  0.00000e+00}
      compress[    1]={ 0.00000e+00,  0.00000e+00,  0.00000e+00}
      compress[    2]={ 0.00000e+00,  0.00000e+00,  0.00000e+00}
   refcoord-scaling     = No
   posres-com (3):
      posres-com[0]= 0.00000e+00
      posres-com[1]= 0.00000e+00
      posres-com[2]= 0.00000e+00
   posres-comB (3):
      posres-comB[0]= 0.00000e+00
      posres-comB[1]= 0.00000e+00
      posres-comB[2]= 0.00000e+00
   verlet-buffer-tolerance = 0.005
   rlist                = 0.01
   rlistlong            = 0.99
   nstcalclr            = 1
   rtpi                 = 0.05
   coulombtype          = PME
   coulomb-modifier     = Potential-shift
   rcoulomb-switch      = 0
   rcoulomb             = 0.99
   vdwtype              = Cut-off
   vdw-modifier         = Potential-switch
   rvdw-switch          = 0
   rvdw                 = 0.01
   epsilon-r            = 1
   epsilon-rf           = inf
   tabext               = 1
   implicit-solvent     = No
   gb-algorithm         = Still
   gb-epsilon-solvent   = 80
   nstgbradii           = 1
   rgbradii             = 1
   gb-saltconc          = 0
   gb-obc-alpha         = 1
   gb-obc-beta          = 0.8
   gb-obc-gamma         = 4.85
   gb-dielectric-offset = 0.009
   sa-algorithm         = Ace-approximation
   sa-surface-tension   = 2.05016
   DispCorr             = No
   bSimTemp             = FALSE
   free-energy          = no
   nwall                = 0
   wall-type            = 9-3
   wall-atomtype[0]     = -1
   wall-atomtype[1]     = -1
   wall-density[0]      = 0
   wall-density[1]      = 0
   wall-ewald-zfac      = 3
   pull                 = no
   rotation             = FALSE
   disre                = No
   disre-weighting      = Conservative
   disre-mixed          = FALSE
   dr-fc                = 1000
   dr-tau               = 0
   nstdisreout          = 100
   orires-fc            = 0
   orires-tau           = 0
   nstorireout          = 100
   dihre-fc             = 0
   em-stepsize          = 0.01
   em-tol               = 10
   niter                = 20
   fc-stepsize          = 0
   nstcgsteep           = 1000
   nbfgscorr            = 10
   ConstAlg             = Lincs
   shake-tol            = 0.0001
   lincs-order          = 4
   lincs-warnangle      = 30
   lincs-iter           = 1
   bd-fric              = 0
   ld-seed              = 1993
   cos-accel            = 0
   deform (3x3):
      deform[    0]={ 0.00000e+00,  0.00000e+00,  0.00000e+00}
      deform[    1]={ 0.00000e+00,  0.00000e+00,  0.00000e+00}
      deform[    2]={ 0.00000e+00,  0.00000e+00,  0.00000e+00}
   adress               = FALSE
   userint1             = 0
   userint2             = 0
   userint3             = 0
   userint4             = 0
   userreal1            = 0
   userreal2            = 0
   userreal3            = 0
   userreal4            = 0
grpopts:
   nrdf:           0
   ref-t:           0
   tau-t:           0
anneal:          No
ann-npoints:           0
   acc:	           0           0           0
   nfreeze:           Y           Y           Y
   energygrp-flags[  0]: 1 1
   energygrp-flags[  1]: 1 0
   efield-x:
      n = 0
   efield-xt:
      n = 0
   efield-y:
      n = 0
   efield-yt:
      n = 0
   efield-z:
      n = 0
   efield-zt:
      n = 0
   eSwapCoords          = no
   bQMMM                = FALSE
   QMconstraints        = 0
   QMMMscheme           = 0
   scalefactor          = 1
qm-opts:
   ngQM                 = 0

Detecting CPU-specific acceleration.
Present hardware specification:
Vendor: AuthenticAMD
Brand:  AMD Opteron(tm) Processor 6376                 
Family: 21  Model:  2  Stepping:  0
Features: aes apic avx clfsh cmov cx8 cx16 f16c fma fma4 htt lahf_lm misalignsse mmx msr nonstop_tsc pclmuldq pdpe1gb popcnt pse rdtscp sse2 sse3 sse4a sse4.1 sse4.2 ssse3 xop
Acceleration most likely to fit this hardware: AVX_128_FMA
Acceleration selected at GROMACS compile time: None


Binary not matching hardware - you might be losing performance.
Acceleration most likely to fit this hardware: AVX_128_FMA
Acceleration selected at GROMACS compile time: None

Table routines are used for coulomb: FALSE
Table routines are used for vdw:     FALSE
Will do PME sum in reciprocal space for electrostatic interactions.

++++ PLEASE READ AND CITE THE FOLLOWING REFERENCE ++++
U. Essmann, L. Perera, M. L. Berkowitz, T. Darden, H. Lee and L. G. Pedersen 
A smooth particle mesh Ewald method
J. Chem. Phys. 103 (1995) pp. 8577-8592
-------- -------- --- Thank You --- -------- --------

Will do ordinary reciprocal space Ewald sum.
Using a Gaussian width (1/beta) of 0.316961 nm for Ewald
Cut-off's:   NS: 0.01   Coulomb: 0.99   LJ: 0.01
System total charge: 0.000
Generated table with 3980 data points for Ewald.
Tabscale = 2000 points/nm
Generated table with 3980 data points for LJ6Switch.
Tabscale = 2000 points/nm
Generated table with 3980 data points for LJ12Switch.
Tabscale = 2000 points/nm
Generated table with 3980 data points for 1-4 COUL.
Tabscale = 2000 points/nm
Generated table with 3980 data points for 1-4 LJ6.
Tabscale = 2000 points/nm
Generated table with 3980 data points for 1-4 LJ12.
Tabscale = 2000 points/nm

Enabling SPC-like water optimization for 196 molecules.

Potential shift: LJ r^-12: 0.000 r^-6 0.000, Ewald -1.000e-05
Initialized non-bonded Ewald correction tables, spacing: 6.56e-04 size: 3033

Removing pbc first time
Center of mass motion removal mode is Linear
We have the following groups for center of mass motion removal:
  0:  rest
There are: 624 Atoms
Max number of connections per atom is 25
Total number of connections is 2000
Max number of graph edges per atom is 4
Total number of graph edges is 848
Initial temperature: 0 K

Started mdrun on node 0 Thu Feb 13 16:04:41 2014
           Step           Time         Lambda
              0        0.00000        0.00000


Grid: 3 x 3 x 3 cells
   Energies (kJ/mol)
           Bond        G96Bond          Angle       G96Angle    Proper Dih.
    6.00319e+00    2.30018e+02    8.32751e-01    6.28153e+00    8.00118e+00
  Improper Dih.          LJ-14     Coulomb-14        LJ (SR)   Coulomb (SR)
    2.03469e+00    6.50740e+00    1.00417e+02    0.00000e+00    0.00000e+00
   Coulomb (LR)   Coul. recip.      Potential    Kinetic En.   Total Energy
    3.57804e+04   -2.05108e+03    3.40895e+04    0.00000e+00    3.40895e+04
    Temperature Pressure (bar)
    0.00000e+00    1.04544e+05

           Step           Time         Lambda
              2        0.00400        0.00000

Writing checkpoint, step 2 at Thu Feb 13 16:04:41 2014


   Energies (kJ/mol)
           Bond        G96Bond          Angle       G96Angle    Proper Dih.
    6.00319e+00    2.30018e+02    8.32751e-01    6.28153e+00    8.00118e+00
  Improper Dih.          LJ-14     Coulomb-14        LJ (SR)   Coulomb (SR)
    2.03469e+00    6.50740e+00    1.00417e+02    0.00000e+00    0.00000e+00
   Coulomb (LR)   Coul. recip.      Potential    Kinetic En.   Total Energy
    3.57804e+04   -2.05108e+03    3.40895e+04    0.00000e+00    3.40895e+04
    Temperature Pressure (bar)
    0.00000e+00    1.04544e+05

	<======  ###############  ==>
	<====  A V E R A G E S  ====>
	<==  ###############  ======>

	Statistics over 3 steps using 2 frames

   Energies (kJ/mol)
           Bond        G96Bond          Angle       G96Angle    Proper Dih.
    6.00319e+00    2.30018e+02    8.32751e-01    6.28153e+00    8.00118e+00
  Improper Dih.          LJ-14     Coulomb-14        LJ (SR)   Coulomb (SR)
    2.03469e+00    6.50740e+00    1.00417e+02    0.00000e+00    0.00000e+00
   Coulomb (LR)   Coul. recip.      Potential    Kinetic En.   Total Energy
    3.57804e+04   -2.05108e+03    3.40895e+04    0.00000e+00    3.40895e+04
    Temperature Pressure (bar)
    0.00000e+00    1.04544e+05

   Total Virial (kJ/mol)
   -2.45502e+04   -1.89586e+01    2.22735e+02
   -1.89586e+01   -2.50624e+04    4.03701e+02
    2.22735e+02    4.03701e+02   -2.59369e+04

   Pressure (bar)
    1.01916e+05    7.87039e+01   -9.24650e+02
    7.87039e+01    1.04043e+05   -1.67590e+03
   -9.24650e+02   -1.67590e+03    1.07673e+05

  Epot (kJ/mol)        Coul-SR          LJ-SR        Coul-LR        Coul-14          LJ-14   
Protein-Protein    0.00000e+00    0.00000e+00    0.00000e+00    1.00417e+02    6.50740e+00
    Protein-SOL    0.00000e+00    0.00000e+00    0.00000e+00    0.00000e+00    0.00000e+00
        SOL-SOL    0.00000e+00    0.00000e+00    3.57804e+04    0.00000e+00    0.00000e+00


	M E G A - F L O P S   A C C O U N T I N G

 NB=Group-cutoff nonbonded kernels    NxN=N-by-N cluster Verlet kernels
 RF=Reaction-Field  VdW=Van der Waals  QSTab=quadratic-spline table
 W3=SPC/TIP3p  W4=TIP4p (single or pairs)
 V&F=Potential and force  V=Potential only  F=Force only

 Computing:                               M-Number         M-Flops  % Flops
-----------------------------------------------------------------------------
 NB Generic kernel                        1.486266           1.486    14.3
 1,4 nonbonded interactions               0.000120           0.011     0.1
 Calc Weights                             0.005616           0.202     1.9
 Spread Q Bspline                         0.119808           0.240     2.3
 Gather F Bspline                         0.119808           0.719     6.9
 3D-FFT                                   0.622356           4.979    47.8
 Solve PME                                0.001200           0.077     0.7
 NS-Pairs                                 0.112365           2.360    22.7
 Reset In Box                             0.000696           0.002     0.0
 Shift-X                                  0.003744           0.022     0.2
 CG-CoM                                   0.001872           0.006     0.1
 Bonds                                    0.001272           0.075     0.7
 Angles                                   0.000732           0.123     1.2
 Propers                                  0.000024           0.005     0.1
 Impropers                                0.000024           0.005     0.0
 Virial                                   0.001338           0.024     0.2
 Stop-CM                                  0.001248           0.012     0.1
 Calc-Ekin                                0.002496           0.067     0.6
-----------------------------------------------------------------------------
 Total                                                      10.416   100.0
-----------------------------------------------------------------------------


     R E A L   C Y C L E   A N D   T I M E   A C C O U N T I N G

On 1 MPI rank

 Computing:          Num   Num      Call    Wall time         Giga-Cycles
                     Nodes Threads  Count      (s)         total sum    %
-----------------------------------------------------------------------------
 Neighbor search        1    1          3       0.007          0.026  16.7
 Force                  1    1          3       0.005          0.018  11.6
 PME mesh               1    1          3       0.007          0.024  15.3
 Write traj.            1    1          3       0.008          0.029  18.8
 Update                 1    1          3       0.000          0.000   0.2
 Rest                                           0.016          0.059  37.4
-----------------------------------------------------------------------------
 Total                                          0.043          0.157 100.0
-----------------------------------------------------------------------------
 Breakdown of PME mesh computation
-----------------------------------------------------------------------------
 PME spread/gather      1    1          6       0.003          0.010   6.5
 PME 3D-FFT             1    1          6       0.003          0.011   6.8
 PME solve Elec         1    1          3       0.001          0.003   1.9
-----------------------------------------------------------------------------

               Core t (s)   Wall t (s)        (%)
       Time:        0.037        0.043       85.2
                 (ns/day)    (hour/ns)
Performance:       11.922        2.013
Finished mdrun on node 0 Thu Feb 13 16:04:41 2014
