Log file opened on Tue Feb 18 20:49:37 2014
Host: amd2  pid: 25559  nodeid: 0  nnodes:  1
GROMACS:    gmx mdrun, VERSION 5.0-beta2-dev-20140218-5b0c74f (double precision)

GROMACS is written by:
Emile Apol         Rossen Apostolov   Herman J.C. Berendsen Par Bjelkmar       
Aldert van Buuren  Rudi van Drunen    Anton Feenstra     Sebastian Fritsch  
Gerrit Groenhof    Christoph Junghans Peter Kasson       Carsten Kutzner    
Per Larsson        Justin A. Lemkul   Magnus Lundborg    Pieter Meulenhoff  
Erik Marklund      Teemu Murtola      Szilard Pall       Sander Pronk       
Roland Schulz      Alexey Shvetsov    Michael Shirts     Alfons Sijbers     
Peter Tieleman     Christian Wennberg Maarten Wolf       
and the project leaders:
Mark Abraham, Berk Hess, Erik Lindahl, and David van der Spoel

Copyright (c) 1991-2000, University of Groningen, The Netherlands.
Copyright (c) 2001-2014, The GROMACS development team at
Uppsala University, Stockholm University and
the Royal Institute of Technology, Sweden.
check out http://www.gromacs.org for more information.

GROMACS is free software; you can redistribute it and/or modify it
under the terms of the GNU Lesser General Public License
as published by the Free Software Foundation; either version 2.1
of the License, or (at your option) any later version.

GROMACS:    gmx mdrun, VERSION 5.0-beta2-dev-20140218-5b0c74f (double precision)
Executable: /nethome/mark/nfs-git/master-make-reference/build-cmake-reference-double-amd2/install/bin/gmx_d
Command line:
  gmx_d mdrun -notunepme -table ../table -tablep ../tablep

Gromacs version:    VERSION 5.0-beta2-dev-20140218-5b0c74f
GIT SHA1 hash:      5b0c74f142a3c284342feb669daa2637826fc0e4
Branched from:      a26a0a6fe7e13129696cef23555465df9d958bd8 (3 newer local commits)
Precision:          double
Memory model:       64 bit
MPI library:        none
OpenMP support:     disabled
GPU support:        disabled
invsqrt routine:    (1.0/sqrt(x))
SIMD instructions:  NONE
FFT library:        fftpack (built-in)
RDTSCP usage:       enabled
C++11 compilation:  enabled
TNG support:        enabled
Built on:           Thu Feb  6 17:05:59 CET 2014
Built by:           mark@amd2 [CMAKE]
Build OS/arch:      Linux 3.5.0-45-generic x86_64
Build CPU vendor:   AuthenticAMD
Build CPU brand:    AMD Opteron(tm) Processor 6376
Build CPU family:   21   Model: 2   Stepping: 0
Build CPU features: aes apic avx clfsh cmov cx8 cx16 f16c fma fma4 htt lahf_lm misalignsse mmx msr nonstop_tsc pclmuldq pdpe1gb popcnt pse rdtscp sse2 sse3 sse4a sse4.1 sse4.2 ssse3 xop
C compiler:         /usr/bin/gcc-4.7 GNU 4.7.3
C compiler flags:      -Wextra -Wno-missing-field-initializers -Wno-sign-compare -Wall -Wno-unused -Wunused-value -Wunused-parameter -Wno-unknown-pragmas   -O0 -g
C++ compiler:       /usr/bin/g++-4.7 GNU 4.7.3
C++ compiler flags:    -std=c++0x -Wextra -Wno-missing-field-initializers -Wall -Wno-unused-function -Wno-unknown-pragmas   -O0 -g
Boost version:      1.48.0 (internal)



++++ PLEASE READ AND CITE THE FOLLOWING REFERENCE ++++
B. Hess and C. Kutzner and D. van der Spoel and E. Lindahl
GROMACS 4: Algorithms for highly efficient, load-balanced, and scalable
molecular simulation
J. Chem. Theory Comput. 4 (2008) pp. 435-447
-------- -------- --- Thank You --- -------- --------


++++ PLEASE READ AND CITE THE FOLLOWING REFERENCE ++++
D. van der Spoel, E. Lindahl, B. Hess, G. Groenhof, A. E. Mark and H. J. C.
Berendsen
GROMACS: Fast, Flexible and Free
J. Comp. Chem. 26 (2005) pp. 1701-1719
-------- -------- --- Thank You --- -------- --------


++++ PLEASE READ AND CITE THE FOLLOWING REFERENCE ++++
E. Lindahl and B. Hess and D. van der Spoel
GROMACS 3.0: A package for molecular simulation and trajectory analysis
J. Mol. Mod. 7 (2001) pp. 306-317
-------- -------- --- Thank You --- -------- --------


++++ PLEASE READ AND CITE THE FOLLOWING REFERENCE ++++
H. J. C. Berendsen, D. van der Spoel and R. van Drunen
GROMACS: A message-passing parallel molecular dynamics implementation
Comp. Phys. Comm. 91 (1995) pp. 43-56
-------- -------- --- Thank You --- -------- --------

Can not increase nstlist because an NVE ensemble is used
Input Parameters:
   integrator                     = md
   nsteps               = 20
   init-step            = 0
   cutoff-scheme                  = Verlet
   ns-type                        = Grid
   nstlist              = 10
   ndelta               = 2
   nstcomm              = 1
   comm-mode                      = Linear
   nstlog               = 1
   nstxout              = 1
   nstvout              = 1
   nstfout              = 1
   nstcalcenergy        = 1
   nstenergy            = 1
   nstxout-compressed   = 0
   init-t               = 0
   delta-t              = 0.002
   x-compression-precision = 1000
   fourierspacing       = 0.12
   nkx                  = 0
   nky                  = 0
   nkz                  = 0
   pme-order            = 4
   ewald-rtol           = 1e-05
   ewald-rtol-lj        = 0.001
   ewald-geometry       = 0
   epsilon-surface      = 0
   optimize-fft                   = FALSE
   lj-pme-comb-rule               = Geometric
   ePBC                           = xyz
   bPeriodicMols                  = FALSE
   bContinuation                  = FALSE
   bShakeSOR                      = FALSE
   etc                            = No
   bPrintNHChains                 = FALSE
   nsttcouple           = -1
   epc                            = No
   epctype                        = Isotropic
   nstpcouple           = -1
   tau-p                = 1
   ref-p (3x3):
      ref-p[    0]={ 0.00000e+00,  0.00000e+00,  0.00000e+00}
      ref-p[    1]={ 0.00000e+00,  0.00000e+00,  0.00000e+00}
      ref-p[    2]={ 0.00000e+00,  0.00000e+00,  0.00000e+00}
   compress (3x3):
      compress[    0]={ 0.00000e+00,  0.00000e+00,  0.00000e+00}
      compress[    1]={ 0.00000e+00,  0.00000e+00,  0.00000e+00}
      compress[    2]={ 0.00000e+00,  0.00000e+00,  0.00000e+00}
   refcoord-scaling               = No
   posres-com (3):
      posres-com[0]= 0.00000e+00
      posres-com[1]= 0.00000e+00
      posres-com[2]= 0.00000e+00
   posres-comB (3):
      posres-comB[0]= 0.00000e+00
      posres-comB[1]= 0.00000e+00
      posres-comB[2]= 0.00000e+00
   verlet-buffer-tolerance = 0.005
   rlist                = 2.5
   rlistlong            = 2.5
   nstcalclr            = 10
   rtpi                 = 0.05
   coulombtype                    = Cut-off
   coulomb-modifier               = Potential-shift
   rcoulomb-switch      = 0
   rcoulomb             = 2.5
   vdwtype                        = Cut-off
   vdw-modifier                   = Potential-switch
   rvdw-switch          = 2.2
   rvdw                 = 2.5
   epsilon-r            = 1
   epsilon-rf           = 1
   tabext               = 1
   implicit-solvent               = No
   gb-algorithm                   = Still
   gb-epsilon-solvent   = 80
   nstgbradii           = 1
   rgbradii             = 1
   gb-saltconc          = 0
   gb-obc-alpha         = 1
   gb-obc-beta          = 0.8
   gb-obc-gamma         = 4.85
   gb-dielectric-offset = 0.009
   sa-algorithm                   = Ace-approximation
   sa-surface-tension   = 2.05016
   DispCorr                       = EnerPres
   bSimTemp                       = FALSE
   free-energy                    = no
   nwall                = 0
   wall-type                      = 9-3
   wall-atomtype[0]     = -1
   wall-atomtype[1]     = -1
   wall-density[0]      = 0
   wall-density[1]      = 0
   wall-ewald-zfac      = 3
   pull                           = no
   rotation                       = FALSE
   disre                          = No
   disre-weighting                = Conservative
   disre-mixed                    = FALSE
   dr-fc                = 1000
   dr-tau               = 0
   nstdisreout          = 100
   orires-fc            = 0
   orires-tau           = 0
   nstorireout          = 100
   dihre-fc             = 0
   em-stepsize          = 0.01
   em-tol               = 10
   niter                = 20
   fc-stepsize          = 0
   nstcgsteep           = 1000
   nbfgscorr            = 10
   ConstAlg                       = Lincs
   shake-tol            = 0.0001
   lincs-order          = 4
   lincs-warnangle      = 30
   lincs-iter           = 1
   bd-fric              = 0
   ld-seed              = 1993
   cos-accel            = 0
   deform (3x3):
      deform[    0]={ 0.00000e+00,  0.00000e+00,  0.00000e+00}
      deform[    1]={ 0.00000e+00,  0.00000e+00,  0.00000e+00}
      deform[    2]={ 0.00000e+00,  0.00000e+00,  0.00000e+00}
   adress                         = FALSE
   userint1             = 0
   userint2             = 0
   userint3             = 0
   userint4             = 0
   userreal1            = 0
   userreal2            = 0
   userreal3            = 0
   userreal4            = 0
grpopts:
   nrdf:         372
   ref-t:           0
   tau-t:           0
anneal:          No
ann-npoints:           0
   acc:	           0           0           0
   nfreeze:           N           N           N
   energygrp-flags[  0]: 0
   efield-x:
      n = 0
   efield-xt:
      n = 0
   efield-y:
      n = 0
   efield-yt:
      n = 0
   efield-z:
      n = 0
   efield-zt:
      n = 0
   eSwapCoords                    = no
   bQMMM                          = FALSE
   QMconstraints        = 0
   QMMMscheme           = 0
   scalefactor          = 1
qm-opts:
   ngQM                 = 0

Detecting CPU SIMD instructions.
Present hardware specification:
Vendor: AuthenticAMD
Brand:  AMD Opteron(tm) Processor 6376                 
Family: 21  Model:  2  Stepping:  0
Features: aes apic avx clfsh cmov cx8 cx16 f16c fma fma4 htt lahf_lm misalignsse mmx msr nonstop_tsc pclmuldq pdpe1gb popcnt pse rdtscp sse2 sse3 sse4a sse4.1 sse4.2 ssse3 xop
SIMD instructions most likely to fit this hardware: AVX_128_FMA
SIMD instructions selected at GROMACS compile time: None


Binary not matching hardware - you might be losing performance.
SIMD instructions most likely to fit this hardware: AVX_128_FMA
SIMD instructions selected at GROMACS compile time: None

Cut-off's:   NS: 2.5   Coulomb: 2.5   LJ: 2.5
Long Range LJ corr.: <C6> 4.0000e+00
System total charge: 0.000
Generated table with 7000 data points for COUL.
Tabscale = 2000 points/nm
Generated table with 7000 data points for LJ6Switch.
Tabscale = 2000 points/nm
Generated table with 7000 data points for LJ12Switch.
Tabscale = 2000 points/nm

Using plain C 4x4 non-bonded kernels

Potential shift: LJ r^-12: 0.000 r^-6 0.000, Coulomb -0.400
Removing pbc first time
Center of mass motion removal mode is Linear
We have the following groups for center of mass motion removal:
  0:  rest
There are: 125 Atoms
Initial temperature: 119.718 K

Started mdrun on node 0 Tue Feb 18 20:49:37 2014
           Step           Time         Lambda
              0        0.00000        0.00000

   Energies (kJ/mol)
        LJ (SR)  Disper. corr.   Coulomb (SR)      Potential    Kinetic En.
   -7.11913e+02   -7.63034e+01    0.00000e+00   -7.88216e+02    1.84250e+02
   Total Energy    Temperature Pres. DC (bar) Pressure (bar)
   -6.03967e+02    1.19140e+02   -9.55174e+00    7.19624e+01

           Step           Time         Lambda
              1        0.00200        0.00000

   Energies (kJ/mol)
        LJ (SR)  Disper. corr.   Coulomb (SR)      Potential    Kinetic En.
   -7.10112e+02   -7.63034e+01    0.00000e+00   -7.86415e+02    1.82452e+02
   Total Energy    Temperature Pres. DC (bar) Pressure (bar)
   -6.03963e+02    1.17977e+02   -9.55174e+00    7.30076e+01

           Step           Time         Lambda
              2        0.00400        0.00000

   Energies (kJ/mol)
        LJ (SR)  Disper. corr.   Coulomb (SR)      Potential    Kinetic En.
   -7.08306e+02   -7.63034e+01    0.00000e+00   -7.84609e+02    1.80650e+02
   Total Energy    Temperature Pres. DC (bar) Pressure (bar)
   -6.03959e+02    1.16812e+02   -9.55174e+00    7.40606e+01

           Step           Time         Lambda
              3        0.00600        0.00000

   Energies (kJ/mol)
        LJ (SR)  Disper. corr.   Coulomb (SR)      Potential    Kinetic En.
   -7.06525e+02   -7.63034e+01    0.00000e+00   -7.82828e+02    1.78873e+02
   Total Energy    Temperature Pres. DC (bar) Pressure (bar)
   -6.03955e+02    1.15663e+02   -9.55174e+00    7.51059e+01

           Step           Time         Lambda
              4        0.00800        0.00000

   Energies (kJ/mol)
        LJ (SR)  Disper. corr.   Coulomb (SR)      Potential    Kinetic En.
   -7.04796e+02   -7.63034e+01    0.00000e+00   -7.81100e+02    1.77149e+02
   Total Energy    Temperature Pres. DC (bar) Pressure (bar)
   -6.03951e+02    1.14548e+02   -9.55174e+00    7.61277e+01

           Step           Time         Lambda
              5        0.01000        0.00000

   Energies (kJ/mol)
        LJ (SR)  Disper. corr.   Coulomb (SR)      Potential    Kinetic En.
   -7.03149e+02   -7.63034e+01    0.00000e+00   -7.79452e+02    1.75505e+02
   Total Energy    Temperature Pres. DC (bar) Pressure (bar)
   -6.03947e+02    1.13485e+02   -9.55174e+00    7.71105e+01

           Step           Time         Lambda
              6        0.01200        0.00000

   Energies (kJ/mol)
        LJ (SR)  Disper. corr.   Coulomb (SR)      Potential    Kinetic En.
   -7.01608e+02   -7.63034e+01    0.00000e+00   -7.77911e+02    1.73968e+02
   Total Energy    Temperature Pres. DC (bar) Pressure (bar)
   -6.03944e+02    1.12491e+02   -9.55174e+00    7.80391e+01

           Step           Time         Lambda
              7        0.01400        0.00000

   Energies (kJ/mol)
        LJ (SR)  Disper. corr.   Coulomb (SR)      Potential    Kinetic En.
   -7.00200e+02   -7.63034e+01    0.00000e+00   -7.76503e+02    1.72563e+02
   Total Energy    Temperature Pres. DC (bar) Pressure (bar)
   -6.03940e+02    1.11583e+02   -9.55174e+00    7.88995e+01

           Step           Time         Lambda
              8        0.01600        0.00000

   Energies (kJ/mol)
        LJ (SR)  Disper. corr.   Coulomb (SR)      Potential    Kinetic En.
   -6.98948e+02   -7.63034e+01    0.00000e+00   -7.75251e+02    1.71314e+02
   Total Energy    Temperature Pres. DC (bar) Pressure (bar)
   -6.03937e+02    1.10775e+02   -9.55174e+00    7.96794e+01

           Step           Time         Lambda
              9        0.01800        0.00000

   Energies (kJ/mol)
        LJ (SR)  Disper. corr.   Coulomb (SR)      Potential    Kinetic En.
   -6.97872e+02   -7.63034e+01    0.00000e+00   -7.74176e+02    1.70241e+02
   Total Energy    Temperature Pres. DC (bar) Pressure (bar)
   -6.03935e+02    1.10082e+02   -9.55174e+00    8.03670e+01

           Step           Time         Lambda
             10        0.02000        0.00000

   Energies (kJ/mol)
        LJ (SR)  Disper. corr.   Coulomb (SR)      Potential    Kinetic En.
   -6.96994e+02   -7.63034e+01    0.00000e+00   -7.73298e+02    1.69364e+02
   Total Energy    Temperature Pres. DC (bar) Pressure (bar)
   -6.03934e+02    1.09514e+02   -9.55174e+00    8.09441e+01

           Step           Time         Lambda
             11        0.02200        0.00000

   Energies (kJ/mol)
        LJ (SR)  Disper. corr.   Coulomb (SR)      Potential    Kinetic En.
   -6.96327e+02   -7.63034e+01    0.00000e+00   -7.72630e+02    1.68698e+02
   Total Energy    Temperature Pres. DC (bar) Pressure (bar)
   -6.03932e+02    1.09084e+02   -9.55174e+00    8.14179e+01

           Step           Time         Lambda
             12        0.02400        0.00000

   Energies (kJ/mol)
        LJ (SR)  Disper. corr.   Coulomb (SR)      Potential    Kinetic En.
   -6.95883e+02   -7.63034e+01    0.00000e+00   -7.72186e+02    1.68255e+02
   Total Energy    Temperature Pres. DC (bar) Pressure (bar)
   -6.03931e+02    1.08797e+02   -9.55174e+00    8.17753e+01

           Step           Time         Lambda
             13        0.02600        0.00000

   Energies (kJ/mol)
        LJ (SR)  Disper. corr.   Coulomb (SR)      Potential    Kinetic En.
   -6.95669e+02   -7.63034e+01    0.00000e+00   -7.71973e+02    1.68042e+02
   Total Energy    Temperature Pres. DC (bar) Pressure (bar)
   -6.03931e+02    1.08660e+02   -9.55174e+00    8.20117e+01

           Step           Time         Lambda
             14        0.02800        0.00000

   Energies (kJ/mol)
        LJ (SR)  Disper. corr.   Coulomb (SR)      Potential    Kinetic En.
   -6.95688e+02   -7.63034e+01    0.00000e+00   -7.71991e+02    1.68060e+02
   Total Energy    Temperature Pres. DC (bar) Pressure (bar)
   -6.03931e+02    1.08671e+02   -9.55174e+00    8.21262e+01

           Step           Time         Lambda
             15        0.03000        0.00000

   Energies (kJ/mol)
        LJ (SR)  Disper. corr.   Coulomb (SR)      Potential    Kinetic En.
   -6.95934e+02   -7.63034e+01    0.00000e+00   -7.72238e+02    1.68305e+02
   Total Energy    Temperature Pres. DC (bar) Pressure (bar)
   -6.03932e+02    1.08830e+02   -9.55174e+00    8.21205e+01

           Step           Time         Lambda
             16        0.03200        0.00000

   Energies (kJ/mol)
        LJ (SR)  Disper. corr.   Coulomb (SR)      Potential    Kinetic En.
   -6.96397e+02   -7.63034e+01    0.00000e+00   -7.72701e+02    1.68766e+02
   Total Energy    Temperature Pres. DC (bar) Pressure (bar)
   -6.03935e+02    1.09128e+02   -9.55174e+00    8.19999e+01

           Step           Time         Lambda
             17        0.03400        0.00000

   Energies (kJ/mol)
        LJ (SR)  Disper. corr.   Coulomb (SR)      Potential    Kinetic En.
   -6.97059e+02   -7.63034e+01    0.00000e+00   -7.73362e+02    1.69425e+02
   Total Energy    Temperature Pres. DC (bar) Pressure (bar)
   -6.03938e+02    1.09554e+02   -9.55174e+00    8.17730e+01

           Step           Time         Lambda
             18        0.03600        0.00000

   Energies (kJ/mol)
        LJ (SR)  Disper. corr.   Coulomb (SR)      Potential    Kinetic En.
   -6.97895e+02   -7.63034e+01    0.00000e+00   -7.74198e+02    1.70257e+02
   Total Energy    Temperature Pres. DC (bar) Pressure (bar)
   -6.03941e+02    1.10092e+02   -9.55174e+00    8.14514e+01

           Step           Time         Lambda
             19        0.03800        0.00000

   Energies (kJ/mol)
        LJ (SR)  Disper. corr.   Coulomb (SR)      Potential    Kinetic En.
   -6.98875e+02   -7.63034e+01    0.00000e+00   -7.75178e+02    1.71233e+02
   Total Energy    Temperature Pres. DC (bar) Pressure (bar)
   -6.03946e+02    1.10723e+02   -9.55174e+00    8.10502e+01

           Step           Time         Lambda
             20        0.04000        0.00000

Writing checkpoint, step 20 at Tue Feb 18 20:49:37 2014


   Energies (kJ/mol)
        LJ (SR)  Disper. corr.   Coulomb (SR)      Potential    Kinetic En.
   -6.99965e+02   -7.63034e+01    0.00000e+00   -7.76269e+02    1.72317e+02
   Total Energy    Temperature Pres. DC (bar) Pressure (bar)
   -6.03952e+02    1.11424e+02   -9.55174e+00    8.05764e+01

	<======  ###############  ==>
	<====  A V E R A G E S  ====>
	<==  ###############  ======>

	Statistics over 21 steps using 21 frames

   Energies (kJ/mol)
        LJ (SR)  Disper. corr.   Coulomb (SR)      Potential    Kinetic En.
   -7.00482e+02   -7.63034e+01    0.00000e+00   -7.76785e+02    1.72842e+02
   Total Energy    Temperature Pres. DC (bar) Pressure (bar)
   -6.03943e+02    1.11763e+02   -9.55174e+00    7.91241e+01

   Total Virial (kJ/mol)
   -2.76516e+02   -1.32609e+01   -3.21087e+01
   -1.32609e+01   -2.11744e+02   -1.78221e+01
   -3.21087e+01   -1.78221e+01   -2.87013e+02

   Pressure (bar)
    8.34780e+01    3.16681e+00    7.70865e+00
    3.16681e+00    6.72707e+01    4.32506e+00
    7.70865e+00    4.32506e+00    8.66237e+01


	M E G A - F L O P S   A C C O U N T I N G

 NB=Group-cutoff nonbonded kernels    NxN=N-by-N cluster Verlet kernels
 RF=Reaction-Field  VdW=Van der Waals  QSTab=quadratic-spline table
 W3=SPC/TIP3p  W4=TIP4p (single or pairs)
 V&F=Potential and force  V=Potential only  F=Force only

 Computing:                               M-Number         M-Flops  % Flops
-----------------------------------------------------------------------------
 Pair Search distance check               0.047648           0.429     2.6
 NxN LJ [V&F]                             0.256352          16.150    96.4
 Shift-X                                  0.000375           0.002     0.0
 Virial                                   0.003570           0.064     0.4
 Stop-CM                                  0.002750           0.027     0.2
 Calc-Ekin                                0.002750           0.074     0.4
-----------------------------------------------------------------------------
 Total                                                      16.747   100.0
-----------------------------------------------------------------------------


     R E A L   C Y C L E   A N D   T I M E   A C C O U N T I N G

On 1 MPI rank

 Computing:          Num   Num      Call    Wall time         Giga-Cycles
                     Nodes Threads  Count      (s)         total sum    %
-----------------------------------------------------------------------------
 Neighbor search        1    1          3       0.002          0.005   3.6
 Force                  1    1         21       0.042          0.098  68.7
 NB X/F buffer ops.     1    1         39       0.000          0.000   0.2
 Write traj.            1    1         21       0.014          0.033  23.1
 Update                 1    1         21       0.000          0.000   0.3
 Rest                                           0.003          0.006   4.2
-----------------------------------------------------------------------------
 Total                                          0.061          0.143 100.0
-----------------------------------------------------------------------------

               Core t (s)   Wall t (s)        (%)
       Time:        0.056        0.061       91.8
                 (ns/day)    (hour/ns)
Performance:       59.551        0.403
Finished mdrun on node 0 Tue Feb 18 20:49:37 2014
