Log file opened on Sun Oct 13 18:08:53 2013
Host: amd2  pid: 48515  nodeid: 0  nnodes:  1
GROMACS:    mdrun_d, VERSION 5.0-dev-20131009-47523e5 (double precision)

GROMACS is written by:
Emile Apol, Rossen Apostolov, Herman J.C. Berendsen,
Aldert van Buuren, Pär Bjelkmar, Rudi van Drunen, Anton Feenstra,
Gerrit Groenhof, Peter Kasson, Per Larsson, Pieter Meulenhoff,
Teemu Murtola, Szilard Pall, Sander Pronk, Roland Schulz,
Michael Shirts, Alfons Sijbers, Peter Tieleman,

Berk Hess, David van der Spoel, and Erik Lindahl.

Copyright (c) 1991-2000, University of Groningen, The Netherlands.
Copyright (c) 2001-2013, The GROMACS development team at
Uppsala University & The Royal Institute of Technology, Sweden.
check out http://www.gromacs.org for more information.

GROMACS is free software; you can redistribute it and/or modify it
under the terms of the GNU Lesser General Public License
as published by the Free Software Foundation; either version 2.1
of the License, or (at your option) any later version.

GROMACS:    mdrun_d, VERSION 5.0-dev-20131009-47523e5 (double precision)
Executable: mdrun_d
Command line:
  mdrun_d -notunepme -table ../table -tablep ../tablep -cpi continue -noappend

Gromacs version:    VERSION 5.0-dev-20131009-47523e5
GIT SHA1 hash:      47523e53dabe1a9005254c9b1da305f883c93fcb
Precision:          double
Memory model:       64 bit
MPI library:        none
OpenMP support:     disabled
GPU support:        disabled
invsqrt routine:    (1.0/sqrt(x))
CPU acceleration:   NONE
FFT library:        fftpack (built-in)
Large file support: disabled
RDTSCP usage:       enabled
Built on:           Sun Oct 13 17:24:12 CEST 2013
Built by:           mark@amd2 [CMAKE]
Build OS/arch:      Linux 3.5.0-41-generic x86_64
Build CPU vendor:   AuthenticAMD
Build CPU brand:    AMD Opteron(tm) Processor 6176
Build CPU family:   16   Model: 9   Stepping: 1
Build CPU features: apic clfsh cmov cx8 cx16 htt lahf_lm misalignsse mmx msr nonstop_tsc pdpe1gb popcnt pse rdtscp sse2 sse3 sse4a
C compiler:         /usr/bin/gcc-4.7 GNU gcc-4.7 (Ubuntu/Linaro 4.7.3-2ubuntu1~12.04) 4.7.3
C compiler flags:      -Wextra -Wno-missing-field-initializers -Wno-sign-compare -Wall -Wno-unused -Wunused-value -Wno-unknown-pragmas   -O0 -g
C++ compiler:       /usr/bin/g++-4.7 GNU g++-4.7 (Ubuntu/Linaro 4.7.3-2ubuntu1~12.04) 4.7.3
C++ compiler flags:   -std=c++0x  -Wextra -Wno-missing-field-initializers -Wnon-virtual-dtor -Wall -Wno-unused -Wunused-value -Wno-unknown-pragmas   -O0 -g



++++ PLEASE READ AND CITE THE FOLLOWING REFERENCE ++++
B. Hess and C. Kutzner and D. van der Spoel and E. Lindahl
GROMACS 4: Algorithms for highly efficient, load-balanced, and scalable
molecular simulation
J. Chem. Theory Comput. 4 (2008) pp. 435-447
-------- -------- --- Thank You --- -------- --------


++++ PLEASE READ AND CITE THE FOLLOWING REFERENCE ++++
D. van der Spoel, E. Lindahl, B. Hess, G. Groenhof, A. E. Mark and H. J. C.
Berendsen
GROMACS: Fast, Flexible and Free
J. Comp. Chem. 26 (2005) pp. 1701-1719
-------- -------- --- Thank You --- -------- --------


++++ PLEASE READ AND CITE THE FOLLOWING REFERENCE ++++
E. Lindahl and B. Hess and D. van der Spoel
GROMACS 3.0: A package for molecular simulation and trajectory analysis
J. Mol. Mod. 7 (2001) pp. 306-317
-------- -------- --- Thank You --- -------- --------


++++ PLEASE READ AND CITE THE FOLLOWING REFERENCE ++++
H. J. C. Berendsen, D. van der Spoel and R. van Drunen
GROMACS: A message-passing parallel molecular dynamics implementation
Comp. Phys. Comm. 91 (1995) pp. 43-56
-------- -------- --- Thank You --- -------- --------

Input Parameters:
   integrator           = md
   nsteps               = 20
   init-step            = 0
   cutoff-scheme        = Group
   ns_type              = Grid
   nstlist              = 5
   ndelta               = 2
   nstcomm              = 1
   comm-mode            = Linear
   nstlog               = 0
   nstxout              = 20
   nstvout              = 20
   nstfout              = 20
   nstcalcenergy        = 1
   nstenergy            = 1
   nstxtcout            = 0
   init-t               = 0
   delta-t              = 0.002
   xtcprec              = 200
   fourierspacing       = 0.12
   nkx                  = 16
   nky                  = 16
   nkz                  = 16
   pme-order            = 4
   ewald-rtol           = 1e-05
   ewald-geometry       = 0
   epsilon-surface      = 0
   optimize-fft         = FALSE
   ePBC                 = xyz
   bPeriodicMols        = FALSE
   bContinuation        = FALSE
   bShakeSOR            = FALSE
   etc                  = Berendsen
   bPrintNHChains       = FALSE
   nsttcouple           = 5
   epc                  = No
   epctype              = Isotropic
   nstpcouple           = -1
   tau-p                = 1
   ref-p (3x3):
      ref-p[    0]={ 0.00000e+00,  0.00000e+00,  0.00000e+00}
      ref-p[    1]={ 0.00000e+00,  0.00000e+00,  0.00000e+00}
      ref-p[    2]={ 0.00000e+00,  0.00000e+00,  0.00000e+00}
   compress (3x3):
      compress[    0]={ 0.00000e+00,  0.00000e+00,  0.00000e+00}
      compress[    1]={ 0.00000e+00,  0.00000e+00,  0.00000e+00}
      compress[    2]={ 0.00000e+00,  0.00000e+00,  0.00000e+00}
   refcoord-scaling     = No
   posres-com (3):
      posres-com[0]= 0.00000e+00
      posres-com[1]= 0.00000e+00
      posres-com[2]= 0.00000e+00
   posres-comB (3):
      posres-comB[0]= 0.00000e+00
      posres-comB[1]= 0.00000e+00
      posres-comB[2]= 0.00000e+00
   verlet-buffer-drift  = 0.005
   rlist                = 0.9
   rlistlong            = 0.9
   nstcalclr            = 0
   rtpi                 = 0.05
   coulombtype          = PME
   coulomb-modifier     = None
   rcoulomb-switch      = 0
   rcoulomb             = 0.9
   vdwtype              = Shift
   vdw-modifier         = None
   rvdw-switch          = 0.7
   rvdw                 = 0.9
   epsilon-r            = 1
   epsilon-rf           = 1
   tabext               = 1
   implicit-solvent     = No
   gb-algorithm         = Still
   gb-epsilon-solvent   = 80
   nstgbradii           = 1
   rgbradii             = 2
   gb-saltconc          = 0
   gb-obc-alpha         = 1
   gb-obc-beta          = 0.8
   gb-obc-gamma         = 4.85
   gb-dielectric-offset = 0.009
   sa-algorithm         = Ace-approximation
   sa-surface-tension   = 2.05016
   DispCorr             = No
   bSimTemp             = FALSE
   free-energy          = no
   nwall                = 0
   wall-type            = 9-3
   wall-atomtype[0]     = -1
   wall-atomtype[1]     = -1
   wall-density[0]      = 0
   wall-density[1]      = 0
   wall-ewald-zfac      = 3
   pull                 = no
   rotation             = FALSE
   disre                = No
   disre-weighting      = Equal
   disre-mixed          = FALSE
   dr-fc                = 200
   dr-tau               = 1.25
   nstdisreout          = 20
   orires-fc            = 0
   orires-tau           = 0
   nstorireout          = 20
   dihre-fc             = 0
   em-stepsize          = 0.1
   em-tol               = 0.001
   niter                = 20
   fc-stepsize          = 0
   nstcgsteep           = 200
   nbfgscorr            = 10
   ConstAlg             = Lincs
   shake-tol            = 0.0001
   lincs-order          = 4
   lincs-warnangle      = 30
   lincs-iter           = 1
   bd-fric              = 0
   ld-seed              = 1993
   cos-accel            = 0
   deform (3x3):
      deform[    0]={ 0.00000e+00,  0.00000e+00,  0.00000e+00}
      deform[    1]={ 0.00000e+00,  0.00000e+00,  0.00000e+00}
      deform[    2]={ 0.00000e+00,  0.00000e+00,  0.00000e+00}
   adress               = FALSE
   userint1             = 0
   userint2             = 0
   userint3             = 0
   userint4             = 0
   userreal1            = 0
   userreal2            = 0
   userreal3            = 0
   userreal4            = 0
grpopts:
   nrdf:        1293
   ref-t:         300
   tau-t:         0.1
anneal:          No
ann-npoints:           0
   acc:	           0           0           0
   nfreeze:           N           N           N
   energygrp-flags[  0]: 0
   efield-x:
      n = 0
   efield-xt:
      n = 0
   efield-y:
      n = 0
   efield-yt:
      n = 0
   efield-z:
      n = 0
   efield-zt:
      n = 0
   bQMMM                = FALSE
   QMconstraints        = 0
   QMMMscheme           = 0
   scalefactor          = 1
qm-opts:
   ngQM                 = 0

Reading checkpoint file continue.cpt
  file generated by:     /home/rschulz/download/gromacs4.5/gcc/src/kernel/mdrun
  file generated at:     Thu Jun 21 18:52:21 2012

  GROMACS build time:    Thu Jun 21 18:33:10 EDT 2012
  GROMACS build user:    rschulz@debian [CMAKE]
  GROMACS build host:    Linux 3.2.0-2-amd64 x86_64
  GROMACS double prec.:  -1
  simulation part #:     1
  step:                  5
  time:                  0.010000

  Version mismatch,
    current program: 5.0-dev
    checkpoint file: 4.5.5-dev

  Build time mismatch,
    current program: Sun Oct 13 17:24:12 CEST 2013
    checkpoint file: Thu Jun 21 18:33:10 EDT 2012

  Build user mismatch,
    current program: mark@amd2 [CMAKE]
    checkpoint file: rschulz@debian [CMAKE]

  Build host mismatch,
    current program: Linux 3.5.0-41-generic x86_64
    checkpoint file: Linux 3.2.0-2-amd64 x86_64

  Double prec. mismatch,
    current program: 1
    checkpoint file: -1

  Program name mismatch,
    current program: mdrun_d
    checkpoint file: /home/rschulz/download/gromacs4.5/gcc/src/kernel/mdrun

Gromacs binary or parallel settings not identical to previous run.
Continuation is exact, but is not guaranteed to be binary identical.


Detecting CPU-specific acceleration.
Present hardware specification:
Vendor: AuthenticAMD
Brand:  AMD Opteron(tm) Processor 6176
Family: 16  Model:  9  Stepping:  1
Features: apic clfsh cmov cx8 cx16 htt lahf_lm misalignsse mmx msr nonstop_tsc pdpe1gb popcnt pse rdtscp sse2 sse3 sse4a
Acceleration most likely to fit this hardware: SSE2
Acceleration selected at GROMACS compile time: None


Binary not matching hardware - you might be losing performance.
Acceleration most likely to fit this hardware: SSE2
Acceleration selected at GROMACS compile time: None

Table routines are used for coulomb: FALSE
Table routines are used for vdw:     TRUE
Will do PME sum in reciprocal space.

++++ PLEASE READ AND CITE THE FOLLOWING REFERENCE ++++
U. Essmann, L. Perera, M. L. Berkowitz, T. Darden, H. Lee and L. G. Pedersen 
A smooth particle mesh Ewald method
J. Chem. Phys. 103 (1995) pp. 8577-8592
-------- -------- --- Thank You --- -------- --------

Will do ordinary reciprocal space Ewald sum.
Using a Gaussian width (1/beta) of 0.288146 nm for Ewald
Using shifted Lennard-Jones, switch between 0.7 and 0.9 nm
Cut-off's:   NS: 0.9   Coulomb: 0.9   LJ: 0.9
System total charge: 0.000
Generated table with 3800 data points for Ewald.
Tabscale = 2000 points/nm
Generated table with 3800 data points for LJ6Shift.
Tabscale = 2000 points/nm
Generated table with 3800 data points for LJ12Shift.
Tabscale = 2000 points/nm

Enabling TIP4p-like water optimization for 216 molecules.

Potential shift: LJ r^-12: 0.000 r^-6 0.000, Ewald 0.000e+00
Initialized non-bonded Ewald correction tables, spacing: 6.26e-04 size: 3037


++++ PLEASE READ AND CITE THE FOLLOWING REFERENCE ++++
S. Miyamoto and P. A. Kollman
SETTLE: An Analytical Version of the SHAKE and RATTLE Algorithms for Rigid
Water Models
J. Comp. Chem. 13 (1992) pp. 952-962
-------- -------- --- Thank You --- -------- --------

Center of mass motion removal mode is Linear
We have the following groups for center of mass motion removal:
  0:  rest

++++ PLEASE READ AND CITE THE FOLLOWING REFERENCE ++++
H. J. C. Berendsen, J. P. M. Postma, A. DiNola and J. R. Haak
Molecular dynamics with coupling to an external bath
J. Chem. Phys. 81 (1984) pp. 3684-3690
-------- -------- --- Thank You --- -------- --------

There are: 648 Atoms
There are: 216 VSites
Max number of connections per atom is 4
Total number of connections is 2160
Max number of graph edges per atom is 3
Total number of graph edges is 1296
Initial temperature: 685.774 K

Started mdrun on node 0 Sun Oct 13 18:08:53 2013

           Step           Time         Lambda
              5        0.01000        0.00000


Grid: 3 x 3 x 3 cells
   Energies (kJ/mol)
        LJ (SR)   Coulomb (SR)   Coul. recip.      Potential    Kinetic En.
    7.69334e+02   -8.66395e+03   -1.02099e+03   -8.91560e+03    1.77098e+03
   Total Energy    Temperature Pressure (bar)
   -7.14462e+03    3.29465e+02   -7.83350e+03

           Step           Time         Lambda
             20        0.04000        0.00000

Writing checkpoint, step 20 at Sun Oct 13 18:08:54 2013


   Energies (kJ/mol)
        LJ (SR)   Coulomb (SR)   Coul. recip.      Potential    Kinetic En.
    1.21656e+03   -9.02491e+03   -1.03168e+03   -8.84003e+03    1.66034e+03
   Total Energy    Temperature Pressure (bar)
   -7.17969e+03    3.08881e+02   -4.35164e+03

	<======  ###############  ==>
	<====  A V E R A G E S  ====>
	<==  ###############  ======>

	Statistics over 16 steps using 16 frames

   Energies (kJ/mol)
        LJ (SR)   Coulomb (SR)   Coul. recip.      Potential    Kinetic En.
    9.86716e+02   -8.82920e+03   -1.02605e+03   -8.86854e+03    1.70093e+03
   Total Energy    Temperature Pressure (bar)
   -7.16761e+03    3.16432e+02   -6.10533e+03

   Total Virial (kJ/mol)
    1.64654e+03   -1.62737e+01    1.12668e+02
   -1.62737e+01    1.81555e+03   -1.04414e+02
    1.12668e+02   -1.04414e+02    1.83509e+03

   Pressure (bar)
   -5.48279e+03    2.09116e+01   -6.56286e+02
    2.09117e+01   -6.17652e+03    5.18110e+02
   -6.56286e+02    5.18110e+02   -6.65668e+03


	M E G A - F L O P S   A C C O U N T I N G

 NB=Group-cutoff nonbonded kernels    NxN=N-by-N cluster Verlet kernels
 RF=Reaction-Field  VdW=Van der Waals  QSTab=quadratic-spline table
 W3=SPC/TIP3p  W4=TIP4p (single or pairs)
 V&F=Potential and force  V=Potential only  F=Force only

 Computing:                               M-Number         M-Flops  % Flops
-----------------------------------------------------------------------------
 NB VdW & Elec. [W4-W4,V&F]              72.167159          72.167    72.7
 Calc Weights                             0.041472           1.493     1.5
 Spread Q Bspline                         0.884736           1.769     1.8
 Gather F Bspline                         0.884736           5.308     5.3
 3D-FFT                                   1.572864          12.583    12.7
 Solve PME                                0.004096           0.262     0.3
 NS-Pairs                                 0.145391           3.053     3.1
 Reset In Box                             0.000864           0.003     0.0
 Shift-X                                  0.027648           0.166     0.2
 CG-CoM                                   0.003456           0.010     0.0
 Virial                                   0.014544           0.262     0.3
 Stop-CM                                  0.014688           0.147     0.1
 Calc-Ekin                                0.013824           0.373     0.4
 Constraint-V                             0.010368           0.083     0.1
 Constraint-Vir                           0.010368           0.249     0.3
 Settle                                   0.003456           1.116     1.1
 Virtual Site 3                           0.006912           0.256     0.3
-----------------------------------------------------------------------------
 Total                                                      99.301   100.0
-----------------------------------------------------------------------------


     R E A L   C Y C L E   A N D   T I M E   A C C O U N T I N G

 Computing:         Nodes   Th.     Count  Wall t (s)     G-Cycles       %
-----------------------------------------------------------------------------
 Vsite constr.          1    1         16       0.001        0.003     0.5
 Neighbor search        1    1          4       0.015        0.035     5.5
 Force                  1    1         16       0.174        0.403    64.1
 PME mesh               1    1         16       0.054        0.125    19.8
 Vsite spread           1    1         32       0.001        0.003     0.5
 Write traj.            1    1          1       0.015        0.035     5.5
 Update                 1    1         16       0.001        0.002     0.4
 Constraints            1    1         16       0.002        0.006     0.9
 Rest                   1                       0.007        0.017     2.7
-----------------------------------------------------------------------------
 Total                  1                       0.272        0.629   100.0
-----------------------------------------------------------------------------
-----------------------------------------------------------------------------
 PME spread/gather      1    1         32       0.030        0.069    11.0
 PME 3D-FFT             1    1         32       0.018        0.041     6.5
 PME solve              1    1         16       0.006        0.014     2.3
-----------------------------------------------------------------------------

               Core t (s)   Wall t (s)        (%)
       Time:        0.260        0.272       95.7
                 (ns/day)    (hour/ns)
Performance:       10.177        2.358
Finished mdrun on node 0 Sun Oct 13 18:08:54 2013
