Log file opened on Thu Nov  7 20:50:28 2013
Host: amd2  pid: 58438  nodeid: 0  nnodes:  1
GROMACS:    mdrun, VERSION 5.0-dev-20131107-3b3032c

GROMACS is written by:
Emile Apol, Rossen Apostolov, Herman J.C. Berendsen,
Aldert van Buuren, Pär Bjelkmar, Rudi van Drunen, Anton Feenstra,
Gerrit Groenhof, Peter Kasson, Per Larsson, Pieter Meulenhoff,
Teemu Murtola, Szilard Pall, Sander Pronk, Roland Schulz,
Michael Shirts, Alfons Sijbers, Peter Tieleman,

Berk Hess, David van der Spoel, and Erik Lindahl.

Copyright (c) 1991-2000, University of Groningen, The Netherlands.
Copyright (c) 2001-2013, The GROMACS development team at
Uppsala University & The Royal Institute of Technology, Sweden.
check out http://www.gromacs.org for more information.

GROMACS is free software; you can redistribute it and/or modify it
under the terms of the GNU Lesser General Public License
as published by the Free Software Foundation; either version 2.1
of the License, or (at your option) any later version.

GROMACS:    mdrun, VERSION 5.0-dev-20131107-3b3032c
Executable: mdrun
Command line:
  mdrun -notunepme -table ../table -tablep ../tablep -pd

Gromacs version:    VERSION 5.0-dev-20131107-3b3032c
GIT SHA1 hash:      3b3032ca1ef8984abf99ad3fe7555e099523c05e
Branched from:      2a1ebb16bdfd40b7f89a58dabc4bf8d2d9fd8f34 (3 newer local commits)
Precision:          single
Memory model:       64 bit
MPI library:        none
OpenMP support:     disabled
GPU support:        disabled
invsqrt routine:    (1.0/sqrt(x))
CPU acceleration:   NONE
FFT library:        fftpack (built-in)
Large file support: disabled
RDTSCP usage:       enabled
Built on:           Sun Oct 13 16:14:06 CEST 2013
Built by:           mark@amd2 [CMAKE]
Build OS/arch:      Linux 3.5.0-41-generic x86_64
Build CPU vendor:   AuthenticAMD
Build CPU brand:    AMD Opteron(tm) Processor 6176
Build CPU family:   16   Model: 9   Stepping: 1
Build CPU features: apic clfsh cmov cx8 cx16 htt lahf_lm misalignsse mmx msr nonstop_tsc pdpe1gb popcnt pse rdtscp sse2 sse3 sse4a
C compiler:         /usr/bin/gcc-4.7 GNU gcc-4.7 (Ubuntu/Linaro 4.7.3-2ubuntu1~12.04) 4.7.3
C compiler flags:      -Wextra -Wno-missing-field-initializers -Wno-sign-compare -Wall -Wno-unused -Wunused-value -Wno-unknown-pragmas   -O0 -g
C++ compiler:       /usr/bin/g++-4.7 GNU g++-4.7 (Ubuntu/Linaro 4.7.3-2ubuntu1~12.04) 4.7.3
C++ compiler flags:   -std=c++0x  -Wextra -Wno-missing-field-initializers -Wnon-virtual-dtor -Wall -Wno-unused -Wunused-value -Wno-unknown-pragmas   -O0 -g



++++ PLEASE READ AND CITE THE FOLLOWING REFERENCE ++++
B. Hess and C. Kutzner and D. van der Spoel and E. Lindahl
GROMACS 4: Algorithms for highly efficient, load-balanced, and scalable
molecular simulation
J. Chem. Theory Comput. 4 (2008) pp. 435-447
-------- -------- --- Thank You --- -------- --------


++++ PLEASE READ AND CITE THE FOLLOWING REFERENCE ++++
D. van der Spoel, E. Lindahl, B. Hess, G. Groenhof, A. E. Mark and H. J. C.
Berendsen
GROMACS: Fast, Flexible and Free
J. Comp. Chem. 26 (2005) pp. 1701-1719
-------- -------- --- Thank You --- -------- --------


++++ PLEASE READ AND CITE THE FOLLOWING REFERENCE ++++
E. Lindahl and B. Hess and D. van der Spoel
GROMACS 3.0: A package for molecular simulation and trajectory analysis
J. Mol. Mod. 7 (2001) pp. 306-317
-------- -------- --- Thank You --- -------- --------


++++ PLEASE READ AND CITE THE FOLLOWING REFERENCE ++++
H. J. C. Berendsen, D. van der Spoel and R. van Drunen
GROMACS: A message-passing parallel molecular dynamics implementation
Comp. Phys. Comm. 91 (1995) pp. 43-56
-------- -------- --- Thank You --- -------- --------

Input Parameters:
   integrator           = md
   nsteps               = 20
   init-step            = 0
   cutoff-scheme        = Group
   ns_type              = Simple
   nstlist              = 5
   ndelta               = 2
   nstcomm              = 1
   comm-mode            = Linear
   nstlog               = 0
   nstxout              = 20
   nstvout              = 20
   nstfout              = 20
   nstcalcenergy        = 1
   nstenergy            = 1
   nstxtcout            = 0
   init-t               = 0
   delta-t              = 0.002
   xtcprec              = 200
   fourierspacing       = 0.12
   nkx                  = 10
   nky                  = 10
   nkz                  = 10
   pme-order            = 4
   ewald-rtol           = 1e-05
   ewald-geometry       = 0
   epsilon-surface      = 0
   optimize-fft         = FALSE
   ePBC                 = xyz
   bPeriodicMols        = FALSE
   bContinuation        = FALSE
   bShakeSOR            = TRUE
   etc                  = Berendsen
   bPrintNHChains       = FALSE
   nsttcouple           = 5
   epc                  = No
   epctype              = Isotropic
   nstpcouple           = -1
   tau-p                = 1
   ref-p (3x3):
      ref-p[    0]={ 0.00000e+00,  0.00000e+00,  0.00000e+00}
      ref-p[    1]={ 0.00000e+00,  0.00000e+00,  0.00000e+00}
      ref-p[    2]={ 0.00000e+00,  0.00000e+00,  0.00000e+00}
   compress (3x3):
      compress[    0]={ 0.00000e+00,  0.00000e+00,  0.00000e+00}
      compress[    1]={ 0.00000e+00,  0.00000e+00,  0.00000e+00}
      compress[    2]={ 0.00000e+00,  0.00000e+00,  0.00000e+00}
   refcoord-scaling     = No
   posres-com (3):
      posres-com[0]= 0.00000e+00
      posres-com[1]= 0.00000e+00
      posres-com[2]= 0.00000e+00
   posres-comB (3):
      posres-comB[0]= 0.00000e+00
      posres-comB[1]= 0.00000e+00
      posres-comB[2]= 0.00000e+00
   verlet-buffer-drift  = 0.005
   rlist                = 1
   rlistlong            = 1
   nstcalclr            = 0
   rtpi                 = 0.05
   coulombtype          = Reaction-Field
   coulomb-modifier     = None
   rcoulomb-switch      = 0
   rcoulomb             = 1
   vdwtype              = Cut-off
   vdw-modifier         = None
   rvdw-switch          = 0
   rvdw                 = 1
   epsilon-r            = 1
   epsilon-rf           = 2.8
   tabext               = 1
   implicit-solvent     = No
   gb-algorithm         = Still
   gb-epsilon-solvent   = 80
   nstgbradii           = 0
   rgbradii             = 0
   gb-saltconc          = 0
   gb-obc-alpha         = 1
   gb-obc-beta          = 0.8
   gb-obc-gamma         = 4.85
   gb-dielectric-offset = 0.009
   sa-algorithm         = Ace-approximation
   sa-surface-tension   = 2.05016
   DispCorr             = EnerPres
   bSimTemp             = FALSE
   free-energy          = no
   nwall                = 0
   wall-type            = 9-3
   wall-atomtype[0]     = -1
   wall-atomtype[1]     = -1
   wall-density[0]      = 0
   wall-density[1]      = 0
   wall-ewald-zfac      = 3
   pull                 = no
   rotation             = FALSE
   disre                = No
   disre-weighting      = Equal
   disre-mixed          = FALSE
   dr-fc                = 200
   dr-tau               = 1.25
   nstdisreout          = 20
   orires-fc            = 0
   orires-tau           = 0
   nstorireout          = 0
   dihre-fc             = 0
   em-stepsize          = 0.1
   em-tol               = 0.001
   niter                = 20
   fc-stepsize          = 0
   nstcgsteep           = 200
   nbfgscorr            = 10
   ConstAlg             = Lincs
   shake-tol            = 0.0001
   lincs-order          = 4
   lincs-warnangle      = 30
   lincs-iter           = 1
   bd-fric              = 0
   ld-seed              = 1993
   cos-accel            = 0
   deform (3x3):
      deform[    0]={ 0.00000e+00,  0.00000e+00,  0.00000e+00}
      deform[    1]={ 0.00000e+00,  0.00000e+00,  0.00000e+00}
      deform[    2]={ 0.00000e+00,  0.00000e+00,  0.00000e+00}
   adress               = FALSE
   userint1             = 0
   userint2             = 0
   userint3             = 0
   userint4             = 0
   userreal1            = 0
   userreal2            = 0
   userreal3            = 0
   userreal4            = 0
grpopts:
   nrdf:        2627
   ref-t:         298
   tau-t:         0.1
anneal:          No
ann-npoints:           0
   acc:	           0           0           0
   nfreeze:           N           N           N
   energygrp-flags[  0]: 0
   efield-x:
      n = 0
   efield-xt:
      n = 0
   efield-y:
      n = 0
   efield-yt:
      n = 0
   efield-z:
      n = 0
   efield-zt:
      n = 0
   bQMMM                = FALSE
   QMconstraints        = 0
   QMMMscheme           = 0
   scalefactor          = 1
qm-opts:
   ngQM                 = 0

Detecting CPU-specific acceleration.
Present hardware specification:
Vendor: AuthenticAMD
Brand:  AMD Opteron(tm) Processor 6176
Family: 16  Model:  9  Stepping:  1
Features: apic clfsh cmov cx8 cx16 htt lahf_lm misalignsse mmx msr nonstop_tsc pdpe1gb popcnt pse rdtscp sse2 sse3 sse4a
Acceleration most likely to fit this hardware: SSE2
Acceleration selected at GROMACS compile time: None


Binary not matching hardware - you might be losing performance.
Acceleration most likely to fit this hardware: SSE2
Acceleration selected at GROMACS compile time: None

Table routines are used for coulomb: FALSE
Table routines are used for vdw:     FALSE
Cut-off's:   NS: 1   Coulomb: 1   LJ: 1
Long Range LJ corr.: <C6> 5.1176e-03
Reaction-Field:
epsRF = 2.8, rc = 1, krf = 0.272727, crf = 1.27273, epsfac = 138.935
The electrostatics potential has its minimum at r = 1.2239
System total charge: 0.000
Potential shift: LJ r^-12: 0.000 r^-6 0.000
Removing pbc first time

Initializing LINear Constraint Solver

++++ PLEASE READ AND CITE THE FOLLOWING REFERENCE ++++
B. Hess and H. Bekker and H. J. C. Berendsen and J. G. E. M. Fraaije
LINCS: A Linear Constraint Solver for molecular simulations
J. Comp. Chem. 18 (1997) pp. 1463-1472
-------- -------- --- Thank You --- -------- --------

The number of constraints is 526
Center of mass motion removal mode is Linear
We have the following groups for center of mass motion removal:
  0:  rest

++++ PLEASE READ AND CITE THE FOLLOWING REFERENCE ++++
H. J. C. Berendsen, J. P. M. Postma, A. DiNola and J. R. Haak
Molecular dynamics with coupling to an external bath
J. Chem. Phys. 81 (1984) pp. 3684-3690
-------- -------- --- Thank You --- -------- --------

There are: 1052 Atoms
There are: 526 VSites
Max number of connections per atom is 3
Total number of connections is 3156
Max number of graph edges per atom is 2
Total number of graph edges is 2104

Constraining the starting coordinates (step 0)

Constraining the coordinates at t0-dt (step 0)
RMS relative constraint deviation after constraining: 3.01e-07
Initial temperature: 326.674 K

Started mdrun on node 0 Thu Nov  7 20:50:28 2013

           Step           Time         Lambda
              0        0.00000        0.00000


   Energies (kJ/mol)
        LJ (SR)  Disper. corr.   Coulomb (SR)       RF excl.      Potential
   -1.01815e+04   -6.53159e+02   -1.02187e+04   -1.61389e+02   -2.12147e+04
    Kinetic En.   Total Energy    Temperature Pres. DC (bar) Pressure (bar)
    3.57025e+03   -1.76445e+04    3.26912e+02   -5.30860e+02   -1.79737e+02
   Constr. rmsd
    2.83815e-07

           Step           Time         Lambda
             20        0.04000        0.00000

Writing checkpoint, step 20 at Thu Nov  7 20:50:28 2013


   Energies (kJ/mol)
        LJ (SR)  Disper. corr.   Coulomb (SR)       RF excl.      Potential
   -9.85893e+03   -6.53159e+02   -1.02272e+04   -1.61389e+02   -2.09006e+04
    Kinetic En.   Total Energy    Temperature Pres. DC (bar) Pressure (bar)
    3.17555e+03   -1.77251e+04    2.90772e+02   -5.30860e+02    5.21017e+02
   Constr. rmsd
    3.11552e-07

	<======  ###############  ==>
	<====  A V E R A G E S  ====>
	<==  ###############  ======>

	Statistics over 21 steps using 21 frames

   Energies (kJ/mol)
        LJ (SR)  Disper. corr.   Coulomb (SR)       RF excl.      Potential
   -1.00779e+04   -6.53159e+02   -1.02197e+04   -1.61389e+02   -2.11121e+04
    Kinetic En.   Total Energy    Temperature Pres. DC (bar) Pressure (bar)
    3.41048e+03   -1.77017e+04    3.12283e+02   -5.30860e+02    3.28169e+01
   Constr. rmsd
    0.00000e+00

   Total Virial (kJ/mol)
    8.74982e+02   -4.50352e+01   -1.57288e+02
   -4.50353e+01    1.15108e+03   -7.42725e+01
   -1.57288e+02   -7.42726e+01    1.26329e+03

   Pressure (bar)
    2.12528e+02    8.88287e+01    1.02332e+02
    8.88287e+01   -2.52116e+00    5.52014e+01
    1.02332e+02    5.52015e+01   -1.11557e+02


	M E G A - F L O P S   A C C O U N T I N G

 NB=Group-cutoff nonbonded kernels    NxN=N-by-N cluster Verlet kernels
 RF=Reaction-Field  VdW=Van der Waals  QSTab=quadratic-spline table
 W3=SPC/TIP3p  W4=TIP4p (single or pairs)
 V&F=Potential and force  V=Potential only  F=Force only

 Computing:                               M-Number         M-Flops  % Flops
-----------------------------------------------------------------------------
 NB VdW & Elec. [V&F]                   117.474561         117.475    86.5
 NS-Pairs                                 0.693005          14.553    10.7
 Reset In Box                             0.002630           0.008     0.0
 Shift-X                                  0.066276           0.398     0.3
 CG-CoM                                   0.007890           0.024     0.0
 Virial                                   0.034083           0.613     0.5
 Stop-CM                                  0.034716           0.347     0.3
 Calc-Ekin                                0.034716           0.937     0.7
 Lincs                                    0.012098           0.726     0.5
 Constraint-V                             0.023144           0.185     0.1
 Constraint-Vir                           0.011046           0.265     0.2
 Virtual Site 2                           0.011046           0.254     0.2
-----------------------------------------------------------------------------
 Total                                                     135.785   100.0
-----------------------------------------------------------------------------


     R E A L   C Y C L E   A N D   T I M E   A C C O U N T I N G

 Computing:         Nodes   Th.     Count  Wall t (s)     G-Cycles       %
-----------------------------------------------------------------------------
 Vsite constr.          1    1         21       0.003        0.007     0.7
 Neighbor search        1    1          5       0.077        0.177    16.5
 Force                  1    1         21       0.340        0.784    73.1
 Vsite spread           1    1         21       0.002        0.004     0.3
 Write traj.            1    1          2       0.019        0.044     4.1
 Update                 1    1         21       0.002        0.005     0.5
 Constraints            1    1         21       0.008        0.019     1.8
 Rest                   1                       0.014        0.031     2.9
-----------------------------------------------------------------------------
 Total                  1                       0.465        1.072   100.0
-----------------------------------------------------------------------------

               Core t (s)   Wall t (s)        (%)
       Time:        0.458        0.465       98.5
                 (ns/day)    (hour/ns)
Performance:        7.811        3.072
Finished mdrun on node 0 Thu Nov  7 20:50:28 2013
