Log file opened on Sun Mar 30 14:07:32 2014
Host: amd2  pid: 8308  nodeid: 0  nnodes:  1
GROMACS:    gmx mdrun, VERSION 5.0-beta2-dev-20140329-3267c10

GROMACS is written by:
Emile Apol         Rossen Apostolov   Herman J.C. Berendsen Par Bjelkmar       
Aldert van Buuren  Rudi van Drunen    Anton Feenstra     Sebastian Fritsch  
Gerrit Groenhof    Christoph Junghans Peter Kasson       Carsten Kutzner    
Per Larsson        Justin A. Lemkul   Magnus Lundborg    Pieter Meulenhoff  
Erik Marklund      Teemu Murtola      Szilard Pall       Sander Pronk       
Roland Schulz      Alexey Shvetsov    Michael Shirts     Alfons Sijbers     
Peter Tieleman     Christian Wennberg Maarten Wolf       
and the project leaders:
Mark Abraham, Berk Hess, Erik Lindahl, and David van der Spoel

Copyright (c) 1991-2000, University of Groningen, The Netherlands.
Copyright (c) 2001-2014, The GROMACS development team at
Uppsala University, Stockholm University and
the Royal Institute of Technology, Sweden.
check out http://www.gromacs.org for more information.

GROMACS is free software; you can redistribute it and/or modify it
under the terms of the GNU Lesser General Public License
as published by the Free Software Foundation; either version 2.1
of the License, or (at your option) any later version.

GROMACS:      gmx mdrun, VERSION 5.0-beta2-dev-20140329-3267c10
Executable:   /nethome/mark/nfs-git/master-make-reference/build-cmake-reference-amd2/install/bin/gmx
Library dir:  /nethome/mark/nfs-git/master-make-reference/build-cmake-reference-amd2/install/share/gromacs/top
Command line:
  gmx mdrun -notunepme -table ../table -tablep ../tablep

Gromacs version:    VERSION 5.0-beta2-dev-20140329-3267c10
GIT SHA1 hash:      3267c1060cfa01cf2b667b77f885078dd7a86ae1
Branched from:      23d79229d99e4ff53bf9356c22f57727450f01af (37 newer local commits)
Precision:          single
Memory model:       64 bit
MPI library:        none
OpenMP support:     disabled
GPU support:        disabled
invsqrt routine:    (1.0/sqrt(x))
SIMD instructions:  NONE
FFT library:        fftpack (built-in)
RDTSCP usage:       enabled
C++11 compilation:  enabled
TNG support:        enabled
Built on:           Thu Feb  6 17:04:31 CET 2014
Built by:           mark@amd2 [CMAKE]
Build OS/arch:      Linux 3.5.0-45-generic x86_64
Build CPU vendor:   AuthenticAMD
Build CPU brand:    AMD Opteron(tm) Processor 6376
Build CPU family:   21   Model: 2   Stepping: 0
Build CPU features: aes apic avx clfsh cmov cx8 cx16 f16c fma fma4 htt lahf_lm misalignsse mmx msr nonstop_tsc pclmuldq pdpe1gb popcnt pse rdtscp sse2 sse3 sse4a sse4.1 sse4.2 ssse3 xop
C compiler:         /usr/bin/gcc-4.7 GNU 4.7.3
C compiler flags:      -Wextra -Wno-missing-field-initializers -Wno-sign-compare -Wpointer-arith -Wall -Wno-unused -Wunused-value -Wunused-parameter -Wno-unknown-pragmas   -O0 -g
C++ compiler:       /usr/bin/g++-4.7 GNU 4.7.3
C++ compiler flags:    -std=c++0x -Wextra -Wno-missing-field-initializers -Wpointer-arith -Wall -Wno-unused-function -Wno-unknown-pragmas   -O0 -g
Boost version:      1.55.0 (internal)



++++ PLEASE READ AND CITE THE FOLLOWING REFERENCE ++++
B. Hess and C. Kutzner and D. van der Spoel and E. Lindahl
GROMACS 4: Algorithms for highly efficient, load-balanced, and scalable
molecular simulation
J. Chem. Theory Comput. 4 (2008) pp. 435-447
-------- -------- --- Thank You --- -------- --------


++++ PLEASE READ AND CITE THE FOLLOWING REFERENCE ++++
D. van der Spoel, E. Lindahl, B. Hess, G. Groenhof, A. E. Mark and H. J. C.
Berendsen
GROMACS: Fast, Flexible and Free
J. Comp. Chem. 26 (2005) pp. 1701-1719
-------- -------- --- Thank You --- -------- --------


++++ PLEASE READ AND CITE THE FOLLOWING REFERENCE ++++
E. Lindahl and B. Hess and D. van der Spoel
GROMACS 3.0: A package for molecular simulation and trajectory analysis
J. Mol. Mod. 7 (2001) pp. 306-317
-------- -------- --- Thank You --- -------- --------


++++ PLEASE READ AND CITE THE FOLLOWING REFERENCE ++++
H. J. C. Berendsen, D. van der Spoel and R. van Drunen
GROMACS: A message-passing parallel molecular dynamics implementation
Comp. Phys. Comm. 91 (1995) pp. 43-56
-------- -------- --- Thank You --- -------- --------

Input Parameters:
   integrator                     = md
   nsteps               = 40
   init-step            = 0
   cutoff-scheme                  = Group
   ns-type                        = Grid
   nstlist              = 10
   ndelta               = 2
   nstcomm              = 1
   comm-mode                      = Linear
   nstlog               = 40
   nstxout              = 40
   nstvout              = 40
   nstfout              = 40
   nstcalcenergy        = 1
   nstenergy            = 1
   nstxout-compressed   = 60
   init-t               = 0
   delta-t              = 0.001
   x-compression-precision = 1000
   fourierspacing       = 0
   nkx                  = 24
   nky                  = 24
   nkz                  = 18
   pme-order            = 4
   ewald-rtol           = 1e-06
   ewald-rtol-lj        = 0.001
   ewald-geometry       = 0
   epsilon-surface      = 0
   optimize-fft                   = FALSE
   lj-pme-comb-rule               = Geometric
   ePBC                           = xyz
   bPeriodicMols                  = FALSE
   bContinuation                  = FALSE
   bShakeSOR                      = FALSE
   etc                            = Berendsen
   bPrintNHChains                 = FALSE
   nsttcouple           = 10
   epc                            = No
   epctype                        = Isotropic
   nstpcouple           = -1
   tau-p                = 2
   ref-p (3x3):
      ref-p[    0]={ 0.00000e+00,  0.00000e+00,  0.00000e+00}
      ref-p[    1]={ 0.00000e+00,  0.00000e+00,  0.00000e+00}
      ref-p[    2]={ 0.00000e+00,  0.00000e+00,  0.00000e+00}
   compress (3x3):
      compress[    0]={ 0.00000e+00,  0.00000e+00,  0.00000e+00}
      compress[    1]={ 0.00000e+00,  0.00000e+00,  0.00000e+00}
      compress[    2]={ 0.00000e+00,  0.00000e+00,  0.00000e+00}
   refcoord-scaling               = No
   posres-com (3):
      posres-com[0]= 0.00000e+00
      posres-com[1]= 0.00000e+00
      posres-com[2]= 0.00000e+00
   posres-comB (3):
      posres-comB[0]= 0.00000e+00
      posres-comB[1]= 0.00000e+00
      posres-comB[2]= 0.00000e+00
   verlet-buffer-tolerance = 0.005
   rlist                = 1
   rlistlong            = 1
   nstcalclr            = 0
   rtpi                 = 0.05
   coulombtype                    = PME
   coulomb-modifier               = None
   rcoulomb-switch      = 0
   rcoulomb             = 1
   vdwtype                        = Shift
   vdw-modifier                   = None
   rvdw-switch          = 0.8
   rvdw                 = 0.85
   epsilon-r            = 1
   epsilon-rf                     = inf
   tabext               = 1
   implicit-solvent               = No
   gb-algorithm                   = Still
   gb-epsilon-solvent   = 80
   nstgbradii           = 1
   rgbradii             = 1
   gb-saltconc          = 0
   gb-obc-alpha         = 1
   gb-obc-beta          = 0.8
   gb-obc-gamma         = 4.85
   gb-dielectric-offset = 0.009
   sa-algorithm                   = Ace-approximation
   sa-surface-tension   = 2.05016
   DispCorr                       = EnerPres
   bSimTemp                       = FALSE
   free-energy                    = yes
   nstdhdl              = 20
   init-lambda-state    = 7
   init-lambda          = -1
   delta-lambda         = 0
   n-lambdas            = 9
   separate-dvdl:
       fep-lambdas =   FALSE
      mass-lambdas =   FALSE
      coul-lambdas =   TRUE
       vdw-lambdas =   TRUE
    bonded-lambdas =   FALSE
 restraint-lambdas =   FALSE
temperature-lambdas =   FALSE
all-lambdas:
       fep-lambdas =            0           0           0           0           0           0           0           0           0
      mass-lambdas =            0           0           0           0           0           0           0           0           0
      coul-lambdas =            0           0           0           0           0           0         0.4         0.8           1
       vdw-lambdas =            0         0.2         0.4         0.6         0.8           1           1           1           1
    bonded-lambdas =            0           0           0           0           0           0           0           0           0
 restraint-lambdas =            0           0           0           0           0           0           0           0           0
temperature-lambdas =            0           0           0           0           0           0           0           0           0
   calc-lambda-neighbors = 1
   sc-alpha             = 0.5
   bScCoul                        = FALSE
   bScPrintEnergy                 = FALSE
   sc-power             = 1
   sc-r-power           = 6
   sc-sigma             = 0.3
   sc-sigma-min         = 0.3
   separate-dhdl-file             = yes
   dhdl-derivatives               = yes
   dh-hist-size         = 0
   dh-hist-spacing      = 0.1
   nwall                = 0
   wall-type                      = 9-3
   wall-atomtype[0]     = -1
   wall-atomtype[1]     = -1
   wall-density[0]      = 0
   wall-density[1]      = 0
   wall-ewald-zfac      = 3
   pull                           = no
   rotation                       = FALSE
   interactiveMD                  = FALSE
   disre                          = No
   disre-weighting                = Conservative
   disre-mixed                    = FALSE
   dr-fc                = 1000
   dr-tau               = 0
   nstdisreout          = 100
   orires-fc            = 0
   orires-tau           = 0
   nstorireout          = 100
   dihre-fc             = 0
   em-stepsize          = 0.01
   em-tol               = 10
   niter                = 20
   fc-stepsize          = 0
   nstcgsteep           = 1000
   nbfgscorr            = 10
   ConstAlg                       = Lincs
   shake-tol            = 0.0001
   lincs-order          = 4
   lincs-warnangle      = 30
   lincs-iter           = 1
   bd-fric              = 0
   ld-seed              = 1
   cos-accel            = 0
   deform (3x3):
      deform[    0]={ 0.00000e+00,  0.00000e+00,  0.00000e+00}
      deform[    1]={ 0.00000e+00,  0.00000e+00,  0.00000e+00}
      deform[    2]={ 0.00000e+00,  0.00000e+00,  0.00000e+00}
   adress                         = FALSE
   userint1             = 0
   userint2             = 0
   userint3             = 0
   userint4             = 0
   userreal1            = 0
   userreal2            = 0
   userreal3            = 0
   userreal4            = 0
grpopts:
   nrdf:        3856
   ref-t:         298
   tau-t:           1
anneal:          No
ann-npoints:           0
   acc:	           0           0           0
   nfreeze:           N           N           N
   energygrp-flags[  0]: 0 0
   energygrp-flags[  1]: 0 0
   efield-x:
      n = 0
   efield-xt:
      n = 0
   efield-y:
      n = 0
   efield-yt:
      n = 0
   efield-z:
      n = 0
   efield-zt:
      n = 0
   eSwapCoords                    = no
   bQMMM                          = FALSE
   QMconstraints        = 0
   QMMMscheme           = 0
   scalefactor          = 1
qm-opts:
   ngQM                 = 0

Detecting CPU SIMD instructions.
Present hardware specification:
Vendor: AuthenticAMD
Brand:  AMD Opteron(tm) Processor 6376                 
Family: 21  Model:  2  Stepping:  0
Features: aes apic avx clfsh cmov cx8 cx16 f16c fma fma4 htt lahf_lm misalignsse mmx msr nonstop_tsc pclmuldq pdpe1gb popcnt pse rdtscp sse2 sse3 sse4a sse4.1 sse4.2 ssse3 xop
SIMD instructions most likely to fit this hardware: AVX_128_FMA
SIMD instructions selected at GROMACS compile time: None


Binary not matching hardware - you might be losing performance.
SIMD instructions most likely to fit this hardware: AVX_128_FMA
SIMD instructions selected at GROMACS compile time: None


NOTE: This file uses the deprecated 'group' cutoff_scheme. This will be
removed in a future release when 'verlet' supports all interaction forms.

Table routines are used for coulomb: FALSE
Table routines are used for vdw:     TRUE
Will do PME sum in reciprocal space for electrostatic interactions.

++++ PLEASE READ AND CITE THE FOLLOWING REFERENCE ++++
U. Essmann, L. Perera, M. L. Berkowitz, T. Darden, H. Lee and L. G. Pedersen 
A smooth particle mesh Ewald method
J. Chem. Phys. 103 (1995) pp. 8577-8592
-------- -------- --- Thank You --- -------- --------

Will do ordinary reciprocal space Ewald sum.
Using a Gaussian width (1/beta) of 0.289108 nm for Ewald
Using shifted Lennard-Jones, switch between 0.8 and 0.85 nm
Cut-off's:   NS: 1   Coulomb: 1   LJ: 0.85
Long Range LJ corr.: <C6> 2.8808e-04
System total charge, top. A: 0.000 top. B: -0.000
Generated table with 1000 data points for Ewald.
Tabscale = 500 points/nm
Generated table with 1000 data points for LJ6Shift.
Tabscale = 500 points/nm
Generated table with 1000 data points for LJ12Shift.
Tabscale = 500 points/nm
Generated table with 1000 data points for 1-4 COUL.
Tabscale = 500 points/nm
Generated table with 1000 data points for 1-4 LJ6.
Tabscale = 500 points/nm
Generated table with 1000 data points for 1-4 LJ12.
Tabscale = 500 points/nm

Enabling SPC-like water optimization for 640 molecules.

Potential shift: LJ r^-12: 0.000e+00 r^-6: 0.000e+00, Ewald -0.000e+00
Initialized non-bonded Ewald correction tables, spacing: 6.27e-04 size: 3192

There are 9 atoms and 9 charges for free energy perturbation
Removing pbc first time

Initializing LINear Constraint Solver

++++ PLEASE READ AND CITE THE FOLLOWING REFERENCE ++++
B. Hess and H. Bekker and H. J. C. Berendsen and J. G. E. M. Fraaije
LINCS: A Linear Constraint Solver for molecular simulations
J. Comp. Chem. 18 (1997) pp. 1463-1472
-------- -------- --- Thank You --- -------- --------

The number of constraints is 8

++++ PLEASE READ AND CITE THE FOLLOWING REFERENCE ++++
S. Miyamoto and P. A. Kollman
SETTLE: An Analytical Version of the SHAKE and RATTLE Algorithms for Rigid
Water Models
J. Comp. Chem. 13 (1992) pp. 952-962
-------- -------- --- Thank You --- -------- --------

Initial vector of lambda components:[     0.0000     0.0000     0.8000     1.0000     0.0000     0.0000     0.0000 ]
Center of mass motion removal mode is Linear
We have the following groups for center of mass motion removal:
  0:  rest

++++ PLEASE READ AND CITE THE FOLLOWING REFERENCE ++++
H. J. C. Berendsen, J. P. M. Postma, A. DiNola and J. R. Haak
Molecular dynamics with coupling to an external bath
J. Chem. Phys. 81 (1984) pp. 3684-3690
-------- -------- --- Thank You --- -------- --------

There are: 1929 Atoms
Max number of connections per atom is 25
Total number of connections is 2692
Max number of graph edges per atom is 4
Total number of graph edges is 2576

Constraining the starting coordinates (step 0)

Constraining the coordinates at t0-dt (step 0)
RMS relative constraint deviation after constraining: 1.46e-06
Initial temperature: 303.109 K

Started mdrun on node 0 Sun Mar 30 14:07:32 2014
           Step           Time         Lambda
              0        0.00000        0.00000


Grid: 4 x 4 x 3 cells
   Energies (kJ/mol)
          Angle    Proper Dih. Ryckaert-Bell.          LJ-14     Coulomb-14
    8.78771e+00    1.74582e+00    6.80406e+00    5.72488e-01   -1.83519e+02
        LJ (SR)  Disper. corr.   Coulomb (SR)   Coul. recip.      Potential
    5.70188e+03   -4.10327e+02   -3.19340e+04   -3.38039e+03   -3.01885e+04
    Kinetic En.   Total Energy    Temperature Pres. DC (bar) Pressure (bar)
    4.84593e+03   -2.53425e+04    3.02297e+02   -3.47142e+02   -1.52277e+03
      dVcoul/dl       dVvdw/dl   Constr. rmsd
   -3.85138e+01   -8.80505e+00    1.57713e-06

           Step           Time         Lambda
             40        0.04000        0.00000

Writing checkpoint, step 40 at Sun Mar 30 14:07:34 2014


   Energies (kJ/mol)
          Angle    Proper Dih. Ryckaert-Bell.          LJ-14     Coulomb-14
    3.45124e+00    5.72344e-01    5.04751e+00    1.17208e-01   -1.81103e+02
        LJ (SR)  Disper. corr.   Coulomb (SR)   Coul. recip.      Potential
    5.76277e+03   -4.10327e+02   -3.19454e+04   -3.35261e+03   -3.01175e+04
    Kinetic En.   Total Energy    Temperature Pres. DC (bar) Pressure (bar)
    4.77574e+03   -2.53418e+04    2.97918e+02   -3.47142e+02   -1.33200e+03
      dVcoul/dl       dVvdw/dl   Constr. rmsd
   -5.14584e+01   -7.07424e+00    1.72300e-06

	<======  ###############  ==>
	<====  A V E R A G E S  ====>
	<==  ###############  ======>

	Statistics over 41 steps using 41 frames

   Energies (kJ/mol)
          Angle    Proper Dih. Ryckaert-Bell.          LJ-14     Coulomb-14
    6.73217e+00    4.78966e-01    4.33874e+00    8.96073e-01   -1.82505e+02
        LJ (SR)  Disper. corr.   Coulomb (SR)   Coul. recip.      Potential
    5.70211e+03   -4.10327e+02   -3.18453e+04   -3.35656e+03   -3.00801e+04
    Kinetic En.   Total Energy    Temperature Pres. DC (bar) Pressure (bar)
    4.73786e+03   -2.53422e+04    2.95555e+02   -3.47142e+02   -1.39957e+03
      dVcoul/dl       dVvdw/dl   Constr. rmsd
   -5.11671e+01   -5.58216e+00    0.00000e+00

   Total Virial (kJ/mol)
    3.04615e+03    1.60666e+02   -4.27095e+02
    1.60759e+02    1.75557e+03    4.56289e+02
   -4.27217e+02    4.56251e+02    2.42299e+03

   Pressure (bar)
   -2.49059e+03   -2.18730e+02    9.23420e+02
   -2.18888e+02   -2.33689e+02   -8.36023e+02
    9.23627e+02   -8.35958e+02   -1.47444e+03

  Epot (kJ/mol)        Coul-SR          LJ-SR        Coul-14          LJ-14   
Protein-Protein    5.79475e+01    0.00000e+00   -1.82505e+02    8.96073e-01
    Protein-SOL   -2.82982e+01   -2.64806e+01    0.00000e+00    0.00000e+00
        SOL-SOL   -3.18749e+04    5.72859e+03    0.00000e+00    0.00000e+00


	M E G A - F L O P S   A C C O U N T I N G

 NB=Group-cutoff nonbonded kernels    NxN=N-by-N cluster Verlet kernels
 RF=Reaction-Field  VdW=Van der Waals  QSTab=quadratic-spline table
 W3=SPC/TIP3p  W4=TIP4p (single or pairs)
 V&F=Potential and force  V=Potential only  F=Force only

 Computing:                               M-Number         M-Flops  % Flops
-----------------------------------------------------------------------------
 NB VdW & Elec. [W3-W3,V&F]             699.768005         699.768    66.8
 NB Free energy kernel                   38.463270          38.463     3.7
 1,4 nonbonded interactions               0.000656           0.059     0.0
 Calc Weights                             0.237267           8.542     0.8
 Spread Q Bspline                        10.123392          20.247     1.9
 Gather F Bspline                        10.123392          60.740     5.8
 3D-FFT                                  22.682348         181.459    17.3
 Solve PME                                0.047232           3.023     0.3
 NS-Pairs                                 0.785637          16.498     1.6
 Reset In Box                             0.003215           0.010     0.0
 Shift-X                                  0.316356           1.898     0.2
 CG-CoM                                   0.009645           0.029     0.0
 Angles                                   0.000492           0.083     0.0
 Propers                                  0.000082           0.019     0.0
 RB-Dihedrals                             0.000164           0.041     0.0
 Virial                                   0.080934           1.457     0.1
 Stop-CM                                  0.081018           0.810     0.1
 Calc-Ekin                                0.081018           2.187     0.2
 Lincs                                    0.000344           0.021     0.0
 Lincs-Mat                                0.006192           0.025     0.0
 Constraint-V                             0.081312           0.650     0.1
 Constraint-Vir                           0.079048           1.897     0.2
 Settle                                   0.027520           8.889     0.8
-----------------------------------------------------------------------------
 Total                                                    1046.814   100.0
-----------------------------------------------------------------------------


     R E A L   C Y C L E   A N D   T I M E   A C C O U N T I N G

On 1 MPI rank

 Computing:          Num   Num      Call    Wall time         Giga-Cycles
                     Nodes Threads  Count      (s)         total sum    %
-----------------------------------------------------------------------------
 Neighbor search        1    1          5       0.058          0.133   3.2
 Force                  1    1         41       1.169          2.692  65.2
 PME mesh               1    1         41       0.509          1.173  28.4
 Write traj.            1    1          2       0.018          0.040   1.0
 Update                 1    1         41       0.005          0.012   0.3
 Constraints            1    1         41       0.014          0.033   0.8
 Rest                                           0.020          0.046   1.1
-----------------------------------------------------------------------------
 Total                                          1.793          4.129 100.0
-----------------------------------------------------------------------------
 Breakdown of PME mesh computation
-----------------------------------------------------------------------------
 PME spread/gather      1    1        164       0.246          0.567  13.7
 PME 3D-FFT             1    1        164       0.204          0.470  11.4
 PME solve Elec         1    1         82       0.059          0.136   3.3
-----------------------------------------------------------------------------

               Core t (s)   Wall t (s)        (%)
       Time:        1.785        1.793       99.5
                 (ns/day)    (hour/ns)
Performance:        1.975       12.150
Finished mdrun on node 0 Sun Mar 30 14:07:34 2014
