Log file opened on Mon Aug 27 15:33:48 2018
Host: tcbl14  pid: 5722  rank ID: 0  number of ranks:  1
  :-) GROMACS - gmx mdrun, 2019-dev-20180827-0dc93351c (double precision) (-:

                            GROMACS is written by:
     Emile Apol      Rossen Apostolov      Paul Bauer     Herman J.C. Berendsen
    Par Bjelkmar    Aldert van Buuren   Rudi van Drunen     Anton Feenstra  
  Gerrit Groenhof    Aleksei Iupinov   Christoph Junghans   Anca Hamuraru   
 Vincent Hindriksen Dimitrios Karkoulis    Peter Kasson        Jiri Kraus    
  Carsten Kutzner      Per Larsson      Justin A. Lemkul    Viveca Lindahl  
  Magnus Lundborg   Pieter Meulenhoff    Erik Marklund      Teemu Murtola   
    Szilard Pall       Sander Pronk      Roland Schulz     Alexey Shvetsov  
   Michael Shirts     Alfons Sijbers     Peter Tieleman    Teemu Virolainen 
 Christian Wennberg    Maarten Wolf   
                           and the project leaders:
        Mark Abraham, Berk Hess, Erik Lindahl, and David van der Spoel

Copyright (c) 1991-2000, University of Groningen, The Netherlands.
Copyright (c) 2001-2017, The GROMACS development team at
Uppsala University, Stockholm University and
the Royal Institute of Technology, Sweden.
check out http://www.gromacs.org for more information.

GROMACS is free software; you can redistribute it and/or modify it
under the terms of the GNU Lesser General Public License
as published by the Free Software Foundation; either version 2.1
of the License, or (at your option) any later version.

GROMACS:      gmx mdrun, version 2019-dev-20180827-0dc93351c (double precision)
Executable:   /tmp/gerrit/AVX_256/build/bin/gmx_d
Data prefix:  /tmp/gerrit/AVX_256 (source tree)
Working dir:  /nethome/swingber/Internship/gerrit/regressiontestshybridmcmd/complex/hybridmcmd
Command line:
  gmx_d mdrun -deffnm reference_d

GROMACS version:    2019-dev-20180827-0dc93351c
GIT SHA1 hash:      0dc93351c79d3af5393306fce4454eaa8781fafa
Branched from:      d782fb9986004f8aa3b5eeb2e87cb44f67e52716 (1 newer local commits)
Precision:          double
Memory model:       64 bit
MPI library:        none
OpenMP support:     enabled (GMX_OPENMP_MAX_THREADS = 64)
GPU support:        disabled
SIMD instructions:  AVX_256
FFT library:        fftw-3.3.7-sse2-avx-avx_128_fma-avx2-avx2_128-avx512
RDTSCP usage:       enabled
TNG support:        enabled
Hwloc support:      hwloc-1.11.8
Tracing support:    disabled
Built on:           2018-08-27 13:31:39
Built by:           swingber@tcbl14 [CMAKE]
Build OS/arch:      Linux 3.13.0-151-generic x86_64
Build CPU vendor:   Intel
Build CPU brand:    Intel(R) Core(TM) i7-4770 CPU @ 3.40GHz
Build CPU family:   6   Model: 60   Stepping: 3
Build CPU features: aes apic avx avx2 clfsh cmov cx8 cx16 f16c fma htt intel lahf mmx msr nonstop_tsc pcid pclmuldq pdcm pdpe1gb popcnt pse rdrnd rdtscp sse2 sse3 sse4.1 sse4.2 ssse3 tdt x2apic
C compiler:         /usr/bin/cc GNU 4.8.4
C compiler flags:    -mavx    -Wundef -Wextra -Wno-missing-field-initializers -Wno-sign-compare -Wpointer-arith -Wall -Wno-unused -Wunused-value -Wunused-parameter  -g -fno-inline 
C++ compiler:       /usr/bin/c++ GNU 4.8.4
C++ compiler flags:  -mavx    -std=c++11  -Wundef -Wextra -Wno-missing-field-initializers -Wpointer-arith -Wmissing-declarations -Wall  -g -fno-inline 


Running on 1 node with total 4 cores, 8 logical cores
Hardware detected:
  CPU info:
    Vendor: Intel
    Brand:  Intel(R) Core(TM) i7-4770 CPU @ 3.40GHz
    Family: 6   Model: 60   Stepping: 3
    Features: aes apic avx avx2 clfsh cmov cx8 cx16 f16c fma htt intel lahf mmx msr nonstop_tsc pcid pclmuldq pdcm pdpe1gb popcnt pse rdrnd rdtscp sse2 sse3 sse4.1 sse4.2 ssse3 tdt x2apic
  Hardware topology: Full, with devices
    Sockets, cores, and logical processors:
      Socket  0: [   0   4] [   1   5] [   2   6] [   3   7]
    Numa nodes:
      Node  0 (16764903424 bytes mem):   0   1   2   3   4   5   6   7
      Latency:
               0
         0  1.00
    Caches:
      L1: 32768 bytes, linesize 64 bytes, assoc. 8, shared 2 ways
      L2: 262144 bytes, linesize 64 bytes, assoc. 8, shared 2 ways
      L3: 8388608 bytes, linesize 64 bytes, assoc. 16, shared 8 ways
    PCI devices:
      0000:01:00.0  Id: 10de:13c0  Class: 0x0300  Numa: 0
      0000:03:00.0  Id: 10ec:8168  Class: 0x0200  Numa: 0
      0000:00:1f.2  Id: 8086:8c02  Class: 0x0106  Numa: 0

Highest SIMD level requested by all nodes in run: AVX2_256
SIMD instructions selected at compile time:       AVX_256
This program was compiled for different hardware than you are running on,
which could influence performance.

++++ PLEASE READ AND CITE THE FOLLOWING REFERENCE ++++
M. J. Abraham, T. Murtola, R. Schulz, S. Páll, J. C. Smith, B. Hess, E.
Lindahl
GROMACS: High performance molecular simulations through multi-level
parallelism from laptops to supercomputers
SoftwareX 1 (2015) pp. 19-25
-------- -------- --- Thank You --- -------- --------


++++ PLEASE READ AND CITE THE FOLLOWING REFERENCE ++++
S. Páll, M. J. Abraham, C. Kutzner, B. Hess, E. Lindahl
Tackling Exascale Software Challenges in Molecular Dynamics Simulations with
GROMACS
In S. Markidis & E. Laure (Eds.), Solving Software Challenges for Exascale 8759 (2015) pp. 3-27
-------- -------- --- Thank You --- -------- --------


++++ PLEASE READ AND CITE THE FOLLOWING REFERENCE ++++
S. Pronk, S. Páll, R. Schulz, P. Larsson, P. Bjelkmar, R. Apostolov, M. R.
Shirts, J. C. Smith, P. M. Kasson, D. van der Spoel, B. Hess, and E. Lindahl
GROMACS 4.5: a high-throughput and highly parallel open source molecular
simulation toolkit
Bioinformatics 29 (2013) pp. 845-54
-------- -------- --- Thank You --- -------- --------


++++ PLEASE READ AND CITE THE FOLLOWING REFERENCE ++++
B. Hess and C. Kutzner and D. van der Spoel and E. Lindahl
GROMACS 4: Algorithms for highly efficient, load-balanced, and scalable
molecular simulation
J. Chem. Theory Comput. 4 (2008) pp. 435-447
-------- -------- --- Thank You --- -------- --------


++++ PLEASE READ AND CITE THE FOLLOWING REFERENCE ++++
D. van der Spoel, E. Lindahl, B. Hess, G. Groenhof, A. E. Mark and H. J. C.
Berendsen
GROMACS: Fast, Flexible and Free
J. Comp. Chem. 26 (2005) pp. 1701-1719
-------- -------- --- Thank You --- -------- --------


++++ PLEASE READ AND CITE THE FOLLOWING REFERENCE ++++
E. Lindahl and B. Hess and D. van der Spoel
GROMACS 3.0: A package for molecular simulation and trajectory analysis
J. Mol. Mod. 7 (2001) pp. 306-317
-------- -------- --- Thank You --- -------- --------


++++ PLEASE READ AND CITE THE FOLLOWING REFERENCE ++++
H. J. C. Berendsen, D. van der Spoel and R. van Drunen
GROMACS: A message-passing parallel molecular dynamics implementation
Comp. Phys. Comm. 91 (1995) pp. 43-56
-------- -------- --- Thank You --- -------- --------

Input Parameters:
   integrator                     = md-vv
   tinit                          = 0
   dt                             = 0.002
   nsteps                         = 20
   init-step                      = 0
   simulation-part                = 1
   comm-mode                      = Linear
   nstcomm                        = 10
   bd-fric                        = 0
   ld-seed                        = 1993
   nsthmc                         = 2
   hmc-seed                       = 1
   hmc-ens-temp                   = 300
   hmc-vel-temp                   = 300
   emtol                          = 10
   emstep                         = 0.01
   niter                          = 20
   fcstep                         = 0
   nstcgsteep                     = 1000
   nbfgscorr                      = 10
   rtpi                           = 0.05
   nstxout                        = 2
   nstvout                        = 0
   nstfout                        = 0
   nstlog                         = 2
   nstcalcenergy                  = 2
   nstenergy                      = 2
   nstxout-compressed             = 0
   compressed-x-precision         = 1000
   cutoff-scheme                  = Verlet
   nstlist                        = 10
   ns-type                        = Grid
   pbc                            = xyz
   periodic-molecules             = false
   verlet-buffer-tolerance        = 0.005
   rlist                          = 1
   coulombtype                    = Reaction-Field
   coulomb-modifier               = Potential-shift
   rcoulomb-switch                = 0
   rcoulomb                       = 1
   epsilon-r                      = 1
   epsilon-rf                     = inf
   vdw-type                       = Cut-off
   vdw-modifier                   = Potential-shift
   rvdw-switch                    = 0
   rvdw                           = 1
   DispCorr                       = No
   table-extension                = 1
   fourierspacing                 = 0.13
   fourier-nx                     = 0
   fourier-ny                     = 0
   fourier-nz                     = 0
   pme-order                      = 4
   ewald-rtol                     = 1e-06
   ewald-rtol-lj                  = 0.001
   lj-pme-comb-rule               = Geometric
   ewald-geometry                 = 0
   epsilon-surface                = 0
   tcoupl                         = No
   nsttcouple                     = -1
   nh-chain-length                = 0
   print-nose-hoover-chain-variables = false
   pcoupl                         = No
   pcoupltype                     = Isotropic
   nstpcouple                     = -1
   tau-p                          = 1
   compressibility (3x3):
      compressibility[    0]={ 0.00000e+00,  0.00000e+00,  0.00000e+00}
      compressibility[    1]={ 0.00000e+00,  0.00000e+00,  0.00000e+00}
      compressibility[    2]={ 0.00000e+00,  0.00000e+00,  0.00000e+00}
   ref-p (3x3):
      ref-p[    0]={ 0.00000e+00,  0.00000e+00,  0.00000e+00}
      ref-p[    1]={ 0.00000e+00,  0.00000e+00,  0.00000e+00}
      ref-p[    2]={ 0.00000e+00,  0.00000e+00,  0.00000e+00}
   refcoord-scaling               = No
   posres-com (3):
      posres-com[0]= 0.00000e+00
      posres-com[1]= 0.00000e+00
      posres-com[2]= 0.00000e+00
   posres-comB (3):
      posres-comB[0]= 0.00000e+00
      posres-comB[1]= 0.00000e+00
      posres-comB[2]= 0.00000e+00
   QMMM                           = false
   QMconstraints                  = 0
   QMMMscheme                     = 0
   MMChargeScaleFactor            = 1
qm-opts:
   ngQM                           = 0
   constraint-algorithm           = Lincs
   continuation                   = false
   Shake-SOR                      = false
   shake-tol                      = 0.0001
   lincs-order                    = 4
   lincs-iter                     = 1
   lincs-warnangle                = 30
   nwall                          = 0
   wall-type                      = 9-3
   wall-r-linpot                  = -1
   wall-atomtype[0]               = -1
   wall-atomtype[1]               = -1
   wall-density[0]                = 0
   wall-density[1]                = 0
   wall-ewald-zfac                = 3
   pull                           = false
   awh                            = false
   rotation                       = false
   interactiveMD                  = false
   disre                          = No
   disre-weighting                = Conservative
   disre-mixed                    = false
   dr-fc                          = 1000
   dr-tau                         = 0
   nstdisreout                    = 100
   orire-fc                       = 0
   orire-tau                      = 0
   nstorireout                    = 100
   free-energy                    = no
   cos-acceleration               = 0
   deform (3x3):
      deform[    0]={ 0.00000e+00,  0.00000e+00,  0.00000e+00}
      deform[    1]={ 0.00000e+00,  0.00000e+00,  0.00000e+00}
      deform[    2]={ 0.00000e+00,  0.00000e+00,  0.00000e+00}
   simulated-tempering            = false
   swapcoords                     = no
   userint1                       = 0
   userint2                       = 0
   userint3                       = 0
   userint4                       = 0
   userreal1                      = 0
   userreal2                      = 0
   userreal3                      = 0
   userreal4                      = 0
   applied-forces:
     electric-field:
       x:
         E0                       = 0
         omega                    = 0
         t0                       = 0
         sigma                    = 0
       y:
         E0                       = 0
         omega                    = 0
         t0                       = 0
         sigma                    = 0
       z:
         E0                       = 0
         omega                    = 0
         t0                       = 0
         sigma                    = 0
grpopts:
   nrdf:          51
   ref-t:           0
   tau-t:           0
annealing:          No
annealing-npoints:           0
   acc:	           0           0           0
   nfreeze:           N           N           N
   energygrp-flags[  0]: 0

Can not increase nstlist because an NVE ensemble is used
Using 8 OpenMP threads 

Pinning threads with an auto-selected logical core stride of 1
System total charge: -0.000
Reaction-Field:
epsRF = 0, rc = 1, krf = 0.5, crf = 1.5, epsfac = 138.935
The electrostatics potential has its minimum at r = 1
Potential shift: LJ r^-12: -1.000e+00 r^-6: -1.000e+00
Generated table with 4000 data points for 1-4 COUL.
Tabscale = 2000 points/nm
Generated table with 4000 data points for 1-4 LJ6.
Tabscale = 2000 points/nm
Generated table with 4000 data points for 1-4 LJ12.
Tabscale = 2000 points/nm

Using SIMD 4x4 nonbonded short-range kernels

Using a 4x4 pair-list setup:
  updated every 10 steps, buffer 0.000 nm, rlist 1.000 nm

Using Lorentz-Berthelot Lennard-Jones combination rule

Removing pbc first time

Initializing LINear Constraint Solver

++++ PLEASE READ AND CITE THE FOLLOWING REFERENCE ++++
B. Hess and H. Bekker and H. J. C. Berendsen and J. G. E. M. Fraaije
LINCS: A Linear Constraint Solver for molecular simulations
J. Comp. Chem. 18 (1997) pp. 1463-1472
-------- -------- --- Thank You --- -------- --------

The number of constraints is 12

Intra-simulation communication will occur every 2 steps.
Center of mass motion removal mode is Linear
We have the following groups for center of mass motion removal:
  0:  System
There are: 22 Atoms

Constraining the starting coordinates (step 0)
RMS relative constraint deviation after constraining: 4.95e-13
Initial temperature: 159.454 K

Started mdrun on rank 0 Mon Aug 27 15:33:48 2018
           Step           Time
              0        0.00000

   Energies (kJ/mol)
           Bond          Angle    Proper Dih.  Improper Dih.          LJ-14
    5.43344e+00    2.10012e+01    4.27057e+01    1.32234e+00    1.70049e+01
     Coulomb-14        LJ (SR)   Coulomb (SR)      Potential    Kinetic En.
    2.13517e+02   -4.11046e+00   -3.41488e+02   -4.46138e+01    6.09416e+01
   Total Energy    Temperature Pressure (bar)   Constr. rmsd
    1.63278e+01    2.87435e+02    4.44967e+01    3.89214e-06

           Step           Time
              2        0.00400

   Hybrid Monte Carlo:
   The current configuration has been accepted.
   Empirical P_acc: 1.00000

   Energies (kJ/mol)
           Bond          Angle    Proper Dih.  Improper Dih.          LJ-14
    1.32171e+01    2.45938e+01    4.30810e+01    3.59278e+00    1.81800e+01
     Coulomb-14        LJ (SR)   Coulomb (SR)      Potential    Kinetic En.
    2.13889e+02   -3.46204e+00   -3.39204e+02   -2.61121e+01    7.31545e+01
   Total Energy    Temperature Pressure (bar)   Constr. rmsd
    4.70424e+01    3.45038e+02    2.26687e+01    4.00183e-06

           Step           Time
              4        0.00800

   Hybrid Monte Carlo:
   The current configuration has been accepted.
   Empirical P_acc: 1.00000

   Energies (kJ/mol)
           Bond          Angle    Proper Dih.  Improper Dih.          LJ-14
    1.14862e+01    2.12159e+01    4.49187e+01    7.19625e+00    1.65967e+01
     Coulomb-14        LJ (SR)   Coulomb (SR)      Potential    Kinetic En.
    2.15866e+02   -3.08075e+00   -3.43989e+02   -2.97905e+01    5.24606e+01
   Total Energy    Temperature Pressure (bar)   Constr. rmsd
    2.26701e+01    2.47434e+02   -1.15201e+01    1.91922e-06

           Step           Time
              6        0.01200

   Hybrid Monte Carlo:
   The current configuration has been rejected.
   Empirical P_acc: 0.66667

   Energies (kJ/mol)
           Bond          Angle    Proper Dih.  Improper Dih.          LJ-14
    1.14862e+01    2.12159e+01    4.49187e+01    7.19625e+00    1.65967e+01
     Coulomb-14        LJ (SR)   Coulomb (SR)      Potential    Kinetic En.
    2.15866e+02   -3.08075e+00   -3.43989e+02   -2.97905e+01    5.79378e+01
   Total Energy    Temperature Pressure (bar)   Constr. rmsd
    2.81474e+01    2.73268e+02   -7.59474e+00    1.93890e-06

           Step           Time
              8        0.01600

   Hybrid Monte Carlo:
   The current configuration has been accepted.
   Empirical P_acc: 0.75000

   Energies (kJ/mol)
           Bond          Angle    Proper Dih.  Improper Dih.          LJ-14
    1.73766e+01    2.92192e+01    4.43695e+01    6.00107e+00    1.65223e+01
     Coulomb-14        LJ (SR)   Coulomb (SR)      Potential    Kinetic En.
    2.16754e+02   -1.92230e+00   -3.43890e+02   -1.55698e+01    6.01818e+01
   Total Energy    Temperature Pressure (bar)   Constr. rmsd
    4.46120e+01    2.83851e+02    4.08848e+01    6.31984e-07

           Step           Time
             10        0.02000

   Hybrid Monte Carlo:
   The current configuration has been accepted.
   Empirical P_acc: 0.80000

   Energies (kJ/mol)
           Bond          Angle    Proper Dih.  Improper Dih.          LJ-14
    8.35450e+00    3.83952e+01    4.36924e+01    7.23005e+00    1.93874e+01
     Coulomb-14        LJ (SR)   Coulomb (SR)      Potential    Kinetic En.
    2.10296e+02   -2.23945e+00   -3.40585e+02   -1.54683e+01    5.42934e+01
   Total Energy    Temperature Pressure (bar)   Constr. rmsd
    3.88251e+01    2.56078e+02    1.33719e+02    3.62115e-06

           Step           Time
             12        0.02400

   Hybrid Monte Carlo:
   The current configuration has been accepted.
   Empirical P_acc: 0.83333

   Energies (kJ/mol)
           Bond          Angle    Proper Dih.  Improper Dih.          LJ-14
    1.04819e+01    2.43275e+01    4.35811e+01    8.52715e+00    1.99511e+01
     Coulomb-14        LJ (SR)   Coulomb (SR)      Potential    Kinetic En.
    2.12909e+02   -4.09277e+00   -3.40871e+02   -2.51862e+01    6.48052e+01
   Total Energy    Temperature Pressure (bar)   Constr. rmsd
    3.96191e+01    3.05658e+02    1.43525e+02    1.70548e-06

           Step           Time
             14        0.02800

   Hybrid Monte Carlo:
   The current configuration has been accepted.
   Empirical P_acc: 0.85714

   Energies (kJ/mol)
           Bond          Angle    Proper Dih.  Improper Dih.          LJ-14
    1.67156e+01    3.13299e+01    4.27422e+01    4.45535e+00    1.95943e+01
     Coulomb-14        LJ (SR)   Coulomb (SR)      Potential    Kinetic En.
    2.14111e+02   -3.73706e+00   -3.42673e+02   -1.74617e+01    3.87557e+01
   Total Energy    Temperature Pressure (bar)   Constr. rmsd
    2.12940e+01    1.82794e+02    1.92132e+02    1.38390e-06

           Step           Time
             16        0.03200

   Hybrid Monte Carlo:
   The current configuration has been accepted.
   Empirical P_acc: 0.87500

   Energies (kJ/mol)
           Bond          Angle    Proper Dih.  Improper Dih.          LJ-14
    1.11074e+01    2.62392e+01    4.25594e+01    1.88270e+00    1.84619e+01
     Coulomb-14        LJ (SR)   Coulomb (SR)      Potential    Kinetic En.
    2.09001e+02   -3.28349e+00   -3.40248e+02   -3.42793e+01    4.79721e+01
   Total Energy    Temperature Pressure (bar)   Constr. rmsd
    1.36928e+01    2.26263e+02    1.32861e+02    2.64591e-06

           Step           Time
             18        0.03600

   Hybrid Monte Carlo:
   The current configuration has been accepted.
   Empirical P_acc: 0.88889

   Energies (kJ/mol)
           Bond          Angle    Proper Dih.  Improper Dih.          LJ-14
    6.37429e+00    2.29831e+01    4.43419e+01    2.26749e+00    1.93905e+01
     Coulomb-14        LJ (SR)   Coulomb (SR)      Potential    Kinetic En.
    2.08530e+02   -3.84119e+00   -3.36783e+02   -3.67370e+01    7.77690e+01
   Total Energy    Temperature Pressure (bar)   Constr. rmsd
    4.10320e+01    3.66803e+02    5.77431e+01    2.73814e-06

           Step           Time
             20        0.04000

Writing checkpoint, step 20 at Mon Aug 27 15:33:48 2018


   Hybrid Monte Carlo:
   The current configuration has been accepted.
   Empirical P_acc: 0.90000

   Energies (kJ/mol)
           Bond          Angle    Proper Dih.  Improper Dih.          LJ-14
    1.16750e+01    4.45761e+01    4.66558e+01    1.92123e+00    1.89513e+01
     Coulomb-14        LJ (SR)   Coulomb (SR)      Potential    Kinetic En.
    2.04508e+02   -3.95725e+00   -3.33817e+02   -9.48739e+00    6.20323e+01
   Total Energy    Temperature Pressure (bar)   Constr. rmsd
    5.25449e+01    2.92579e+02    1.71855e+02    3.03847e-06

	<======  ###############  ==>
	<====  A V E R A G E S  ====>
	<==  ###############  ======>

	Statistics over 21 steps using 11 frames

   Energies (kJ/mol)
           Bond          Angle    Proper Dih.  Improper Dih.          LJ-14
    1.12462e+01    2.77361e+01    4.39606e+01    4.69024e+00    1.82397e+01
     Coulomb-14        LJ (SR)   Coulomb (SR)      Potential    Kinetic En.
    2.12295e+02   -3.34614e+00   -3.40685e+02   -2.58633e+01    5.91185e+01
   Total Energy    Temperature Pressure (bar)   Constr. rmsd
    3.32552e+01    2.78836e+02    8.37063e+01    0.00000e+00

   Total Virial (kJ/mol)
    2.56739e+01   -1.41211e+02   -5.64820e+01
   -1.41211e+02   -1.56979e+02   -5.70050e+01
   -5.64820e+01   -5.70050e+01   -1.37337e+01

   Pressure (bar)
   -9.54680e+00    1.72962e+02    6.94390e+01
    1.72962e+02    2.21445e+02    6.95340e+01
    6.94390e+01    6.95340e+01    3.92206e+01


	M E G A - F L O P S   A C C O U N T I N G

 NB=Group-cutoff nonbonded kernels    NxN=N-by-N cluster Verlet kernels
 RF=Reaction-Field  VdW=Van der Waals  QSTab=quadratic-spline table
 W3=SPC/TIP3p  W4=TIP4p (single or pairs)
 V&F=Potential and force  V=Potential only  F=Force only

 Computing:                               M-Number         M-Flops  % Flops
-----------------------------------------------------------------------------
 Pair Search distance check               0.001512           0.014     1.5
 NxN RF Elec. + LJ [F]                    0.003280           0.125    13.8
 NxN RF Elec. + LJ [V&F]                  0.003936           0.213    23.6
 NxN RF Electrostatics [F]                0.000080           0.002     0.3
 NxN RF Electrostatics [V&F]              0.000096           0.003     0.4
 1,4 nonbonded interactions               0.000902           0.081     9.0
 Shift-X                                  0.000088           0.001     0.1
 Bonds                                    0.000198           0.012     1.3
 Angles                                   0.000792           0.133    14.8
 Propers                                  0.000836           0.191    21.2
 Impropers                                0.000088           0.018     2.0
 Virial                                   0.000804           0.014     1.6
 Stop-CM                                  0.000330           0.003     0.4
 Calc-Ekin                                0.000506           0.014     1.5
 Lincs                                    0.000660           0.040     4.4
 Lincs-Mat                                0.005940           0.024     2.6
 Constraint-V                             0.000504           0.004     0.4
 Constraint-Vir                           0.000396           0.010     1.1
-----------------------------------------------------------------------------
 Total                                                       0.901   100.0
-----------------------------------------------------------------------------


     R E A L   C Y C L E   A N D   T I M E   A C C O U N T I N G

On 1 MPI rank, each using 8 OpenMP threads

 Computing:          Num   Num      Call    Wall time         Giga-Cycles
                     Ranks Threads  Count      (s)         total sum    %
-----------------------------------------------------------------------------
 Neighbor search        1    8          4       0.012          0.329  13.9
 Force                  1    8         22       0.002          0.047   2.0
 NB X/F buffer ops.     1    8         40       0.000          0.004   0.2
 Write traj.            1    8         11       0.057          1.563  65.9
 Update                 1    8         76       0.000          0.007   0.3
 Constraints            1    8        108       0.001          0.028   1.2
 Rest                                           0.014          0.394  16.6
-----------------------------------------------------------------------------
 Total                                          0.087          2.373 100.0
-----------------------------------------------------------------------------

NOTE: 14 % of the run time was spent in pair search,
      you might want to increase nstlist (this has no effect on accuracy)

               Core t (s)   Wall t (s)        (%)
       Time:        0.604        0.087      692.1
                 (ns/day)    (hour/ns)
Performance:       41.593        0.577
Finished mdrun on rank 0 Mon Aug 27 15:33:49 2018
