Log file opened on Tue Feb 25 20:01:34 2014
Host: amd2  pid: 29540  nodeid: 0  nnodes:  1
GROMACS:    gmx mdrun, VERSION 5.0-beta2-dev-20140221-d8091c5 (double precision)

GROMACS is written by:
Emile Apol         Rossen Apostolov   Herman J.C. Berendsen Par Bjelkmar       
Aldert van Buuren  Rudi van Drunen    Anton Feenstra     Sebastian Fritsch  
Gerrit Groenhof    Christoph Junghans Peter Kasson       Carsten Kutzner    
Per Larsson        Justin A. Lemkul   Magnus Lundborg    Pieter Meulenhoff  
Erik Marklund      Teemu Murtola      Szilard Pall       Sander Pronk       
Roland Schulz      Alexey Shvetsov    Michael Shirts     Alfons Sijbers     
Peter Tieleman     Christian Wennberg Maarten Wolf       
and the project leaders:
Mark Abraham, Berk Hess, Erik Lindahl, and David van der Spoel

Copyright (c) 1991-2000, University of Groningen, The Netherlands.
Copyright (c) 2001-2014, The GROMACS development team at
Uppsala University, Stockholm University and
the Royal Institute of Technology, Sweden.
check out http://www.gromacs.org for more information.

GROMACS is free software; you can redistribute it and/or modify it
under the terms of the GNU Lesser General Public License
as published by the Free Software Foundation; either version 2.1
of the License, or (at your option) any later version.

GROMACS:    gmx mdrun, VERSION 5.0-beta2-dev-20140221-d8091c5 (double precision)
Executable: /nethome/mark/nfs-git/master-make-reference/build-cmake-reference-double-amd2/install/bin/gmx_d
Command line:
  gmx_d mdrun -notunepme -table ../table -tablep ../tablep

Gromacs version:    VERSION 5.0-beta2-dev-20140221-d8091c5
GIT SHA1 hash:      d8091c50e21729eb3a4008e37b9ad282dcf72af5
Branched from:      b8f4cb8a0c818f24782e4cf3c258d856bac39550 (2 newer local commits)
Precision:          double
Memory model:       64 bit
MPI library:        none
OpenMP support:     disabled
GPU support:        disabled
invsqrt routine:    (1.0/sqrt(x))
SIMD instructions:  NONE
FFT library:        fftpack (built-in)
RDTSCP usage:       enabled
C++11 compilation:  enabled
TNG support:        enabled
Built on:           Thu Feb  6 17:05:59 CET 2014
Built by:           mark@amd2 [CMAKE]
Build OS/arch:      Linux 3.5.0-45-generic x86_64
Build CPU vendor:   AuthenticAMD
Build CPU brand:    AMD Opteron(tm) Processor 6376
Build CPU family:   21   Model: 2   Stepping: 0
Build CPU features: aes apic avx clfsh cmov cx8 cx16 f16c fma fma4 htt lahf_lm misalignsse mmx msr nonstop_tsc pclmuldq pdpe1gb popcnt pse rdtscp sse2 sse3 sse4a sse4.1 sse4.2 ssse3 xop
C compiler:         /usr/bin/gcc-4.7 GNU 4.7.3
C compiler flags:      -Wextra -Wno-missing-field-initializers -Wno-sign-compare -Wpointer-arith -Wall -Wno-unused -Wunused-value -Wunused-parameter -Wno-unknown-pragmas   -O0 -g
C++ compiler:       /usr/bin/g++-4.7 GNU 4.7.3
C++ compiler flags:    -std=c++0x -Wextra -Wno-missing-field-initializers -Wpointer-arith -Wall -Wno-unused-function -Wno-unknown-pragmas   -O0 -g
Boost version:      1.48.0 (internal)



++++ PLEASE READ AND CITE THE FOLLOWING REFERENCE ++++
B. Hess and C. Kutzner and D. van der Spoel and E. Lindahl
GROMACS 4: Algorithms for highly efficient, load-balanced, and scalable
molecular simulation
J. Chem. Theory Comput. 4 (2008) pp. 435-447
-------- -------- --- Thank You --- -------- --------


++++ PLEASE READ AND CITE THE FOLLOWING REFERENCE ++++
D. van der Spoel, E. Lindahl, B. Hess, G. Groenhof, A. E. Mark and H. J. C.
Berendsen
GROMACS: Fast, Flexible and Free
J. Comp. Chem. 26 (2005) pp. 1701-1719
-------- -------- --- Thank You --- -------- --------


++++ PLEASE READ AND CITE THE FOLLOWING REFERENCE ++++
E. Lindahl and B. Hess and D. van der Spoel
GROMACS 3.0: A package for molecular simulation and trajectory analysis
J. Mol. Mod. 7 (2001) pp. 306-317
-------- -------- --- Thank You --- -------- --------


++++ PLEASE READ AND CITE THE FOLLOWING REFERENCE ++++
H. J. C. Berendsen, D. van der Spoel and R. van Drunen
GROMACS: A message-passing parallel molecular dynamics implementation
Comp. Phys. Comm. 91 (1995) pp. 43-56
-------- -------- --- Thank You --- -------- --------

Input Parameters:
   integrator                     = md-vv
   nsteps               = 60
   init-step            = 0
   cutoff-scheme                  = Group
   ns-type                        = Grid
   nstlist              = -1
   ndelta               = 2
   nstcomm              = 0
   comm-mode                      = None
   nstlog               = 10
   nstxout              = 20
   nstvout              = 20
   nstfout              = 20
   nstcalcenergy        = 1
   nstenergy            = 1
   nstxout-compressed   = 5000
   init-t               = 0
   delta-t              = 0.002
   x-compression-precision = 60
   fourierspacing       = 0.1
   nkx                  = 32
   nky                  = 32
   nkz                  = 32
   pme-order            = 6
   ewald-rtol           = 1e-06
   ewald-rtol-lj        = 0.001
   ewald-geometry       = 0
   epsilon-surface      = 0
   optimize-fft                   = FALSE
   lj-pme-comb-rule               = Geometric
   ePBC                           = xyz
   bPeriodicMols                  = FALSE
   bContinuation                  = FALSE
   bShakeSOR                      = TRUE
   etc                            = V-rescale
   bPrintNHChains                 = FALSE
   nsttcouple           = 10
   epc                            = No
   epctype                        = Isotropic
   nstpcouple           = -1
   tau-p                = 1.67
   ref-p (3x3):
      ref-p[    0]={ 0.00000e+00,  0.00000e+00,  0.00000e+00}
      ref-p[    1]={ 0.00000e+00,  0.00000e+00,  0.00000e+00}
      ref-p[    2]={ 0.00000e+00,  0.00000e+00,  0.00000e+00}
   compress (3x3):
      compress[    0]={ 0.00000e+00,  0.00000e+00,  0.00000e+00}
      compress[    1]={ 0.00000e+00,  0.00000e+00,  0.00000e+00}
      compress[    2]={ 0.00000e+00,  0.00000e+00,  0.00000e+00}
   refcoord-scaling               = No
   posres-com (3):
      posres-com[0]= 0.00000e+00
      posres-com[1]= 0.00000e+00
      posres-com[2]= 0.00000e+00
   posres-comB (3):
      posres-comB[0]= 0.00000e+00
      posres-comB[1]= 0.00000e+00
      posres-comB[2]= 0.00000e+00
   verlet-buffer-tolerance = 0.005
   rlist                = 1.1
   rlistlong            = 1.1
   nstcalclr            = 0
   rtpi                 = 0.05
   coulombtype                    = PME-Switch
   coulomb-modifier               = None
   rcoulomb-switch      = 0.89
   rcoulomb             = 0.9
   vdwtype                        = Switch
   vdw-modifier                   = None
   rvdw-switch          = 0.88
   rvdw                 = 0.9
   epsilon-r            = 1
   epsilon-rf                     = inf
   tabext               = 1
   implicit-solvent               = No
   gb-algorithm                   = Still
   gb-epsilon-solvent   = 80
   nstgbradii           = 1
   rgbradii             = 1
   gb-saltconc          = 0
   gb-obc-alpha         = 1
   gb-obc-beta          = 0.8
   gb-obc-gamma         = 4.85
   gb-dielectric-offset = 0.009
   sa-algorithm                   = Ace-approximation
   sa-surface-tension   = 2.05016
   DispCorr                       = AllEnerPres
   bSimTemp                       = FALSE
   free-energy                    = yes
   nstdhdl              = 10
   init-lambda-state    = 1
   init-lambda          = -1
   delta-lambda         = 0
   n-lambdas            = 5
   separate-dvdl:
       fep-lambdas =   TRUE
      mass-lambdas =   FALSE
      coul-lambdas =   FALSE
       vdw-lambdas =   FALSE
    bonded-lambdas =   FALSE
 restraint-lambdas =   FALSE
temperature-lambdas =   FALSE
all-lambdas:
       fep-lambdas =            0        0.25         0.5        0.75           1
      mass-lambdas =            0        0.25         0.5        0.75           1
      coul-lambdas =            0        0.25         0.5        0.75           1
       vdw-lambdas =            0        0.25         0.5        0.75           1
    bonded-lambdas =            0        0.25         0.5        0.75           1
 restraint-lambdas =            0        0.25         0.5        0.75           1
temperature-lambdas =            0        0.25         0.5        0.75           1
   calc-lambda-neighbors = 1
   sc-alpha             = 0
   bScCoul                        = FALSE
   bScPrintEnergy                 = FALSE
   sc-power             = 1
   sc-r-power           = 6
   sc-sigma             = 0.3
   sc-sigma-min         = 0.3
   separate-dhdl-file             = yes
   dhdl-derivatives               = yes
   dh-hist-size         = 0
   dh-hist-spacing      = 0.1
   nwall                = 0
   wall-type                      = 9-3
   wall-atomtype[0]     = -1
   wall-atomtype[1]     = -1
   wall-density[0]      = 0
   wall-density[1]      = 0
   wall-ewald-zfac      = 3
   pull                           = no
   rotation                       = FALSE
   disre                          = No
   disre-weighting                = Conservative
   disre-mixed                    = FALSE
   dr-fc                = 1000
   dr-tau               = 0
   nstdisreout          = 100
   orires-fc            = 0
   orires-tau           = 0
   nstorireout          = 100
   dihre-fc             = 0
   em-stepsize          = 0.01
   em-tol               = 10
   niter                = 20
   fc-stepsize          = 0
   nstcgsteep           = 1000
   nbfgscorr            = 10
   ConstAlg                       = Shake
   shake-tol            = 5e-06
   lincs-order          = 8
   lincs-warnangle      = 45
   lincs-iter           = 1
   bd-fric              = 0
   ld-seed              = 1993
   cos-accel            = 0
   deform (3x3):
      deform[    0]={ 0.00000e+00,  0.00000e+00,  0.00000e+00}
      deform[    1]={ 0.00000e+00,  0.00000e+00,  0.00000e+00}
      deform[    2]={ 0.00000e+00,  0.00000e+00,  0.00000e+00}
   adress                         = FALSE
   userint1             = 0
   userint2             = 0
   userint3             = 0
   userint4             = 0
   userreal1            = 0
   userreal2            = 0
   userreal3            = 0
   userreal4            = 0
grpopts:
   nrdf:        5394
   ref-t:         300
   tau-t:           1
anneal:          No
ann-npoints:           0
   acc:	           0           0           0
   nfreeze:           N           N           N
   energygrp-flags[  0]: 0
   efield-x:
      n = 0
   efield-xt:
      n = 0
   efield-y:
      n = 0
   efield-yt:
      n = 0
   efield-z:
      n = 0
   efield-zt:
      n = 0
   eSwapCoords                    = no
   bQMMM                          = FALSE
   QMconstraints        = 0
   QMMMscheme           = 0
   scalefactor          = 1
qm-opts:
   ngQM                 = 0

Detecting CPU SIMD instructions.
Present hardware specification:
Vendor: AuthenticAMD
Brand:  AMD Opteron(tm) Processor 6376                 
Family: 21  Model:  2  Stepping:  0
Features: aes apic avx clfsh cmov cx8 cx16 f16c fma fma4 htt lahf_lm misalignsse mmx msr nonstop_tsc pclmuldq pdpe1gb popcnt pse rdtscp sse2 sse3 sse4a sse4.1 sse4.2 ssse3 xop
SIMD instructions most likely to fit this hardware: AVX_128_FMA
SIMD instructions selected at GROMACS compile time: None


Binary not matching hardware - you might be losing performance.
SIMD instructions most likely to fit this hardware: AVX_128_FMA
SIMD instructions selected at GROMACS compile time: None

Table routines are used for coulomb: TRUE
Table routines are used for vdw:     TRUE
Will do PME sum in reciprocal space for electrostatic interactions.

++++ PLEASE READ AND CITE THE FOLLOWING REFERENCE ++++
U. Essmann, L. Perera, M. L. Berkowitz, T. Darden, H. Lee and L. G. Pedersen 
A smooth particle mesh Ewald method
J. Chem. Phys. 103 (1995) pp. 8577-8592
-------- -------- --- Thank You --- -------- --------

Will do ordinary reciprocal space Ewald sum.
Using a Gaussian width (1/beta) of 0.260198 nm for Ewald
Using shifted Lennard-Jones, switch between 0.88 and 0.9 nm
Cut-off's:   NS: 1.1   Coulomb: 0.9   LJ: 0.9
Long Range LJ corr.: <C6> 2.7981e-04, <C12> 2.7541e-07
System total charge, top. A: 0.000 top. B: 0.000
Generated table with 4200 data points for Ewald-Switch.
Tabscale = 2000 points/nm
Generated table with 4200 data points for LJ6Switch.
Tabscale = 2000 points/nm
Generated table with 4200 data points for LJ12Switch.
Tabscale = 2000 points/nm
Generated table with 4200 data points for 1-4 COUL.
Tabscale = 2000 points/nm
Generated table with 4200 data points for 1-4 LJ6.
Tabscale = 2000 points/nm
Generated table with 4200 data points for 1-4 LJ12.
Tabscale = 2000 points/nm

Enabling SPC-like water optimization for 891 molecules.

Potential shift: LJ r^-12: 0.000e+00 r^-6: 0.000e+00, Ewald -0.000e+00
Initialized non-bonded Ewald correction tables, spacing: 5.95e-04 size: 3532

There are 19 atoms and 19 charges for free energy perturbation
Removing pbc first time

++++ PLEASE READ AND CITE THE FOLLOWING REFERENCE ++++
J. P. Ryckaert and G. Ciccotti and H. J. C. Berendsen
Numerical Integration of the Cartesian Equations of Motion of a System with
Constraints; Molecular Dynamics of n-Alkanes
J. Comp. Phys. 23 (1977) pp. 327-341
-------- -------- --- Thank You --- -------- --------


++++ PLEASE READ AND CITE THE FOLLOWING REFERENCE ++++
E. Barth and K. Kuczera and B. Leimkuhler and R. D. Skeel
Algorithms for Constrained Molecular Dynamics
J. Comp. Chem. 16 (1995) pp. 1192-1209
-------- -------- --- Thank You --- -------- --------


++++ PLEASE READ AND CITE THE FOLLOWING REFERENCE ++++
S. Miyamoto and P. A. Kollman
SETTLE: An Analytical Version of the SHAKE and RATTLE Algorithms for Rigid
Water Models
J. Comp. Chem. 13 (1992) pp. 952-962
-------- -------- --- Thank You --- -------- --------

Initial vector of lambda components:[     0.2500     0.2500     0.2500     0.2500     0.2500     0.2500     0.2500 ]

++++ PLEASE READ AND CITE THE FOLLOWING REFERENCE ++++
G. Bussi, D. Donadio and M. Parrinello
Canonical sampling through velocity rescaling
J. Chem. Phys. 126 (2007) pp. 014101
-------- -------- --- Thank You --- -------- --------

There are: 2692 Atoms
Max number of connections per atom is 61
Total number of connections is 4136
Max number of graph edges per atom is 4
Total number of graph edges is 3604

Constraining the starting coordinates (step 0)
Initial temperature: 298.2 K

Started mdrun on node 0 Tue Feb 25 20:01:34 2014
           Step           Time         Lambda
              0        0.00000        0.25000


Grid: 4 x 4 x 4 cells
   Energies (kJ/mol)
           Bond          Angle    Proper Dih. Ryckaert-Bell.          LJ-14
    3.48389e+01    3.49748e+01    5.83511e-01   -2.94831e+00    1.87212e+02
     Coulomb-14        LJ (SR)  Disper. corr.   Coulomb (SR)   Coul. recip.
    2.23901e+01    5.96810e+03   -2.22840e+02   -3.71902e+04   -6.24648e+03
      Potential    Kinetic En.   Total Energy  Conserved En.    Temperature
   -3.74144e+04    6.68692e+03   -3.07275e+04   -3.07275e+04    2.98200e+02
 Pres. DC (bar) Pressure (bar)    dVremain/dl
   -1.36054e+02   -6.23961e+02    8.88989e+02

           Step           Time         Lambda
             10        0.02000        0.25000

   Energies (kJ/mol)
           Bond          Angle    Proper Dih. Ryckaert-Bell.          LJ-14
    3.03705e+01    4.68579e+01    7.75239e-01   -8.89898e-01    1.95164e+02
     Coulomb-14        LJ (SR)  Disper. corr.   Coulomb (SR)   Coul. recip.
    2.32419e+01    5.52304e+03   -2.22840e+02   -3.58172e+04   -6.21565e+03
      Potential    Kinetic En.   Total Energy  Conserved En.    Temperature
   -3.64371e+04    5.69744e+03   -3.07397e+04   -3.07193e+04    2.54075e+02
 Pres. DC (bar) Pressure (bar)    dVremain/dl
   -1.36054e+02   -7.00432e+02    9.27079e+02

           Step           Time         Lambda
             20        0.04000        0.25000

   Energies (kJ/mol)
           Bond          Angle    Proper Dih. Ryckaert-Bell.          LJ-14
    3.49251e+01    6.29259e+01    5.18810e-01   -9.20163e-01    1.80497e+02
     Coulomb-14        LJ (SR)  Disper. corr.   Coulomb (SR)   Coul. recip.
    2.32538e+01    6.16654e+03   -2.22840e+02   -3.61511e+04   -6.13585e+03
      Potential    Kinetic En.   Total Energy  Conserved En.    Temperature
   -3.60420e+04    5.35131e+03   -3.06907e+04   -3.07177e+04    2.38639e+02
 Pres. DC (bar) Pressure (bar)    dVremain/dl
   -1.36054e+02    6.29455e+02    8.69349e+02

           Step           Time         Lambda
             30        0.06000        0.25000

   Energies (kJ/mol)
           Bond          Angle    Proper Dih. Ryckaert-Bell.          LJ-14
    5.18672e+01    4.33298e+01    8.48722e-01   -1.75402e-01    1.83308e+02
     Coulomb-14        LJ (SR)  Disper. corr.   Coulomb (SR)   Coul. recip.
    2.19604e+01    6.47894e+03   -2.22840e+02   -3.55475e+04   -6.14637e+03
      Potential    Kinetic En.   Total Energy  Conserved En.    Temperature
   -3.51366e+04    4.57225e+03   -3.05643e+04   -3.07115e+04    2.03898e+02
 Pres. DC (bar) Pressure (bar)    dVremain/dl
   -1.36054e+02    1.68381e+03    9.72057e+02

           Step           Time         Lambda
             40        0.08000        0.25000

   Energies (kJ/mol)
           Bond          Angle    Proper Dih. Ryckaert-Bell.          LJ-14
    6.66992e+01    4.68774e+01    7.88248e-01   -4.29231e+00    1.56314e+02
     Coulomb-14        LJ (SR)  Disper. corr.   Coulomb (SR)   Coul. recip.
    2.24152e+01    6.04755e+03   -2.22840e+02   -3.58812e+04   -6.15879e+03
      Potential    Kinetic En.   Total Energy  Conserved En.    Temperature
   -3.59264e+04    5.43124e+03   -3.04952e+04   -3.07176e+04    2.42204e+02
 Pres. DC (bar) Pressure (bar)    dVremain/dl
   -1.36054e+02    4.65294e+02    8.74913e+02

           Step           Time         Lambda
             50        0.10000        0.25000

   Energies (kJ/mol)
           Bond          Angle    Proper Dih. Ryckaert-Bell.          LJ-14
    5.55267e+01    4.81280e+01    5.97440e-01    3.60944e+00    1.66045e+02
     Coulomb-14        LJ (SR)  Disper. corr.   Coulomb (SR)   Coul. recip.
    2.28130e+01    5.80013e+03   -2.22840e+02   -3.56583e+04   -6.16817e+03
      Potential    Kinetic En.   Total Energy  Conserved En.    Temperature
   -3.59525e+04    5.52662e+03   -3.04259e+04   -3.07165e+04    2.46457e+02
 Pres. DC (bar) Pressure (bar)    dVremain/dl
   -1.36054e+02   -1.84328e+01    9.25834e+02

           Step           Time         Lambda
             60        0.12000        0.25000

Writing checkpoint, step 60 at Tue Feb 25 20:01:42 2014


   Energies (kJ/mol)
           Bond          Angle    Proper Dih. Ryckaert-Bell.          LJ-14
    3.46138e+01    2.85272e+01    1.23473e+00    7.85757e-02    1.91359e+02
     Coulomb-14        LJ (SR)  Disper. corr.   Coulomb (SR)   Coul. recip.
    2.23679e+01    5.80659e+03   -2.22840e+02   -3.58539e+04   -6.20889e+03
      Potential    Kinetic En.   Total Energy  Conserved En.    Temperature
   -3.62008e+04    5.79239e+03   -3.04084e+04   -3.07175e+04    2.58309e+02
 Pres. DC (bar) Pressure (bar)    dVremain/dl
   -1.36054e+02    4.44621e+01    1.05362e+03

	<======  ###############  ==>
	<====  A V E R A G E S  ====>
	<==  ###############  ======>

	Statistics over 61 steps using 61 frames

   Energies (kJ/mol)
           Bond          Angle    Proper Dih. Ryckaert-Bell.          LJ-14
    4.80375e+01    4.93719e+01    7.44406e-01   -7.10527e-01    1.72852e+02
     Coulomb-14        LJ (SR)  Disper. corr.   Coulomb (SR)   Coul. recip.
    2.25205e+01    5.96603e+03   -2.22840e+02   -3.59655e+04   -6.18417e+03
      Potential    Kinetic En.   Total Energy  Conserved En.    Temperature
   -3.61137e+04    5.55491e+03   -3.05588e+04   -3.07188e+04    2.47719e+02
 Pres. DC (bar) Pressure (bar)    dVremain/dl
   -1.36054e+02    2.24862e+02    3.78367e+02

   Total Virial (kJ/mol)
    1.52636e+03   -2.03632e+01    1.04979e+02
   -2.03632e+01    1.85522e+03    2.63621e+02
    1.04979e+02    2.63621e+02    1.62089e+03

   Pressure (bar)
    3.85015e+02    5.82347e+01   -1.39516e+02
    5.82347e+01   -2.18018e+00   -3.37345e+02
   -1.39516e+02   -3.37345e+02    2.91751e+02

Average neighborlist lifetime: 1.0 steps, std.dev.: 0.0 steps
Average number of atoms that crossed the half buffer length: 6.7


	M E G A - F L O P S   A C C O U N T I N G

 NB=Group-cutoff nonbonded kernels    NxN=N-by-N cluster Verlet kernels
 RF=Reaction-Field  VdW=Van der Waals  QSTab=quadratic-spline table
 W3=SPC/TIP3p  W4=TIP4p (single or pairs)
 V&F=Potential and force  V=Potential only  F=Force only

 Computing:                               M-Number         M-Flops  % Flops
-----------------------------------------------------------------------------
 NB Elec. [W3,V&F]                      148.645077         148.645     3.7
 NB VdW & Elec. [W3,V&F]                 92.726265          92.726     2.3
 NB VdW & Elec. [W3-W3,V&F]            1747.968912        1747.969    43.3
 NB Free energy kernel                   94.976910          94.977     2.4
 1,4 nonbonded interactions               0.003914           0.352     0.0
 Calc Weights                             0.492636          17.735     0.4
 Spread Q Bspline                        70.939584         141.879     3.5
 Gather F Bspline                        70.939584         425.638    10.5
 3D-FFT                                 119.930880         959.447    23.8
 Solve PME                                0.124928           7.995     0.2
 NS-Pairs                                16.591569         348.423     8.6
 Reset In Box                             0.054778           0.164     0.0
 Shift-X                                  0.328424           1.971     0.0
 CG-CoM                                   0.164212           0.493     0.0
 Bonds                                    0.000671           0.040     0.0
 Angles                                   0.002013           0.338     0.0
 Propers                                  0.000671           0.154     0.0
 RB-Dihedrals                             0.002623           0.648     0.0
 Virial                                   0.166957           3.005     0.1
 Calc-Ekin                                0.164212           4.434     0.1
 Shake                                    0.002986           0.090     0.0
 Constraint-V                             0.164151           1.313     0.0
 Shake-Init                               0.001116           0.011     0.0
 Constraint-Vir                           0.164151           3.940     0.1
 Settle                                   0.110484          35.686     0.9
-----------------------------------------------------------------------------
 Total                                                    4038.072   100.0
-----------------------------------------------------------------------------


     R E A L   C Y C L E   A N D   T I M E   A C C O U N T I N G

On 1 MPI rank

 Computing:          Num   Num      Call    Wall time         Giga-Cycles
                     Nodes Threads  Count      (s)         total sum    %
-----------------------------------------------------------------------------
 Neighbor search        1    1         61       1.223          2.814  15.4
 Force                  1    1         61       3.873          8.912  48.8
 PME mesh               1    1         61       2.676          6.158  33.7
 Write traj.            1    1          4       0.050          0.116   0.6
 Update                 1    1         61       0.015          0.034   0.2
 Constraints            1    1        122       0.046          0.105   0.6
 Rest                                           0.051          0.118   0.6
-----------------------------------------------------------------------------
 Total                                          7.934         18.257 100.0
-----------------------------------------------------------------------------
 Breakdown of PME mesh computation
-----------------------------------------------------------------------------
 PME spread/gather      1    1        244       1.535          3.533  19.4
 PME 3D-FFT             1    1        244       0.897          2.065  11.3
 PME solve Elec         1    1        122       0.243          0.559   3.1
-----------------------------------------------------------------------------

               Core t (s)   Wall t (s)        (%)
       Time:        7.908        7.934       99.7
                 (ns/day)    (hour/ns)
Performance:        1.329       18.065
Finished mdrun on node 0 Tue Feb 25 20:01:34 2014
