Log file opened on Thu Jun 26 13:32:44 2014
Host: gromacs2  pid: 24810  nodeid: 0  nnodes:  1
GROMACS:    gmx mdrun, VERSION 5.0-rc1-dev-20140624-c4cfdff (double precision)

GROMACS is written by:
Emile Apol         Rossen Apostolov   Herman J.C. Berendsen Par Bjelkmar       
Aldert van Buuren  Rudi van Drunen    Anton Feenstra     Sebastian Fritsch  
Gerrit Groenhof    Christoph Junghans Peter Kasson       Carsten Kutzner    
Per Larsson        Justin A. Lemkul   Magnus Lundborg    Pieter Meulenhoff  
Erik Marklund      Teemu Murtola      Szilard Pall       Sander Pronk       
Roland Schulz      Alexey Shvetsov    Michael Shirts     Alfons Sijbers     
Peter Tieleman     Christian Wennberg Maarten Wolf       
and the project leaders:
Mark Abraham, Berk Hess, Erik Lindahl, and David van der Spoel

Copyright (c) 1991-2000, University of Groningen, The Netherlands.
Copyright (c) 2001-2014, The GROMACS development team at
Uppsala University, Stockholm University and
the Royal Institute of Technology, Sweden.
check out http://www.gromacs.org for more information.

GROMACS is free software; you can redistribute it and/or modify it
under the terms of the GNU Lesser General Public License
as published by the Free Software Foundation; either version 2.1
of the License, or (at your option) any later version.

GROMACS:      gmx mdrun, VERSION 5.0-rc1-dev-20140624-c4cfdff (double precision)
Executable:   /nethome/mark/git/r50-make-reference/build-cmake-reference-double-gromacs2/bin/gmx_d
Library dir:  /nethome/mark/git/r50-make-reference/share/top
Command line:
  gmx_d mdrun -notunepme -table ../table -tablep ../tablep

Gromacs version:    VERSION 5.0-rc1-dev-20140624-c4cfdff
GIT SHA1 hash:      c4cfdffe96fcd14e8f57060d59e06e8899fe5941
Branched from:      8fe4088bf76d1f72847fe43e388e08f414f8ce83 (21 newer local commits)
Precision:          double
Memory model:       64 bit
MPI library:        none
OpenMP support:     disabled
GPU support:        disabled
invsqrt routine:    (1.0/sqrt(x))
SIMD instructions:  NONE
FFT library:        fftpack (built-in)
RDTSCP usage:       enabled
C++11 compilation:  enabled
TNG support:        enabled
Tracing support:    disabled
Built on:           Tue Jun 24 19:18:02 CEST 2014
Built by:           mark@gromacs2 [CMAKE]
Build OS/arch:      Linux 3.11.0-23-generic x86_64
Build CPU vendor:   GenuineIntel
Build CPU brand:    Intel(R) Core(TM) i7-2600K CPU @ 3.40GHz
Build CPU family:   6   Model: 42   Stepping: 7
Build CPU features: aes apic avx clfsh cmov cx8 cx16 htt lahf_lm mmx msr nonstop_tsc pcid pclmuldq pdcm popcnt pse rdtscp sse2 sse3 sse4.1 sse4.2 ssse3 tdt
C compiler:         /usr/bin/gcc-4.7 GNU 4.7.3
C compiler flags:      -Wno-maybe-uninitialized -Wextra -Wno-missing-field-initializers -Wno-sign-compare -Wpointer-arith -Wall -Wno-unused -Wunused-value -Wunused-parameter -Wno-unknown-pragmas   -O0 -g
C++ compiler:       /usr/bin/g++-4.7 GNU 4.7.3
C++ compiler flags:    -std=c++0x -Wextra -Wno-missing-field-initializers -Wpointer-arith -Wall -Wno-unused-function -Wno-unknown-pragmas   -O0 -g
Boost version:      1.55.0 (internal)



++++ PLEASE READ AND CITE THE FOLLOWING REFERENCE ++++
B. Hess and C. Kutzner and D. van der Spoel and E. Lindahl
GROMACS 4: Algorithms for highly efficient, load-balanced, and scalable
molecular simulation
J. Chem. Theory Comput. 4 (2008) pp. 435-447
-------- -------- --- Thank You --- -------- --------


++++ PLEASE READ AND CITE THE FOLLOWING REFERENCE ++++
D. van der Spoel, E. Lindahl, B. Hess, G. Groenhof, A. E. Mark and H. J. C.
Berendsen
GROMACS: Fast, Flexible and Free
J. Comp. Chem. 26 (2005) pp. 1701-1719
-------- -------- --- Thank You --- -------- --------


++++ PLEASE READ AND CITE THE FOLLOWING REFERENCE ++++
E. Lindahl and B. Hess and D. van der Spoel
GROMACS 3.0: A package for molecular simulation and trajectory analysis
J. Mol. Mod. 7 (2001) pp. 306-317
-------- -------- --- Thank You --- -------- --------


++++ PLEASE READ AND CITE THE FOLLOWING REFERENCE ++++
H. J. C. Berendsen, D. van der Spoel and R. van Drunen
GROMACS: A message-passing parallel molecular dynamics implementation
Comp. Phys. Comm. 91 (1995) pp. 43-56
-------- -------- --- Thank You --- -------- --------

Changing nstlist from 10 to 40, rlist from 0.9 to 0.924

Input Parameters:
   integrator                     = md
   tinit                          = 0
   dt                             = 0.002
   nsteps                         = 20
   init-step                      = 0
   simulation-part                = 1
   comm-mode                      = Linear
   nstcomm                        = 20
   bd-fric                        = 0
   ld-seed                        = 1993
   emtol                          = 10
   emstep                         = 0.01
   niter                          = 20
   fcstep                         = 0
   nstcgsteep                     = 1000
   nbfgscorr                      = 10
   rtpi                           = 0.05
   nstxout                        = 20
   nstvout                        = 20
   nstfout                        = 20
   nstlog                         = 20
   nstcalcenergy                  = 20
   nstenergy                      = 20
   nstxout-compressed             = 0
   compressed-x-precision         = 1000
   cutoff-scheme                  = Verlet
   nstlist                        = 40
   ns-type                        = Grid
   pbc                            = xyz
   periodic-molecules             = FALSE
   verlet-buffer-tolerance        = 0.005
   rlist                          = 0.924
   rlistlong                      = 0.924
   nstcalclr                      = 10
   coulombtype                    = PME
   coulomb-modifier               = Potential-shift
   rcoulomb-switch                = 0
   rcoulomb                       = 0.9
   epsilon-r                      = 1
   epsilon-rf                     = inf
   vdw-type                       = Cut-off
   vdw-modifier                   = Potential-shift
   rvdw-switch                    = 0
   rvdw                           = 0.9
   DispCorr                       = EnerPres
   table-extension                = 1
   fourierspacing                 = 0
   fourier-nx                     = 56
   fourier-ny                     = 28
   fourier-nz                     = 28
   pme-order                      = 6
   ewald-rtol                     = 1e-05
   ewald-rtol-lj                  = 0.001
   lj-pme-comb-rule               = Geometric
   ewald-geometry                 = 0
   epsilon-surface                = 0
   implicit-solvent               = No
   gb-algorithm                   = Still
   nstgbradii                     = 1
   rgbradii                       = 1
   gb-epsilon-solvent             = 80
   gb-saltconc                    = 0
   gb-obc-alpha                   = 1
   gb-obc-beta                    = 0.8
   gb-obc-gamma                   = 4.85
   gb-dielectric-offset           = 0.009
   sa-algorithm                   = Ace-approximation
   sa-surface-tension             = 2.05016
   tcoupl                         = V-rescale
   nsttcouple                     = 10
   nh-chain-length                = 0
   print-nose-hoover-chain-variables = FALSE
   pcoupl                         = No
   pcoupltype                     = Isotropic
   nstpcouple                     = -1
   tau-p                          = 2
   compressibility (3x3):
      compressibility[    0]={ 0.00000e+00,  0.00000e+00,  0.00000e+00}
      compressibility[    1]={ 0.00000e+00,  0.00000e+00,  0.00000e+00}
      compressibility[    2]={ 0.00000e+00,  0.00000e+00,  0.00000e+00}
   ref-p (3x3):
      ref-p[    0]={ 0.00000e+00,  0.00000e+00,  0.00000e+00}
      ref-p[    1]={ 0.00000e+00,  0.00000e+00,  0.00000e+00}
      ref-p[    2]={ 0.00000e+00,  0.00000e+00,  0.00000e+00}
   refcoord-scaling               = No
   posres-com (3):
      posres-com[0]= 0.00000e+00
      posres-com[1]= 0.00000e+00
      posres-com[2]= 0.00000e+00
   posres-comB (3):
      posres-comB[0]= 0.00000e+00
      posres-comB[1]= 0.00000e+00
      posres-comB[2]= 0.00000e+00
   QMMM                           = FALSE
   QMconstraints                  = 0
   QMMMscheme                     = 0
   MMChargeScaleFactor            = 1
qm-opts:
   ngQM                           = 0
   constraint-algorithm           = Lincs
   continuation                   = FALSE
   Shake-SOR                      = FALSE
   shake-tol                      = 0.0001
   lincs-order                    = 4
   lincs-iter                     = 1
   lincs-warnangle                = 30
   nwall                          = 0
   wall-type                      = 9-3
   wall-r-linpot                  = -1
   wall-atomtype[0]               = -1
   wall-atomtype[1]               = -1
   wall-density[0]                = 0
   wall-density[1]                = 0
   wall-ewald-zfac                = 3
   pull                           = no
   rotation                       = FALSE
   interactiveMD                  = FALSE
   disre                          = No
   disre-weighting                = Conservative
   disre-mixed                    = FALSE
   dr-fc                          = 1000
   dr-tau                         = 0
   nstdisreout                    = 100
   orire-fc                       = 0
   orire-tau                      = 0
   nstorireout                    = 100
   free-energy                    = no
   cos-acceleration               = 0
   deform (3x3):
      deform[    0]={ 0.00000e+00,  0.00000e+00,  0.00000e+00}
      deform[    1]={ 0.00000e+00,  0.00000e+00,  0.00000e+00}
      deform[    2]={ 0.00000e+00,  0.00000e+00,  0.00000e+00}
   simulated-tempering            = FALSE
   E-x:
      n = 0
   E-xt:
      n = 0
   E-y:
      n = 0
   E-yt:
      n = 0
   E-z:
      n = 0
   E-zt:
      n = 0
   swapcoords                     = no
   adress                         = FALSE
   userint1                       = 0
   userint2                       = 0
   userint3                       = 0
   userint4                       = 0
   userreal1                      = 0
   userreal2                      = 0
   userreal3                      = 0
   userreal4                      = 0
grpopts:
   nrdf:        4997
   ref-t:         298
   tau-t:         0.5
annealing:          No
annealing-npoints:           0
   acc:	           0           0           0
   nfreeze:           N           N           N
   energygrp-flags[  0]: 0

Detecting CPU SIMD instructions.
Present hardware specification:
Vendor: GenuineIntel
Brand:  Intel(R) Core(TM) i7-2600K CPU @ 3.40GHz
Family:  6  Model: 42  Stepping:  7
Features: aes apic avx clfsh cmov cx8 cx16 htt lahf_lm mmx msr nonstop_tsc pcid pclmuldq pdcm popcnt pse rdtscp sse2 sse3 sse4.1 sse4.2 ssse3 tdt
SIMD instructions most likely to fit this hardware: AVX_256
SIMD instructions selected at GROMACS compile time: None


Binary not matching hardware - you might be losing performance.
SIMD instructions most likely to fit this hardware: AVX_256
SIMD instructions selected at GROMACS compile time: None

Will do PME sum in reciprocal space for electrostatic interactions.

++++ PLEASE READ AND CITE THE FOLLOWING REFERENCE ++++
U. Essmann, L. Perera, M. L. Berkowitz, T. Darden, H. Lee and L. G. Pedersen 
A smooth particle mesh Ewald method
J. Chem. Phys. 103 (1995) pp. 8577-8592
-------- -------- --- Thank You --- -------- --------

Will do ordinary reciprocal space Ewald sum.
Using a Gaussian width (1/beta) of 0.288146 nm for Ewald
Cut-off's:   NS: 0.924   Coulomb: 0.9   LJ: 0.9
Long Range LJ corr.: <C6> 2.8773e-03
System total charge: 0.000
Generated table with 3848 data points for Ewald.
Tabscale = 2000 points/nm
Generated table with 3848 data points for LJ6.
Tabscale = 2000 points/nm
Generated table with 3848 data points for LJ12.
Tabscale = 2000 points/nm
Generated table with 3848 data points for 1-4 COUL.
Tabscale = 2000 points/nm
Generated table with 3848 data points for 1-4 LJ6.
Tabscale = 2000 points/nm
Generated table with 3848 data points for 1-4 LJ12.
Tabscale = 2000 points/nm

Using plain C 4x4 non-bonded kernels


WARNING: Using the slow plain C kernels. This should
not happen during routine usage on supported platforms.


Using geometric Lennard-Jones combination rule

Potential shift: LJ r^-12: -3.541e+00 r^-6: -1.882e+00, Ewald -1.000e-05
Initialized non-bonded Ewald correction tables, spacing: 8.85e-04 size: 2175

Removing pbc first time

Initializing LINear Constraint Solver

++++ PLEASE READ AND CITE THE FOLLOWING REFERENCE ++++
B. Hess and H. Bekker and H. J. C. Berendsen and J. G. E. M. Fraaije
LINCS: A Linear Constraint Solver for molecular simulations
J. Comp. Chem. 18 (1997) pp. 1463-1472
-------- -------- --- Thank You --- -------- --------

The number of constraints is 1000

++++ PLEASE READ AND CITE THE FOLLOWING REFERENCE ++++
S. Miyamoto and P. A. Kollman
SETTLE: An Analytical Version of the SHAKE and RATTLE Algorithms for Rigid
Water Models
J. Comp. Chem. 13 (1992) pp. 952-962
-------- -------- --- Thank You --- -------- --------

Center of mass motion removal mode is Linear
We have the following groups for center of mass motion removal:
  0:  rest

++++ PLEASE READ AND CITE THE FOLLOWING REFERENCE ++++
G. Bussi, D. Donadio and M. Parrinello
Canonical sampling through velocity rescaling
J. Chem. Phys. 126 (2007) pp. 014101
-------- -------- --- Thank You --- -------- --------

There are: 2400 Atoms

Constraining the starting coordinates (step 0)

Constraining the coordinates at t0-dt (step 0)
RMS relative constraint deviation after constraining: 5.00e-07
Initial temperature: 296.114 K

Started mdrun on node 0 Thu Jun 26 13:32:44 2014
           Step           Time         Lambda
              0        0.00000        0.00000

   Energies (kJ/mol)
       G96Angle    Proper Dih.          LJ-14     Coulomb-14        LJ (SR)
    1.04220e+03    9.36795e+02   -4.20086e+02    0.00000e+00   -1.35148e+03
  Disper. corr.   Coulomb (SR)   Coul. recip.      Potential    Kinetic En.
   -1.73022e+03   -2.15153e+04    2.62956e+02   -2.27751e+04    6.14235e+03
   Total Energy  Conserved En.    Temperature Pres. DC (bar) Pressure (bar)
   -1.66327e+04   -1.66327e+04    2.95677e+02   -5.25950e+02   -3.65644e+01
   Constr. rmsd
    4.84399e-07

           Step           Time         Lambda
             20        0.04000        0.00000

Writing checkpoint, step 20 at Thu Jun 26 13:32:45 2014


   Energies (kJ/mol)
       G96Angle    Proper Dih.          LJ-14     Coulomb-14        LJ (SR)
    1.02631e+03    9.26711e+02   -4.33511e+02    0.00000e+00   -1.38031e+03
  Disper. corr.   Coulomb (SR)   Coul. recip.      Potential    Kinetic En.
   -1.73022e+03   -2.14422e+04    2.29539e+02   -2.28037e+04    6.15177e+03
   Total Energy  Conserved En.    Temperature Pres. DC (bar) Pressure (bar)
   -1.66519e+04   -1.66313e+04    2.96131e+02   -5.25950e+02   -3.38879e+01
   Constr. rmsd
    4.87422e-07

	<======  ###############  ==>
	<====  A V E R A G E S  ====>
	<==  ###############  ======>

	Statistics over 21 steps using 2 frames

   Energies (kJ/mol)
       G96Angle    Proper Dih.          LJ-14     Coulomb-14        LJ (SR)
    1.03425e+03    9.31753e+02   -4.26799e+02    0.00000e+00   -1.36589e+03
  Disper. corr.   Coulomb (SR)   Coul. recip.      Potential    Kinetic En.
   -1.73022e+03   -2.14787e+04    2.46247e+02   -2.27894e+04    6.14706e+03
   Total Energy  Conserved En.    Temperature Pres. DC (bar) Pressure (bar)
   -1.66423e+04   -1.66320e+04    2.95904e+02   -5.25950e+02   -3.52262e+01
   Constr. rmsd
    0.00000e+00

   Total Virial (kJ/mol)
    2.43166e+03   -3.67491e+02   -1.21964e+02
   -3.67491e+02    2.10267e+03    2.88713e+02
   -1.21964e+02    2.88713e+02    1.78720e+03

   Pressure (bar)
   -2.07286e+02    2.18498e+02    1.04899e+02
    2.18498e+02   -4.27875e+01   -1.73395e+02
    1.04899e+02   -1.73395e+02    1.44395e+02


	M E G A - F L O P S   A C C O U N T I N G

 NB=Group-cutoff nonbonded kernels    NxN=N-by-N cluster Verlet kernels
 RF=Reaction-Field  VdW=Van der Waals  QSTab=quadratic-spline table
 W3=SPC/TIP3p  W4=TIP4p (single or pairs)
 V&F=Potential and force  V=Potential only  F=Force only

 Computing:                               M-Number         M-Flops  % Flops
-----------------------------------------------------------------------------
 Pair Search distance check               0.412092           3.709     0.5
 NxN QSTab Elec. + LJ [F]                 3.354184         137.522    18.9
 NxN QSTab Elec. + LJ [V&F]               0.353072          20.831     2.9
 NxN LJ [F]                               3.118736         102.918    14.2
 NxN LJ [V&F]                             0.328288          14.116     1.9
 NxN QSTab Elec. [F]                      2.940440          99.975    13.7
 NxN QSTab Elec. [V&F]                    0.309520          12.690     1.7
 1,4 nonbonded interactions               0.012600           1.134     0.2
 Calc Weights                             0.151200           5.443     0.7
 Spread Q Bspline                        10.886400          21.773     3.0
 Gather F Bspline                        10.886400          65.318     9.0
 3D-FFT                                  28.437780         227.502    31.3
 Solve PME                                0.032928           2.107     0.3
 Shift-X                                  0.002400           0.014     0.0
 Angles                                   0.016800           2.822     0.4
 Propers                                  0.012600           2.885     0.4
 Virial                                   0.004890           0.088     0.0
 Stop-CM                                  0.007200           0.072     0.0
 Calc-Ekin                                0.014400           0.389     0.1
 Lincs                                    0.023000           1.380     0.2
 Lincs-Mat                                0.220800           0.883     0.1
 Constraint-V                             0.070400           0.563     0.1
 Constraint-Vir                           0.004400           0.106     0.0
 Settle                                   0.009200           2.972     0.4
-----------------------------------------------------------------------------
 Total                                                     727.214   100.0
-----------------------------------------------------------------------------


     R E A L   C Y C L E   A N D   T I M E   A C C O U N T I N G

On 1 MPI rank

 Computing:          Num   Num      Call    Wall time         Giga-Cycles
                     Nodes Threads  Count      (s)         total sum    %
-----------------------------------------------------------------------------
 Neighbor search        1    1          1       0.009          0.031   0.8
 Force                  1    1         21       0.729          2.491  68.1
 PME mesh               1    1         21       0.295          1.008  27.6
 NB X/F buffer ops.     1    1         41       0.001          0.003   0.1
 Write traj.            1    1          2       0.021          0.072   2.0
 Update                 1    1         21       0.001          0.005   0.1
 Constraints            1    1         21       0.010          0.035   0.9
 Rest                                           0.004          0.014   0.4
-----------------------------------------------------------------------------
 Total                                          1.070          3.659 100.0
-----------------------------------------------------------------------------
 Breakdown of PME mesh computation
-----------------------------------------------------------------------------
 PME spread/gather      1    1         42       0.080          0.272   7.4
 PME 3D-FFT             1    1         42       0.192          0.658  18.0
 PME solve Elec         1    1         21       0.023          0.078   2.1
-----------------------------------------------------------------------------

               Core t (s)   Wall t (s)        (%)
       Time:        1.059        1.070       99.0
                 (ns/day)    (hour/ns)
Performance:        3.391        7.077
Finished mdrun on node 0 Thu Jun 26 13:32:45 2014
