Log file opened on Sun Aug 16 12:28:01 2015
Host: tcbs14  pid: 2805  rank ID: 0  number of ranks:  1
 :-) GROMACS - gmx mdrun, VERSION 5.2-dev-20150714-4e61ea5-dirty (double precision) (-:

                            GROMACS is written by:
     Emile Apol      Rossen Apostolov  Herman J.C. Berendsen    Par Bjelkmar   
 Aldert van Buuren   Rudi van Drunen     Anton Feenstra   Sebastian Fritsch 
  Gerrit Groenhof   Christoph Junghans   Anca Hamuraru    Vincent Hindriksen
 Dimitrios Karkoulis    Peter Kasson     Carsten Kutzner      Per Larsson    
  Justin A. Lemkul   Magnus Lundborg   Pieter Meulenhoff    Erik Marklund   
   Teemu Murtola       Szilard Pall       Sander Pronk      Roland Schulz   
  Alexey Shvetsov     Michael Shirts     Alfons Sijbers     Peter Tieleman  
  Teemu Virolainen  Christian Wennberg    Maarten Wolf   
                           and the project leaders:
        Mark Abraham, Berk Hess, Erik Lindahl, and David van der Spoel

Copyright (c) 1991-2000, University of Groningen, The Netherlands.
Copyright (c) 2001-2015, The GROMACS development team at
Uppsala University, Stockholm University and
the Royal Institute of Technology, Sweden.
check out http://www.gromacs.org for more information.

GROMACS is free software; you can redistribute it and/or modify it
under the terms of the GNU Lesser General Public License
as published by the Free Software Foundation; either version 2.1
of the License, or (at your option) any later version.

GROMACS:      gmx mdrun, VERSION 5.2-dev-20150714-4e61ea5-dirty (double precision)
Executable:   /nethome/lindahl/randomtest/REF/bin/gmx_d
Data prefix:  /nethome/lindahl/randomtest/gromacs (source tree)
Command line:
  gmx_d mdrun -notunepme

GROMACS version:    VERSION 5.2-dev-20150714-4e61ea5-dirty
GIT SHA1 hash:      4e61ea54cd2254123affcf17660e3434b2f0b793 (dirty)
Branched from:      a751ebf72b76e72acc733b63faaa0215d660e7de (2 newer local commits)
Precision:          double
Memory model:       64 bit
MPI library:        none
OpenMP support:     disabled
GPU support:        disabled
OpenCL support:     disabled
invsqrt routine:    ( (x>0) ? (1.0/sqrt(x)) : 0.0 )
SIMD instructions:  NONE
FFT library:        fftpack (built-in)
RDTSCP usage:       enabled
TNG support:        enabled
Tracing support:    disabled
Built on:           Sun Aug 16 00:50:17 CEST 2015
Built by:           lindahl@tcbs14 [CMAKE]
Build OS/arch:      Linux 3.13.0-59-generic x86_64
Build CPU vendor:   GenuineIntel
Build CPU brand:    Intel(R) Core(TM) i7-5960X CPU @ 3.00GHz
Build CPU family:   6   Model: 63   Stepping: 2
Build CPU features: aes apic avx avx2 clfsh cmov cx8 cx16 f16c fma htt lahf_lm mmx msr nonstop_tsc pcid pclmuldq pdcm pdpe1gb popcnt pse rdrnd rdtscp sse2 sse3 sse4.1 sse4.2 ssse3 tdt x2apic
C compiler:         /usr/bin/gcc-4.7 GNU 4.7.3
C compiler flags:       -Wundef -Wextra -Wno-missing-field-initializers -Wno-sign-compare -Wpointer-arith -Wall -Wno-unused -Wunused-value -Wunused-parameter -Wno-unknown-pragmas  -O0 -g
C++ compiler:       /usr/bin/g++-4.7 GNU 4.7.3
C++ compiler flags:    -std=c++0x  -Wundef -Wextra -Wno-missing-field-initializers -Wpointer-arith -Wall -Wno-unused-function -Wno-unknown-pragmas  -O0 -g
Boost version:      1.55.0 (internal)


Running on 1 node with total 8 cores, 16 logical cores
Hardware detected:
  CPU info:
    Vendor: GenuineIntel
    Brand:  Intel(R) Core(TM) i7-5960X CPU @ 3.00GHz
    Family:  6  model: 63  stepping:  2
    CPU features: aes apic avx avx2 clfsh cmov cx8 cx16 f16c fma htt lahf_lm mmx msr nonstop_tsc pcid pclmuldq pdcm pdpe1gb popcnt pse rdrnd rdtscp sse2 sse3 sse4.1 sse4.2 ssse3 tdt x2apic
    SIMD instructions most likely to fit this hardware: AVX2_256
    SIMD instructions selected at GROMACS compile time: None


Binary not matching hardware - you might be losing performance.
SIMD instructions most likely to fit this hardware: AVX2_256
SIMD instructions selected at GROMACS compile time: None


++++ PLEASE READ AND CITE THE FOLLOWING REFERENCE ++++
S. Páll, M. J. Abraham, C. Kutzner, B. Hess, E. Lindahl
Tackling Exascale Software Challenges in Molecular Dynamics Simulations with
GROMACS
In S. Markidis & E. Laure (Eds.), Solving Software Challenges for Exascale 8759 (2015) pp. 3–27
-------- -------- --- Thank You --- -------- --------


++++ PLEASE READ AND CITE THE FOLLOWING REFERENCE ++++
S. Pronk, S. Páll, R. Schulz, P. Larsson, P. Bjelkmar, R. Apostolov, M. R.
Shirts, J. C. Smith, P. M. Kasson, D. van der Spoel, B. Hess, and E. Lindahl
GROMACS 4.5: a high-throughput and highly parallel open source molecular
simulation toolkit
Bioinformatics 29 (2013) pp. 845-54
-------- -------- --- Thank You --- -------- --------


++++ PLEASE READ AND CITE THE FOLLOWING REFERENCE ++++
B. Hess and C. Kutzner and D. van der Spoel and E. Lindahl
GROMACS 4: Algorithms for highly efficient, load-balanced, and scalable
molecular simulation
J. Chem. Theory Comput. 4 (2008) pp. 435-447
-------- -------- --- Thank You --- -------- --------


++++ PLEASE READ AND CITE THE FOLLOWING REFERENCE ++++
D. van der Spoel, E. Lindahl, B. Hess, G. Groenhof, A. E. Mark and H. J. C.
Berendsen
GROMACS: Fast, Flexible and Free
J. Comp. Chem. 26 (2005) pp. 1701-1719
-------- -------- --- Thank You --- -------- --------


++++ PLEASE READ AND CITE THE FOLLOWING REFERENCE ++++
E. Lindahl and B. Hess and D. van der Spoel
GROMACS 3.0: A package for molecular simulation and trajectory analysis
J. Mol. Mod. 7 (2001) pp. 306-317
-------- -------- --- Thank You --- -------- --------


++++ PLEASE READ AND CITE THE FOLLOWING REFERENCE ++++
H. J. C. Berendsen, D. van der Spoel and R. van Drunen
GROMACS: A message-passing parallel molecular dynamics implementation
Comp. Phys. Comm. 91 (1995) pp. 43-56
-------- -------- --- Thank You --- -------- --------

Can not increase nstlist because verlet-buffer-tolerance is not set or used
Input Parameters:
   integrator                     = md
   tinit                          = 0
   dt                             = 0.005
   nsteps                         = 20
   init-step                      = 0
   simulation-part                = 1
   comm-mode                      = Linear
   nstcomm                        = 100
   bd-fric                        = 0
   ld-seed                        = 1993
   emtol                          = 10
   emstep                         = 0.01
   niter                          = 20
   fcstep                         = 0
   nstcgsteep                     = 1000
   nbfgscorr                      = 10
   rtpi                           = 0.05
   nstxout                        = 20
   nstvout                        = 20
   nstfout                        = 20
   nstlog                         = 0
   nstcalcenergy                  = 100
   nstenergy                      = 100
   nstxout-compressed             = 0
   compressed-x-precision         = 1000
   cutoff-scheme                  = Verlet
   nstlist                        = 10
   ns-type                        = Grid
   pbc                            = xyz
   periodic-molecules             = FALSE
   verlet-buffer-tolerance        = -1
   rlist                          = 0.9
   rlistlong                      = 0.9
   nstcalclr                      = 10
   coulombtype                    = PME
   coulomb-modifier               = Potential-shift
   rcoulomb-switch                = 0
   rcoulomb                       = 0.85
   epsilon-r                      = 1
   epsilon-rf                     = inf
   vdw-type                       = Cut-off
   vdw-modifier                   = Potential-shift
   rvdw-switch                    = 0
   rvdw                           = 0.85
   DispCorr                       = No
   table-extension                = 1
   fourierspacing                 = 0
   fourier-nx                     = 24
   fourier-ny                     = 24
   fourier-nz                     = 24
   pme-order                      = 4
   ewald-rtol                     = 1e-05
   ewald-rtol-lj                  = 0.001
   lj-pme-comb-rule               = Geometric
   ewald-geometry                 = 0
   epsilon-surface                = 0
   implicit-solvent               = No
   gb-algorithm                   = Still
   nstgbradii                     = 1
   rgbradii                       = 1
   gb-epsilon-solvent             = 80
   gb-saltconc                    = 0
   gb-obc-alpha                   = 1
   gb-obc-beta                    = 0.8
   gb-obc-gamma                   = 4.85
   gb-dielectric-offset           = 0.009
   sa-algorithm                   = Ace-approximation
   sa-surface-tension             = 2.05016
   tcoupl                         = V-rescale
   nsttcouple                     = 10
   nh-chain-length                = 0
   print-nose-hoover-chain-variables = FALSE
   pcoupl                         = Berendsen
   pcoupltype                     = Isotropic
   nstpcouple                     = 10
   tau-p                          = 1
   compressibility (3x3):
      compressibility[    0]={ 4.50000e-05,  0.00000e+00,  0.00000e+00}
      compressibility[    1]={ 0.00000e+00,  4.50000e-05,  0.00000e+00}
      compressibility[    2]={ 0.00000e+00,  0.00000e+00,  4.50000e-05}
   ref-p (3x3):
      ref-p[    0]={ 1.00000e+00,  0.00000e+00,  0.00000e+00}
      ref-p[    1]={ 0.00000e+00,  1.00000e+00,  0.00000e+00}
      ref-p[    2]={ 0.00000e+00,  0.00000e+00,  1.00000e+00}
   refcoord-scaling               = No
   posres-com (3):
      posres-com[0]= 0.00000e+00
      posres-com[1]= 0.00000e+00
      posres-com[2]= 0.00000e+00
   posres-comB (3):
      posres-comB[0]= 0.00000e+00
      posres-comB[1]= 0.00000e+00
      posres-comB[2]= 0.00000e+00
   QMMM                           = FALSE
   QMconstraints                  = 0
   QMMMscheme                     = 0
   MMChargeScaleFactor            = 1
qm-opts:
   ngQM                           = 0
   constraint-algorithm           = Lincs
   continuation                   = FALSE
   Shake-SOR                      = FALSE
   shake-tol                      = 0.0001
   lincs-order                    = 2
   lincs-iter                     = 5
   lincs-warnangle                = 30
   nwall                          = 0
   wall-type                      = 9-3
   wall-r-linpot                  = -1
   wall-atomtype[0]               = -1
   wall-atomtype[1]               = -1
   wall-density[0]                = 0
   wall-density[1]                = 0
   wall-ewald-zfac                = 3
   pull                           = FALSE
   rotation                       = FALSE
   interactiveMD                  = FALSE
   disre                          = No
   disre-weighting                = Conservative
   disre-mixed                    = FALSE
   dr-fc                          = 1000
   dr-tau                         = 0
   nstdisreout                    = 100
   orire-fc                       = 0
   orire-tau                      = 0
   nstorireout                    = 100
   free-energy                    = no
   cos-acceleration               = 0
   deform (3x3):
      deform[    0]={ 0.00000e+00,  0.00000e+00,  0.00000e+00}
      deform[    1]={ 0.00000e+00,  0.00000e+00,  0.00000e+00}
      deform[    2]={ 0.00000e+00,  0.00000e+00,  0.00000e+00}
   simulated-tempering            = FALSE
   E-x:
      n = 0
   E-xt:
      n = 0
   E-y:
      n = 0
   E-yt:
      n = 0
   E-z:
      n = 0
   E-zt:
      n = 0
   swapcoords                     = no
   adress                         = FALSE
   userint1                       = 0
   userint2                       = 0
   userint3                       = 0
   userint4                       = 0
   userreal1                      = 0
   userreal2                      = 0
   userreal3                      = 0
   userreal4                      = 0
grpopts:
   nrdf:        3511
   ref-t:         300
   tau-t:         0.1
annealing:          No
annealing-npoints:           0
   acc:	           0           0           0
   nfreeze:           N           N           N
   energygrp-flags[  0]: 0


NOTE: GROMACS was compiled without OpenMP and (thread-)MPI support, can only use a single CPU core

Will do PME sum in reciprocal space for electrostatic interactions.

++++ PLEASE READ AND CITE THE FOLLOWING REFERENCE ++++
U. Essmann, L. Perera, M. L. Berkowitz, T. Darden, H. Lee and L. G. Pedersen 
A smooth particle mesh Ewald method
J. Chem. Phys. 103 (1995) pp. 8577-8592
-------- -------- --- Thank You --- -------- --------

Will do ordinary reciprocal space Ewald sum.
Using a Gaussian width (1/beta) of 0.272138 nm for Ewald
Cut-off's:   NS: 0.9   Coulomb: 0.85   LJ: 0.85
System total charge: 0.000
Generated table with 3800 data points for Ewald.
Tabscale = 2000 points/nm
Generated table with 3800 data points for LJ6.
Tabscale = 2000 points/nm
Generated table with 3800 data points for LJ12.
Tabscale = 2000 points/nm
Generated table with 3800 data points for 1-4 COUL.
Tabscale = 2000 points/nm
Generated table with 3800 data points for 1-4 LJ6.
Tabscale = 2000 points/nm
Generated table with 3800 data points for 1-4 LJ12.
Tabscale = 2000 points/nm
Potential shift: LJ r^-12: -7.030e+00 r^-6: -2.651e+00, Ewald -1.000e-05
Initialized non-bonded Ewald correction tables, spacing: 8.60e-04 size: 990


Using plain C 4x4 non-bonded kernels


WARNING: Using the slow plain C kernels. This should
not happen during routine usage on supported platforms.


Using Lorentz-Berthelot Lennard-Jones combination rule

Removing pbc first time

Initializing LINear Constraint Solver

++++ PLEASE READ AND CITE THE FOLLOWING REFERENCE ++++
B. Hess
P-LINCS: A Parallel Linear Constraint Solver for molecular simulation
J. Chem. Theory Comput. 4 (2008) pp. 116-122
-------- -------- --- Thank You --- -------- --------

The number of constraints is 32
18 constraints are involved in constraint triangles,
will apply an additional matrix expansion of order 2 for couplings
between constraints inside triangles

++++ PLEASE READ AND CITE THE FOLLOWING REFERENCE ++++
S. Miyamoto and P. A. Kollman
SETTLE: An Analytical Version of the SHAKE and RATTLE Algorithms for Rigid
Water Models
J. Comp. Chem. 13 (1992) pp. 952-962
-------- -------- --- Thank You --- -------- --------

Center of mass motion removal mode is Linear
We have the following groups for center of mass motion removal:
  0:  rest

++++ PLEASE READ AND CITE THE FOLLOWING REFERENCE ++++
G. Bussi, D. Donadio and M. Parrinello
Canonical sampling through velocity rescaling
J. Chem. Phys. 126 (2007) pp. 014101
-------- -------- --- Thank You --- -------- --------

There are: 1759 Atoms
There are: 30 VSites

Constraining the starting coordinates (step 0)

Constraining the coordinates at t0-dt (step 0)
RMS relative constraint deviation after constraining: 4.50e-07
Initial temperature: 290.842 K

Started mdrun on rank 0 Sun Aug 16 12:28:01 2015
           Step           Time         Lambda
              0        0.00000        0.00000

   Energies (kJ/mol)
          Angle    Proper Dih.  Improper Dih.          LJ-14     Coulomb-14
    4.66865e+01    2.11362e+01    1.55298e+00    3.19224e+01    1.31732e+03
        LJ (SR)   Coulomb (SR)   Coul. recip.      Potential    Kinetic En.
    3.82300e+03   -2.93492e+04    3.37591e+02   -2.37700e+04    4.56235e+03
   Total Energy    Temperature Pressure (bar)   Constr. rmsd
   -1.92076e+04    3.12574e+02    6.00508e+02    2.75628e-06

           Step           Time         Lambda
             20        0.10000        0.00000

Writing checkpoint, step 20 at Sun Aug 16 12:28:02 2015


   Energies (kJ/mol)
          Angle    Proper Dih.  Improper Dih.          LJ-14     Coulomb-14
    3.10497e+01    2.02811e+01    5.91376e+00    3.59466e+01    1.32345e+03
        LJ (SR)   Coulomb (SR)   Coul. recip.      Potential    Kinetic En.
    3.72029e+03   -2.93256e+04    3.46698e+02   -2.38420e+04    4.43379e+03
   Total Energy    Temperature Pressure (bar)   Constr. rmsd
   -1.94082e+04    3.03767e+02    3.14077e+02    1.46123e-06

	<======  ###############  ==>
	<====  A V E R A G E S  ====>
	<==  ###############  ======>

	Statistics over 21 steps using 2 frames

   Energies (kJ/mol)
          Angle    Proper Dih.  Improper Dih.          LJ-14     Coulomb-14
    3.88681e+01    2.07087e+01    3.73337e+00    3.39345e+01    1.32039e+03
        LJ (SR)   Coulomb (SR)   Coul. recip.      Potential    Kinetic En.
    3.77164e+03   -2.93374e+04    3.42144e+02   -2.38060e+04    4.49807e+03
   Total Energy    Temperature Pressure (bar)   Constr. rmsd
   -1.93079e+04    3.08170e+02    4.57292e+02    0.00000e+00

          Box-X          Box-Y          Box-Z
    2.33616e+00    4.67233e+00    1.65192e+00

   Total Virial (kJ/mol)
    1.15394e+03   -6.20736e+01    1.19104e+02
   -6.20736e+01    1.53156e+03    6.13516e+01
    1.19104e+02    6.13516e+01    1.06799e+03

   Pressure (bar)
    6.90925e+02    1.68535e+02   -2.27768e+02
    1.68535e+02   -4.19959e+01   -1.36765e+02
   -2.27768e+02   -1.36765e+02    7.22948e+02


	M E G A - F L O P S   A C C O U N T I N G

 NB=Group-cutoff nonbonded kernels    NxN=N-by-N cluster Verlet kernels
 RF=Reaction-Field  VdW=Van der Waals  QSTab=quadratic-spline table
 W3=SPC/TIP3p  W4=TIP4p (single or pairs)
 V&F=Potential and force  V=Potential only  F=Force only

 Computing:                               M-Number         M-Flops  % Flops
-----------------------------------------------------------------------------
 Pair Search distance check               1.343566          12.092     2.2
 NxN QSTab Elec. + LJ [F]                 5.390488         221.010    39.7
 NxN QSTab Elec. + LJ [V&F]               0.567616          33.489     6.0
 NxN QSTab Elec. [F]                      5.105992         173.604    31.2
 NxN QSTab Elec. [V&F]                    0.537664          22.044     4.0
 1,4 nonbonded interactions               0.002058           0.185     0.0
 Calc Weights                             0.112707           4.057     0.7
 Spread Q Bspline                         2.404416           4.809     0.9
 Gather F Bspline                         2.404416          14.426     2.6
 3D-FFT                                   7.986174          63.889    11.5
 Solve PME                                0.012096           0.774     0.1
 Shift-X                                  0.005367           0.032     0.0
 Angles                                   0.000882           0.148     0.0
 Propers                                  0.001260           0.289     0.1
 Impropers                                0.000126           0.026     0.0
 Virial                                   0.005502           0.099     0.0
 Stop-CM                                  0.003578           0.036     0.0
 P-Coupling                               0.003578           0.021     0.0
 Calc-Ekin                                0.010734           0.290     0.1
 Lincs                                    0.000736           0.044     0.0
 Lincs-Mat                                0.012328           0.049     0.0
 Constraint-V                             0.039490           0.316     0.1
 Constraint-Vir                           0.005289           0.127     0.0
 Settle                                   0.013271           4.287     0.8
 Virtual Site 3                           0.000288           0.011     0.0
 Virtual Site 3fd                         0.000048           0.005     0.0
 Virtual Site 3out                        0.000288           0.025     0.0
 Virtual Site 4fdn                        0.000096           0.024     0.0
-----------------------------------------------------------------------------
 Total                                                     556.210   100.0
-----------------------------------------------------------------------------


     R E A L   C Y C L E   A N D   T I M E   A C C O U N T I N G

On 1 MPI rank

 Computing:          Num   Num      Call    Wall time         Giga-Cycles
                     Ranks Threads  Count      (s)         total sum    %
-----------------------------------------------------------------------------
 Vsite constr.          1    1         21       0.000          0.001   0.0
 Neighbor search        1    1          3       0.031          0.095   2.9
 Force                  1    1         21       0.904          2.725  83.2
 PME mesh               1    1         21       0.085          0.257   7.9
 NB X/F buffer ops.     1    1         39       0.001          0.002   0.1
 Vsite spread           1    1         24       0.000          0.001   0.0
 Write traj.            1    1          2       0.051          0.152   4.7
 Update                 1    1         21       0.001          0.004   0.1
 Constraints            1    1         21       0.006          0.018   0.6
 Rest                                           0.007          0.020   0.6
-----------------------------------------------------------------------------
 Total                                          1.086          3.275 100.0
-----------------------------------------------------------------------------
 Breakdown of PME mesh computation
-----------------------------------------------------------------------------
 PME spread/gather      1    1         42       0.037          0.112   3.4
 PME 3D-FFT             1    1         42       0.040          0.122   3.7
 PME solve Elec         1    1         21       0.008          0.023   0.7
-----------------------------------------------------------------------------

               Core t (s)   Wall t (s)        (%)
       Time:        1.048        1.086       96.5
                 (ns/day)    (hour/ns)
Performance:        8.350        2.874
Finished mdrun on rank 0 Sun Aug 16 12:28:03 2015
