Log file opened on Mon Oct 13 15:16:07 2014
Host: gromacs  pid: 27084  rank ID: 0  number of ranks:  1
GROMACS:    gmx mdrun, VERSION 5.1-dev-20141012-6b359ba (double precision)

GROMACS is written by:
Emile Apol         Rossen Apostolov   Herman J.C. Berendsen Par Bjelkmar       
Aldert van Buuren  Rudi van Drunen    Anton Feenstra     Sebastian Fritsch  
Gerrit Groenhof    Christoph Junghans Peter Kasson       Carsten Kutzner    
Per Larsson        Justin A. Lemkul   Magnus Lundborg    Pieter Meulenhoff  
Erik Marklund      Teemu Murtola      Szilard Pall       Sander Pronk       
Roland Schulz      Alexey Shvetsov    Michael Shirts     Alfons Sijbers     
Peter Tieleman     Christian Wennberg Maarten Wolf       
and the project leaders:
Mark Abraham, Berk Hess, Erik Lindahl, and David van der Spoel

Copyright (c) 1991-2000, University of Groningen, The Netherlands.
Copyright (c) 2001-2014, The GROMACS development team at
Uppsala University, Stockholm University and
the Royal Institute of Technology, Sweden.
check out http://www.gromacs.org for more information.

GROMACS is free software; you can redistribute it and/or modify it
under the terms of the GNU Lesser General Public License
as published by the Free Software Foundation; either version 2.1
of the License, or (at your option) any later version.

GROMACS:      gmx mdrun, VERSION 5.1-dev-20141012-6b359ba (double precision)
Executable:   /nethome/mark/git/master-make-reference/build-cmake-reference-double-gromacs/install/bin/gmx_d
Library dir:  /nethome/mark/git/master-make-reference/share/top
Command line:
  gmx_d mdrun -notunepme

Gromacs version:    VERSION 5.1-dev-20141012-6b359ba
GIT SHA1 hash:      6b359ba8c0025d16168da1af4e5479b6a5e2858f
Precision:          double
Memory model:       64 bit
MPI library:        none
OpenMP support:     disabled
GPU support:        disabled
invsqrt routine:    (1.0/sqrt(x))
SIMD instructions:  NONE
FFT library:        fftpack (built-in)
RDTSCP usage:       enabled
C++11 compilation:  enabled
TNG support:        enabled
Tracing support:    disabled
Built on:           Mon Jun 23 17:41:39 CEST 2014
Built by:           mark@gromacs [CMAKE]
Build OS/arch:      Linux 3.11.0-22-generic x86_64
Build CPU vendor:   GenuineIntel
Build CPU brand:    Intel(R) Core(TM) i7 CPU         920  @ 2.67GHz
Build CPU family:   6   Model: 26   Stepping: 4
Build CPU features: apic clfsh cmov cx8 cx16 htt lahf_lm mmx msr nonstop_tsc pdcm popcnt pse rdtscp sse2 sse3 sse4.1 sse4.2 ssse3
C compiler:         /usr/bin/gcc-4.7 GNU 4.7.3
C compiler flags:       -Wextra -Wno-missing-field-initializers -Wno-sign-compare -Wpointer-arith -Wall -Wno-unused -Wunused-value -Wunused-parameter -Wno-unknown-pragmas  -O0 -g
C++ compiler:       /usr/bin/g++-4.7 GNU 4.7.3
C++ compiler flags:    -std=c++0x  -Wextra -Wno-missing-field-initializers -Wpointer-arith -Wall -Wno-unused-function -Wno-unknown-pragmas  -O0 -g
Boost version:      1.55.0 (internal)



++++ PLEASE READ AND CITE THE FOLLOWING REFERENCE ++++
B. Hess and C. Kutzner and D. van der Spoel and E. Lindahl
GROMACS 4: Algorithms for highly efficient, load-balanced, and scalable
molecular simulation
J. Chem. Theory Comput. 4 (2008) pp. 435-447
-------- -------- --- Thank You --- -------- --------


++++ PLEASE READ AND CITE THE FOLLOWING REFERENCE ++++
D. van der Spoel, E. Lindahl, B. Hess, G. Groenhof, A. E. Mark and H. J. C.
Berendsen
GROMACS: Fast, Flexible and Free
J. Comp. Chem. 26 (2005) pp. 1701-1719
-------- -------- --- Thank You --- -------- --------


++++ PLEASE READ AND CITE THE FOLLOWING REFERENCE ++++
E. Lindahl and B. Hess and D. van der Spoel
GROMACS 3.0: A package for molecular simulation and trajectory analysis
J. Mol. Mod. 7 (2001) pp. 306-317
-------- -------- --- Thank You --- -------- --------


++++ PLEASE READ AND CITE THE FOLLOWING REFERENCE ++++
H. J. C. Berendsen, D. van der Spoel and R. van Drunen
GROMACS: A message-passing parallel molecular dynamics implementation
Comp. Phys. Comm. 91 (1995) pp. 43-56
-------- -------- --- Thank You --- -------- --------

Input Parameters:
   integrator                     = md
   tinit                          = 0
   dt                             = 0.002
   nsteps                         = 10
   init-step                      = 0
   simulation-part                = 1
   comm-mode                      = Angular
   nstcomm                        = 100
   bd-fric                        = 0
   ld-seed                        = 1993
   emtol                          = 20
   emstep                         = 0.01
   niter                          = 20
   fcstep                         = 0
   nstcgsteep                     = 200
   nbfgscorr                      = 10
   rtpi                           = 0.05
   nstxout                        = 10
   nstvout                        = 10
   nstfout                        = 10
   nstlog                         = 0
   nstcalcenergy                  = 10
   nstenergy                      = 10
   nstxout-compressed             = 0
   compressed-x-precision         = 1000
   cutoff-scheme                  = Group
   nstlist                        = 10
   ns-type                        = Grid
   pbc                            = no
   periodic-molecules             = FALSE
   verlet-buffer-tolerance        = 0.005
   rlist                          = 5
   rlistlong                      = 5
   nstcalclr                      = 0
   coulombtype                    = Cut-off
   coulomb-modifier               = None
   rcoulomb-switch                = 0
   rcoulomb                       = 5
   epsilon-r                      = 1
   epsilon-rf                     = 1
   vdw-type                       = Cut-off
   vdw-modifier                   = None
   rvdw-switch                    = 0
   rvdw                           = 5
   DispCorr                       = No
   table-extension                = 1
   fourierspacing                 = 0.12
   fourier-nx                     = 0
   fourier-ny                     = 0
   fourier-nz                     = 0
   pme-order                      = 4
   ewald-rtol                     = 1e-05
   ewald-rtol-lj                  = 0.001
   lj-pme-comb-rule               = Geometric
   ewald-geometry                 = 0
   epsilon-surface                = 0
   implicit-solvent               = No
   gb-algorithm                   = Still
   nstgbradii                     = 1
   rgbradii                       = 2
   gb-epsilon-solvent             = 80
   gb-saltconc                    = 0
   gb-obc-alpha                   = 1
   gb-obc-beta                    = 0.8
   gb-obc-gamma                   = 4.85
   gb-dielectric-offset           = 0.009
   sa-algorithm                   = Ace-approximation
   sa-surface-tension             = 2.05016
   tcoupl                         = V-rescale
   nsttcouple                     = 10
   nh-chain-length                = 0
   print-nose-hoover-chain-variables = FALSE
   pcoupl                         = No
   pcoupltype                     = Isotropic
   nstpcouple                     = -1
   tau-p                          = 1
   compressibility (3x3):
      compressibility[    0]={ 0.00000e+00,  0.00000e+00,  0.00000e+00}
      compressibility[    1]={ 0.00000e+00,  0.00000e+00,  0.00000e+00}
      compressibility[    2]={ 0.00000e+00,  0.00000e+00,  0.00000e+00}
   ref-p (3x3):
      ref-p[    0]={ 0.00000e+00,  0.00000e+00,  0.00000e+00}
      ref-p[    1]={ 0.00000e+00,  0.00000e+00,  0.00000e+00}
      ref-p[    2]={ 0.00000e+00,  0.00000e+00,  0.00000e+00}
   refcoord-scaling               = No
   posres-com (3):
      posres-com[0]= 0.00000e+00
      posres-com[1]= 0.00000e+00
      posres-com[2]= 0.00000e+00
   posres-comB (3):
      posres-comB[0]= 0.00000e+00
      posres-comB[1]= 0.00000e+00
      posres-comB[2]= 0.00000e+00
   QMMM                           = FALSE
   QMconstraints                  = 0
   QMMMscheme                     = 0
   MMChargeScaleFactor            = 1
qm-opts:
   ngQM                           = 0
   constraint-algorithm           = Lincs
   continuation                   = FALSE
   Shake-SOR                      = FALSE
   shake-tol                      = 0.0001
   lincs-order                    = 3
   lincs-iter                     = 2
   lincs-warnangle                = 30
   nwall                          = 0
   wall-type                      = 9-3
   wall-r-linpot                  = -1
   wall-atomtype[0]               = -1
   wall-atomtype[1]               = -1
   wall-density[0]                = 0
   wall-density[1]                = 0
   wall-ewald-zfac                = 3
   pull                           = no
   rotation                       = FALSE
   interactiveMD                  = FALSE
   disre                          = No
   disre-weighting                = Equal
   disre-mixed                    = FALSE
   dr-fc                          = 200
   dr-tau                         = 0
   nstdisreout                    = 20
   orire-fc                       = 0
   orire-tau                      = 0
   nstorireout                    = 20
   free-energy                    = no
   cos-acceleration               = 0
   deform (3x3):
      deform[    0]={ 0.00000e+00,  0.00000e+00,  0.00000e+00}
      deform[    1]={ 0.00000e+00,  0.00000e+00,  0.00000e+00}
      deform[    2]={ 0.00000e+00,  0.00000e+00,  0.00000e+00}
   simulated-tempering            = FALSE
   E-x:
      n = 0
   E-xt:
      n = 0
   E-y:
      n = 0
   E-yt:
      n = 0
   E-z:
      n = 0
   E-zt:
      n = 0
   swapcoords                     = no
   adress                         = FALSE
   userint1                       = 0
   userint2                       = 0
   userint3                       = 0
   userint4                       = 0
   userreal1                      = 0
   userreal2                      = 0
   userreal3                      = 0
   userreal4                      = 0
grpopts:
   nrdf:        2531
   ref-t:         300
   tau-t:         0.1
annealing:          No
annealing-npoints:           0
   acc:	           0           0           0
   nfreeze:           N           N           N
   energygrp-flags[  0]: 0

Detecting CPU SIMD instructions.
Present hardware specification:
Vendor: GenuineIntel
Brand:  Intel(R) Core(TM) i7 CPU         920  @ 2.67GHz
Family:  6  Model: 26  Stepping:  4
Features: apic clfsh cmov cx8 cx16 htt lahf_lm mmx msr nonstop_tsc pdcm popcnt pse rdtscp sse2 sse3 sse4.1 sse4.2 ssse3
SIMD instructions most likely to fit this hardware: SSE4.1
SIMD instructions selected at GROMACS compile time: None


Binary not matching hardware - you might be losing performance.
SIMD instructions most likely to fit this hardware: SSE4.1
SIMD instructions selected at GROMACS compile time: None


NOTE: This file uses the deprecated 'group' cutoff_scheme. This will be
removed in a future release when 'verlet' supports all interaction forms.

Table routines are used for coulomb: FALSE
Table routines are used for vdw:     FALSE
Cut-off's:   NS: 5   Coulomb: 5   LJ: 5
System total charge: 0.000
Generated table with 12000 data points for 1-4 COUL.
Tabscale = 2000 points/nm
Generated table with 12000 data points for 1-4 LJ6.
Tabscale = 2000 points/nm
Generated table with 12000 data points for 1-4 LJ12.
Tabscale = 2000 points/nm
Potential shift: LJ r^-12: 0.000e+00 r^-6: 0.000e+00, Coulomb -0e+00

Initializing LINear Constraint Solver

++++ PLEASE READ AND CITE THE FOLLOWING REFERENCE ++++
B. Hess and H. Bekker and H. J. C. Berendsen and J. G. E. M. Fraaije
LINCS: A Linear Constraint Solver for molecular simulations
J. Comp. Chem. 18 (1997) pp. 1463-1472
-------- -------- --- Thank You --- -------- --------

The number of constraints is 484
Center of mass motion removal mode is Angular
We have the following groups for center of mass motion removal:
  0:  rest

++++ PLEASE READ AND CITE THE FOLLOWING REFERENCE ++++
G. Bussi, D. Donadio and M. Parrinello
Canonical sampling through velocity rescaling
J. Chem. Phys. 126 (2007) pp. 014101
-------- -------- --- Thank You --- -------- --------

There are: 1007 Atoms

Constraining the starting coordinates (step 0)

Constraining the coordinates at t0-dt (step 0)
RMS relative constraint deviation after constraining: 7.97e-09
Initial temperature: 306.146 K

Started mdrun on rank 0 Mon Oct 13 15:16:07 2014
           Step           Time         Lambda
              0        0.00000        0.00000


Grid: 6 x 5 x 5 cells
   Energies (kJ/mol)
           Bond            U-B    Proper Dih.  Improper Dih.      CMAP Dih.
    8.49569e+02    2.38782e+03    1.86323e+03    1.57600e+02   -3.65167e+02
          LJ-14     Coulomb-14        LJ (SR)   Coulomb (SR) Position Rest.
    9.32331e+02    1.40818e+04   -1.22302e+03   -2.00907e+04    5.96567e-05
      Potential    Kinetic En.   Total Energy  Conserved En.    Temperature
   -1.40652e+03    3.19548e+03    1.78896e+03    1.78896e+03    3.03695e+02
 Pressure (bar)   Constr. rmsd
    0.00000e+00    6.76727e-09

           Step           Time         Lambda
             10        0.02000        0.00000

Writing checkpoint, step 10 at Mon Oct 13 15:16:07 2014


   Energies (kJ/mol)
           Bond            U-B    Proper Dih.  Improper Dih.      CMAP Dih.
    9.62320e+02    2.29609e+03    1.86001e+03    1.51441e+02   -3.94423e+02
          LJ-14     Coulomb-14        LJ (SR)   Coulomb (SR) Position Rest.
    8.97020e+02    1.40934e+04   -1.25953e+03   -2.00021e+04    9.26035e+00
      Potential    Kinetic En.   Total Energy  Conserved En.    Temperature
   -1.38651e+03    3.19771e+03    1.81120e+03    1.78301e+03    3.03907e+02
 Pressure (bar)   Constr. rmsd
    0.00000e+00    1.15440e-08

	<======  ###############  ==>
	<====  A V E R A G E S  ====>
	<==  ###############  ======>

	Statistics over 11 steps using 2 frames

   Energies (kJ/mol)
           Bond            U-B    Proper Dih.  Improper Dih.      CMAP Dih.
    9.05944e+02    2.34195e+03    1.86162e+03    1.54520e+02   -3.79795e+02
          LJ-14     Coulomb-14        LJ (SR)   Coulomb (SR) Position Rest.
    9.14676e+02    1.40876e+04   -1.24127e+03   -2.00464e+04    4.63021e+00
      Potential    Kinetic En.   Total Energy  Conserved En.    Temperature
   -1.39652e+03    3.19660e+03    1.80008e+03    1.78598e+03    3.03801e+02
 Pressure (bar)   Constr. rmsd
    0.00000e+00    0.00000e+00

   Total Virial (kJ/mol)
    1.08211e+03    1.07967e+02   -6.34426e+01
    1.07967e+02    1.65374e+03    4.59593e+01
   -6.34426e+01    4.59593e+01    1.17403e+03

   Pressure (bar)
    0.00000e+00    0.00000e+00    0.00000e+00
    0.00000e+00    0.00000e+00    0.00000e+00
    0.00000e+00    0.00000e+00    0.00000e+00


	M E G A - F L O P S   A C C O U N T I N G

 NB=Group-cutoff nonbonded kernels    NxN=N-by-N cluster Verlet kernels
 RF=Reaction-Field  VdW=Van der Waals  QSTab=quadratic-spline table
 W3=SPC/TIP3p  W4=TIP4p (single or pairs)
 V&F=Potential and force  V=Potential only  F=Force only

 Computing:                               M-Number         M-Flops  % Flops
-----------------------------------------------------------------------------
 NB VdW [V&F]                             0.928251           0.928     0.4
 NB VdW [F]                               3.456324           3.456     1.5
 NB VdW & Elec. [V&F]                    39.006270          39.006    17.4
 NB VdW & Elec. [F]                     149.201217         149.201    66.6
 1,4 nonbonded interactions               0.029183           2.626     1.2
 NS-Pairs                                 1.015056          21.316     9.5
 CG-CoM                                   0.002014           0.006     0.0
 Bonds                                    0.006017           0.355     0.2
 Propers                                  0.025916           5.935     2.6
 Impropers                                0.001870           0.389     0.2
 Pos. Restr.                              0.002112           0.106     0.0
 Virial                                   0.002104           0.038     0.0
 Stop-CM                                  0.002014           0.020     0.0
 Calc-Ekin                                0.004028           0.109     0.0
 Lincs                                    0.006292           0.378     0.2
 Lincs-Mat                                0.024050           0.096     0.0
 Constraint-V                             0.011616           0.093     0.0
 Constraint-Vir                           0.000968           0.023     0.0
 (null)                                   0.000682           0.000     0.0
-----------------------------------------------------------------------------
 Total                                                     224.082   100.0
-----------------------------------------------------------------------------


     R E A L   C Y C L E   A N D   T I M E   A C C O U N T I N G

On 1 MPI rank

 Computing:          Num   Num      Call    Wall time         Giga-Cycles
                     Ranks Threads  Count      (s)         total sum    %
-----------------------------------------------------------------------------
 Neighbor search        1    1          2       0.068          0.181  14.1
 Force                  1    1         11       0.393          1.054  81.8
 Write traj.            1    1          2       0.014          0.038   2.9
 Update                 1    1         11       0.000          0.001   0.1
 Constraints            1    1         11       0.003          0.007   0.6
 Rest                                           0.003          0.007   0.5
-----------------------------------------------------------------------------
 Total                                          0.480          1.289 100.0
-----------------------------------------------------------------------------

               Core t (s)   Wall t (s)        (%)
       Time:        0.475        0.480       98.8
                 (ns/day)    (hour/ns)
Performance:        3.956        6.066
Finished mdrun on rank 0 Mon Oct 13 15:16:07 2014
