Log file opened on Sat Nov 24 15:26:14 2012
Host: tcbs06  pid: 17646  nodeid: 0  nnodes:  1
Gromacs version:    VERSION 4.6-dev-20121124-6e1d465
GIT SHA1 hash:      6e1d46575eef5fbf043f62c0c8c7ce961889d115
Branched from:      31e68351b028af5d2618969685938510ed40a455 (1 newer local commits)
Precision:          single
MPI library:        thread_mpi
OpenMP support:     disabled
GPU support:        disabled
Software invsqrt:   disabled
CPU acceleration:   None
FFT library:        fftpack (built-in)
Large file support: enabled
RDTSCP usage:       enabled
Built on:           Sat Nov 24 15:15:24 CET 2012
Built by:           lindahl@tcbs06 [CMAKE]
Build OS/arch:      Linux 3.2.0-29-generic x86_64
Build CPU vendor:   AuthenticAMD
Build CPU brand:    AMD Opteron(TM) Processor 6274
Build CPU family:   21   Model: 1   Stepping: 2
Build CPU features: aes apic avx clfsh cmov cx8 cx16 fma4 htt lahf_lm misalignsse mmx msr nonstop_tsc pclmuldq pdpe1gb popcnt pse rdtscp sse2 sse3 sse4a sse4.1 sse4.2 ssse3 xop
C compiler:         /usr/bin/gcc-4.7 GNU gcc-4.7 (Ubuntu/Linaro 4.7.2-4precise1) 4.7.2
C compiler flags:    -Wextra -Wno-missing-field-initializers -Wno-sign-compare -Wall -Wno-unused -Wunused-value  


                         :-)  G  R  O  M  A  C  S  (-:

                   Groningen Machine for Chemical Simulation

                   :-)  VERSION 4.6-dev-20121124-6e1d465  (-:

        Written by Emile Apol, Rossen Apostolov, Herman J.C. Berendsen,
      Aldert van Buuren, Pär Bjelkmar, Rudi van Drunen, Anton Feenstra, 
        Gerrit Groenhof, Peter Kasson, Per Larsson, Pieter Meulenhoff, 
           Teemu Murtola, Szilard Pall, Sander Pronk, Roland Schulz, 
                Michael Shirts, Alfons Sijbers, Peter Tieleman,

               Berk Hess, David van der Spoel, and Erik Lindahl.

       Copyright (c) 1991-2000, University of Groningen, The Netherlands.
            Copyright (c) 2001-2010, The GROMACS development team at
        Uppsala University & The Royal Institute of Technology, Sweden.
            check out http://www.gromacs.org for more information.

         This program is free software; you can redistribute it and/or
          modify it under the terms of the GNU General Public License
         as published by the Free Software Foundation; either version 2
             of the License, or (at your option) any later version.

                                :-)  mdrun  (-:


++++ PLEASE READ AND CITE THE FOLLOWING REFERENCE ++++
B. Hess and C. Kutzner and D. van der Spoel and E. Lindahl
GROMACS 4: Algorithms for highly efficient, load-balanced, and scalable
molecular simulation
J. Chem. Theory Comput. 4 (2008) pp. 435-447
-------- -------- --- Thank You --- -------- --------


++++ PLEASE READ AND CITE THE FOLLOWING REFERENCE ++++
D. van der Spoel, E. Lindahl, B. Hess, G. Groenhof, A. E. Mark and H. J. C.
Berendsen
GROMACS: Fast, Flexible and Free
J. Comp. Chem. 26 (2005) pp. 1701-1719
-------- -------- --- Thank You --- -------- --------


++++ PLEASE READ AND CITE THE FOLLOWING REFERENCE ++++
E. Lindahl and B. Hess and D. van der Spoel
GROMACS 3.0: A package for molecular simulation and trajectory analysis
J. Mol. Mod. 7 (2001) pp. 306-317
-------- -------- --- Thank You --- -------- --------


++++ PLEASE READ AND CITE THE FOLLOWING REFERENCE ++++
H. J. C. Berendsen, D. van der Spoel and R. van Drunen
GROMACS: A message-passing parallel molecular dynamics implementation
Comp. Phys. Comm. 91 (1995) pp. 43-56
-------- -------- --- Thank You --- -------- --------

Input Parameters:
   integrator           = md
   nsteps               = 20
   init-step            = 0
   cutoff-scheme        = Group
   ns_type              = Grid
   nstlist              = 10
   ndelta               = 2
   nstcomm              = 1
   comm-mode            = Linear
   nstlog               = 0
   nstxout              = 20
   nstvout              = 20
   nstfout              = 20
   nstcalcenergy        = 1
   nstenergy            = 1
   nstxtcout            = 0
   init-t               = 0
   delta-t              = 0.002
   xtcprec              = 1000
   fourierspacing       = 0.12
   nkx                  = 10
   nky                  = 10
   nkz                  = 10
   pme-order            = 4
   ewald-rtol           = 1e-05
   ewald-geometry       = 0
   epsilon-surface      = 0
   optimize-fft         = FALSE
   ePBC                 = xyz
   bPeriodicMols        = FALSE
   bContinuation        = FALSE
   bShakeSOR            = TRUE
   etc                  = Berendsen
   bPrintNHChains       = FALSE
   nsttcouple           = 10
   epc                  = No
   epctype              = Isotropic
   nstpcouple           = -1
   tau-p                = 1
   ref-p (3x3):
      ref-p[    0]={ 0.00000e+00,  0.00000e+00,  0.00000e+00}
      ref-p[    1]={ 0.00000e+00,  0.00000e+00,  0.00000e+00}
      ref-p[    2]={ 0.00000e+00,  0.00000e+00,  0.00000e+00}
   compress (3x3):
      compress[    0]={ 0.00000e+00,  0.00000e+00,  0.00000e+00}
      compress[    1]={ 0.00000e+00,  0.00000e+00,  0.00000e+00}
      compress[    2]={ 0.00000e+00,  0.00000e+00,  0.00000e+00}
   refcoord-scaling     = No
   posres-com (3):
      posres-com[0]= 0.00000e+00
      posres-com[1]= 0.00000e+00
      posres-com[2]= 0.00000e+00
   posres-comB (3):
      posres-comB[0]= 0.00000e+00
      posres-comB[1]= 0.00000e+00
      posres-comB[2]= 0.00000e+00
   verlet-buffer-drift  = 0.005
   rlist                = 1
   rlistlong            = 1
   nstcalclr            = 0
   rtpi                 = 0.05
   coulombtype          = Cut-off
   coulomb-modifier     = None
   rcoulomb-switch      = 0
   rcoulomb             = 1
   vdwtype              = Cut-off
   vdw-modifier         = None
   rvdw-switch          = 0
   rvdw                 = 1
   epsilon-r            = 1
   epsilon-rf           = 1
   tabext               = 1
   implicit-solvent     = No
   gb-algorithm         = Still
   gb-epsilon-solvent   = 80
   nstgbradii           = 0
   rgbradii             = 0
   gb-saltconc          = 0
   gb-obc-alpha         = 1
   gb-obc-beta          = 0.8
   gb-obc-gamma         = 4.85
   gb-dielectric-offset = 0.009
   sa-algorithm         = Ace-approximation
   sa-surface-tension   = 2.05016
   DispCorr             = No
   bSimTemp             = FALSE
   free-energy          = no
   nwall                = 0
   wall-type            = 9-3
   wall-atomtype[0]     = -1
   wall-atomtype[1]     = -1
   wall-density[0]      = 0
   wall-density[1]      = 0
   wall-ewald-zfac      = 3
   pull                 = no
   rotation             = FALSE
   disre                = No
   disre-weighting      = Equal
   disre-mixed          = FALSE
   dr-fc                = 1000
   dr-tau               = 1.25
   nstdisreout          = 100
   orires-fc            = 0
   orires-tau           = 0
   nstorireout          = 0
   dihre-fc             = 0
   em-stepsize          = 0.1
   em-tol               = 0.001
   niter                = 20
   fc-stepsize          = 0
   nstcgsteep           = 1000
   nbfgscorr            = 10
   ConstAlg             = Lincs
   shake-tol            = 0.0001
   lincs-order          = 4
   lincs-warnangle      = 30
   lincs-iter           = 1
   bd-fric              = 0
   ld-seed              = 1993
   cos-accel            = 0
   deform (3x3):
      deform[    0]={ 0.00000e+00,  0.00000e+00,  0.00000e+00}
      deform[    1]={ 0.00000e+00,  0.00000e+00,  0.00000e+00}
      deform[    2]={ 0.00000e+00,  0.00000e+00,  0.00000e+00}
   adress               = FALSE
   userint1             = 0
   userint2             = 0
   userint3             = 0
   userint4             = 0
   userreal1            = 0
   userreal2            = 0
   userreal3            = 0
   userreal4            = 0
grpopts:
   nrdf:     1049.07     2331.93
   ref-t:         300         300
   tau-t:         0.1         0.1
anneal:          No          No
ann-npoints:           0           0
   acc:	           0           0           0
   nfreeze:           N           N           N
   energygrp-flags[  0]: 0 0
   energygrp-flags[  1]: 0 0
   efield-x:
      n = 0
   efield-xt:
      n = 0
   efield-y:
      n = 0
   efield-yt:
      n = 0
   efield-z:
      n = 0
   efield-zt:
      n = 0
   bQMMM                = FALSE
   QMconstraints        = 0
   QMMMscheme           = 0
   scalefactor          = 1
qm-opts:
   ngQM                 = 0
Using 1 MPI thread

Detecting CPU-specific acceleration.
Present hardware specification:
Vendor: AuthenticAMD
Brand:  AMD Opteron(TM) Processor 6274                 
Family: 21  Model:  1  Stepping:  2
Features: aes apic avx clfsh cmov cx8 cx16 fma4 htt lahf_lm misalignsse mmx msr nonstop_tsc pclmuldq pdpe1gb popcnt pse rdtscp sse2 sse3 sse4a sse4.1 sse4.2 ssse3 xop
Acceleration most likely to fit this hardware: AVX_128_FMA
Acceleration selected at GROMACS compile time: None

WARNING! Binary not matching hardware - you are likely losing performance.

Table routines are used for coulomb: FALSE
Table routines are used for vdw:     FALSE
Cut-off's:   NS: 1   Coulomb: 1   LJ: 1
System total charge: 0.000

Enabling SPC-like water optimization for 389 molecules.

Potential shift: LJ r^-12: 0.000 r^-6 0.000, Coulomb 0.000
Removing pbc first time

Initializing LINear Constraint Solver

++++ PLEASE READ AND CITE THE FOLLOWING REFERENCE ++++
B. Hess and H. Bekker and H. J. C. Berendsen and J. G. E. M. Fraaije
LINCS: A Linear Constraint Solver for molecular simulations
J. Comp. Chem. 18 (1997) pp. 1463-1472
-------- -------- --- Thank You --- -------- --------

The number of constraints is 450

++++ PLEASE READ AND CITE THE FOLLOWING REFERENCE ++++
S. Miyamoto and P. A. Kollman
SETTLE: An Analytical Version of the SHAKE and RATTLE Algorithms for Rigid
Water Models
J. Comp. Chem. 13 (1992) pp. 952-962
-------- -------- --- Thank You --- -------- --------

Center of mass motion removal mode is Linear
We have the following groups for center of mass motion removal:
  0:  rest

++++ PLEASE READ AND CITE THE FOLLOWING REFERENCE ++++
H. J. C. Berendsen, J. P. M. Postma, A. DiNola and J. R. Haak
Molecular dynamics with coupling to an external bath
J. Chem. Phys. 81 (1984) pp. 3684-3690
-------- -------- --- Thank You --- -------- --------

There are: 1667 Atoms
Max number of connections per atom is 12
Total number of connections is 6156
Max number of graph edges per atom is 2
Total number of graph edges is 2456

Constraining the starting coordinates (step 0)

Constraining the coordinates at t0-dt (step 0)
RMS relative constraint deviation after constraining: 4.86e-07
Initial temperature: 6.70017e-07 K

Started mdrun on node 0 Sat Nov 24 15:26:14 2012

           Step           Time         Lambda
              0        0.00000        0.00000

NB kernel nb_kernel_ElecCoul_VdwLJ_GeomP1P1_VF_c() with architecture 'c' used for neighborlist with
    Elec: 'Coulomb', Modifier: 'None'
    Vdw:  'Lennard-Jones', Modifier: 'None'
    Geom: 'Particle-Particle', Other: '', Calc: 'PotentialAndForce'

NB kernel nb_kernel_ElecCoul_VdwLJ_GeomP1P1_F_c() with architecture 'c' used for neighborlist with
    Elec: 'Coulomb', Modifier: 'None'
    Vdw:  'Lennard-Jones', Modifier: 'None'
    Geom: 'Particle-Particle', Other: '', Calc: 'Force'

NB kernel nb_kernel_ElecNone_VdwLJ_GeomP1P1_VF_c() with architecture 'c' used for neighborlist with
    Elec: 'None', Modifier: 'None'
    Vdw:  'Lennard-Jones', Modifier: 'None'
    Geom: 'Particle-Particle', Other: '', Calc: 'PotentialAndForce'

NB kernel nb_kernel_ElecNone_VdwLJ_GeomP1P1_F_c() with architecture 'c' used for neighborlist with
    Elec: 'None', Modifier: 'None'
    Vdw:  'Lennard-Jones', Modifier: 'None'
    Geom: 'Particle-Particle', Other: '', Calc: 'Force'

NB kernel nb_kernel_ElecCoul_VdwNone_GeomP1P1_VF_c() with architecture 'c' used for neighborlist with
    Elec: 'Coulomb', Modifier: 'None'
    Vdw:  'None', Modifier: 'None'
    Geom: 'Particle-Particle', Other: '', Calc: 'PotentialAndForce'

NB kernel nb_kernel_ElecCoul_VdwNone_GeomP1P1_F_c() with architecture 'c' used for neighborlist with
    Elec: 'Coulomb', Modifier: 'None'
    Vdw:  'None', Modifier: 'None'
    Geom: 'Particle-Particle', Other: '', Calc: 'Force'

NB kernel nb_kernel_ElecCoul_VdwLJ_GeomW3P1_VF_c() with architecture 'c' used for neighborlist with
    Elec: 'Coulomb', Modifier: 'None'
    Vdw:  'Lennard-Jones', Modifier: 'None'
    Geom: 'Water3-Particle', Other: '', Calc: 'PotentialAndForce'

NB kernel nb_kernel_ElecCoul_VdwLJ_GeomW3P1_F_c() with architecture 'c' used for neighborlist with
    Elec: 'Coulomb', Modifier: 'None'
    Vdw:  'Lennard-Jones', Modifier: 'None'
    Geom: 'Water3-Particle', Other: '', Calc: 'Force'

NB kernel nb_kernel_ElecCoul_VdwNone_GeomW3P1_VF_c() with architecture 'c' used for neighborlist with
    Elec: 'Coulomb', Modifier: 'None'
    Vdw:  'None', Modifier: 'None'
    Geom: 'Water3-Particle', Other: '', Calc: 'PotentialAndForce'

NB kernel nb_kernel_ElecCoul_VdwNone_GeomW3P1_F_c() with architecture 'c' used for neighborlist with
    Elec: 'Coulomb', Modifier: 'None'
    Vdw:  'None', Modifier: 'None'
    Geom: 'Water3-Particle', Other: '', Calc: 'Force'

NB kernel nb_kernel_ElecCoul_VdwLJ_GeomW3W3_VF_c() with architecture 'c' used for neighborlist with
    Elec: 'Coulomb', Modifier: 'None'
    Vdw:  'Lennard-Jones', Modifier: 'None'
    Geom: 'Water3-Water3', Other: '', Calc: 'PotentialAndForce'

NB kernel nb_kernel_ElecCoul_VdwLJ_GeomW3W3_F_c() with architecture 'c' used for neighborlist with
    Elec: 'Coulomb', Modifier: 'None'
    Vdw:  'Lennard-Jones', Modifier: 'None'
    Geom: 'Water3-Water3', Other: '', Calc: 'Force'

NB kernel nb_kernel_ElecCoul_VdwNone_GeomW3W3_VF_c() with architecture 'c' used for neighborlist with
    Elec: 'Coulomb', Modifier: 'None'
    Vdw:  'None', Modifier: 'None'
    Geom: 'Water3-Water3', Other: '', Calc: 'PotentialAndForce'

NB kernel nb_kernel_ElecCoul_VdwNone_GeomW3W3_F_c() with architecture 'c' used for neighborlist with
    Elec: 'Coulomb', Modifier: 'None'
    Vdw:  'None', Modifier: 'None'
    Geom: 'Water3-Water3', Other: '', Calc: 'Force'


Grid: 7 x 4 x 4 cells
   Energies (kJ/mol)
          Angle Ryckaert-Bell.        LJ (SR)   Coulomb (SR)      Potential
    3.34210e+01    8.72330e+01   -2.56973e+02   -2.04821e+04   -2.06185e+04
    Kinetic En.   Total Energy    Temperature Pressure (bar)   Constr. rmsd
    5.00773e-01   -2.06180e+04    3.56278e-02   -2.50142e+03    6.34241e-07

           Step           Time         Lambda
             20        0.04000        0.00000

Writing checkpoint, step 20 at Sat Nov 24 15:26:14 2012


   Energies (kJ/mol)
          Angle Ryckaert-Bell.        LJ (SR)   Coulomb (SR)      Potential
    3.33975e+01    8.39042e+01   -2.06610e+02   -2.06728e+04   -2.07621e+04
    Kinetic En.   Total Energy    Temperature Pressure (bar)   Constr. rmsd
    1.77252e+02   -2.05848e+04    1.26107e+01   -2.51793e+03    5.75815e-07

	<======  ###############  ==>
	<====  A V E R A G E S  ====>
	<==  ###############  ======>

	Statistics over 21 steps using 21 frames

   Energies (kJ/mol)
          Angle Ryckaert-Bell.        LJ (SR)   Coulomb (SR)      Potential
    3.08275e+01    8.60312e+01   -2.40939e+02   -2.05556e+04   -2.06796e+04
    Kinetic En.   Total Energy    Temperature Pressure (bar)   Constr. rmsd
    7.65919e+01   -2.06031e+04    5.44918e+00   -2.52068e+03    0.00000e+00

   Total Virial (kJ/mol)
    9.96084e+02    5.42918e+01   -9.93603e+01
    5.44949e+01    2.75319e+03    1.55130e+02
   -9.92943e+01    1.55032e+02    2.85798e+03

   Pressure (bar)
   -1.12021e+03   -6.08097e+01    1.14565e+02
   -6.10449e+01   -3.15952e+03   -1.77978e+02
    1.14488e+02   -1.77865e+02   -3.28230e+03

  Epot (kJ/mol)        Coul-SR          LJ-SR   
        C10-C10    0.00000e+00   -2.65880e+03
        C10-SOL    0.00000e+00   -5.38486e+02
        SOL-SOL   -2.05556e+04    2.95634e+03

          T-C10          T-SOL
    1.88324e+00    7.05339e+00


	M E G A - F L O P S   A C C O U N T I N G

 NB=Group-cutoff nonbonded kernels    NxN=N-by-N tile Verlet kernels
 RF=Reaction-Field  VdW=Van der Waals  CSTab=Cubic-spline table
 W3=SPC/TIP3p  W4=TIP4p (single or pairs)
 V&F=Potential and force  V=Potential only  F=Force only

 Computing:                               M-Number         M-Flops  % Flops
-----------------------------------------------------------------------------
 NB VdW [V&F]                            23.434210          23.434    14.6
 NB VdW & Elec. [W3-W3,V&F]             115.602407         115.602    71.8
 NS-Pairs                                 0.529748          11.125     6.9
 Reset In Box                             0.002667           0.008     0.0
 Shift-X                                  0.070014           0.420     0.3
 CG-CoM                                   0.005001           0.015     0.0
 Angles                                   0.008400           1.411     0.9
 RB-Dihedrals                             0.007350           1.815     1.1
 Virial                                   0.035952           0.647     0.4
 Stop-CM                                  0.036674           0.367     0.2
 Calc-Ekin                                0.036674           0.990     0.6
 Lincs                                    0.010350           0.621     0.4
 Lincs-Mat                                0.110400           0.442     0.3
 Constraint-V                             0.045474           0.364     0.2
 Constraint-Vir                           0.033957           0.815     0.5
 Settle                                   0.008947           2.890     1.8
-----------------------------------------------------------------------------
 Total                                                     160.966   100.0
-----------------------------------------------------------------------------


     R E A L   C Y C L E   A N D   T I M E   A C C O U N T I N G

 Computing:         Nodes   Th.     Count  Wall t (s)     G-Cycles       %
-----------------------------------------------------------------------------
 Neighbor search        1    1          3       0.053        0.116    11.5
 Force                  1    1         21       0.341        0.753    74.4
 Write traj.            1    1          2       0.035        0.078     7.7
 Update                 1    1         21       0.003        0.007     0.7
 Constraints            1    1         21       0.014        0.031     3.1
 Rest                   1                       0.012        0.026     2.6
-----------------------------------------------------------------------------
 Total                  1                       0.458        1.012   100.0
-----------------------------------------------------------------------------

               Core t (s)   Wall t (s)        (%)
       Time:        0.440        0.458       96.0
                 (ns/day)    (hour/ns)
Performance:        7.916        3.032
Finished mdrun on node 0 Sat Nov 24 15:26:14 2012
