Log file opened on Sun Nov 25 12:18:36 2012
Host: tcbs06  pid: 15840  nodeid: 0  nnodes:  1
Gromacs version:    VERSION 4.6-dev-20121124-6e1d465-dirty
GIT SHA1 hash:      6e1d46575eef5fbf043f62c0c8c7ce961889d115 (dirty)
Branched from:      31e68351b028af5d2618969685938510ed40a455 (1 newer local commits)
Precision:          single
MPI library:        none
OpenMP support:     disabled
GPU support:        disabled
Software invsqrt:   disabled
CPU acceleration:   None
FFT library:        fftpack (built-in)
Large file support: enabled
RDTSCP usage:       enabled
Built on:           Sun Nov 25 11:59:01 CET 2012
Built by:           lindahl@tcbs06 [CMAKE]
Build OS/arch:      Linux 3.2.0-29-generic x86_64
Build CPU vendor:   AuthenticAMD
Build CPU brand:    AMD Opteron(TM) Processor 6274
Build CPU family:   21   Model: 1   Stepping: 2
Build CPU features: aes apic avx clfsh cmov cx8 cx16 fma4 htt lahf_lm misalignsse mmx msr nonstop_tsc pclmuldq pdpe1gb popcnt pse rdtscp sse2 sse3 sse4a sse4.1 sse4.2 ssse3 xop
C compiler:         /usr/bin/gcc-4.7 GNU gcc-4.7 (Ubuntu/Linaro 4.7.2-4precise1) 4.7.2
C compiler flags:    -Wextra -Wno-missing-field-initializers -Wno-sign-compare -Wall -Wno-unused -Wunused-value  


                         :-)  G  R  O  M  A  C  S  (-:

                   Groningen Machine for Chemical Simulation

                :-)  VERSION 4.6-dev-20121124-6e1d465-dirty  (-:

        Written by Emile Apol, Rossen Apostolov, Herman J.C. Berendsen,
      Aldert van Buuren, Pär Bjelkmar, Rudi van Drunen, Anton Feenstra, 
        Gerrit Groenhof, Peter Kasson, Per Larsson, Pieter Meulenhoff, 
           Teemu Murtola, Szilard Pall, Sander Pronk, Roland Schulz, 
                Michael Shirts, Alfons Sijbers, Peter Tieleman,

               Berk Hess, David van der Spoel, and Erik Lindahl.

       Copyright (c) 1991-2000, University of Groningen, The Netherlands.
            Copyright (c) 2001-2010, The GROMACS development team at
        Uppsala University & The Royal Institute of Technology, Sweden.
            check out http://www.gromacs.org for more information.

         This program is free software; you can redistribute it and/or
          modify it under the terms of the GNU General Public License
         as published by the Free Software Foundation; either version 2
             of the License, or (at your option) any later version.

                                :-)  mdrun  (-:


++++ PLEASE READ AND CITE THE FOLLOWING REFERENCE ++++
B. Hess and C. Kutzner and D. van der Spoel and E. Lindahl
GROMACS 4: Algorithms for highly efficient, load-balanced, and scalable
molecular simulation
J. Chem. Theory Comput. 4 (2008) pp. 435-447
-------- -------- --- Thank You --- -------- --------


++++ PLEASE READ AND CITE THE FOLLOWING REFERENCE ++++
D. van der Spoel, E. Lindahl, B. Hess, G. Groenhof, A. E. Mark and H. J. C.
Berendsen
GROMACS: Fast, Flexible and Free
J. Comp. Chem. 26 (2005) pp. 1701-1719
-------- -------- --- Thank You --- -------- --------


++++ PLEASE READ AND CITE THE FOLLOWING REFERENCE ++++
E. Lindahl and B. Hess and D. van der Spoel
GROMACS 3.0: A package for molecular simulation and trajectory analysis
J. Mol. Mod. 7 (2001) pp. 306-317
-------- -------- --- Thank You --- -------- --------


++++ PLEASE READ AND CITE THE FOLLOWING REFERENCE ++++
H. J. C. Berendsen, D. van der Spoel and R. van Drunen
GROMACS: A message-passing parallel molecular dynamics implementation
Comp. Phys. Comm. 91 (1995) pp. 43-56
-------- -------- --- Thank You --- -------- --------

Input Parameters:
   integrator           = md-vv
   nsteps               = 40
   init-step            = 0
   cutoff-scheme        = Group
   ns_type              = Grid
   nstlist              = 5
   ndelta               = 2
   nstcomm              = 0
   comm-mode            = None
   nstlog               = 10
   nstxout              = 10
   nstvout              = 10
   nstfout              = 10
   nstcalcenergy        = 1
   nstenergy            = 1
   nstxtcout            = 5000
   init-t               = 0
   delta-t              = 0.0002
   xtcprec              = 10000
   fourierspacing       = 0.1
   nkx                  = 72
   nky                  = 72
   nkz                  = 72
   pme-order            = 4
   ewald-rtol           = 1e-08
   ewald-geometry       = 0
   epsilon-surface      = 0
   optimize-fft         = FALSE
   ePBC                 = xyz
   bPeriodicMols        = FALSE
   bContinuation        = FALSE
   bShakeSOR            = FALSE
   etc                  = Nose-Hoover
   bPrintNHChains       = FALSE
   nsttcouple           = 1
   epc                  = MTTK
   epctype              = Isotropic
   nstpcouple           = 1
   tau-p                = 50
   ref-p (3x3):
      ref-p[    0]={ 1.01325e+00,  0.00000e+00,  0.00000e+00}
      ref-p[    1]={ 0.00000e+00,  1.01325e+00,  0.00000e+00}
      ref-p[    2]={ 0.00000e+00,  0.00000e+00,  1.01325e+00}
   compress (3x3):
      compress[    0]={ 4.50000e-05,  0.00000e+00,  0.00000e+00}
      compress[    1]={ 0.00000e+00,  4.50000e-05,  0.00000e+00}
      compress[    2]={ 0.00000e+00,  0.00000e+00,  4.50000e-05}
   refcoord-scaling     = No
   posres-com (3):
      posres-com[0]= 0.00000e+00
      posres-com[1]= 0.00000e+00
      posres-com[2]= 0.00000e+00
   posres-comB (3):
      posres-comB[0]= 0.00000e+00
      posres-comB[1]= 0.00000e+00
      posres-comB[2]= 0.00000e+00
   verlet-buffer-drift  = 0.005
   rlist                = 0.9
   rlistlong            = 0.9
   nstcalclr            = 0
   rtpi                 = 0.05
   coulombtype          = PME
   coulomb-modifier     = None
   rcoulomb-switch      = 0
   rcoulomb             = 0.9
   vdwtype              = Switch
   vdw-modifier         = None
   rvdw-switch          = 0.8
   rvdw                 = 0.85
   epsilon-r            = 1
   epsilon-rf           = inf
   tabext               = 1
   implicit-solvent     = No
   gb-algorithm         = Still
   gb-epsilon-solvent   = 80
   nstgbradii           = 1
   rgbradii             = 1
   gb-saltconc          = 0
   gb-obc-alpha         = 1
   gb-obc-beta          = 0.8
   gb-obc-gamma         = 4.85
   gb-dielectric-offset = 0.009
   sa-algorithm         = Ace-approximation
   sa-surface-tension   = 2.05016
   DispCorr             = AllEnerPres
   bSimTemp             = FALSE
   free-energy          = yes
   nstdhdl              = 10
   init-lambda-state    = 2
   init-lambda          = -1
   delta-lambda         = 0
   n-lambdas            = 7
   all-lambdas:
       fep-lambdas =            0           0           0           0           0           0           0
      mass-lambdas =            0           0           0           0           0           0           0
      coul-lambdas =            0           0           0           0           0           0           0
       vdw-lambdas =            0           0           0           0           0           0           0
    bonded-lambdas =            0           0           0           0           0           0           0
 restraint-lambdas =            0        0.05         0.1         0.2         0.4         0.6           1
temperature-lambdas =            0           0           0           0           0           0           0
   sc-alpha             = 0
   bScCoul              = FALSE
   bScPrintEnergy       = FALSE
   sc-power             = 1
   sc-r-power           = 6
   sc-sigma             = 0.3
   sc-sigma-min         = 0.3
   separate-dhdl-file   = yes
   dhdl-derivatives     = yes
   dh-hist-size         = 0
   dh-hist-spacing      = 0.1
   nwall                = 0
   wall-type            = 9-3
   wall-atomtype[0]     = -1
   wall-atomtype[1]     = -1
   wall-density[0]      = 0
   wall-density[1]      = 0
   wall-ewald-zfac      = 3
   pull                 = no
   rotation             = FALSE
   disre                = No
   disre-weighting      = Conservative
   disre-mixed          = FALSE
   dr-fc                = 1000
   dr-tau               = 0
   nstdisreout          = 100
   orires-fc            = 0
   orires-tau           = 0
   nstorireout          = 100
   dihre-fc             = 0
   em-stepsize          = 0.01
   em-tol               = 10
   niter                = 20
   fc-stepsize          = 0
   nstcgsteep           = 1000
   nbfgscorr            = 10
   ConstAlg             = Lincs
   shake-tol            = 6e-06
   lincs-order          = 4
   lincs-warnangle      = 30
   lincs-iter           = 1
   bd-fric              = 0
   ld-seed              = 1993
   cos-accel            = 0
   deform (3x3):
      deform[    0]={ 0.00000e+00,  0.00000e+00,  0.00000e+00}
      deform[    1]={ 0.00000e+00,  0.00000e+00,  0.00000e+00}
      deform[    2]={ 0.00000e+00,  0.00000e+00,  0.00000e+00}
   adress               = FALSE
   userint1             = 0
   userint2             = 0
   userint3             = 0
   userint4             = 0
   userreal1            = 0
   userreal2            = 0
   userreal3            = 0
   userreal4            = 0
grpopts:
   nrdf:       63471
   ref-t:         298
   tau-t:           5
anneal:          No
ann-npoints:           0
   acc:	           0           0           0
   nfreeze:           N           N           N
   energygrp-flags[  0]: 0
   efield-x:
      n = 0
   efield-xt:
      n = 0
   efield-y:
      n = 0
   efield-yt:
      n = 0
   efield-z:
      n = 0
   efield-zt:
      n = 0
   bQMMM                = FALSE
   QMconstraints        = 0
   QMMMscheme           = 0
   scalefactor          = 1
qm-opts:
   ngQM                 = 0

Detecting CPU-specific acceleration.
Present hardware specification:
Vendor: AuthenticAMD
Brand:  AMD Opteron(TM) Processor 6274                 
Family: 21  Model:  1  Stepping:  2
Features: aes apic avx clfsh cmov cx8 cx16 fma4 htt lahf_lm misalignsse mmx msr nonstop_tsc pclmuldq pdpe1gb popcnt pse rdtscp sse2 sse3 sse4a sse4.1 sse4.2 ssse3 xop
Acceleration most likely to fit this hardware: AVX_128_FMA
Acceleration selected at GROMACS compile time: None

WARNING! Binary not matching hardware - you are likely losing performance.

Table routines are used for coulomb: FALSE
Table routines are used for vdw:     TRUE
Will do PME sum in reciprocal space.

++++ PLEASE READ AND CITE THE FOLLOWING REFERENCE ++++
U. Essmann, L. Perera, M. L. Berkowitz, T. Darden, H. Lee and L. G. Pedersen 
A smooth particle mesh Ewald method
J. Chem. Phys. 103 (1995) pp. 8577-8592
-------- -------- --- Thank You --- -------- --------

Will do ordinary reciprocal space Ewald sum.
Using a Gaussian width (1/beta) of 0.2221 nm for Ewald
Using shifted Lennard-Jones, switch between 0.8 and 0.85 nm
Cut-off's:   NS: 0.9   Coulomb: 0.9   LJ: 0.85
Long Range LJ corr.: <C6> 3.3348e-04, <C12> 3.4020e-07
System total charge, top. A: 0.000 top. B: 0.000
Generated table with 950 data points for Ewald.
Tabscale = 500 points/nm
Generated table with 950 data points for LJ6Switch.
Tabscale = 500 points/nm
Generated table with 950 data points for LJ12Switch.
Tabscale = 500 points/nm
Generated table with 950 data points for 1-4 COUL.
Tabscale = 500 points/nm
Generated table with 950 data points for 1-4 LJ6.
Tabscale = 500 points/nm
Generated table with 950 data points for 1-4 LJ12.
Tabscale = 500 points/nm

Enabling SPC-like water optimization for 6177 molecules.

Potential shift: LJ r^-12: 0.000 r^-6 0.000, Ewald 0.000e+00
Initialized non-bonded Ewald correction tables, spacing: 5.50e-04 size: 3459

There are 0 atoms and 0 charges for free energy perturbation
Removing pbc first time
Initial vector of lambda components:[     0.0000     0.0000     0.0000     0.0000     0.0000     0.1000     0.0000 ]
There are: 21157 Atoms
Max number of connections per atom is 91
Total number of connections is 121910
Max number of graph edges per atom is 4
Total number of graph edges is 29986
Initial temperature: 297.987 K

Started mdrun on node 0 Sun Nov 25 12:18:36 2012

           Step           Time         Lambda
              0        0.00000        0.00000

NB kernel nb_kernel_ElecEw_VdwCSTab_GeomP1P1_VF_c() with architecture 'c' used for neighborlist with
    Elec: 'Ewald', Modifier: 'None'
    Vdw:  'Cubic-Spline-Table', Modifier: 'None'
    Geom: 'Particle-Particle', Other: '', Calc: 'PotentialAndForce'

NB kernel nb_kernel_ElecEw_VdwCSTab_GeomP1P1_F_c() with architecture 'c' used for neighborlist with
    Elec: 'Ewald', Modifier: 'None'
    Vdw:  'Cubic-Spline-Table', Modifier: 'None'
    Geom: 'Particle-Particle', Other: '', Calc: 'Force'

NB kernel nb_kernel_ElecNone_VdwCSTab_GeomP1P1_VF_c() with architecture 'c' used for neighborlist with
    Elec: 'None', Modifier: 'None'
    Vdw:  'Cubic-Spline-Table', Modifier: 'None'
    Geom: 'Particle-Particle', Other: '', Calc: 'PotentialAndForce'

NB kernel nb_kernel_ElecNone_VdwCSTab_GeomP1P1_F_c() with architecture 'c' used for neighborlist with
    Elec: 'None', Modifier: 'None'
    Vdw:  'Cubic-Spline-Table', Modifier: 'None'
    Geom: 'Particle-Particle', Other: '', Calc: 'Force'

NB kernel nb_kernel_ElecEw_VdwNone_GeomP1P1_VF_c() with architecture 'c' used for neighborlist with
    Elec: 'Ewald', Modifier: 'None'
    Vdw:  'None', Modifier: 'None'
    Geom: 'Particle-Particle', Other: '', Calc: 'PotentialAndForce'

NB kernel nb_kernel_ElecEw_VdwNone_GeomP1P1_F_c() with architecture 'c' used for neighborlist with
    Elec: 'Ewald', Modifier: 'None'
    Vdw:  'None', Modifier: 'None'
    Geom: 'Particle-Particle', Other: '', Calc: 'Force'

NB kernel nb_kernel_ElecEw_VdwCSTab_GeomW3P1_VF_c() with architecture 'c' used for neighborlist with
    Elec: 'Ewald', Modifier: 'None'
    Vdw:  'Cubic-Spline-Table', Modifier: 'None'
    Geom: 'Water3-Particle', Other: '', Calc: 'PotentialAndForce'

NB kernel nb_kernel_ElecEw_VdwCSTab_GeomW3P1_F_c() with architecture 'c' used for neighborlist with
    Elec: 'Ewald', Modifier: 'None'
    Vdw:  'Cubic-Spline-Table', Modifier: 'None'
    Geom: 'Water3-Particle', Other: '', Calc: 'Force'

NB kernel nb_kernel_ElecEw_VdwNone_GeomW3P1_VF_c() with architecture 'c' used for neighborlist with
    Elec: 'Ewald', Modifier: 'None'
    Vdw:  'None', Modifier: 'None'
    Geom: 'Water3-Particle', Other: '', Calc: 'PotentialAndForce'

NB kernel nb_kernel_ElecEw_VdwNone_GeomW3P1_F_c() with architecture 'c' used for neighborlist with
    Elec: 'Ewald', Modifier: 'None'
    Vdw:  'None', Modifier: 'None'
    Geom: 'Water3-Particle', Other: '', Calc: 'Force'

NB kernel nb_kernel_ElecEw_VdwCSTab_GeomW3W3_VF_c() with architecture 'c' used for neighborlist with
    Elec: 'Ewald', Modifier: 'None'
    Vdw:  'Cubic-Spline-Table', Modifier: 'None'
    Geom: 'Water3-Water3', Other: '', Calc: 'PotentialAndForce'

NB kernel nb_kernel_ElecEw_VdwCSTab_GeomW3W3_F_c() with architecture 'c' used for neighborlist with
    Elec: 'Ewald', Modifier: 'None'
    Vdw:  'Cubic-Spline-Table', Modifier: 'None'
    Geom: 'Water3-Water3', Other: '', Calc: 'Force'

NB kernel nb_kernel_ElecEw_VdwNone_GeomW3W3_VF_c() with architecture 'c' used for neighborlist with
    Elec: 'Ewald', Modifier: 'None'
    Vdw:  'None', Modifier: 'None'
    Geom: 'Water3-Water3', Other: '', Calc: 'PotentialAndForce'

NB kernel nb_kernel_ElecEw_VdwNone_GeomW3W3_F_c() with architecture 'c' used for neighborlist with
    Elec: 'Ewald', Modifier: 'None'
    Vdw:  'None', Modifier: 'None'
    Geom: 'Water3-Water3', Other: '', Calc: 'Force'


Grid: 11 x 11 x 8 cells
   Energies (kJ/mol)
           Bond Restraint Pot.          Angle    Proper Dih. Ryckaert-Bell.
    3.38804e+03    2.46947e+00    4.90125e+03    2.70844e+02    3.95484e+03
          LJ-14     Coulomb-14        LJ (SR)  Disper. corr.   Coulomb (SR)
    2.41435e+03    2.19970e+04    3.22042e+04   -2.63257e+03   -2.24952e+05
   Coul. recip.    Angle Rest.     Dih. Rest.      Potential    Kinetic En.
   -1.18408e+05    4.17201e-01    4.11760e-01   -2.76860e+05    7.86285e+04
   Total Energy  Conserved En.    Temperature Pres. DC (bar) Pressure (bar)
   -1.98231e+05   -1.98218e+05    2.97987e+02   -2.06761e+02    2.15930e+04
 dVrestraint/dl
    3.29843e+01

           Step           Time         Lambda
             10        0.00200        0.00000

   Energies (kJ/mol)
           Bond Restraint Pot.          Angle    Proper Dih. Ryckaert-Bell.
    2.41094e+04    2.60216e+00    8.77195e+03    2.82747e+02    3.97489e+03
          LJ-14     Coulomb-14        LJ (SR)  Disper. corr.   Coulomb (SR)
    2.41429e+03    2.19988e+04    3.20926e+04   -2.63257e+03   -2.35963e+05
   Coul. recip.    Angle Rest.     Dih. Rest.      Potential    Kinetic En.
   -1.21338e+05    4.36086e-01    3.91617e-01   -2.66286e+05    6.81014e+04
   Total Energy  Conserved En.    Temperature Pres. DC (bar) Pressure (bar)
   -1.98184e+05   -1.98171e+05    2.58092e+02   -2.06761e+02   -3.34670e+02
 dVrestraint/dl
    3.42986e+01

           Step           Time         Lambda
             20        0.00400        0.00000

   Energies (kJ/mol)
           Bond Restraint Pot.          Angle    Proper Dih. Ryckaert-Bell.
    3.19581e+04    2.74829e+00    1.61186e+04    2.96171e+02    3.99533e+03
          LJ-14     Coulomb-14        LJ (SR)  Disper. corr.   Coulomb (SR)
    2.41597e+03    2.19807e+04    3.19588e+04   -2.63257e+03   -2.51439e+05
   Coul. recip.    Angle Rest.     Dih. Rest.      Potential    Kinetic En.
   -1.25948e+05    4.42469e-01    3.79959e-01   -2.71292e+05    7.30706e+04
   Total Energy  Conserved En.    Temperature Pres. DC (bar) Pressure (bar)
   -1.98221e+05   -1.98201e+05    2.76924e+02   -2.06761e+02   -2.42097e+04
 dVrestraint/dl
    3.57071e+01

           Step           Time         Lambda
             30        0.00600        0.00000

   Energies (kJ/mol)
           Bond Restraint Pot.          Angle    Proper Dih. Ryckaert-Bell.
    2.96230e+04    2.91177e+00    2.05014e+04    3.08983e+02    4.00753e+03
          LJ-14     Coulomb-14        LJ (SR)  Disper. corr.   Coulomb (SR)
    2.41666e+03    2.19334e+04    3.19545e+04   -2.63258e+03   -2.49227e+05
   Coul. recip.    Angle Rest.     Dih. Rest.      Potential    Kinetic En.
   -1.26621e+05    4.34222e-01    3.77165e-01   -2.67731e+05    6.95410e+04
   Total Energy  Conserved En.    Temperature Pres. DC (bar) Pressure (bar)
   -1.98190e+05   -1.98160e+05    2.63547e+02   -2.06762e+02   -1.06645e+04
 dVrestraint/dl
    3.72316e+01

           Step           Time         Lambda
             40        0.00800        0.00000

Writing checkpoint, step 40 at Sun Nov 25 12:19:03 2012


   Energies (kJ/mol)
           Bond Restraint Pot.          Angle    Proper Dih. Ryckaert-Bell.
    7.64123e+03    3.11319e+00    2.17713e+04    3.19638e+02    4.01071e+03
          LJ-14     Coulomb-14        LJ (SR)  Disper. corr.   Coulomb (SR)
    2.41655e+03    2.18758e+04    3.20244e+04   -2.63258e+03   -2.38235e+05
   Coul. recip.    Angle Rest.     Dih. Rest.      Potential    Kinetic En.
   -1.24738e+05    4.25136e-01    3.75075e-01   -2.75542e+05    7.73219e+04
   Total Energy  Conserved En.    Temperature Pres. DC (bar) Pressure (bar)
   -1.98221e+05   -1.98178e+05    2.93036e+02   -2.06763e+02    1.81359e+04
 dVrestraint/dl
    3.91340e+01

	<======  ###############  ==>
	<====  A V E R A G E S  ====>
	<==  ###############  ======>

	Statistics over 41 steps using 41 frames

   Energies (kJ/mol)
           Bond Restraint Pot.          Angle    Proper Dih. Ryckaert-Bell.
    2.27688e+04    2.76196e+00    1.46301e+04    2.95794e+02    3.99028e+03
          LJ-14     Coulomb-14        LJ (SR)  Disper. corr.   Coulomb (SR)
    2.41554e+03    2.19628e+04    3.20299e+04   -2.63258e+03   -2.41951e+05
   Coul. recip.    Angle Rest.     Dih. Rest.      Potential    Kinetic En.
   -1.23845e+05    4.33684e-01    3.85398e-01   -2.70332e+05    7.21270e+04
   Total Energy  Conserved En.    Temperature Pres. DC (bar) Pressure (bar)
   -1.98205e+05   -1.98182e+05    2.73348e+02   -2.06762e+02   -3.63819e+03
 dVrestraint/dl
    4.37453e+00

          Box-X          Box-Y          Box-Z
    6.68681e+00    6.68681e+00    4.72849e+00

   Total Virial (kJ/mol)
    4.75820e+04   -8.18716e+02   -1.30519e+03
   -8.18705e+02    4.59039e+04   -1.77787e+03
   -1.30520e+03   -1.77788e+03    4.81256e+04

   Pressure (bar)
   -3.67979e+03    1.09597e+02    2.13966e+02
    1.09595e+02   -3.45770e+03    2.96922e+02
    2.13969e+02    2.96923e+02   -3.77707e+03


	M E G A - F L O P S   A C C O U N T I N G

 NB=Group-cutoff nonbonded kernels    NxN=N-by-N tile Verlet kernels
 RF=Reaction-Field  VdW=Van der Waals  CSTab=Cubic-spline table
 W3=SPC/TIP3p  W4=TIP4p (single or pairs)
 V&F=Potential and force  V=Potential only  F=Force only

 Computing:                               M-Number         M-Flops  % Flops
-----------------------------------------------------------------------------
 NB Elec. [V&F]                         125.420685         125.421     1.1
 NB Elec. [W3,V&F]                        4.737170           4.737     0.0
 NB VdW & Elec. [V&F]                   874.992594         874.993     7.4
 NB VdW & Elec. [W3,V&F]                439.658312         439.658     3.7
 NB VdW & Elec. [W3-W3,V&F]            4717.628841        4717.629    39.7
 1,4 nonbonded interactions               0.280522          25.247     0.2
 Calc Weights                             2.602311          93.683     0.8
 Spread Q Bspline                        55.515968         111.032     0.9
 Gather F Bspline                        55.515968         333.096     2.8
 3D-FFT                                 566.516352        4532.131    38.1
 Solve PME                                0.212544          13.603     0.1
 NS-Pairs                                18.644488         391.534     3.3
 Reset In Box                             0.079209           0.238     0.0
 Shift-X                                  3.468436          20.811     0.2
 CG-CoM                                   0.190413           0.571     0.0
 Bonds                                    0.614672          36.266     0.3
 Restraint Potential                      0.000081           0.007     0.0
 Angles                                   0.448335          75.320     0.6
 Propers                                  0.021156           4.845     0.0
 RB-Dihedrals                             0.214389          52.954     0.4
 Dihedral Restr.                          0.000243           0.049     0.0
 Angle Restr.                             0.000162           0.031     0.0
 Virial                                   0.869282          15.647     0.1
 Calc-Ekin                                0.867437          23.421     0.2
-----------------------------------------------------------------------------
 Total                                                   11892.922   100.0
-----------------------------------------------------------------------------


     R E A L   C Y C L E   A N D   T I M E   A C C O U N T I N G

 Computing:         Nodes   Th.     Count  Wall t (s)     G-Cycles       %
-----------------------------------------------------------------------------
 Neighbor search        1    1          9       1.572        3.460     5.8
 Force                  1    1         41      15.036       33.090    55.7
 PME mesh               1    1         41       9.616       21.162    35.6
 Write traj.            1    1          5       0.242        0.533     0.9
 Update                 1    1         41       0.174        0.384     0.6
 Rest                   1                       0.340        0.749     1.3
-----------------------------------------------------------------------------
 Total                  1                      26.981       59.380   100.0
-----------------------------------------------------------------------------
-----------------------------------------------------------------------------
 PME spread/gather      1    1         82       2.565        5.646     9.5
 PME 3D-FFT             1    1         82       5.530       12.170    20.5
 PME solve              1    1         41       1.520        3.346     5.6
-----------------------------------------------------------------------------

               Core t (s)   Wall t (s)        (%)
       Time:       26.910       26.981       99.7
                 (ns/day)    (hour/ns)
Performance:        0.026      913.979
Finished mdrun on node 0 Sun Nov 25 12:19:03 2012
