Log file opened on Thu Jun 26 13:31:57 2014
Host: gromacs2  pid: 24531  nodeid: 0  nnodes:  1
GROMACS:    gmx mdrun, VERSION 5.0-rc1-dev-20140624-c4cfdff

GROMACS is written by:
Emile Apol         Rossen Apostolov   Herman J.C. Berendsen Par Bjelkmar       
Aldert van Buuren  Rudi van Drunen    Anton Feenstra     Sebastian Fritsch  
Gerrit Groenhof    Christoph Junghans Peter Kasson       Carsten Kutzner    
Per Larsson        Justin A. Lemkul   Magnus Lundborg    Pieter Meulenhoff  
Erik Marklund      Teemu Murtola      Szilard Pall       Sander Pronk       
Roland Schulz      Alexey Shvetsov    Michael Shirts     Alfons Sijbers     
Peter Tieleman     Christian Wennberg Maarten Wolf       
and the project leaders:
Mark Abraham, Berk Hess, Erik Lindahl, and David van der Spoel

Copyright (c) 1991-2000, University of Groningen, The Netherlands.
Copyright (c) 2001-2014, The GROMACS development team at
Uppsala University, Stockholm University and
the Royal Institute of Technology, Sweden.
check out http://www.gromacs.org for more information.

GROMACS is free software; you can redistribute it and/or modify it
under the terms of the GNU Lesser General Public License
as published by the Free Software Foundation; either version 2.1
of the License, or (at your option) any later version.

GROMACS:      gmx mdrun, VERSION 5.0-rc1-dev-20140624-c4cfdff
Executable:   /nethome/mark/git/r50-make-reference/build-cmake-reference-gromacs2/bin/gmx
Library dir:  /nethome/mark/git/r50-make-reference/share/top
Command line:
  gmx mdrun -notunepme -table ../table -tablep ../tablep

Gromacs version:    VERSION 5.0-rc1-dev-20140624-c4cfdff
GIT SHA1 hash:      c4cfdffe96fcd14e8f57060d59e06e8899fe5941
Branched from:      8fe4088bf76d1f72847fe43e388e08f414f8ce83 (21 newer local commits)
Precision:          single
Memory model:       64 bit
MPI library:        none
OpenMP support:     disabled
GPU support:        disabled
invsqrt routine:    (1.0/sqrt(x))
SIMD instructions:  NONE
FFT library:        fftpack (built-in)
RDTSCP usage:       enabled
C++11 compilation:  enabled
TNG support:        enabled
Tracing support:    disabled
Built on:           Tue Jun 24 19:08:50 CEST 2014
Built by:           mark@gromacs2 [CMAKE]
Build OS/arch:      Linux 3.11.0-23-generic x86_64
Build CPU vendor:   GenuineIntel
Build CPU brand:    Intel(R) Core(TM) i7-2600K CPU @ 3.40GHz
Build CPU family:   6   Model: 42   Stepping: 7
Build CPU features: aes apic avx clfsh cmov cx8 cx16 htt lahf_lm mmx msr nonstop_tsc pcid pclmuldq pdcm popcnt pse rdtscp sse2 sse3 sse4.1 sse4.2 ssse3 tdt
C compiler:         /usr/bin/gcc-4.7 GNU 4.7.3
C compiler flags:      -Wno-maybe-uninitialized -Wextra -Wno-missing-field-initializers -Wno-sign-compare -Wpointer-arith -Wall -Wno-unused -Wunused-value -Wunused-parameter -Wno-unknown-pragmas   -O0 -g
C++ compiler:       /usr/bin/g++-4.7 GNU 4.7.3
C++ compiler flags:    -std=c++0x -Wextra -Wno-missing-field-initializers -Wpointer-arith -Wall -Wno-unused-function -Wno-unknown-pragmas   -O0 -g
Boost version:      1.55.0 (internal)



++++ PLEASE READ AND CITE THE FOLLOWING REFERENCE ++++
B. Hess and C. Kutzner and D. van der Spoel and E. Lindahl
GROMACS 4: Algorithms for highly efficient, load-balanced, and scalable
molecular simulation
J. Chem. Theory Comput. 4 (2008) pp. 435-447
-------- -------- --- Thank You --- -------- --------


++++ PLEASE READ AND CITE THE FOLLOWING REFERENCE ++++
D. van der Spoel, E. Lindahl, B. Hess, G. Groenhof, A. E. Mark and H. J. C.
Berendsen
GROMACS: Fast, Flexible and Free
J. Comp. Chem. 26 (2005) pp. 1701-1719
-------- -------- --- Thank You --- -------- --------


++++ PLEASE READ AND CITE THE FOLLOWING REFERENCE ++++
E. Lindahl and B. Hess and D. van der Spoel
GROMACS 3.0: A package for molecular simulation and trajectory analysis
J. Mol. Mod. 7 (2001) pp. 306-317
-------- -------- --- Thank You --- -------- --------


++++ PLEASE READ AND CITE THE FOLLOWING REFERENCE ++++
H. J. C. Berendsen, D. van der Spoel and R. van Drunen
GROMACS: A message-passing parallel molecular dynamics implementation
Comp. Phys. Comm. 91 (1995) pp. 43-56
-------- -------- --- Thank You --- -------- --------

Input Parameters:
   integrator                     = md-vv
   tinit                          = 0
   dt                             = 0.001
   nsteps                         = 12
   init-step                      = 0
   simulation-part                = 1
   comm-mode                      = None
   nstcomm                        = 0
   bd-fric                        = 0
   ld-seed                        = 1993
   emtol                          = 10
   emstep                         = 0.01
   niter                          = 20
   fcstep                         = 0
   nstcgsteep                     = 1000
   nbfgscorr                      = 10
   rtpi                           = 0.05
   nstxout                        = 12
   nstvout                        = 12
   nstfout                        = 12
   nstlog                         = 12
   nstcalcenergy                  = 1
   nstenergy                      = 1
   nstxout-compressed             = 5000
   compressed-x-precision         = 10000
   cutoff-scheme                  = Group
   nstlist                        = 3
   ns-type                        = Grid
   pbc                            = xyz
   periodic-molecules             = FALSE
   verlet-buffer-tolerance        = 0.005
   rlist                          = 0.9
   rlistlong                      = 0.9
   nstcalclr                      = 0
   coulombtype                    = PME-Switch
   coulomb-modifier               = None
   rcoulomb-switch                = 0.85
   rcoulomb                       = 0.9
   epsilon-r                      = 1
   epsilon-rf                     = inf
   vdw-type                       = Switch
   vdw-modifier                   = None
   rvdw-switch                    = 0.7
   rvdw                           = 0.75
   DispCorr                       = AllEnerPres
   table-extension                = 1
   fourierspacing                 = 0.1
   fourier-nx                     = 36
   fourier-ny                     = 36
   fourier-nz                     = 36
   pme-order                      = 6
   ewald-rtol                     = 1e-06
   ewald-rtol-lj                  = 0.001
   lj-pme-comb-rule               = Geometric
   ewald-geometry                 = 0
   epsilon-surface                = 0
   implicit-solvent               = No
   gb-algorithm                   = Still
   nstgbradii                     = 1
   rgbradii                       = 1
   gb-epsilon-solvent             = 80
   gb-saltconc                    = 0
   gb-obc-alpha                   = 1
   gb-obc-beta                    = 0.8
   gb-obc-gamma                   = 4.85
   gb-dielectric-offset           = 0.009
   sa-algorithm                   = Ace-approximation
   sa-surface-tension             = 2.05016
   tcoupl                         = Nose-Hoover
   nsttcouple                     = 3
   nh-chain-length                = 10
   print-nose-hoover-chain-variables = FALSE
   pcoupl                         = MTTK
   pcoupltype                     = Isotropic
   nstpcouple                     = 3
   tau-p                          = 1.67
   compressibility (3x3):
      compressibility[    0]={ 4.50000e-05,  0.00000e+00,  0.00000e+00}
      compressibility[    1]={ 0.00000e+00,  4.50000e-05,  0.00000e+00}
      compressibility[    2]={ 0.00000e+00,  0.00000e+00,  4.50000e-05}
   ref-p (3x3):
      ref-p[    0]={ 1.01325e+00,  0.00000e+00,  0.00000e+00}
      ref-p[    1]={ 0.00000e+00,  1.01325e+00,  0.00000e+00}
      ref-p[    2]={ 0.00000e+00,  0.00000e+00,  1.01325e+00}
   refcoord-scaling               = No
   posres-com (3):
      posres-com[0]= 0.00000e+00
      posres-com[1]= 0.00000e+00
      posres-com[2]= 0.00000e+00
   posres-comB (3):
      posres-comB[0]= 0.00000e+00
      posres-comB[1]= 0.00000e+00
      posres-comB[2]= 0.00000e+00
   QMMM                           = FALSE
   QMconstraints                  = 0
   QMMMscheme                     = 0
   MMChargeScaleFactor            = 1
qm-opts:
   ngQM                           = 0
   constraint-algorithm           = Lincs
   continuation                   = FALSE
   Shake-SOR                      = FALSE
   shake-tol                      = 0.0001
   lincs-order                    = 4
   lincs-iter                     = 1
   lincs-warnangle                = 30
   nwall                          = 0
   wall-type                      = 9-3
   wall-r-linpot                  = -1
   wall-atomtype[0]               = -1
   wall-atomtype[1]               = -1
   wall-density[0]                = 0
   wall-density[1]                = 0
   wall-ewald-zfac                = 3
   pull                           = no
   rotation                       = FALSE
   interactiveMD                  = FALSE
   disre                          = No
   disre-weighting                = Conservative
   disre-mixed                    = FALSE
   dr-fc                          = 1000
   dr-tau                         = 0
   nstdisreout                    = 100
   orire-fc                       = 0
   orire-tau                      = 0
   nstorireout                    = 100
   free-energy                    = yes
   init-lambda                    = -1
   init-lambda-state              = 12
   delta-lambda                   = 0
   nstdhdl                        = 6
   n-lambdas                      = 20
   separate-dvdl:
       fep-lambdas =   TRUE
      mass-lambdas =   FALSE
      coul-lambdas =   TRUE
       vdw-lambdas =   TRUE
    bonded-lambdas =   TRUE
 restraint-lambdas =   FALSE
temperature-lambdas =   FALSE
all-lambdas:
       fep-lambdas =            0           0           0           0           0           0           0           0           0           0           0           0           0           0           0           0           0           0           0           0
      mass-lambdas =            0           0           0           0           0           0           0           0           0           0           0           0           0           0           0           0           0           0           0           0
      coul-lambdas =            0         0.1         0.2         0.3         0.5         0.7           1           1           1           1           1           1           1           1           1           1           1           1           1           1
       vdw-lambdas =            0           0           0           0           0           0           0         0.1         0.2         0.3         0.4         0.5         0.6        0.65         0.7        0.75         0.8        0.85         0.9           1
    bonded-lambdas =            0           0           0           0           0           0           0         0.1         0.2         0.3         0.4         0.5         0.6        0.65         0.7        0.75         0.8        0.85         0.9           1
 restraint-lambdas =            0           0           0           0           0           0           0           0           0           0           0           0           0           0           0           0           0           0           0           0
temperature-lambdas =            0           0           0           0           0           0           0           0           0           0           0           0           0           0           0           0           0           0           0           0
   calc-lambda-neighbors          = 1
   dhdl-print-energy              = FALSE
   sc-alpha                       = 0.5
   sc-power                       = 1
   sc-r-power                     = 6
   sc-sigma                       = 0.3
   sc-sigma-min                   = 0.3
   sc-coul                        = FALSE
   dh-hist-size                   = 0
   dh-hist-spacing                = 0.1
   separate-dhdl-file             = yes
   dhdl-derivatives               = yes
   cos-acceleration               = 0
   deform (3x3):
      deform[    0]={ 0.00000e+00,  0.00000e+00,  0.00000e+00}
      deform[    1]={ 0.00000e+00,  0.00000e+00,  0.00000e+00}
      deform[    2]={ 0.00000e+00,  0.00000e+00,  0.00000e+00}
   simulated-tempering            = FALSE
   E-x:
      n = 0
   E-xt:
      n = 0
   E-y:
      n = 0
   E-yt:
      n = 0
   E-z:
      n = 0
   E-zt:
      n = 0
   swapcoords                     = no
   adress                         = FALSE
   userint1                       = 0
   userint2                       = 0
   userint3                       = 0
   userint4                       = 0
   userreal1                      = 0
   userreal2                      = 0
   userreal3                      = 0
   userreal4                      = 0
grpopts:
   nrdf:        5484
   ref-t:         298
   tau-t:           2
annealing:          No
annealing-npoints:           0
   acc:	           0           0           0
   nfreeze:           N           N           N
   energygrp-flags[  0]: 0

Detecting CPU SIMD instructions.
Present hardware specification:
Vendor: GenuineIntel
Brand:  Intel(R) Core(TM) i7-2600K CPU @ 3.40GHz
Family:  6  Model: 42  Stepping:  7
Features: aes apic avx clfsh cmov cx8 cx16 htt lahf_lm mmx msr nonstop_tsc pcid pclmuldq pdcm popcnt pse rdtscp sse2 sse3 sse4.1 sse4.2 ssse3 tdt
SIMD instructions most likely to fit this hardware: AVX_256
SIMD instructions selected at GROMACS compile time: None


Binary not matching hardware - you might be losing performance.
SIMD instructions most likely to fit this hardware: AVX_256
SIMD instructions selected at GROMACS compile time: None


NOTE: This file uses the deprecated 'group' cutoff_scheme. This will be
removed in a future release when 'verlet' supports all interaction forms.

Table routines are used for coulomb: TRUE
Table routines are used for vdw:     TRUE
Will do PME sum in reciprocal space for electrostatic interactions.

++++ PLEASE READ AND CITE THE FOLLOWING REFERENCE ++++
U. Essmann, L. Perera, M. L. Berkowitz, T. Darden, H. Lee and L. G. Pedersen 
A smooth particle mesh Ewald method
J. Chem. Phys. 103 (1995) pp. 8577-8592
-------- -------- --- Thank You --- -------- --------

Will do ordinary reciprocal space Ewald sum.
Using a Gaussian width (1/beta) of 0.260197 nm for Ewald
Using shifted Lennard-Jones, switch between 0.7 and 0.75 nm
Cut-off's:   NS: 0.9   Coulomb: 0.9   LJ: 0.75
Long Range LJ corr.: <C6> 2.8708e-04, <C12> 2.8314e-07
System total charge, top. A: 0.000 top. B: -0.000
Generated table with 950 data points for Ewald-Switch.
Tabscale = 500 points/nm
Generated table with 950 data points for LJ6Switch.
Tabscale = 500 points/nm
Generated table with 950 data points for LJ12Switch.
Tabscale = 500 points/nm
Generated table with 950 data points for 1-4 COUL.
Tabscale = 500 points/nm
Generated table with 950 data points for 1-4 LJ6.
Tabscale = 500 points/nm
Generated table with 950 data points for 1-4 LJ12.
Tabscale = 500 points/nm

Enabling SPC-like water optimization for 877 molecules.

Potential shift: LJ r^-12: 0.000e+00 r^-6: 0.000e+00, Ewald -0.000e+00
Initialized non-bonded Ewald correction tables, spacing: 8.41e-04 size: 2260

There are 74 atoms and 74 charges for free energy perturbation
Removing pbc first time

++++ PLEASE READ AND CITE THE FOLLOWING REFERENCE ++++
S. Miyamoto and P. A. Kollman
SETTLE: An Analytical Version of the SHAKE and RATTLE Algorithms for Rigid
Water Models
J. Comp. Chem. 13 (1992) pp. 952-962
-------- -------- --- Thank You --- -------- --------

Initial vector of lambda components:[     0.0000     0.0000     1.0000     0.6000     0.6000     0.0000     0.0000 ]
There are: 2705 Atoms
Max number of connections per atom is 98
Total number of connections is 5922
Max number of graph edges per atom is 4
Total number of graph edges is 3660

Constraining the starting coordinates (step 0)
RMS relative constraint deviation after constraining: 0.00e+00
Initial temperature: 298.405 K

Started mdrun on node 0 Thu Jun 26 13:31:57 2014
           Step           Time         Lambda
              0        0.00000        0.00000


Grid: 5 x 5 x 4 cells
   Energies (kJ/mol)
           Bond          Angle Ryckaert-Bell.          LJ-14     Coulomb-14
    2.36904e+00    1.42758e+02    9.65646e+01    8.58054e+01    5.54716e+02
        LJ (SR)  Disper. corr.   Coulomb (SR)   Coul. recip.      Potential
    5.81647e+03   -4.17261e+02   -3.53254e+04   -6.29336e+03   -3.53374e+04
    Kinetic En.   Total Energy  Conserved En.    Temperature Pres. DC (bar)
    6.80316e+03   -2.85342e+04   -2.85325e+04    2.98405e+02   -2.53552e+02
 Pressure (bar)    dVremain/dl      dVcoul/dl       dVvdw/dl    dVbonded/dl
    5.66107e+02    0.00000e+00   -5.01116e+00    5.39633e+01   -3.13886e+01

           Step           Time         Lambda
             12        0.01200        0.00000

Writing checkpoint, step 12 at Thu Jun 26 13:31:59 2014


   Energies (kJ/mol)
           Bond          Angle Ryckaert-Bell.          LJ-14     Coulomb-14
    5.26777e+01    1.20205e+02    1.02740e+02    7.58184e+01    5.48886e+02
        LJ (SR)  Disper. corr.   Coulomb (SR)   Coul. recip.      Potential
    5.71035e+03   -4.17085e+02   -3.50538e+04   -6.25671e+03   -3.51169e+04
    Kinetic En.   Total Energy  Conserved En.    Temperature Pres. DC (bar)
    6.58439e+03   -2.85325e+04   -2.85308e+04    2.88809e+02   -2.53338e+02
 Pressure (bar)    dVremain/dl      dVcoul/dl       dVvdw/dl    dVbonded/dl
   -1.86875e+02    0.00000e+00   -5.32807e+00    5.41827e+01   -3.13888e+01

	<======  ###############  ==>
	<====  A V E R A G E S  ====>
	<==  ###############  ======>

	Statistics over 13 steps using 13 frames

   Energies (kJ/mol)
           Bond          Angle Ryckaert-Bell.          LJ-14     Coulomb-14
    5.06856e+01    1.33521e+02    9.93636e+01    8.01684e+01    5.53049e+02
        LJ (SR)  Disper. corr.   Coulomb (SR)   Coul. recip.      Potential
    5.77741e+03   -4.17181e+02   -3.52078e+04   -6.27296e+03   -3.52037e+04
    Kinetic En.   Total Energy  Conserved En.    Temperature Pres. DC (bar)
    6.67171e+03   -2.85320e+04   -2.85303e+04    2.92639e+02   -2.53454e+02
 Pressure (bar)    dVremain/dl      dVcoul/dl       dVvdw/dl    dVbonded/dl
    1.51249e+02    0.00000e+00   -2.66378e+00    5.94743e+01   -7.26696e+00

          Box-X          Box-Y          Box-Z
    3.28674e+00    3.09877e+00    2.68361e+00

   Total Virial (kJ/mol)
    2.40973e+03   -4.89961e+02   -2.22187e+02
   -4.88268e+02    2.18586e+03    2.98519e+02
   -2.21017e+02    2.99439e+02    1.70280e+03

   Pressure (bar)
   -2.59477e+02    6.75209e+02    3.42861e+02
    6.73151e+02    2.96844e+01   -1.88597e+02
    3.41440e+02   -1.89715e+02    6.83539e+02


	M E G A - F L O P S   A C C O U N T I N G

 NB=Group-cutoff nonbonded kernels    NxN=N-by-N cluster Verlet kernels
 RF=Reaction-Field  VdW=Van der Waals  QSTab=quadratic-spline table
 W3=SPC/TIP3p  W4=TIP4p (single or pairs)
 V&F=Potential and force  V=Potential only  F=Force only

 Computing:                               M-Number         M-Flops  % Flops
-----------------------------------------------------------------------------
 NB Elec. [W3,V&F]                       18.922244          18.922     2.1
 NB VdW & Elec. [W3,V&F]                 11.815906          11.816     1.3
 NB VdW & Elec. [W3-W3,V&F]             193.593568         193.594    21.1
 NB Free energy kernel                  224.652012         224.652    24.5
 1,4 nonbonded interactions               0.016036           1.443     0.2
 Calc Weights                             0.105495           3.798     0.4
 Spread Q Bspline                        15.191280          30.383     3.3
 Gather F Bspline                        15.191280          91.148     9.9
 3D-FFT                                  37.628448         301.028    32.8
 Solve PME                                0.033696           2.157     0.2
 NS-Pairs                                 0.882163          18.525     2.0
 Reset In Box                             0.004755           0.014     0.0
 Shift-X                                  0.216400           1.298     0.1
 CG-CoM                                   0.013525           0.041     0.0
 Bonds                                    0.000988           0.058     0.0
 Angles                                   0.001885           0.317     0.0
 RB-Dihedrals                             0.007707           1.904     0.2
 Virial                                   0.035750           0.643     0.1
 Calc-Ekin                                0.045985           1.242     0.1
 Constraint-V                             0.071037           0.568     0.1
 Constraint-Vir                           0.071037           1.705     0.2
 Settle                                   0.040342          13.030     1.4
-----------------------------------------------------------------------------
 Total                                                     918.285   100.0
-----------------------------------------------------------------------------


     R E A L   C Y C L E   A N D   T I M E   A C C O U N T I N G

On 1 MPI rank

 Computing:          Num   Num      Call    Wall time         Giga-Cycles
                     Nodes Threads  Count      (s)         total sum    %
-----------------------------------------------------------------------------
 Neighbor search        1    1          5       0.048          0.165   3.6
 Force                  1    1         13       0.885          3.025  66.1
 PME mesh               1    1         13       0.357          1.220  26.7
 Write traj.            1    1          2       0.020          0.068   1.5
 Update                 1    1         27       0.006          0.022   0.5
 Constraints            1    1         44       0.011          0.036   0.8
 Rest                                           0.011          0.039   0.9
-----------------------------------------------------------------------------
 Total                                          1.339          4.576 100.0
-----------------------------------------------------------------------------
 Breakdown of PME mesh computation
-----------------------------------------------------------------------------
 PME spread/gather      1    1         52       0.142          0.484  10.6
 PME 3D-FFT             1    1         52       0.165          0.563  12.3
 PME solve Elec         1    1         26       0.051          0.173   3.8
-----------------------------------------------------------------------------

               Core t (s)   Wall t (s)        (%)
       Time:        1.328        1.339       99.2
                 (ns/day)    (hour/ns)
Performance:        0.839       28.606
Finished mdrun on node 0 Thu Jun 26 13:31:59 2014
