Log file opened on Thu Mar  5 14:26:03 2015
Host: amd2  pid: 51648  rank ID: 0  number of ranks:  1
GROMACS:    gmx mdrun, VERSION 5.1-dev-20150305-db95456

GROMACS is written by:
Emile Apol         Rossen Apostolov   Herman J.C. Berendsen Par Bjelkmar       
Aldert van Buuren  Rudi van Drunen    Anton Feenstra     Sebastian Fritsch  
Gerrit Groenhof    Christoph Junghans Peter Kasson       Carsten Kutzner    
Per Larsson        Justin A. Lemkul   Magnus Lundborg    Pieter Meulenhoff  
Erik Marklund      Teemu Murtola      Szilard Pall       Sander Pronk       
Roland Schulz      Alexey Shvetsov    Michael Shirts     Alfons Sijbers     
Peter Tieleman     Christian Wennberg Maarten Wolf       
and the project leaders:
Mark Abraham, Berk Hess, Erik Lindahl, and David van der Spoel

Copyright (c) 1991-2000, University of Groningen, The Netherlands.
Copyright (c) 2001-2015, The GROMACS development team at
Uppsala University, Stockholm University and
the Royal Institute of Technology, Sweden.
check out http://www.gromacs.org for more information.

GROMACS is free software; you can redistribute it and/or modify it
under the terms of the GNU Lesser General Public License
as published by the Free Software Foundation; either version 2.1
of the License, or (at your option) any later version.

GROMACS:      gmx mdrun, VERSION 5.1-dev-20150305-db95456
Executable:   /nethome/mark/git/master-make-reference/build-cmake-reference-amd2/install/bin/gmx
Data prefix:  /nethome/mark/git/master-make-reference/build-cmake-reference-amd2/install
Command line:
  gmx mdrun -notunepme

Gromacs version:    VERSION 5.1-dev-20150305-db95456
GIT SHA1 hash:      db95456bb59cc7e7d61b3f2115885ccf4b5969c8
Precision:          single
Memory model:       64 bit
MPI library:        none
OpenMP support:     disabled
GPU support:        disabled
invsqrt routine:    (1.0/sqrt(x))
SIMD instructions:  NONE
FFT library:        fftpack (built-in)
RDTSCP usage:       enabled
C++11 compilation:  enabled
TNG support:        enabled
Tracing support:    disabled
Built on:           Thu Mar  5 13:59:49 CET 2015
Built by:           mark@amd2 [CMAKE]
Build OS/arch:      Linux 3.13.0-45-generic x86_64
Build CPU vendor:   AuthenticAMD
Build CPU brand:    AMD Opteron(tm) Processor 6376
Build CPU family:   21   Model: 2   Stepping: 0
Build CPU features: aes apic avx clfsh cmov cx8 cx16 f16c fma fma4 htt lahf_lm misalignsse mmx msr nonstop_tsc pclmuldq pdpe1gb popcnt pse rdtscp sse2 sse3 sse4a sse4.1 sse4.2 ssse3 xop
C compiler:         /usr/bin/gcc-4.7 GNU 4.7.3
C compiler flags:       -Wextra -Wno-missing-field-initializers -Wno-sign-compare -Wpointer-arith -Wall -Wno-unused -Wunused-value -Wunused-parameter -Wno-unknown-pragmas  -O0 -g
C++ compiler:       /usr/bin/g++-4.7 GNU 4.7.3
C++ compiler flags:    -std=c++0x  -Wextra -Wno-missing-field-initializers -Wpointer-arith -Wall -Wno-unused-function -Wno-unknown-pragmas  -O0 -g
Boost version:      1.55.0 (internal)



++++ PLEASE READ AND CITE THE FOLLOWING REFERENCE ++++
B. Hess and C. Kutzner and D. van der Spoel and E. Lindahl
GROMACS 4: Algorithms for highly efficient, load-balanced, and scalable
molecular simulation
J. Chem. Theory Comput. 4 (2008) pp. 435-447
-------- -------- --- Thank You --- -------- --------


++++ PLEASE READ AND CITE THE FOLLOWING REFERENCE ++++
D. van der Spoel, E. Lindahl, B. Hess, G. Groenhof, A. E. Mark and H. J. C.
Berendsen
GROMACS: Fast, Flexible and Free
J. Comp. Chem. 26 (2005) pp. 1701-1719
-------- -------- --- Thank You --- -------- --------


++++ PLEASE READ AND CITE THE FOLLOWING REFERENCE ++++
E. Lindahl and B. Hess and D. van der Spoel
GROMACS 3.0: A package for molecular simulation and trajectory analysis
J. Mol. Mod. 7 (2001) pp. 306-317
-------- -------- --- Thank You --- -------- --------


++++ PLEASE READ AND CITE THE FOLLOWING REFERENCE ++++
H. J. C. Berendsen, D. van der Spoel and R. van Drunen
GROMACS: A message-passing parallel molecular dynamics implementation
Comp. Phys. Comm. 91 (1995) pp. 43-56
-------- -------- --- Thank You --- -------- --------

Input Parameters:
   integrator                     = md
   tinit                          = 0
   dt                             = 0.002
   nsteps                         = 20
   init-step                      = 0
   simulation-part                = 1
   comm-mode                      = Linear
   nstcomm                        = 10
   bd-fric                        = 0
   ld-seed                        = 1993
   emtol                          = 0.001
   emstep                         = 0.1
   niter                          = 1
   fcstep                         = 0
   nstcgsteep                     = 200
   nbfgscorr                      = 10
   rtpi                           = 0.05
   nstxout                        = 20
   nstvout                        = 1
   nstfout                        = 1
   nstlog                         = 0
   nstcalcenergy                  = 1
   nstenergy                      = 1
   nstxout-compressed             = 0
   compressed-x-precision         = 200
   cutoff-scheme                  = Verlet
   nstlist                        = 10
   ns-type                        = Grid
   pbc                            = xyz
   periodic-molecules             = FALSE
   verlet-buffer-tolerance        = 0.005
   rlist                          = 0.871
   rlistlong                      = 0.871
   nstcalclr                      = 10
   coulombtype                    = Reaction-Field
   coulomb-modifier               = Potential-shift
   rcoulomb-switch                = 0
   rcoulomb                       = 0.8
   epsilon-r                      = 1
   epsilon-rf                     = inf
   vdw-type                       = Cut-off
   vdw-modifier                   = Potential-shift
   rvdw-switch                    = 0
   rvdw                           = 0.8
   DispCorr                       = No
   table-extension                = 1
   fourierspacing                 = 0.12
   fourier-nx                     = 32
   fourier-ny                     = 32
   fourier-nz                     = 32
   pme-order                      = 4
   ewald-rtol                     = 1e-05
   ewald-rtol-lj                  = 0.001
   lj-pme-comb-rule               = Geometric
   ewald-geometry                 = 0
   epsilon-surface                = 0
   implicit-solvent               = No
   gb-algorithm                   = Still
   nstgbradii                     = 1
   rgbradii                       = 1
   gb-epsilon-solvent             = 80
   gb-saltconc                    = 0
   gb-obc-alpha                   = 1
   gb-obc-beta                    = 0.8
   gb-obc-gamma                   = 4.85
   gb-dielectric-offset           = 0.009
   sa-algorithm                   = Ace-approximation
   sa-surface-tension             = 2.05016
   tcoupl                         = V-rescale
   nsttcouple                     = 10
   nh-chain-length                = 0
   print-nose-hoover-chain-variables = FALSE
   pcoupl                         = No
   pcoupltype                     = Isotropic
   nstpcouple                     = -1
   tau-p                          = 1
   compressibility (3x3):
      compressibility[    0]={ 0.00000e+00,  0.00000e+00,  0.00000e+00}
      compressibility[    1]={ 0.00000e+00,  0.00000e+00,  0.00000e+00}
      compressibility[    2]={ 0.00000e+00,  0.00000e+00,  0.00000e+00}
   ref-p (3x3):
      ref-p[    0]={ 0.00000e+00,  0.00000e+00,  0.00000e+00}
      ref-p[    1]={ 0.00000e+00,  0.00000e+00,  0.00000e+00}
      ref-p[    2]={ 0.00000e+00,  0.00000e+00,  0.00000e+00}
   refcoord-scaling               = No
   posres-com (3):
      posres-com[0]= 0.00000e+00
      posres-com[1]= 0.00000e+00
      posres-com[2]= 0.00000e+00
   posres-comB (3):
      posres-comB[0]= 0.00000e+00
      posres-comB[1]= 0.00000e+00
      posres-comB[2]= 0.00000e+00
   QMMM                           = FALSE
   QMconstraints                  = 0
   QMMMscheme                     = 0
   MMChargeScaleFactor            = 1
qm-opts:
   ngQM                           = 0
   constraint-algorithm           = Lincs
   continuation                   = FALSE
   Shake-SOR                      = FALSE
   shake-tol                      = 0.0001
   lincs-order                    = 4
   lincs-iter                     = 1
   lincs-warnangle                = 30
   nwall                          = 0
   wall-type                      = 9-3
   wall-r-linpot                  = -1
   wall-atomtype[0]               = -1
   wall-atomtype[1]               = -1
   wall-density[0]                = 0
   wall-density[1]                = 0
   wall-ewald-zfac                = 3
   pull                           = TRUE
   pull-cylinder-r                = 1.5
   pull-constr-tol                = 1e-06
   pull-print-COM1                = FALSE
   pull-print-COM2                = FALSE
   pull-print-ref-value           = FALSE
   pull-print-components          = FALSE
   pull-nstxout                   = 0
   pull-nstfout                   = 0
   pull-ngroups                   = 4
   pull-group 0:
     atom: not available
     weight: not available
     pbcatom                        = -1
   pull-group 1:
     atom (3):
        atom[0,...,2] = {0,...,2}
     weight: not available
     pbcatom                        = 1
   pull-group 2:
     atom (3):
        atom[0,...,2] = {3,...,5}
     weight: not available
     pbcatom                        = 4
   pull-group 3:
     atom (3):
        atom[0,...,2] = {6,...,8}
     weight: not available
     pbcatom                        = 7
   pull-ncoords                   = 2
   pull-coord 0:
   group[0]                       = 1
   group[1]                       = 2
   type                           = constraint
   geometry                       = distance
   dim (3):
      dim[0]=1
      dim[1]=1
      dim[2]=1
   origin (3):
      origin[0]= 0.00000e+00
      origin[1]= 0.00000e+00
      origin[2]= 0.00000e+00
   vec (3):
      vec[0]= 0.00000e+00
      vec[1]= 0.00000e+00
      vec[2]= 0.00000e+00
   start                          = FALSE
   init                           = 0.5
   rate                           = 0
   k                              = 0
   kB                             = 0
   pull-coord 1:
   group[0]                       = 1
   group[1]                       = 3
   type                           = flat-bottom
   geometry                       = distance
   dim (3):
      dim[0]=1
      dim[1]=1
      dim[2]=1
   origin (3):
      origin[0]= 0.00000e+00
      origin[1]= 0.00000e+00
      origin[2]= 0.00000e+00
   vec (3):
      vec[0]= 0.00000e+00
      vec[1]= 0.00000e+00
      vec[2]= 0.00000e+00
   start                          = FALSE
   init                           = 0.4
   rate                           = 0
   k                              = 100
   kB                             = 100
   rotation                       = FALSE
   interactiveMD                  = FALSE
   disre                          = No
   disre-weighting                = Conservative
   disre-mixed                    = FALSE
   dr-fc                          = 1000
   dr-tau                         = 0
   nstdisreout                    = 100
   orire-fc                       = 0
   orire-tau                      = 0
   nstorireout                    = 100
   free-energy                    = no
   cos-acceleration               = 0
   deform (3x3):
      deform[    0]={ 0.00000e+00,  0.00000e+00,  0.00000e+00}
      deform[    1]={ 0.00000e+00,  0.00000e+00,  0.00000e+00}
      deform[    2]={ 0.00000e+00,  0.00000e+00,  0.00000e+00}
   simulated-tempering            = FALSE
   E-x:
      n = 0
   E-xt:
      n = 0
   E-y:
      n = 0
   E-yt:
      n = 0
   E-z:
      n = 0
   E-zt:
      n = 0
   swapcoords                     = no
   adress                         = FALSE
   userint1                       = 0
   userint2                       = 0
   userint3                       = 0
   userint4                       = 0
   userreal1                      = 0
   userreal2                      = 0
   userreal3                      = 0
   userreal4                      = 0
grpopts:
   nrdf:        1292
   ref-t:      298.15
   tau-t:         0.5
annealing:          No
annealing-npoints:           0
   acc:	           0           0           0
   nfreeze:           N           N           N
   energygrp-flags[  0]: 0

Detecting CPU SIMD instructions.
Present hardware specification:
Vendor: AuthenticAMD
Brand:  AMD Opteron(tm) Processor 6376                 
Family: 21  Model:  2  Stepping:  0
Features: aes apic avx clfsh cmov cx8 cx16 f16c fma fma4 htt lahf_lm misalignsse mmx msr nonstop_tsc pclmuldq pdpe1gb popcnt pse rdtscp sse2 sse3 sse4a sse4.1 sse4.2 ssse3 xop
SIMD instructions most likely to fit this hardware: AVX_128_FMA
SIMD instructions selected at GROMACS compile time: None


Binary not matching hardware - you might be losing performance.
SIMD instructions most likely to fit this hardware: AVX_128_FMA
SIMD instructions selected at GROMACS compile time: None

Cut-off's:   NS: 0.871   Coulomb: 0.8   LJ: 0.8
Reaction-Field:
epsRF = 0, rc = 0.8, krf = 0.976562, crf = 1.875, epsfac = 138.935
The electrostatics potential has its minimum at r = 0.8
System total charge: 0.000

Using plain C 4x4 non-bonded kernels


WARNING: Using the slow plain C kernels. This should
not happen during routine usage on supported platforms.


Using geometric Lennard-Jones combination rule

Potential shift: LJ r^-12: -1.455e+01 r^-6: -3.815e+00
Removing pbc first time

Will apply potential COM pulling
Will apply constraint COM pulling
with 2 pull coordinates and 4 groups
Pull group 1:     3 atoms, mass    18.015
Pull group 2:     3 atoms, mass    18.015
Pull group 3:     3 atoms, mass    18.015

++++ PLEASE READ AND CITE THE FOLLOWING REFERENCE ++++
S. Miyamoto and P. A. Kollman
SETTLE: An Analytical Version of the SHAKE and RATTLE Algorithms for Rigid
Water Models
J. Comp. Chem. 13 (1992) pp. 952-962
-------- -------- --- Thank You --- -------- --------

Center of mass motion removal mode is Linear
We have the following groups for center of mass motion removal:
  0:  rest

++++ PLEASE READ AND CITE THE FOLLOWING REFERENCE ++++
G. Bussi, D. Donadio and M. Parrinello
Canonical sampling through velocity rescaling
J. Chem. Phys. 126 (2007) pp. 014101
-------- -------- --- Thank You --- -------- --------

There are: 648 Atoms

Constraining the starting coordinates (step 0)

Constraining the coordinates at t0-dt (step 0)
RMS relative constraint deviation after constraining: 0.00e+00
Initial temperature: 278.249 K

Started mdrun on rank 0 Thu Mar  5 14:26:03 2015
           Step           Time         Lambda
              0        0.00000        0.00000

   Energies (kJ/mol)
        LJ (SR)   Coulomb (SR)   COM Pull En.      Potential    Kinetic En.
    1.63591e+03   -1.05821e+04    5.30006e+00   -8.94085e+03    1.49087e+03
   Total Energy  Conserved En.    Temperature Pressure (bar)
   -7.44997e+03   -7.44997e+03    2.77569e+02    5.50018e+02

           Step           Time         Lambda
             20        0.04000        0.00000

Writing checkpoint, step 20 at Thu Mar  5 14:26:03 2015


   Energies (kJ/mol)
        LJ (SR)   Coulomb (SR)   COM Pull En.      Potential    Kinetic En.
    1.54614e+03   -1.05210e+04    4.75152e+00   -8.97012e+03    1.51139e+03
   Total Energy  Conserved En.    Temperature Pressure (bar)
   -7.45873e+03   -7.45014e+03    2.81389e+02   -2.93986e+02

	<======  ###############  ==>
	<====  A V E R A G E S  ====>
	<==  ###############  ======>

	Statistics over 21 steps using 21 frames

   Energies (kJ/mol)
        LJ (SR)   Coulomb (SR)   COM Pull En.      Potential    Kinetic En.
    1.56065e+03   -1.05620e+04    5.02725e+00   -8.99634e+03    1.54982e+03
   Total Energy  Conserved En.    Temperature Pressure (bar)
   -7.44652e+03   -7.45024e+03    2.88544e+02   -1.78559e+02

   Total Virial (kJ/mol)
    7.71529e+02    5.91078e+01   -1.29122e+02
    5.91352e+01    2.21155e+02    1.55717e+02
   -1.29112e+02    1.55706e+02    6.61275e+02

   Pressure (bar)
   -1.31518e+03    3.91527e+01    7.49391e+02
    3.90117e+01    1.54775e+03   -8.85402e+02
    7.49338e+02   -8.85343e+02   -7.68251e+02


	M E G A - F L O P S   A C C O U N T I N G

 NB=Group-cutoff nonbonded kernels    NxN=N-by-N cluster Verlet kernels
 RF=Reaction-Field  VdW=Van der Waals  QSTab=quadratic-spline table
 W3=SPC/TIP3p  W4=TIP4p (single or pairs)
 V&F=Potential and force  V=Potential only  F=Force only

 Computing:                               M-Number         M-Flops  % Flops
-----------------------------------------------------------------------------
 Pair Search distance check               0.453710           4.083     2.3
 NxN RF Elec. + LJ [V&F]                  1.912640         103.283    57.8
 NxN RF Electrostatics [V&F]              1.905760          68.607    38.4
 Shift-X                                  0.001944           0.012     0.0
 Virial                                   0.014553           0.262     0.1
 Stop-CM                                  0.002592           0.026     0.0
 Calc-Ekin                                0.014256           0.385     0.2
 Constraint-V                             0.014256           0.114     0.1
 Constraint-Vir                           0.013608           0.327     0.2
 Settle                                   0.004968           1.605     0.9
-----------------------------------------------------------------------------
 Total                                                     178.703   100.0
-----------------------------------------------------------------------------


     R E A L   C Y C L E   A N D   T I M E   A C C O U N T I N G

On 1 MPI rank

 Computing:          Num   Num      Call    Wall time         Giga-Cycles
                     Ranks Threads  Count      (s)         total sum    %
-----------------------------------------------------------------------------
 Neighbor search        1    1          3       0.017          0.040   3.2
 Force                  1    1         21       0.482          1.111  90.4
 NB X/F buffer ops.     1    1         39       0.000          0.001   0.1
 COM pull force         1    1         21       0.000          0.000   0.0
 Write traj.            1    1         21       0.026          0.059   4.8
 Update                 1    1         21       0.001          0.002   0.2
 Constraints            1    1         21       0.003          0.007   0.6
 Rest                                           0.004          0.008   0.7
-----------------------------------------------------------------------------
 Total                                          0.533          1.229 100.0
-----------------------------------------------------------------------------

               Core t (s)   Wall t (s)        (%)
       Time:        0.526        0.533       98.6
                 (ns/day)    (hour/ns)
Performance:        6.804        3.527
Finished mdrun on rank 0 Thu Mar  5 14:26:03 2015
