Log file opened on Sat Nov 24 22:46:40 2012
Host: tcbs06  pid: 55937  nodeid: 0  nnodes:  1
Gromacs version:    VERSION 4.6-dev-20121124-6e1d465
GIT SHA1 hash:      6e1d46575eef5fbf043f62c0c8c7ce961889d115
Branched from:      31e68351b028af5d2618969685938510ed40a455 (1 newer local commits)
Precision:          single
MPI library:        thread_mpi
OpenMP support:     disabled
GPU support:        disabled
Software invsqrt:   disabled
CPU acceleration:   None
FFT library:        fftpack (built-in)
Large file support: enabled
RDTSCP usage:       enabled
Built on:           Sat Nov 24 15:15:24 CET 2012
Built by:           lindahl@tcbs06 [CMAKE]
Build OS/arch:      Linux 3.2.0-29-generic x86_64
Build CPU vendor:   AuthenticAMD
Build CPU brand:    AMD Opteron(TM) Processor 6274
Build CPU family:   21   Model: 1   Stepping: 2
Build CPU features: aes apic avx clfsh cmov cx8 cx16 fma4 htt lahf_lm misalignsse mmx msr nonstop_tsc pclmuldq pdpe1gb popcnt pse rdtscp sse2 sse3 sse4a sse4.1 sse4.2 ssse3 xop
C compiler:         /usr/bin/gcc-4.7 GNU gcc-4.7 (Ubuntu/Linaro 4.7.2-4precise1) 4.7.2
C compiler flags:    -Wextra -Wno-missing-field-initializers -Wno-sign-compare -Wall -Wno-unused -Wunused-value  


                         :-)  G  R  O  M  A  C  S  (-:

                   Groningen Machine for Chemical Simulation

                   :-)  VERSION 4.6-dev-20121124-6e1d465  (-:

        Written by Emile Apol, Rossen Apostolov, Herman J.C. Berendsen,
      Aldert van Buuren, Pär Bjelkmar, Rudi van Drunen, Anton Feenstra, 
        Gerrit Groenhof, Peter Kasson, Per Larsson, Pieter Meulenhoff, 
           Teemu Murtola, Szilard Pall, Sander Pronk, Roland Schulz, 
                Michael Shirts, Alfons Sijbers, Peter Tieleman,

               Berk Hess, David van der Spoel, and Erik Lindahl.

       Copyright (c) 1991-2000, University of Groningen, The Netherlands.
            Copyright (c) 2001-2010, The GROMACS development team at
        Uppsala University & The Royal Institute of Technology, Sweden.
            check out http://www.gromacs.org for more information.

         This program is free software; you can redistribute it and/or
          modify it under the terms of the GNU General Public License
         as published by the Free Software Foundation; either version 2
             of the License, or (at your option) any later version.

                                :-)  mdrun  (-:


++++ PLEASE READ AND CITE THE FOLLOWING REFERENCE ++++
B. Hess and C. Kutzner and D. van der Spoel and E. Lindahl
GROMACS 4: Algorithms for highly efficient, load-balanced, and scalable
molecular simulation
J. Chem. Theory Comput. 4 (2008) pp. 435-447
-------- -------- --- Thank You --- -------- --------


++++ PLEASE READ AND CITE THE FOLLOWING REFERENCE ++++
D. van der Spoel, E. Lindahl, B. Hess, G. Groenhof, A. E. Mark and H. J. C.
Berendsen
GROMACS: Fast, Flexible and Free
J. Comp. Chem. 26 (2005) pp. 1701-1719
-------- -------- --- Thank You --- -------- --------


++++ PLEASE READ AND CITE THE FOLLOWING REFERENCE ++++
E. Lindahl and B. Hess and D. van der Spoel
GROMACS 3.0: A package for molecular simulation and trajectory analysis
J. Mol. Mod. 7 (2001) pp. 306-317
-------- -------- --- Thank You --- -------- --------


++++ PLEASE READ AND CITE THE FOLLOWING REFERENCE ++++
H. J. C. Berendsen, D. van der Spoel and R. van Drunen
GROMACS: A message-passing parallel molecular dynamics implementation
Comp. Phys. Comm. 91 (1995) pp. 43-56
-------- -------- --- Thank You --- -------- --------

Input Parameters:
   integrator           = md
   nsteps               = 20
   init-step            = 0
   cutoff-scheme        = Verlet
   ns_type              = Grid
   nstlist              = 10
   ndelta               = 2
   nstcomm              = 20
   comm-mode            = Linear
   nstlog               = 20
   nstxout              = 20
   nstvout              = 20
   nstfout              = 20
   nstcalcenergy        = 20
   nstenergy            = 20
   nstxtcout            = 0
   init-t               = 0
   delta-t              = 0.002
   xtcprec              = 1000
   fourierspacing       = 0
   nkx                  = 56
   nky                  = 28
   nkz                  = 28
   pme-order            = 4
   ewald-rtol           = 1e-05
   ewald-geometry       = 0
   epsilon-surface      = 0
   optimize-fft         = FALSE
   ePBC                 = xyz
   bPeriodicMols        = FALSE
   bContinuation        = FALSE
   bShakeSOR            = FALSE
   etc                  = V-rescale
   bPrintNHChains       = FALSE
   nsttcouple           = 10
   epc                  = No
   epctype              = Isotropic
   nstpcouple           = -1
   tau-p                = 2
   ref-p (3x3):
      ref-p[    0]={ 0.00000e+00,  0.00000e+00,  0.00000e+00}
      ref-p[    1]={ 0.00000e+00,  0.00000e+00,  0.00000e+00}
      ref-p[    2]={ 0.00000e+00,  0.00000e+00,  0.00000e+00}
   compress (3x3):
      compress[    0]={ 0.00000e+00,  0.00000e+00,  0.00000e+00}
      compress[    1]={ 0.00000e+00,  0.00000e+00,  0.00000e+00}
      compress[    2]={ 0.00000e+00,  0.00000e+00,  0.00000e+00}
   refcoord-scaling     = No
   posres-com (3):
      posres-com[0]= 0.00000e+00
      posres-com[1]= 0.00000e+00
      posres-com[2]= 0.00000e+00
   posres-comB (3):
      posres-comB[0]= 0.00000e+00
      posres-comB[1]= 0.00000e+00
      posres-comB[2]= 0.00000e+00
   verlet-buffer-drift  = 0.005
   rlist                = 0.9
   rlistlong            = 0.9
   nstcalclr            = 10
   rtpi                 = 0.05
   coulombtype          = PME
   coulomb-modifier     = Potential-shift
   rcoulomb-switch      = 0
   rcoulomb             = 0.9
   vdwtype              = Cut-off
   vdw-modifier         = Potential-shift
   rvdw-switch          = 0
   rvdw                 = 0.9
   epsilon-r            = 1
   epsilon-rf           = inf
   tabext               = 1
   implicit-solvent     = No
   gb-algorithm         = Still
   gb-epsilon-solvent   = 80
   nstgbradii           = 1
   rgbradii             = 1
   gb-saltconc          = 0
   gb-obc-alpha         = 1
   gb-obc-beta          = 0.8
   gb-obc-gamma         = 4.85
   gb-dielectric-offset = 0.009
   sa-algorithm         = Ace-approximation
   sa-surface-tension   = 2.05016
   DispCorr             = EnerPres
   bSimTemp             = FALSE
   free-energy          = no
   nwall                = 0
   wall-type            = 9-3
   wall-atomtype[0]     = -1
   wall-atomtype[1]     = -1
   wall-density[0]      = 0
   wall-density[1]      = 0
   wall-ewald-zfac      = 3
   pull                 = no
   rotation             = FALSE
   disre                = No
   disre-weighting      = Conservative
   disre-mixed          = FALSE
   dr-fc                = 1000
   dr-tau               = 0
   nstdisreout          = 100
   orires-fc            = 0
   orires-tau           = 0
   nstorireout          = 100
   dihre-fc             = 0
   em-stepsize          = 0.01
   em-tol               = 10
   niter                = 20
   fc-stepsize          = 0
   nstcgsteep           = 1000
   nbfgscorr            = 10
   ConstAlg             = Lincs
   shake-tol            = 0.0001
   lincs-order          = 4
   lincs-warnangle      = 30
   lincs-iter           = 1
   bd-fric              = 0
   ld-seed              = 1993
   cos-accel            = 0
   deform (3x3):
      deform[    0]={ 0.00000e+00,  0.00000e+00,  0.00000e+00}
      deform[    1]={ 0.00000e+00,  0.00000e+00,  0.00000e+00}
      deform[    2]={ 0.00000e+00,  0.00000e+00,  0.00000e+00}
   adress               = FALSE
   userint1             = 0
   userint2             = 0
   userint3             = 0
   userint4             = 0
   userreal1            = 0
   userreal2            = 0
   userreal3            = 0
   userreal4            = 0
grpopts:
   nrdf:        4997
   ref-t:         298
   tau-t:         0.5
anneal:          No
ann-npoints:           0
   acc:	           0           0           0
   nfreeze:           N           N           N
   energygrp-flags[  0]: 0
   efield-x:
      n = 0
   efield-xt:
      n = 0
   efield-y:
      n = 0
   efield-yt:
      n = 0
   efield-z:
      n = 0
   efield-zt:
      n = 0
   bQMMM                = FALSE
   QMconstraints        = 0
   QMMMscheme           = 0
   scalefactor          = 1
qm-opts:
   ngQM                 = 0
Using 1 MPI thread

Detecting CPU-specific acceleration.
Present hardware specification:
Vendor: AuthenticAMD
Brand:  AMD Opteron(TM) Processor 6274                 
Family: 21  Model:  1  Stepping:  2
Features: aes apic avx clfsh cmov cx8 cx16 fma4 htt lahf_lm misalignsse mmx msr nonstop_tsc pclmuldq pdpe1gb popcnt pse rdtscp sse2 sse3 sse4a sse4.1 sse4.2 ssse3 xop
Acceleration most likely to fit this hardware: AVX_128_FMA
Acceleration selected at GROMACS compile time: None

WARNING! Binary not matching hardware - you are likely losing performance.

Will do PME sum in reciprocal space.

++++ PLEASE READ AND CITE THE FOLLOWING REFERENCE ++++
U. Essmann, L. Perera, M. L. Berkowitz, T. Darden, H. Lee and L. G. Pedersen 
A smooth particle mesh Ewald method
J. Chem. Phys. 103 (1995) pp. 8577-8592
-------- -------- --- Thank You --- -------- --------

Will do ordinary reciprocal space Ewald sum.
Using a Gaussian width (1/beta) of 0.288146 nm for Ewald
Cut-off's:   NS: 0.9   Coulomb: 0.9   LJ: 0.9
Long Range LJ corr.: <C6> 2.8773e-03
System total charge: 0.000
Generated table with 950 data points for Ewald.
Tabscale = 500 points/nm
Generated table with 950 data points for LJ6.
Tabscale = 500 points/nm
Generated table with 950 data points for LJ12.
Tabscale = 500 points/nm
Generated table with 950 data points for 1-4 COUL.
Tabscale = 500 points/nm
Generated table with 950 data points for 1-4 LJ6.
Tabscale = 500 points/nm
Generated table with 950 data points for 1-4 LJ12.
Tabscale = 500 points/nm

Using plain C 4x4 non-bonded kernels

Using geometric Lennard-Jones combination rule

Potential shift: LJ r^-12: 3.541 r^-6 1.882, Ewald 1.000e-05
Initialized non-bonded Ewald correction tables, spacing: 6.26e-04 size: 3037

Removing pbc first time

Initializing LINear Constraint Solver

++++ PLEASE READ AND CITE THE FOLLOWING REFERENCE ++++
B. Hess and H. Bekker and H. J. C. Berendsen and J. G. E. M. Fraaije
LINCS: A Linear Constraint Solver for molecular simulations
J. Comp. Chem. 18 (1997) pp. 1463-1472
-------- -------- --- Thank You --- -------- --------

The number of constraints is 1000

++++ PLEASE READ AND CITE THE FOLLOWING REFERENCE ++++
S. Miyamoto and P. A. Kollman
SETTLE: An Analytical Version of the SHAKE and RATTLE Algorithms for Rigid
Water Models
J. Comp. Chem. 13 (1992) pp. 952-962
-------- -------- --- Thank You --- -------- --------

Center of mass motion removal mode is Linear
We have the following groups for center of mass motion removal:
  0:  rest

++++ PLEASE READ AND CITE THE FOLLOWING REFERENCE ++++
G. Bussi, D. Donadio and M. Parrinello
Canonical sampling through velocity rescaling
J. Chem. Phys. 126 (2007) pp. 014101
-------- -------- --- Thank You --- -------- --------

There are: 2400 Atoms

Constraining the starting coordinates (step 0)

Constraining the coordinates at t0-dt (step 0)
RMS relative constraint deviation after constraining: 1.11e-06
Initial temperature: 296.114 K

Started mdrun on node 0 Sat Nov 24 22:46:40 2012

           Step           Time         Lambda
              0        0.00000        0.00000

   Energies (kJ/mol)
       G96Angle    Proper Dih.          LJ-14     Coulomb-14        LJ (SR)
    1.04220e+03    9.36795e+02   -4.20086e+02    0.00000e+00   -1.35148e+03
  Disper. corr.   Coulomb (SR)   Coul. recip.      Potential    Kinetic En.
   -1.73672e+03   -2.15154e+04    2.62083e+02   -2.27826e+04    6.14234e+03
   Total Energy  Conserved En.    Temperature Pres. DC (bar) Pressure (bar)
   -1.66403e+04   -1.66403e+04    2.95677e+02   -5.25950e+02   -3.66888e+01
   Constr. rmsd
    1.09715e-06

           Step           Time         Lambda
             20        0.04000        0.00000

Writing checkpoint, step 20 at Sat Nov 24 22:46:43 2012


   Energies (kJ/mol)
       G96Angle    Proper Dih.          LJ-14     Coulomb-14        LJ (SR)
    1.02694e+03    9.24431e+02   -4.33519e+02    0.00000e+00   -1.38373e+03
  Disper. corr.   Coulomb (SR)   Coul. recip.      Potential    Kinetic En.
   -1.73672e+03   -2.14442e+04    2.28745e+02   -2.28181e+04    6.14071e+03
   Total Energy  Conserved En.    Temperature Pres. DC (bar) Pressure (bar)
   -1.66774e+04   -1.66388e+04    2.95599e+02   -5.25950e+02   -3.96264e+01
   Constr. rmsd
    1.09250e-06

	<======  ###############  ==>
	<====  A V E R A G E S  ====>
	<==  ###############  ======>

	Statistics over 21 steps using 2 frames

   Energies (kJ/mol)
       G96Angle    Proper Dih.          LJ-14     Coulomb-14        LJ (SR)
    1.03457e+03    9.30613e+02   -4.26802e+02    0.00000e+00   -1.36760e+03
  Disper. corr.   Coulomb (SR)   Coul. recip.      Potential    Kinetic En.
   -1.73672e+03   -2.14798e+04    2.45414e+02   -2.28004e+04    6.14153e+03
   Total Energy  Conserved En.    Temperature Pres. DC (bar) Pressure (bar)
   -1.66588e+04   -1.66396e+04    2.95638e+02   -5.25950e+02   -3.81576e+01
   Constr. rmsd
    0.00000e+00

   Total Virial (kJ/mol)
    2.43451e+03   -3.68035e+02   -1.21220e+02
   -3.67965e+02    2.10445e+03    2.88225e+02
   -1.20852e+02    2.87970e+02    1.79156e+03

   Pressure (bar)
   -2.10091e+02    2.18838e+02    1.04535e+02
    2.18796e+02   -4.50683e+01   -1.73148e+02
    1.04313e+02   -1.72994e+02    1.40687e+02


	M E G A - F L O P S   A C C O U N T I N G

 NB=Group-cutoff nonbonded kernels    NxN=N-by-N tile Verlet kernels
 RF=Reaction-Field  VdW=Van der Waals  CSTab=Cubic-spline table
 W3=SPC/TIP3p  W4=TIP4p (single or pairs)
 V&F=Potential and force  V=Potential only  F=Force only

 Computing:                               M-Number         M-Flops  % Flops
-----------------------------------------------------------------------------
 Pair Search distance check               1.202990          10.827     1.7
 NxN CSTab Elec. + VdW [F]                3.468632         142.214    21.8
 NxN CSTab Elec. + VdW [V&F]              0.365160          21.544     3.3
 NxN VdW [F]                              2.615200          86.302    13.2
 NxN VdW [V&F]                            0.271136          11.659     1.8
 NxN CSTab Elec. [F]                      2.733608          92.943    14.3
 NxN CSTab Elec. [V&F]                    0.290584          11.914     1.8
 1,4 nonbonded interactions               0.012600           1.134     0.2
 Calc Weights                             0.151200           5.443     0.8
 Spread Q Bspline                         3.225600           6.451     1.0
 Gather F Bspline                         3.225600          19.354     3.0
 3D-FFT                                  28.437780         227.502    34.9
 Solve PME                                0.032928           2.107     0.3
 Shift-X                                  0.007200           0.043     0.0
 Angles                                   0.016800           2.822     0.4
 Propers                                  0.012600           2.885     0.4
 Virial                                   0.004890           0.088     0.0
 Stop-CM                                  0.007200           0.072     0.0
 Calc-Ekin                                0.014400           0.389     0.1
 Lincs                                    0.023000           1.380     0.2
 Lincs-Mat                                0.220800           0.883     0.1
 Constraint-V                             0.070400           0.563     0.1
 Constraint-Vir                           0.004400           0.106     0.0
 Settle                                   0.009200           2.972     0.5
-----------------------------------------------------------------------------
 Total                                                     651.597   100.0
-----------------------------------------------------------------------------


     R E A L   C Y C L E   A N D   T I M E   A C C O U N T I N G

 Computing:         Nodes   Th.     Count  Wall t (s)     G-Cycles       %
-----------------------------------------------------------------------------
 Neighbor search        1    1          3       0.067        0.147     2.6
 Force                  1    1         21       1.787        3.934    70.6
 PME mesh               1    1         21       0.605        1.332    23.9
 NB X/F buffer ops.     1    1         39       0.002        0.005     0.1
 Write traj.            1    1          2       0.033        0.073     1.3
 Update                 1    1         21       0.004        0.010     0.2
 Constraints            1    1         21       0.025        0.056     1.0
 Rest                   1                       0.006        0.014     0.2
-----------------------------------------------------------------------------
 Total                  1                       2.531        5.571   100.0
-----------------------------------------------------------------------------
-----------------------------------------------------------------------------
 PME spread/gather      1    1         42       0.091        0.200     3.6
 PME 3D-FFT             1    1         42       0.468        1.029    18.5
 PME solve              1    1         21       0.047        0.103     1.9
-----------------------------------------------------------------------------

               Core t (s)   Wall t (s)        (%)
       Time:        2.520        2.531       99.6
                 (ns/day)    (hour/ns)
Performance:        1.434       16.737
Finished mdrun on node 0 Sat Nov 24 22:46:43 2012
