Log file opened on Tue Feb 25 19:59:38 2014
Host: amd2  pid: 29200  nodeid: 0  nnodes:  1
GROMACS:    gmx mdrun, VERSION 5.0-beta2-dev-20140221-d8091c5 (double precision)

GROMACS is written by:
Emile Apol         Rossen Apostolov   Herman J.C. Berendsen Par Bjelkmar       
Aldert van Buuren  Rudi van Drunen    Anton Feenstra     Sebastian Fritsch  
Gerrit Groenhof    Christoph Junghans Peter Kasson       Carsten Kutzner    
Per Larsson        Justin A. Lemkul   Magnus Lundborg    Pieter Meulenhoff  
Erik Marklund      Teemu Murtola      Szilard Pall       Sander Pronk       
Roland Schulz      Alexey Shvetsov    Michael Shirts     Alfons Sijbers     
Peter Tieleman     Christian Wennberg Maarten Wolf       
and the project leaders:
Mark Abraham, Berk Hess, Erik Lindahl, and David van der Spoel

Copyright (c) 1991-2000, University of Groningen, The Netherlands.
Copyright (c) 2001-2014, The GROMACS development team at
Uppsala University, Stockholm University and
the Royal Institute of Technology, Sweden.
check out http://www.gromacs.org for more information.

GROMACS is free software; you can redistribute it and/or modify it
under the terms of the GNU Lesser General Public License
as published by the Free Software Foundation; either version 2.1
of the License, or (at your option) any later version.

GROMACS:    gmx mdrun, VERSION 5.0-beta2-dev-20140221-d8091c5 (double precision)
Executable: /nethome/mark/nfs-git/master-make-reference/build-cmake-reference-double-amd2/install/bin/gmx_d
Command line:
  gmx_d mdrun -notunepme -table ../table -tablep ../tablep

Gromacs version:    VERSION 5.0-beta2-dev-20140221-d8091c5
GIT SHA1 hash:      d8091c50e21729eb3a4008e37b9ad282dcf72af5
Branched from:      b8f4cb8a0c818f24782e4cf3c258d856bac39550 (2 newer local commits)
Precision:          double
Memory model:       64 bit
MPI library:        none
OpenMP support:     disabled
GPU support:        disabled
invsqrt routine:    (1.0/sqrt(x))
SIMD instructions:  NONE
FFT library:        fftpack (built-in)
RDTSCP usage:       enabled
C++11 compilation:  enabled
TNG support:        enabled
Built on:           Thu Feb  6 17:05:59 CET 2014
Built by:           mark@amd2 [CMAKE]
Build OS/arch:      Linux 3.5.0-45-generic x86_64
Build CPU vendor:   AuthenticAMD
Build CPU brand:    AMD Opteron(tm) Processor 6376
Build CPU family:   21   Model: 2   Stepping: 0
Build CPU features: aes apic avx clfsh cmov cx8 cx16 f16c fma fma4 htt lahf_lm misalignsse mmx msr nonstop_tsc pclmuldq pdpe1gb popcnt pse rdtscp sse2 sse3 sse4a sse4.1 sse4.2 ssse3 xop
C compiler:         /usr/bin/gcc-4.7 GNU 4.7.3
C compiler flags:      -Wextra -Wno-missing-field-initializers -Wno-sign-compare -Wpointer-arith -Wall -Wno-unused -Wunused-value -Wunused-parameter -Wno-unknown-pragmas   -O0 -g
C++ compiler:       /usr/bin/g++-4.7 GNU 4.7.3
C++ compiler flags:    -std=c++0x -Wextra -Wno-missing-field-initializers -Wpointer-arith -Wall -Wno-unused-function -Wno-unknown-pragmas   -O0 -g
Boost version:      1.48.0 (internal)



++++ PLEASE READ AND CITE THE FOLLOWING REFERENCE ++++
B. Hess and C. Kutzner and D. van der Spoel and E. Lindahl
GROMACS 4: Algorithms for highly efficient, load-balanced, and scalable
molecular simulation
J. Chem. Theory Comput. 4 (2008) pp. 435-447
-------- -------- --- Thank You --- -------- --------


++++ PLEASE READ AND CITE THE FOLLOWING REFERENCE ++++
D. van der Spoel, E. Lindahl, B. Hess, G. Groenhof, A. E. Mark and H. J. C.
Berendsen
GROMACS: Fast, Flexible and Free
J. Comp. Chem. 26 (2005) pp. 1701-1719
-------- -------- --- Thank You --- -------- --------


++++ PLEASE READ AND CITE THE FOLLOWING REFERENCE ++++
E. Lindahl and B. Hess and D. van der Spoel
GROMACS 3.0: A package for molecular simulation and trajectory analysis
J. Mol. Mod. 7 (2001) pp. 306-317
-------- -------- --- Thank You --- -------- --------


++++ PLEASE READ AND CITE THE FOLLOWING REFERENCE ++++
H. J. C. Berendsen, D. van der Spoel and R. van Drunen
GROMACS: A message-passing parallel molecular dynamics implementation
Comp. Phys. Comm. 91 (1995) pp. 43-56
-------- -------- --- Thank You --- -------- --------

Input Parameters:
   integrator                     = md
   nsteps               = 20
   init-step            = 0
   cutoff-scheme                  = Group
   ns-type                        = Grid
   nstlist              = 10
   ndelta               = 2
   nstcomm              = 20
   comm-mode                      = Linear
   nstlog               = 20
   nstxout              = 20
   nstvout              = 20
   nstfout              = 20
   nstcalcenergy        = 20
   nstenergy            = 20
   nstxout-compressed   = 0
   init-t               = 0
   delta-t              = 0.002
   x-compression-precision = 1000
   fourierspacing       = 0.12
   nkx                  = 52
   nky                  = 28
   nkz                  = 28
   pme-order            = 4
   ewald-rtol           = 1e-05
   ewald-rtol-lj        = 0.001
   ewald-geometry       = 0
   epsilon-surface      = 0
   optimize-fft                   = FALSE
   lj-pme-comb-rule               = Geometric
   ePBC                           = xyz
   bPeriodicMols                  = FALSE
   bContinuation                  = FALSE
   bShakeSOR                      = FALSE
   etc                            = V-rescale
   bPrintNHChains                 = FALSE
   nsttcouple           = 10
   epc                            = No
   epctype                        = Isotropic
   nstpcouple           = -1
   tau-p                = 2
   ref-p (3x3):
      ref-p[    0]={ 0.00000e+00,  0.00000e+00,  0.00000e+00}
      ref-p[    1]={ 0.00000e+00,  0.00000e+00,  0.00000e+00}
      ref-p[    2]={ 0.00000e+00,  0.00000e+00,  0.00000e+00}
   compress (3x3):
      compress[    0]={ 0.00000e+00,  0.00000e+00,  0.00000e+00}
      compress[    1]={ 0.00000e+00,  0.00000e+00,  0.00000e+00}
      compress[    2]={ 0.00000e+00,  0.00000e+00,  0.00000e+00}
   refcoord-scaling               = No
   posres-com (3):
      posres-com[0]= 0.00000e+00
      posres-com[1]= 0.00000e+00
      posres-com[2]= 0.00000e+00
   posres-comB (3):
      posres-comB[0]= 0.00000e+00
      posres-comB[1]= 0.00000e+00
      posres-comB[2]= 0.00000e+00
   verlet-buffer-tolerance = 0.005
   rlist                = 1
   rlistlong            = 1
   nstcalclr            = 0
   rtpi                 = 0.05
   coulombtype                    = PME
   coulomb-modifier               = None
   rcoulomb-switch      = 0
   rcoulomb             = 1
   vdwtype                        = PME
   vdw-modifier                   = None
   rvdw-switch          = 0
   rvdw                 = 1
   epsilon-r            = 1
   epsilon-rf                     = inf
   tabext               = 1
   implicit-solvent               = No
   gb-algorithm                   = Still
   gb-epsilon-solvent   = 80
   nstgbradii           = 1
   rgbradii             = 1
   gb-saltconc          = 0
   gb-obc-alpha         = 1
   gb-obc-beta          = 0.8
   gb-obc-gamma         = 4.85
   gb-dielectric-offset = 0.009
   sa-algorithm                   = Ace-approximation
   sa-surface-tension   = 2.05016
   DispCorr                       = EnerPres
   bSimTemp                       = FALSE
   free-energy                    = no
   nwall                = 0
   wall-type                      = 9-3
   wall-atomtype[0]     = -1
   wall-atomtype[1]     = -1
   wall-density[0]      = 0
   wall-density[1]      = 0
   wall-ewald-zfac      = 3
   pull                           = no
   rotation                       = FALSE
   disre                          = No
   disre-weighting                = Conservative
   disre-mixed                    = FALSE
   dr-fc                = 1000
   dr-tau               = 0
   nstdisreout          = 100
   orires-fc            = 0
   orires-tau           = 0
   nstorireout          = 100
   dihre-fc             = 0
   em-stepsize          = 0.01
   em-tol               = 10
   niter                = 20
   fc-stepsize          = 0
   nstcgsteep           = 1000
   nbfgscorr            = 10
   ConstAlg                       = Lincs
   shake-tol            = 0.0001
   lincs-order          = 4
   lincs-warnangle      = 30
   lincs-iter           = 1
   bd-fric              = 0
   ld-seed              = 1993
   cos-accel            = 0
   deform (3x3):
      deform[    0]={ 0.00000e+00,  0.00000e+00,  0.00000e+00}
      deform[    1]={ 0.00000e+00,  0.00000e+00,  0.00000e+00}
      deform[    2]={ 0.00000e+00,  0.00000e+00,  0.00000e+00}
   adress                         = FALSE
   userint1             = 0
   userint2             = 0
   userint3             = 0
   userint4             = 0
   userreal1            = 0
   userreal2            = 0
   userreal3            = 0
   userreal4            = 0
grpopts:
   nrdf:        4997
   ref-t:         298
   tau-t:         0.5
anneal:          No
ann-npoints:           0
   acc:	           0           0           0
   nfreeze:           N           N           N
   energygrp-flags[  0]: 0
   efield-x:
      n = 0
   efield-xt:
      n = 0
   efield-y:
      n = 0
   efield-yt:
      n = 0
   efield-z:
      n = 0
   efield-zt:
      n = 0
   eSwapCoords                    = no
   bQMMM                          = FALSE
   QMconstraints        = 0
   QMMMscheme           = 0
   scalefactor          = 1
qm-opts:
   ngQM                 = 0

Detecting CPU SIMD instructions.
Present hardware specification:
Vendor: AuthenticAMD
Brand:  AMD Opteron(tm) Processor 6376                 
Family: 21  Model:  2  Stepping:  0
Features: aes apic avx clfsh cmov cx8 cx16 f16c fma fma4 htt lahf_lm misalignsse mmx msr nonstop_tsc pclmuldq pdpe1gb popcnt pse rdtscp sse2 sse3 sse4a sse4.1 sse4.2 ssse3 xop
SIMD instructions most likely to fit this hardware: AVX_128_FMA
SIMD instructions selected at GROMACS compile time: None


Binary not matching hardware - you might be losing performance.
SIMD instructions most likely to fit this hardware: AVX_128_FMA
SIMD instructions selected at GROMACS compile time: None

Table routines are used for coulomb: FALSE
Table routines are used for vdw:     TRUE
Will do PME sum in reciprocal space for electrostatic interactions.

++++ PLEASE READ AND CITE THE FOLLOWING REFERENCE ++++
U. Essmann, L. Perera, M. L. Berkowitz, T. Darden, H. Lee and L. G. Pedersen 
A smooth particle mesh Ewald method
J. Chem. Phys. 103 (1995) pp. 8577-8592
-------- -------- --- Thank You --- -------- --------

Will do ordinary reciprocal space Ewald sum.
Using a Gaussian width (1/beta) of 0.320163 nm for Ewald
Will do PME sum in reciprocal space for LJ dispersion interactions.

++++ PLEASE READ AND CITE THE FOLLOWING REFERENCE ++++
U. Essmann, L. Perera, M. L. Berkowitz, T. Darden, H. Lee and L. G. Pedersen 
A smooth particle mesh Ewald method
J. Chem. Phys. 103 (1995) pp. 8577-8592
-------- -------- --- Thank You --- -------- --------

Using a Gaussian width (1/beta) of 0.298423 nm for LJ Ewald
Using shifted Lennard-Jones, switch between 0 and 1 nm
Cut-off's:   NS: 1   Coulomb: 1   LJ: 1
Long Range LJ corr.: <C6> 0.0000e+00
System total charge: 0.000
Generated table with 4000 data points for Ewald.
Tabscale = 2000 points/nm
Generated table with 4000 data points for LJ6Ewald.
Tabscale = 2000 points/nm
Generated table with 4000 data points for LJ12.
Tabscale = 2000 points/nm
Generated table with 4000 data points for 1-4 COUL.
Tabscale = 2000 points/nm
Generated table with 4000 data points for 1-4 LJ6.
Tabscale = 2000 points/nm
Generated table with 4000 data points for 1-4 LJ12.
Tabscale = 2000 points/nm

Enabling SPC-like water optimization for 400 molecules.

Potential shift: LJ r^-12: 0.000e+00 r^-6: 0.000e+00, Ewald -0.000e+00
Initialized non-bonded Ewald correction tables, spacing: 6.60e-04 size: 3033

Removing pbc first time

Initializing LINear Constraint Solver

++++ PLEASE READ AND CITE THE FOLLOWING REFERENCE ++++
B. Hess and H. Bekker and H. J. C. Berendsen and J. G. E. M. Fraaije
LINCS: A Linear Constraint Solver for molecular simulations
J. Comp. Chem. 18 (1997) pp. 1463-1472
-------- -------- --- Thank You --- -------- --------

The number of constraints is 1000

++++ PLEASE READ AND CITE THE FOLLOWING REFERENCE ++++
S. Miyamoto and P. A. Kollman
SETTLE: An Analytical Version of the SHAKE and RATTLE Algorithms for Rigid
Water Models
J. Comp. Chem. 13 (1992) pp. 952-962
-------- -------- --- Thank You --- -------- --------

Center of mass motion removal mode is Linear
We have the following groups for center of mass motion removal:
  0:  rest

++++ PLEASE READ AND CITE THE FOLLOWING REFERENCE ++++
G. Bussi, D. Donadio and M. Parrinello
Canonical sampling through velocity rescaling
J. Chem. Phys. 126 (2007) pp. 014101
-------- -------- --- Thank You --- -------- --------

There are: 2400 Atoms
Max number of connections per atom is 12
Total number of connections is 11600
Max number of graph edges per atom is 2
Total number of graph edges is 3600

Constraining the starting coordinates (step 0)

Constraining the coordinates at t0-dt (step 0)
RMS relative constraint deviation after constraining: 5.00e-07
Initial temperature: 296.114 K

Started mdrun on node 0 Tue Feb 25 19:59:38 2014
           Step           Time         Lambda
              0        0.00000        0.00000


Grid: 9 x 4 x 4 cells
   Energies (kJ/mol)
       G96Angle    Proper Dih.          LJ-14     Coulomb-14        LJ (SR)
    1.04220e+03    9.36795e+02   -4.20086e+02    0.00000e+00    4.10951e+03
  Disper. corr.   Coulomb (SR)   Coul. recip.      LJ recip.      Potential
    0.00000e+00   -1.98306e+04   -1.42229e+03   -7.17228e+03   -2.27568e+04
    Kinetic En.   Total Energy  Conserved En.    Temperature Pres. DC (bar)
    6.14235e+03   -1.66144e+04   -1.66144e+04    2.95678e+02    0.00000e+00
 Pressure (bar)   Constr. rmsd
   -4.86145e+01    4.84400e-07

           Step           Time         Lambda
             20        0.04000        0.00000

Writing checkpoint, step 20 at Tue Feb 25 19:59:40 2014


   Energies (kJ/mol)
       G96Angle    Proper Dih.          LJ-14     Coulomb-14        LJ (SR)
    1.02706e+03    9.24452e+02   -4.33522e+02    0.00000e+00    4.07850e+03
  Disper. corr.   Coulomb (SR)   Coul. recip.      LJ recip.      Potential
    0.00000e+00   -1.97606e+04   -1.45418e+03   -7.17389e+03   -2.27922e+04
    Kinetic En.   Total Energy  Conserved En.    Temperature Pres. DC (bar)
    6.14091e+03   -1.66513e+04   -1.66127e+04    2.95608e+02    0.00000e+00
 Pressure (bar)   Constr. rmsd
   -5.24928e+01    4.85994e-07

	<======  ###############  ==>
	<====  A V E R A G E S  ====>
	<==  ###############  ======>

	Statistics over 21 steps using 2 frames

   Energies (kJ/mol)
       G96Angle    Proper Dih.          LJ-14     Coulomb-14        LJ (SR)
    1.03463e+03    9.30623e+02   -4.26804e+02    0.00000e+00    4.09400e+03
  Disper. corr.   Coulomb (SR)   Coul. recip.      LJ recip.      Potential
    0.00000e+00   -1.97956e+04   -1.43824e+03   -7.17309e+03   -2.27745e+04
    Kinetic En.   Total Energy  Conserved En.    Temperature Pres. DC (bar)
    6.14163e+03   -1.66328e+04   -1.66136e+04    2.95643e+02    0.00000e+00
 Pressure (bar)   Constr. rmsd
   -5.05537e+01    0.00000e+00

   Total Virial (kJ/mol)
    2.45069e+03   -3.67919e+02   -1.19757e+02
   -3.67919e+02    2.12734e+03    2.87595e+02
   -1.19757e+02    2.87595e+02    1.81400e+03

   Pressure (bar)
   -2.19907e+02    2.18775e+02    1.03641e+02
    2.18775e+02   -5.89065e+01   -1.72750e+02
    1.03641e+02   -1.72750e+02    1.27152e+02


	M E G A - F L O P S   A C C O U N T I N G

 NB=Group-cutoff nonbonded kernels    NxN=N-by-N cluster Verlet kernels
 RF=Reaction-Field  VdW=Van der Waals  QSTab=quadratic-spline table
 W3=SPC/TIP3p  W4=TIP4p (single or pairs)
 V&F=Potential and force  V=Potential only  F=Force only

 Computing:                               M-Number         M-Flops  % Flops
-----------------------------------------------------------------------------
 NB VdW [V&F]                             8.380872           8.381     1.1
 NB VdW [F]                              68.096601          68.097     9.3
 NB VdW & Elec. [W3-W3,V&F]              15.656529          15.657     2.1
 NB VdW & Elec. [W3-W3,F]               121.928338         121.928    16.7
 1,4 nonbonded interactions               0.012600           1.134     0.2
 Calc Weights                             0.151200           5.443     0.7
 Spread Q Bspline                         6.451200          12.902     1.8
 Gather F Bspline                         6.451200          38.707     5.3
 3D-FFT                                  52.446912         419.575    57.5
 Solve PME                                0.061152           3.914     0.5
 NS-Pairs                                 1.019777          21.415     2.9
 Reset In Box                             0.004800           0.014     0.0
 Shift-X                                  0.100800           0.605     0.1
 CG-CoM                                   0.007200           0.022     0.0
 Angles                                   0.016800           2.822     0.4
 Propers                                  0.012600           2.885     0.4
 Virial                                   0.004890           0.088     0.0
 Stop-CM                                  0.007200           0.072     0.0
 Calc-Ekin                                0.014400           0.389     0.1
 Lincs                                    0.023000           1.380     0.2
 Lincs-Mat                                0.220800           0.883     0.1
 Constraint-V                             0.070400           0.563     0.1
 Constraint-Vir                           0.004400           0.106     0.0
 Settle                                   0.009200           2.972     0.4
-----------------------------------------------------------------------------
 Total                                                     729.955   100.0
-----------------------------------------------------------------------------


     R E A L   C Y C L E   A N D   T I M E   A C C O U N T I N G

On 1 MPI rank

 Computing:          Num   Num      Call    Wall time         Giga-Cycles
                     Nodes Threads  Count      (s)         total sum    %
-----------------------------------------------------------------------------
 Neighbor search        1    1          3       0.067          0.154   4.4
 Force                  1    1         21       0.452          1.042  30.1
 PME mesh               1    1         21       0.926          2.133  61.7
 Write traj.            1    1          2       0.032          0.075   2.2
 Update                 1    1         21       0.002          0.005   0.2
 Constraints            1    1         21       0.015          0.034   1.0
 Rest                                           0.006          0.015   0.4
-----------------------------------------------------------------------------
 Total                                          1.500          3.457 100.0
-----------------------------------------------------------------------------
 Breakdown of PME mesh computation
-----------------------------------------------------------------------------
 PME spread/gather      1    1         84       0.139          0.320   9.2
 PME 3D-FFT             1    1         84       0.664          1.529  44.2
 PME solve LJ           1    1         21       0.090          0.208   6.0
 PME solve Elec         1    1         21       0.033          0.076   2.2
-----------------------------------------------------------------------------

               Core t (s)   Wall t (s)        (%)
       Time:        1.490        1.500       99.3
                 (ns/day)    (hour/ns)
Performance:        2.419        9.923
Finished mdrun on node 0 Tue Feb 25 19:59:38 2014
