Log file opened on Sun May 20 20:12:23 2018
Host: heat10.jf.intel.com  pid: 49118  rank ID: 0  number of ranks:  1
          :-) GROMACS - gmx mdrun, 2019-dev-20180518-7d5382b-local (-:

                            GROMACS is written by:
     Emile Apol      Rossen Apostolov      Paul Bauer     Herman J.C. Berendsen
    Par Bjelkmar    Aldert van Buuren   Rudi van Drunen     Anton Feenstra  
  Gerrit Groenhof    Aleksei Iupinov   Christoph Junghans   Anca Hamuraru   
 Vincent Hindriksen Dimitrios Karkoulis    Peter Kasson        Jiri Kraus    
  Carsten Kutzner      Per Larsson      Justin A. Lemkul    Viveca Lindahl  
  Magnus Lundborg   Pieter Meulenhoff    Erik Marklund      Teemu Murtola   
    Szilard Pall       Sander Pronk      Roland Schulz     Alexey Shvetsov  
   Michael Shirts     Alfons Sijbers     Peter Tieleman    Teemu Virolainen 
 Christian Wennberg    Maarten Wolf   
                           and the project leaders:
        Mark Abraham, Berk Hess, Erik Lindahl, and David van der Spoel

Copyright (c) 1991-2000, University of Groningen, The Netherlands.
Copyright (c) 2001-2017, The GROMACS development team at
Uppsala University, Stockholm University and
the Royal Institute of Technology, Sweden.
check out http://www.gromacs.org for more information.

GROMACS is free software; you can redistribute it and/or modify it
under the terms of the GNU Lesser General Public License
as published by the Free Software Foundation; either version 2.1
of the License, or (at your option) any later version.

GROMACS:      gmx mdrun, version 2019-dev-20180518-7d5382b-local
Executable:   /home/schulzro/gromacs2/gcc48.ref/bin/gmx
Data prefix:  /home/schulzro/gromacs2 (source tree)
Working dir:  /home/schulzro/regressiontests/complex/ljpme_geometric
Command line:
  gmx mdrun -nb cpu -notunepme

GROMACS version:    2019-dev-20180518-7d5382b-local
GIT SHA1 hash:      7d5382b97d149caa408082e82f62b5918bba111a
Branched from:      unknown
Precision:          single
Memory model:       64 bit
MPI library:        none
OpenMP support:     disabled
GPU support:        disabled
SIMD instructions:  NONE
FFT library:        fftpack (built-in)
RDTSCP usage:       disabled
TNG support:        enabled
Hwloc support:      hwloc-1.11.0
Tracing support:    disabled
Built on:           2018-05-21 03:05:40
Built by:           schulzro@heat10.jf.intel.com [CMAKE]
Build OS/arch:      Linux 3.10.0-514.26.2.el7.x86_64 x86_64
Build CPU vendor:   Intel
Build CPU brand:    Intel(R) Xeon(R) CPU E5-2699 v3 @ 2.30GHz
Build CPU family:   6   Model: 63   Stepping: 2
Build CPU features: aes apic avx avx2 clfsh cmov cx8 cx16 f16c fma htt intel lahf mmx msr nonstop_tsc pcid pclmuldq pdcm pdpe1gb popcnt pse rdrnd rdtscp sse2 sse3 sse4.1 sse4.2 ssse3 tdt x2apic
C compiler:         /usr/bin/cc GNU 4.8.5
C compiler flags:       -Wundef -Wextra -Wno-missing-field-initializers -Wno-sign-compare -Wpointer-arith -Wall -Wno-unused -Wunused-value -Wunused-parameter -Wno-unknown-pragmas  -O0 -g
C++ compiler:       /usr/bin/c++ GNU 4.8.5
C++ compiler flags:     -std=c++11  -Wundef -Wextra -Wno-missing-field-initializers -Wpointer-arith -Wmissing-declarations -Wall -Wno-unknown-pragmas  -O0 -g


Running on 1 node with total 36 cores, 72 logical cores
Hardware detected:
  CPU info:
    Vendor: Intel
    Brand:  Intel(R) Xeon(R) CPU E5-2699 v3 @ 2.30GHz
    Family: 6   Model: 63   Stepping: 2
    Features: aes apic avx avx2 clfsh cmov cx8 cx16 f16c fma htt intel lahf mmx msr nonstop_tsc pcid pclmuldq pdcm pdpe1gb popcnt pse rdrnd rdtscp sse2 sse3 sse4.1 sse4.2 ssse3 tdt x2apic
  Hardware topology: Full, with devices
    Sockets, cores, and logical processors:
      Socket  0: [   0  36] [   1  37] [   2  38] [   3  39] [   4  40] [   5  41] [   6  42] [   7  43] [   8  44] [   9  45] [  10  46] [  11  47] [  12  48] [  13  49] [  14  50] [  15  51] [  16  52] [  17  53]
      Socket  1: [  18  54] [  19  55] [  20  56] [  21  57] [  22  58] [  23  59] [  24  60] [  25  61] [  26  62] [  27  63] [  28  64] [  29  65] [  30  66] [  31  67] [  32  68] [  33  69] [  34  70] [  35  71]
    Numa nodes:
      Node  0 (68618326016 bytes mem):   0  36   1  37   2  38   3  39   4  40   5  41   6  42   7  43   8  44   9  45  10  46  11  47  12  48  13  49  14  50  15  51  16  52  17  53
      Node  1 (68719476736 bytes mem):  18  54  19  55  20  56  21  57  22  58  23  59  24  60  25  61  26  62  27  63  28  64  29  65  30  66  31  67  32  68  33  69  34  70  35  71
      Latency:
               0     1
         0  1.00  2.10
         1  2.10  1.00
    Caches:
      L1: 32768 bytes, linesize 64 bytes, assoc. 8, shared 2 ways
      L2: 262144 bytes, linesize 64 bytes, assoc. 8, shared 2 ways
      L3: 47185920 bytes, linesize 64 bytes, assoc. 20, shared 36 ways
    PCI devices:
      0000:01:00.0  Id: 8086:1521  Class: 0x0200  Numa: 0
      0000:01:00.1  Id: 8086:1521  Class: 0x0200  Numa: 0
      0000:00:11.4  Id: 8086:8d62  Class: 0x0106  Numa: 0
      0000:06:00.0  Id: 102b:0522  Class: 0x0300  Numa: 0
      0000:00:1f.2  Id: 8086:8d02  Class: 0x0106  Numa: 0

Highest SIMD level requested by all nodes in run: AVX2_256
SIMD instructions selected at compile time:       None
This program was compiled for different hardware than you are running on,
which could influence performance.
The current CPU can measure timings more accurately than the code in
gmx mdrun was configured to use. This might affect your simulation
speed as accurate timings are needed for load-balancing.
Please consider rebuilding gmx mdrun with the GMX_USE_RDTSCP=ON CMake option.

++++ PLEASE READ AND CITE THE FOLLOWING REFERENCE ++++
M. J. Abraham, T. Murtola, R. Schulz, S. Páll, J. C. Smith, B. Hess, E.
Lindahl
GROMACS: High performance molecular simulations through multi-level
parallelism from laptops to supercomputers
SoftwareX 1 (2015) pp. 19-25
-------- -------- --- Thank You --- -------- --------


++++ PLEASE READ AND CITE THE FOLLOWING REFERENCE ++++
S. Páll, M. J. Abraham, C. Kutzner, B. Hess, E. Lindahl
Tackling Exascale Software Challenges in Molecular Dynamics Simulations with
GROMACS
In S. Markidis & E. Laure (Eds.), Solving Software Challenges for Exascale 8759 (2015) pp. 3-27
-------- -------- --- Thank You --- -------- --------


++++ PLEASE READ AND CITE THE FOLLOWING REFERENCE ++++
S. Pronk, S. Páll, R. Schulz, P. Larsson, P. Bjelkmar, R. Apostolov, M. R.
Shirts, J. C. Smith, P. M. Kasson, D. van der Spoel, B. Hess, and E. Lindahl
GROMACS 4.5: a high-throughput and highly parallel open source molecular
simulation toolkit
Bioinformatics 29 (2013) pp. 845-54
-------- -------- --- Thank You --- -------- --------


++++ PLEASE READ AND CITE THE FOLLOWING REFERENCE ++++
B. Hess and C. Kutzner and D. van der Spoel and E. Lindahl
GROMACS 4: Algorithms for highly efficient, load-balanced, and scalable
molecular simulation
J. Chem. Theory Comput. 4 (2008) pp. 435-447
-------- -------- --- Thank You --- -------- --------


++++ PLEASE READ AND CITE THE FOLLOWING REFERENCE ++++
D. van der Spoel, E. Lindahl, B. Hess, G. Groenhof, A. E. Mark and H. J. C.
Berendsen
GROMACS: Fast, Flexible and Free
J. Comp. Chem. 26 (2005) pp. 1701-1719
-------- -------- --- Thank You --- -------- --------


++++ PLEASE READ AND CITE THE FOLLOWING REFERENCE ++++
E. Lindahl and B. Hess and D. van der Spoel
GROMACS 3.0: A package for molecular simulation and trajectory analysis
J. Mol. Mod. 7 (2001) pp. 306-317
-------- -------- --- Thank You --- -------- --------


++++ PLEASE READ AND CITE THE FOLLOWING REFERENCE ++++
H. J. C. Berendsen, D. van der Spoel and R. van Drunen
GROMACS: A message-passing parallel molecular dynamics implementation
Comp. Phys. Comm. 91 (1995) pp. 43-56
-------- -------- --- Thank You --- -------- --------

Input Parameters:
   integrator                     = md
   tinit                          = 0
   dt                             = 0.002
   nsteps                         = 20
   init-step                      = 0
   simulation-part                = 1
   comm-mode                      = Linear
   nstcomm                        = 20
   bd-fric                        = 0
   ld-seed                        = 1993
   emtol                          = 10
   emstep                         = 0.01
   niter                          = 20
   fcstep                         = 0
   nstcgsteep                     = 1000
   nbfgscorr                      = 10
   rtpi                           = 0.05
   nstxout                        = 20
   nstvout                        = 20
   nstfout                        = 20
   nstlog                         = 20
   nstcalcenergy                  = 20
   nstenergy                      = 20
   nstxout-compressed             = 0
   compressed-x-precision         = 1000
   cutoff-scheme                  = Verlet
   nstlist                        = 10
   ns-type                        = Grid
   pbc                            = xyz
   periodic-molecules             = false
   verlet-buffer-tolerance        = 0.005
   rlist                          = 1
   coulombtype                    = PME
   coulomb-modifier               = Potential-shift
   rcoulomb-switch                = 0
   rcoulomb                       = 1
   epsilon-r                      = 1
   epsilon-rf                     = inf
   vdw-type                       = PME
   vdw-modifier                   = Potential-shift
   rvdw-switch                    = 0
   rvdw                           = 1
   DispCorr                       = EnerPres
   table-extension                = 1
   fourierspacing                 = 0.12
   fourier-nx                     = 52
   fourier-ny                     = 28
   fourier-nz                     = 28
   pme-order                      = 4
   ewald-rtol                     = 1e-05
   ewald-rtol-lj                  = 0.001
   lj-pme-comb-rule               = Geometric
   ewald-geometry                 = 0
   epsilon-surface                = 0
   tcoupl                         = V-rescale
   nsttcouple                     = 10
   nh-chain-length                = 0
   print-nose-hoover-chain-variables = false
   pcoupl                         = No
   pcoupltype                     = Isotropic
   nstpcouple                     = -1
   tau-p                          = 2
   compressibility (3x3):
      compressibility[    0]={ 0.00000e+00,  0.00000e+00,  0.00000e+00}
      compressibility[    1]={ 0.00000e+00,  0.00000e+00,  0.00000e+00}
      compressibility[    2]={ 0.00000e+00,  0.00000e+00,  0.00000e+00}
   ref-p (3x3):
      ref-p[    0]={ 0.00000e+00,  0.00000e+00,  0.00000e+00}
      ref-p[    1]={ 0.00000e+00,  0.00000e+00,  0.00000e+00}
      ref-p[    2]={ 0.00000e+00,  0.00000e+00,  0.00000e+00}
   refcoord-scaling               = No
   posres-com (3):
      posres-com[0]= 0.00000e+00
      posres-com[1]= 0.00000e+00
      posres-com[2]= 0.00000e+00
   posres-comB (3):
      posres-comB[0]= 0.00000e+00
      posres-comB[1]= 0.00000e+00
      posres-comB[2]= 0.00000e+00
   QMMM                           = false
   QMconstraints                  = 0
   QMMMscheme                     = 0
   MMChargeScaleFactor            = 1
qm-opts:
   ngQM                           = 0
   constraint-algorithm           = Lincs
   continuation                   = false
   Shake-SOR                      = false
   shake-tol                      = 0.0001
   lincs-order                    = 4
   lincs-iter                     = 1
   lincs-warnangle                = 30
   nwall                          = 0
   wall-type                      = 9-3
   wall-r-linpot                  = -1
   wall-atomtype[0]               = -1
   wall-atomtype[1]               = -1
   wall-density[0]                = 0
   wall-density[1]                = 0
   wall-ewald-zfac                = 3
   pull                           = false
   awh                            = false
   rotation                       = false
   interactiveMD                  = false
   disre                          = No
   disre-weighting                = Conservative
   disre-mixed                    = false
   dr-fc                          = 1000
   dr-tau                         = 0
   nstdisreout                    = 100
   orire-fc                       = 0
   orire-tau                      = 0
   nstorireout                    = 100
   free-energy                    = no
   cos-acceleration               = 0
   deform (3x3):
      deform[    0]={ 0.00000e+00,  0.00000e+00,  0.00000e+00}
      deform[    1]={ 0.00000e+00,  0.00000e+00,  0.00000e+00}
      deform[    2]={ 0.00000e+00,  0.00000e+00,  0.00000e+00}
   simulated-tempering            = false
   swapcoords                     = no
   userint1                       = 0
   userint2                       = 0
   userint3                       = 0
   userint4                       = 0
   userreal1                      = 0
   userreal2                      = 0
   userreal3                      = 0
   userreal4                      = 0
   applied-forces:
     electric-field:
       x:
         E0                       = 0
         omega                    = 0
         t0                       = 0
         sigma                    = 0
       y:
         E0                       = 0
         omega                    = 0
         t0                       = 0
         sigma                    = 0
       z:
         E0                       = 0
         omega                    = 0
         t0                       = 0
         sigma                    = 0
grpopts:
   nrdf:        4997
   ref-t:         298
   tau-t:         0.5
annealing:          No
annealing-npoints:           0
   acc:	           0           0           0
   nfreeze:           N           N           N
   energygrp-flags[  0]: 0

Changing nstlist from 10 to 100, rlist from 1 to 1.012


NOTE: GROMACS was compiled without OpenMP and (thread-)MPI support, can only use a single CPU core

Pinning threads with an auto-selected logical core stride of 2
System total charge: 0.000
Will do PME sum in reciprocal space for LJ dispersion interactions.

++++ PLEASE READ AND CITE THE FOLLOWING REFERENCE ++++
U. Essmann, L. Perera, M. L. Berkowitz, T. Darden, H. Lee and L. G. Pedersen 
A smooth particle mesh Ewald method
J. Chem. Phys. 103 (1995) pp. 8577-8592
-------- -------- --- Thank You --- -------- --------

Using a Gaussian width (1/beta) of 0.298423 nm for LJ Ewald
Will do PME sum in reciprocal space for electrostatic interactions.

++++ PLEASE READ AND CITE THE FOLLOWING REFERENCE ++++
U. Essmann, L. Perera, M. L. Berkowitz, T. Darden, H. Lee and L. G. Pedersen 
A smooth particle mesh Ewald method
J. Chem. Phys. 103 (1995) pp. 8577-8592
-------- -------- --- Thank You --- -------- --------

Using a Gaussian width (1/beta) of 0.320163 nm for Ewald
Potential shift: LJ r^-12: -1.000e+00 r^-6: -1.000e-03, Ewald -1.000e-05
Initialized non-bonded Ewald correction tables, spacing: 9.33e-04 size: 1073

Using shifted Lennard-Jones, switch between 0 and 1 nm
Long Range LJ corr.: <C6> 0.0000e+00
Generated table with 1006 data points for Ewald.
Tabscale = 500 points/nm
Generated table with 1006 data points for LJ6Ewald.
Tabscale = 500 points/nm
Generated table with 1006 data points for LJ12.
Tabscale = 500 points/nm
Generated table with 1006 data points for 1-4 COUL.
Tabscale = 500 points/nm
Generated table with 1006 data points for 1-4 LJ6.
Tabscale = 500 points/nm
Generated table with 1006 data points for 1-4 LJ12.
Tabscale = 500 points/nm

Using plain C 4x4 nonbonded short-range kernels

WARNING: Using the slow plain C kernels. This should
not happen during routine usage on supported platforms.

Using a 4x4 pair-list setup:
  updated every 100 steps, buffer 0.012 nm, rlist 1.012 nm
At tolerance 0.005 kJ/mol/ps per atom, equivalent classical 1x1 list would be:
  updated every 100 steps, buffer 0.185 nm, rlist 1.185 nm

Removing pbc first time

Initializing LINear Constraint Solver

++++ PLEASE READ AND CITE THE FOLLOWING REFERENCE ++++
B. Hess and H. Bekker and H. J. C. Berendsen and J. G. E. M. Fraaije
LINCS: A Linear Constraint Solver for molecular simulations
J. Comp. Chem. 18 (1997) pp. 1463-1472
-------- -------- --- Thank You --- -------- --------

The number of constraints is 1000

++++ PLEASE READ AND CITE THE FOLLOWING REFERENCE ++++
S. Miyamoto and P. A. Kollman
SETTLE: An Analytical Version of the SHAKE and RATTLE Algorithms for Rigid
Water Models
J. Comp. Chem. 13 (1992) pp. 952-962
-------- -------- --- Thank You --- -------- --------


Intra-simulation communication will occur every 10 steps.
Center of mass motion removal mode is Linear
We have the following groups for center of mass motion removal:
  0:  rest

++++ PLEASE READ AND CITE THE FOLLOWING REFERENCE ++++
G. Bussi, D. Donadio and M. Parrinello
Canonical sampling through velocity rescaling
J. Chem. Phys. 126 (2007) pp. 014101
-------- -------- --- Thank You --- -------- --------

There are: 2400 Atoms

Constraining the starting coordinates (step 0)

Constraining the coordinates at t0-dt (step 0)
RMS relative constraint deviation after constraining: 1.13e-06
Initial temperature: 296.115 K

Started mdrun on rank 0 Sun May 20 20:12:23 2018
           Step           Time
              0        0.00000

   Energies (kJ/mol)
       G96Angle    Proper Dih.          LJ-14     Coulomb-14        LJ (SR)
    1.04220e+03    9.36795e+02   -4.20086e+02    0.00000e+00    8.20523e+03
  Disper. corr.   Coulomb (SR)   Coul. recip.      LJ recip.      Potential
    0.00000e+00   -2.14487e+04    1.96172e+02   -1.12692e+04   -2.27577e+04
    Kinetic En.   Total Energy  Conserved En.    Temperature Pres. DC (bar)
    6.14235e+03   -1.66153e+04   -1.66153e+04    2.95679e+02    0.00000e+00
 Pressure (bar)   Constr. rmsd
   -4.77445e+01    1.05005e-06

           Step           Time
             20        0.04000

Writing checkpoint, step 20 at Sun May 20 20:12:25 2018


   Energies (kJ/mol)
       G96Angle    Proper Dih.          LJ-14     Coulomb-14        LJ (SR)
    1.03141e+03    9.27243e+02   -4.33359e+02    0.00000e+00    8.17996e+03
  Disper. corr.   Coulomb (SR)   Coul. recip.      LJ recip.      Potential
    0.00000e+00   -2.13702e+04    1.64480e+02   -1.12707e+04   -2.27712e+04
    Kinetic En.   Total Energy  Conserved En.    Temperature Pres. DC (bar)
    6.17580e+03   -1.65954e+04   -1.66137e+04    2.97290e+02    0.00000e+00
 Pressure (bar)   Constr. rmsd
   -3.68852e+01    1.11909e-06

	<======  ###############  ==>
	<====  A V E R A G E S  ====>
	<==  ###############  ======>

	Statistics over 21 steps using 2 frames

   Energies (kJ/mol)
       G96Angle    Proper Dih.          LJ-14     Coulomb-14        LJ (SR)
    1.03680e+03    9.32019e+02   -4.26723e+02    0.00000e+00    8.19260e+03
  Disper. corr.   Coulomb (SR)   Coul. recip.      LJ recip.      Potential
    0.00000e+00   -2.14095e+04    1.80326e+02   -1.12700e+04   -2.27644e+04
    Kinetic En.   Total Energy  Conserved En.    Temperature Pres. DC (bar)
    6.15908e+03   -1.66054e+04   -1.66145e+04    2.96485e+02    0.00000e+00
 Pressure (bar)   Constr. rmsd
   -4.23148e+01    0.00000e+00

   Total Virial (kJ/mol)
    2.44415e+03   -3.67643e+02   -1.20170e+02
   -3.67817e+02    2.11949e+03    2.88772e+02
   -1.20147e+02    2.88824e+02    1.80502e+03

   Pressure (bar)
   -2.12510e+02    2.18621e+02    1.03925e+02
    2.18727e+02   -5.04956e+01   -1.73450e+02
    1.03911e+02   -1.73482e+02    1.36061e+02


	M E G A - F L O P S   A C C O U N T I N G

 NB=Group-cutoff nonbonded kernels    NxN=N-by-N cluster Verlet kernels
 RF=Reaction-Field  VdW=Van der Waals  QSTab=quadratic-spline table
 W3=SPC/TIP3p  W4=TIP4p (single or pairs)
 V&F=Potential and force  V=Potential only  F=Force only

 Computing:                               M-Number         M-Flops  % Flops
-----------------------------------------------------------------------------
 Pair Search distance check               0.421448           3.793     0.3
 NxN QSTab Elec. + LJ [F]                 4.021160         309.629    24.2
 NxN QSTab Elec. + LJ [V&F]               0.423280          38.942     3.0
 NxN LJ [F]                               3.902448         269.269    21.0
 NxN LJ [V&F]                             0.410784          31.220     2.4
 NxN QSTab Elec. [F]                      3.521384         119.727     9.3
 NxN QSTab Elec. [V&F]                    0.370672          15.198     1.2
 1,4 nonbonded interactions               0.012600           1.134     0.1
 Calc Weights                             0.151200           5.443     0.4
 Spread Q Bspline                         6.451200          12.902     1.0
 Gather F Bspline                         6.451200          38.707     3.0
 3D-FFT                                  52.446912         419.575    32.7
 Solve PME                                0.061152           3.914     0.3
 Shift-X                                  0.002400           0.014     0.0
 Angles                                   0.016800           2.822     0.2
 Propers                                  0.012600           2.885     0.2
 Virial                                   0.004890           0.088     0.0
 Stop-CM                                  0.007200           0.072     0.0
 Calc-Ekin                                0.014400           0.389     0.0
 Lincs                                    0.023000           1.380     0.1
 Lincs-Mat                                0.220800           0.883     0.1
 Constraint-V                             0.070400           0.563     0.0
 Constraint-Vir                           0.004400           0.106     0.0
 Settle                                   0.009200           2.972     0.2
-----------------------------------------------------------------------------
 Total                                                    1281.628   100.0
-----------------------------------------------------------------------------


     R E A L   C Y C L E   A N D   T I M E   A C C O U N T I N G

On 1 MPI rank

 Computing:          Num   Num      Call    Wall time         Giga-Cycles
                     Ranks Threads  Count      (s)         total sum    %
-----------------------------------------------------------------------------
 Neighbor search        1    1          1       0.023          0.054   1.2
 Force                  1    1         21       1.199          2.751  59.9
 PME mesh               1    1         21       0.551          1.264  27.5
 NB X/F buffer ops.     1    1         41       0.001          0.002   0.0
 Write traj.            1    1          2       0.209          0.480  10.4
 Update                 1    1         21       0.002          0.005   0.1
 Constraints            1    1         21       0.014          0.032   0.7
 Rest                                           0.003          0.006   0.1
-----------------------------------------------------------------------------
 Total                                          2.002          4.594 100.0
-----------------------------------------------------------------------------
 Breakdown of PME mesh computation
-----------------------------------------------------------------------------
 PME spread             1    1         42       0.041          0.094   2.0
 PME gather             1    1         42       0.051          0.117   2.6
 PME 3D-FFT             1    1         84       0.368          0.844  18.4
 PME solve LJ           1    1         21       0.063          0.145   3.2
 PME solve Elec         1    1         21       0.028          0.064   1.4
-----------------------------------------------------------------------------

               Core t (s)   Wall t (s)        (%)
       Time:        2.002        2.002      100.0
                 (ns/day)    (hour/ns)
Performance:        1.813       13.239
Finished mdrun on rank 0 Sun May 20 20:12:25 2018
