Log file opened on Thu Dec 20 14:12:44 2012
Host: amd2  pid: 28435  nodeid: 0  nnodes:  1
Gromacs version:    VERSION 4.6-beta2-dev-20121220-4d3a2d4
GIT SHA1 hash:      4d3a2d48d7bdde9d1297230221ea2d088af0e8cc
Branched from:      66ba29b16bd066b88f06813f62f43a5233723780 (1 newer local commits)
Precision:          single
MPI library:        none
OpenMP support:     disabled
GPU support:        disabled
invsqrt routine:    (1.0/sqrt(x))
CPU acceleration:   None
FFT library:        fftpack (built-in)
Large file support: enabled
RDTSCP usage:       enabled
Built on:           Thu Dec 20 14:02:47 CET 2012
Built by:           mark@amd2 [CMAKE]
Build OS/arch:      Linux 3.2.0-29-generic x86_64
Build CPU vendor:   AuthenticAMD
Build CPU brand:    AMD Opteron(tm) Processor 6176
Build CPU family:   16   Model: 9   Stepping: 1
Build CPU features: apic clfsh cmov cx8 cx16 htt lahf_lm misalignsse mmx msr nonstop_tsc pdpe1gb popcnt pse rdtscp sse2 sse3 sse4a
C compiler:         /usr/bin/gcc-4.7 GNU gcc-4.7 (Ubuntu/Linaro 4.7.2-4precise1) 4.7.2
C compiler flags:    -Wextra -Wno-missing-field-initializers -Wno-sign-compare -Wall -Wno-unused -Wunused-value -Wno-unknown-pragmas   -O0 -g


                         :-)  G  R  O  M  A  C  S  (-:

                   Groningen Machine for Chemical Simulation

                :-)  VERSION 4.6-beta2-dev-20121220-4d3a2d4  (-:

        Written by Emile Apol, Rossen Apostolov, Herman J.C. Berendsen,
      Aldert van Buuren, Pär Bjelkmar, Rudi van Drunen, Anton Feenstra, 
        Gerrit Groenhof, Peter Kasson, Per Larsson, Pieter Meulenhoff, 
           Teemu Murtola, Szilard Pall, Sander Pronk, Roland Schulz, 
                Michael Shirts, Alfons Sijbers, Peter Tieleman,

               Berk Hess, David van der Spoel, and Erik Lindahl.

       Copyright (c) 1991-2000, University of Groningen, The Netherlands.
            Copyright (c) 2001-2010, The GROMACS development team at
        Uppsala University & The Royal Institute of Technology, Sweden.
            check out http://www.gromacs.org for more information.

         This program is free software; you can redistribute it and/or
       modify it under the terms of the GNU Lesser General Public License
        as published by the Free Software Foundation; either version 2.1
             of the License, or (at your option) any later version.

                                :-)  mdrun  (-:


++++ PLEASE READ AND CITE THE FOLLOWING REFERENCE ++++
B. Hess and C. Kutzner and D. van der Spoel and E. Lindahl
GROMACS 4: Algorithms for highly efficient, load-balanced, and scalable
molecular simulation
J. Chem. Theory Comput. 4 (2008) pp. 435-447
-------- -------- --- Thank You --- -------- --------


++++ PLEASE READ AND CITE THE FOLLOWING REFERENCE ++++
D. van der Spoel, E. Lindahl, B. Hess, G. Groenhof, A. E. Mark and H. J. C.
Berendsen
GROMACS: Fast, Flexible and Free
J. Comp. Chem. 26 (2005) pp. 1701-1719
-------- -------- --- Thank You --- -------- --------


++++ PLEASE READ AND CITE THE FOLLOWING REFERENCE ++++
E. Lindahl and B. Hess and D. van der Spoel
GROMACS 3.0: A package for molecular simulation and trajectory analysis
J. Mol. Mod. 7 (2001) pp. 306-317
-------- -------- --- Thank You --- -------- --------


++++ PLEASE READ AND CITE THE FOLLOWING REFERENCE ++++
H. J. C. Berendsen, D. van der Spoel and R. van Drunen
GROMACS: A message-passing parallel molecular dynamics implementation
Comp. Phys. Comm. 91 (1995) pp. 43-56
-------- -------- --- Thank You --- -------- --------

Input Parameters:
   integrator           = md
   nsteps               = 20
   init-step            = 0
   cutoff-scheme        = Group
   ns_type              = Grid
   nstlist              = 5
   ndelta               = 2
   nstcomm              = 1
   comm-mode            = Linear
   nstlog               = 0
   nstxout              = 20
   nstvout              = 20
   nstfout              = 20
   nstcalcenergy        = 1
   nstenergy            = 1
   nstxtcout            = 0
   init-t               = 0
   delta-t              = 0.0005
   xtcprec              = 200
   fourierspacing       = 0.12
   nkx                  = 24
   nky                  = 28
   nkz                  = 25
   pme-order            = 4
   ewald-rtol           = 1e-05
   ewald-geometry       = 0
   epsilon-surface      = 0
   optimize-fft         = FALSE
   ePBC                 = xyz
   bPeriodicMols        = FALSE
   bContinuation        = FALSE
   bShakeSOR            = FALSE
   etc                  = No
   bPrintNHChains       = FALSE
   nsttcouple           = -1
   epc                  = No
   epctype              = Isotropic
   nstpcouple           = -1
   tau-p                = 5
   ref-p (3x3):
      ref-p[    0]={ 0.00000e+00,  0.00000e+00,  0.00000e+00}
      ref-p[    1]={ 0.00000e+00,  0.00000e+00,  0.00000e+00}
      ref-p[    2]={ 0.00000e+00,  0.00000e+00,  0.00000e+00}
   compress (3x3):
      compress[    0]={ 0.00000e+00,  0.00000e+00,  0.00000e+00}
      compress[    1]={ 0.00000e+00,  0.00000e+00,  0.00000e+00}
      compress[    2]={ 0.00000e+00,  0.00000e+00,  0.00000e+00}
   refcoord-scaling     = No
   posres-com (3):
      posres-com[0]= 0.00000e+00
      posres-com[1]= 0.00000e+00
      posres-com[2]= 0.00000e+00
   posres-comB (3):
      posres-comB[0]= 0.00000e+00
      posres-comB[1]= 0.00000e+00
      posres-comB[2]= 0.00000e+00
   verlet-buffer-drift  = 0.005
   rlist                = 0.9
   rlistlong            = 0.9
   nstcalclr            = 0
   rtpi                 = 0.05
   coulombtype          = PME
   coulomb-modifier     = None
   rcoulomb-switch      = 0
   rcoulomb             = 0.9
   vdwtype              = Cut-off
   vdw-modifier         = None
   rvdw-switch          = 0
   rvdw                 = 0.9
   epsilon-r            = 1
   epsilon-rf           = 1
   tabext               = 1
   implicit-solvent     = No
   gb-algorithm         = Still
   gb-epsilon-solvent   = 80
   nstgbradii           = 1
   rgbradii             = 2
   gb-saltconc          = 0
   gb-obc-alpha         = 1
   gb-obc-beta          = 0.8
   gb-obc-gamma         = 4.85
   gb-dielectric-offset = 0.009
   sa-algorithm         = Ace-approximation
   sa-surface-tension   = 2.05016
   DispCorr             = Ener
   bSimTemp             = FALSE
   free-energy          = no
   nwall                = 0
   wall-type            = 9-3
   wall-atomtype[0]     = -1
   wall-atomtype[1]     = -1
   wall-density[0]      = 0
   wall-density[1]      = 0
   wall-ewald-zfac      = 3
   pull                 = no
   rotation             = FALSE
   disre                = No
   disre-weighting      = Conservative
   disre-mixed          = FALSE
   dr-fc                = 200
   dr-tau               = 0
   nstdisreout          = 20
   orires-fc            = 0
   orires-tau           = 0
   nstorireout          = 20
   dihre-fc             = 0
   em-stepsize          = 0.01
   em-tol               = 20
   niter                = 20
   fc-stepsize          = 0
   nstcgsteep           = 200
   nbfgscorr            = 10
   ConstAlg             = Shake
   shake-tol            = 0.0001
   lincs-order          = 4
   lincs-warnangle      = 30
   lincs-iter           = 1
   bd-fric              = 0
   ld-seed              = 1993
   cos-accel            = 0
   deform (3x3):
      deform[    0]={ 0.00000e+00,  0.00000e+00,  0.00000e+00}
      deform[    1]={ 0.00000e+00,  0.00000e+00,  0.00000e+00}
      deform[    2]={ 0.00000e+00,  0.00000e+00,  0.00000e+00}
   adress               = FALSE
   userint1             = 0
   userint2             = 0
   userint3             = 0
   userint4             = 0
   userreal1            = 0
   userreal2            = 0
   userreal3            = 0
   userreal4            = 0
grpopts:
   nrdf:        6909
   ref-t:           0
   tau-t:           0
anneal:          No
ann-npoints:           0
   acc:	           0           0           0
   nfreeze:           N           N           N
   energygrp-flags[  0]: 0
   efield-x:
      n = 1
        a = 2.000000e+00
        phi = 0.000000e+00
   efield-xt:
      n = 3
        a = 1.500000e+02 5.000000e-01 5.000000e-02
        phi = 0.000000e+00 0.000000e+00 0.000000e+00
   efield-y:
      n = 0
   efield-yt:
      n = 0
   efield-z:
      n = 0
   efield-zt:
      n = 0
   bQMMM                = FALSE
   QMconstraints        = 0
   QMMMscheme           = 0
   scalefactor          = 1
qm-opts:
   ngQM                 = 0

Detecting CPU-specific acceleration.
Present hardware specification:
Vendor: AuthenticAMD
Brand:  AMD Opteron(tm) Processor 6176
Family: 16  Model:  9  Stepping:  1
Features: apic clfsh cmov cx8 cx16 htt lahf_lm misalignsse mmx msr nonstop_tsc pdpe1gb popcnt pse rdtscp sse2 sse3 sse4a
Acceleration most likely to fit this hardware: SSE2
Acceleration selected at GROMACS compile time: None


Binary not matching hardware - you might be losing performance.
Acceleration most likely to fit this hardware: SSE2
Acceleration selected at GROMACS compile time: None

Table routines are used for coulomb: FALSE
Table routines are used for vdw:     FALSE
Will do PME sum in reciprocal space.

++++ PLEASE READ AND CITE THE FOLLOWING REFERENCE ++++
U. Essmann, L. Perera, M. L. Berkowitz, T. Darden, H. Lee and L. G. Pedersen 
A smooth particle mesh Ewald method
J. Chem. Phys. 103 (1995) pp. 8577-8592
-------- -------- --- Thank You --- -------- --------

Will do ordinary reciprocal space Ewald sum.
Using a Gaussian width (1/beta) of 0.288146 nm for Ewald
Cut-off's:   NS: 0.9   Coulomb: 0.9   LJ: 0.9
Long Range LJ corr.: <C6> 1.5949e-04
System total charge: 0.000
Generated table with 950 data points for Ewald.
Tabscale = 500 points/nm
Generated table with 950 data points for LJ6.
Tabscale = 500 points/nm
Generated table with 950 data points for LJ12.
Tabscale = 500 points/nm
Potential shift: LJ r^-12: 0.000 r^-6 0.000, Ewald 0.000e+00
Initialized non-bonded Ewald correction tables, spacing: 6.26e-04 size: 3037

Removing pbc first time
Center of mass motion removal mode is Linear
We have the following groups for center of mass motion removal:
  0:  rest
There are: 2304 Atoms
There are: 768 VSites
Max number of connections per atom is 8
Total number of connections is 15360
Max number of graph edges per atom is 3
Total number of graph edges is 6144
Initial temperature: 252.516 K

Started mdrun on node 0 Thu Dec 20 14:12:44 2012

           Step           Time         Lambda
              0        0.00000        0.00000


Grid: 4 x 5 x 4 cells
   Energies (kJ/mol)
           Bond          Morse     Bond-Cross       BA-Cross        LJ (SR)
    1.27933e+03    4.50426e+03    2.54472e+02   -1.28810e+03    9.57736e+03
  Disper. corr.   Coulomb (SR)   Coul. recip.      Potential    Kinetic En.
   -1.76209e+02   -4.38441e+04   -3.58683e+03   -3.32798e+04    7.24282e+03
   Total Energy    Temperature Pres. DC (bar) Pressure (bar)
   -2.60370e+04    2.52166e+02    0.00000e+00    5.63505e+02

           Step           Time         Lambda
             20        0.01000        0.00000

Writing checkpoint, step 20 at Thu Dec 20 14:12:46 2012


   Energies (kJ/mol)
           Bond          Morse     Bond-Cross       BA-Cross        LJ (SR)
    1.12787e+03    4.52643e+03    2.60452e+02   -1.07972e+03    9.54448e+03
  Disper. corr.   Coulomb (SR)   Coul. recip.      Potential    Kinetic En.
   -1.76209e+02   -4.39549e+04   -3.60968e+03   -3.33613e+04    7.32406e+03
   Total Energy    Temperature Pres. DC (bar) Pressure (bar)
   -2.60373e+04    2.54994e+02    0.00000e+00    2.72837e+02

	<======  ###############  ==>
	<====  A V E R A G E S  ====>
	<==  ###############  ======>

	Statistics over 21 steps using 21 frames

   Energies (kJ/mol)
           Bond          Morse     Bond-Cross       BA-Cross        LJ (SR)
    1.21353e+03    4.60997e+03    2.60751e+02   -1.21121e+03    9.55555e+03
  Disper. corr.   Coulomb (SR)   Coul. recip.      Potential    Kinetic En.
   -1.76209e+02   -4.39393e+04   -3.59595e+03   -3.32828e+04    7.24652e+03
   Total Energy    Temperature Pres. DC (bar) Pressure (bar)
   -2.60363e+04    2.52294e+02    0.00000e+00    2.17511e+02

   Total Virial (kJ/mol)
    1.82462e+03   -4.47351e+02   -5.09113e+01
   -4.47349e+02    2.37205e+03   -1.71300e+02
   -5.09108e+01   -1.71300e+02    2.56767e+03

   Pressure (bar)
    7.57267e+02    6.33136e+02    4.75349e+01
    6.33134e+02    1.34121e+02    1.83581e+02
    4.75342e+01    1.83582e+02   -2.38853e+02


	M E G A - F L O P S   A C C O U N T I N G

 NB=Group-cutoff nonbonded kernels    NxN=N-by-N cluster Verlet kernels
 RF=Reaction-Field  VdW=Van der Waals  QSTab=quadratic-spline table
 W3=SPC/TIP3p  W4=TIP4p (single or pairs)
 V&F=Potential and force  V=Potential only  F=Force only

 Computing:                               M-Number         M-Flops  % Flops
-----------------------------------------------------------------------------
 NB VdW [V&F]                            25.578299          25.578     5.6
 NB Elec. [V&F]                         290.194608         290.195    63.2
 Calc Weights                             0.193536           6.967     1.5
 Spread Q Bspline                         4.128768           8.258     1.8
 Gather F Bspline                         4.128768          24.773     5.4
 3D-FFT                                   9.903894          79.231    17.3
 Solve PME                                0.014112           0.903     0.2
 NS-Pairs                                 0.656323          13.783     3.0
 Reset In Box                             0.003840           0.012     0.0
 Shift-X                                  0.129024           0.774     0.2
 CG-CoM                                   0.015360           0.046     0.0
 Bonds                                    0.016128           0.952     0.2
 Morse Potent.                            0.032256           2.677     0.6
 Virial                                   0.065457           1.178     0.3
 Stop-CM                                  0.067584           0.676     0.1
 Calc-Ekin                                0.067584           1.825     0.4
 Virtual Site 3                           0.032256           1.193     0.3
-----------------------------------------------------------------------------
 Total                                                     459.020   100.0
-----------------------------------------------------------------------------


     R E A L   C Y C L E   A N D   T I M E   A C C O U N T I N G

 Computing:         Nodes   Th.     Count  Wall t (s)     G-Cycles       %
-----------------------------------------------------------------------------
 Vsite constr.          1    1         21       0.006        0.013     0.3
 Neighbor search        1    1          5       0.127        0.293     7.8
 Force                  1    1         21       1.125        2.590    68.6
 PME mesh               1    1         21       0.315        0.726    19.2
 Vsite spread           1    1         42       0.007        0.016     0.4
 Write traj.            1    1          2       0.027        0.062     1.6
 Update                 1    1         21       0.005        0.012     0.3
 Rest                   1                       0.027        0.062     1.6
-----------------------------------------------------------------------------
 Total                  1                       1.639        3.774   100.0
-----------------------------------------------------------------------------
-----------------------------------------------------------------------------
 PME spread/gather      1    1         42       0.146        0.335     8.9
 PME 3D-FFT             1    1         42       0.138        0.318     8.4
 PME solve              1    1         21       0.031        0.072     1.9
-----------------------------------------------------------------------------

               Core t (s)   Wall t (s)        (%)
       Time:        1.630        1.639       99.5
                 (ns/day)    (hour/ns)
Performance:        0.554       43.358
Finished mdrun on node 0 Thu Dec 20 14:12:46 2012
