Log file opened on Tue May 24 10:56:54 2016
Host: tcbs14  pid: 12526  rank ID: 0  number of ranks:  1
 :-) GROMACS - gmx mdrun, 2016-beta1-dev-20160524-3a9e67d (double precision) (-:

                            GROMACS is written by:
     Emile Apol      Rossen Apostolov  Herman J.C. Berendsen    Par Bjelkmar   
 Aldert van Buuren   Rudi van Drunen     Anton Feenstra    Gerrit Groenhof  
 Christoph Junghans   Anca Hamuraru    Vincent Hindriksen Dimitrios Karkoulis
    Peter Kasson        Jiri Kraus      Carsten Kutzner      Per Larsson    
  Justin A. Lemkul   Magnus Lundborg   Pieter Meulenhoff    Erik Marklund   
   Teemu Murtola       Szilard Pall       Sander Pronk      Roland Schulz   
  Alexey Shvetsov     Michael Shirts     Alfons Sijbers     Peter Tieleman  
  Teemu Virolainen  Christian Wennberg    Maarten Wolf   
                           and the project leaders:
        Mark Abraham, Berk Hess, Erik Lindahl, and David van der Spoel

Copyright (c) 1991-2000, University of Groningen, The Netherlands.
Copyright (c) 2001-2015, The GROMACS development team at
Uppsala University, Stockholm University and
the Royal Institute of Technology, Sweden.
check out http://www.gromacs.org for more information.

GROMACS is free software; you can redistribute it and/or modify it
under the terms of the GNU Lesser General Public License
as published by the Free Software Foundation; either version 2.1
of the License, or (at your option) any later version.

GROMACS:      gmx mdrun, version 2016-beta1-dev-20160524-3a9e67d (double precision)
Executable:   /nethome/lindahl/Code/gmx/git/development/builds/reference-double/bin/gmx_d
Data prefix:  /nethome/lindahl/Code/gmx/git/development/gromacs (source tree)
Command line:
  gmx_d mdrun -notunepme

GROMACS version:    2016-beta1-dev-20160524-3a9e67d
GIT SHA1 hash:      3a9e67dd55949e7daaa666e5bc4de95bcfece2c4
Branched from:      f8a709034c4726936df1817d071899065f5d31f7 (21 newer local commits)
Precision:          double
Memory model:       64 bit
MPI library:        none
OpenMP support:     disabled
GPU support:        disabled
SIMD instructions:  NONE
FFT library:        fftpack (built-in)
RDTSCP usage:       enabled
TNG support:        enabled
Hwloc support:      hwloc-1.9.0
Tracing support:    disabled
Built on:           Tue May 24 10:50:03 CEST 2016
Built by:           lindahl@tcbs14 [CMAKE]
Build OS/arch:      Linux 3.13.0-86-generic x86_64
Build CPU vendor:   Intel
Build CPU brand:    Intel(R) Core(TM) i7-5960X CPU @ 3.00GHz
Build CPU family:   6   Model: 63   Stepping: 2
Build CPU features: aes apic avx avx2 clfsh cmov cx8 cx16 f16c fma htt lahf mmx msr nonstop_tsc pcid pclmuldq pdcm pdpe1gb popcnt pse rdrnd rdtscp sse2 sse3 sse4.1 sse4.2 ssse3 tdt x2apic
C compiler:         /usr/bin/gcc-4.7 GNU 4.7.3
C compiler flags:       -Wundef -Wextra -Wno-missing-field-initializers -Wno-sign-compare -Wpointer-arith -Wall -Wno-unused -Wunused-value -Wunused-parameter -Wno-unknown-pragmas  -O0 -g
C++ compiler:       /usr/bin/g++-4.7 GNU 4.7.3
C++ compiler flags:     -std=c++0x  -Wundef -Wextra -Wno-missing-field-initializers -Wpointer-arith -Wall -Wno-unused-function -Wno-unknown-pragmas  -O0 -g


Running on 1 node with total 8 cores, 16 logical cores
Hardware detected:
  CPU info:
    Vendor: Intel
    Brand:  Intel(R) Core(TM) i7-5960X CPU @ 3.00GHz
    Family: 6   Model: 63   Stepping: 2
    Features: aes apic avx avx2 clfsh cmov cx8 cx16 f16c fma htt lahf mmx msr nonstop_tsc pcid pclmuldq pdcm pdpe1gb popcnt pse rdrnd rdtscp sse2 sse3 sse4.1 sse4.2 ssse3 tdt x2apic
    SIMD instructions most likely to fit this hardware: AVX2_256
    SIMD instructions selected at GROMACS compile time: None

  Hardware topology: Full, with devices
    Sockets, cores, and logical processors:
      Socket  0: [   0   8] [   1   9] [   2  10] [   3  11] [   4  12] [   5  13] [   6  14] [   7  15]
    Numa nodes:
      Node  0 (16717836288 bytes mem):   0   1   2   3   4   5   6   7   8   9  10  11  12  13  14  15
      Latency:
               0
         0  1.00
    Caches:
      L1: 32768 bytes, linesize 64 bytes, assoc. 8, shared 2 ways
      L2: 262144 bytes, linesize 64 bytes, assoc. 8, shared 2 ways
      L3: 20971520 bytes, linesize 64 bytes, assoc. 20, shared 16 ways
    PCI devices:
      0000:02:00.0  Id: 10de:17c2  Class: 0x0300  Numa: 0
      0000:03:00.0  Id: 10de:17f0  Class: 0x0300  Numa: 0
      0000:00:19.0  Id: 8086:15a1  Class: 0x0200  Numa: 0
      0000:00:1f.2  Id: 8086:8d02  Class: 0x0106  Numa: 0


Binary not matching hardware - you might be losing performance.
SIMD instructions most likely to fit this hardware: AVX2_256
SIMD instructions selected at GROMACS compile time: None


++++ PLEASE READ AND CITE THE FOLLOWING REFERENCE ++++
M. J. Abraham, T. Murtola, R. Schulz, S. Páll, J. C. Smith, B. Hess, E.
Lindahl
GROMACS: High performance molecular simulations through multi-level
parallelism from laptops to supercomputers
SoftwareX 1 (2015) pp. 19-25
-------- -------- --- Thank You --- -------- --------


++++ PLEASE READ AND CITE THE FOLLOWING REFERENCE ++++
S. Páll, M. J. Abraham, C. Kutzner, B. Hess, E. Lindahl
Tackling Exascale Software Challenges in Molecular Dynamics Simulations with
GROMACS
In S. Markidis & E. Laure (Eds.), Solving Software Challenges for Exascale 8759 (2015) pp. 3-27
-------- -------- --- Thank You --- -------- --------


++++ PLEASE READ AND CITE THE FOLLOWING REFERENCE ++++
S. Pronk, S. Páll, R. Schulz, P. Larsson, P. Bjelkmar, R. Apostolov, M. R.
Shirts, J. C. Smith, P. M. Kasson, D. van der Spoel, B. Hess, and E. Lindahl
GROMACS 4.5: a high-throughput and highly parallel open source molecular
simulation toolkit
Bioinformatics 29 (2013) pp. 845-54
-------- -------- --- Thank You --- -------- --------


++++ PLEASE READ AND CITE THE FOLLOWING REFERENCE ++++
B. Hess and C. Kutzner and D. van der Spoel and E. Lindahl
GROMACS 4: Algorithms for highly efficient, load-balanced, and scalable
molecular simulation
J. Chem. Theory Comput. 4 (2008) pp. 435-447
-------- -------- --- Thank You --- -------- --------


++++ PLEASE READ AND CITE THE FOLLOWING REFERENCE ++++
D. van der Spoel, E. Lindahl, B. Hess, G. Groenhof, A. E. Mark and H. J. C.
Berendsen
GROMACS: Fast, Flexible and Free
J. Comp. Chem. 26 (2005) pp. 1701-1719
-------- -------- --- Thank You --- -------- --------


++++ PLEASE READ AND CITE THE FOLLOWING REFERENCE ++++
E. Lindahl and B. Hess and D. van der Spoel
GROMACS 3.0: A package for molecular simulation and trajectory analysis
J. Mol. Mod. 7 (2001) pp. 306-317
-------- -------- --- Thank You --- -------- --------


++++ PLEASE READ AND CITE THE FOLLOWING REFERENCE ++++
H. J. C. Berendsen, D. van der Spoel and R. van Drunen
GROMACS: A message-passing parallel molecular dynamics implementation
Comp. Phys. Comm. 91 (1995) pp. 43-56
-------- -------- --- Thank You --- -------- --------

Input Parameters:
   integrator                     = md
   tinit                          = 0
   dt                             = 0.0005
   nsteps                         = 20
   init-step                      = 0
   simulation-part                = 1
   comm-mode                      = Linear
   nstcomm                        = 1
   bd-fric                        = 0
   ld-seed                        = 1993
   emtol                          = 20
   emstep                         = 0.01
   niter                          = 20
   fcstep                         = 0
   nstcgsteep                     = 200
   nbfgscorr                      = 10
   rtpi                           = 0.05
   nstxout                        = 20
   nstvout                        = 20
   nstfout                        = 20
   nstlog                         = 0
   nstcalcenergy                  = 1
   nstenergy                      = 1
   nstxout-compressed             = 0
   compressed-x-precision         = 200
   cutoff-scheme                  = Group
   nstlist                        = 5
   ns-type                        = Grid
   pbc                            = xyz
   periodic-molecules             = false
   verlet-buffer-tolerance        = 0.005
   rlist                          = 0.9
   coulombtype                    = PME
   coulomb-modifier               = None
   rcoulomb-switch                = 0
   rcoulomb                       = 0.9
   epsilon-r                      = 1
   epsilon-rf                     = 1
   vdw-type                       = Cut-off
   vdw-modifier                   = None
   rvdw-switch                    = 0
   rvdw                           = 0.9
   DispCorr                       = Ener
   table-extension                = 1
   fourierspacing                 = 0.12
   fourier-nx                     = 24
   fourier-ny                     = 28
   fourier-nz                     = 25
   pme-order                      = 4
   ewald-rtol                     = 1e-05
   ewald-rtol-lj                  = 0.001
   lj-pme-comb-rule               = Geometric
   ewald-geometry                 = 0
   epsilon-surface                = 0
   implicit-solvent               = No
   gb-algorithm                   = Still
   nstgbradii                     = 1
   rgbradii                       = 2
   gb-epsilon-solvent             = 80
   gb-saltconc                    = 0
   gb-obc-alpha                   = 1
   gb-obc-beta                    = 0.8
   gb-obc-gamma                   = 4.85
   gb-dielectric-offset           = 0.009
   sa-algorithm                   = Ace-approximation
   sa-surface-tension             = 2.05016
   tcoupl                         = No
   nsttcouple                     = -1
   nh-chain-length                = 0
   print-nose-hoover-chain-variables = false
   pcoupl                         = No
   pcoupltype                     = Isotropic
   nstpcouple                     = -1
   tau-p                          = 5
   compressibility (3x3):
      compressibility[    0]={ 0.00000e+00,  0.00000e+00,  0.00000e+00}
      compressibility[    1]={ 0.00000e+00,  0.00000e+00,  0.00000e+00}
      compressibility[    2]={ 0.00000e+00,  0.00000e+00,  0.00000e+00}
   ref-p (3x3):
      ref-p[    0]={ 0.00000e+00,  0.00000e+00,  0.00000e+00}
      ref-p[    1]={ 0.00000e+00,  0.00000e+00,  0.00000e+00}
      ref-p[    2]={ 0.00000e+00,  0.00000e+00,  0.00000e+00}
   refcoord-scaling               = No
   posres-com (3):
      posres-com[0]= 0.00000e+00
      posres-com[1]= 0.00000e+00
      posres-com[2]= 0.00000e+00
   posres-comB (3):
      posres-comB[0]= 0.00000e+00
      posres-comB[1]= 0.00000e+00
      posres-comB[2]= 0.00000e+00
   QMMM                           = false
   QMconstraints                  = 0
   QMMMscheme                     = 0
   MMChargeScaleFactor            = 1
qm-opts:
   ngQM                           = 0
   constraint-algorithm           = Shake
   continuation                   = false
   Shake-SOR                      = false
   shake-tol                      = 0.0001
   lincs-order                    = 4
   lincs-iter                     = 1
   lincs-warnangle                = 30
   nwall                          = 0
   wall-type                      = 9-3
   wall-r-linpot                  = -1
   wall-atomtype[0]               = -1
   wall-atomtype[1]               = -1
   wall-density[0]                = 0
   wall-density[1]                = 0
   wall-ewald-zfac                = 3
   pull                           = false
   rotation                       = false
   interactiveMD                  = false
   disre                          = No
   disre-weighting                = Conservative
   disre-mixed                    = false
   dr-fc                          = 200
   dr-tau                         = 0
   nstdisreout                    = 20
   orire-fc                       = 0
   orire-tau                      = 0
   nstorireout                    = 20
   free-energy                    = no
   cos-acceleration               = 0
   deform (3x3):
      deform[    0]={ 0.00000e+00,  0.00000e+00,  0.00000e+00}
      deform[    1]={ 0.00000e+00,  0.00000e+00,  0.00000e+00}
      deform[    2]={ 0.00000e+00,  0.00000e+00,  0.00000e+00}
   simulated-tempering            = false
   E-x:
      n = 1
        a = 2.000000e+00
        phi = 0.000000e+00
   E-xt:
      n = 1
        a = 1.500000e+02
        phi = 0.000000e+00
   E-y:
      n = 0
   E-yt:
      n = 0
   E-z:
      n = 0
   E-zt:
      n = 0
   swapcoords                     = no
   userint1                       = 0
   userint2                       = 0
   userint3                       = 0
   userint4                       = 0
   userreal1                      = 0
   userreal2                      = 0
   userreal3                      = 0
   userreal4                      = 0
grpopts:
   nrdf:        6909
   ref-t:           0
   tau-t:           0
annealing:          No
annealing-npoints:           0
   acc:	           0           0           0
   nfreeze:           N           N           N
   energygrp-flags[  0]: 0


NOTE: GROMACS was compiled without OpenMP and (thread-)MPI support, can only use a single CPU core


NOTE: This file uses the deprecated 'group' cutoff_scheme. This will be
removed in a future release when 'verlet' supports all interaction forms.

Table routines are used for coulomb: false
Table routines are used for vdw:     false
Will do PME sum in reciprocal space for electrostatic interactions.

++++ PLEASE READ AND CITE THE FOLLOWING REFERENCE ++++
U. Essmann, L. Perera, M. L. Berkowitz, T. Darden, H. Lee and L. G. Pedersen 
A smooth particle mesh Ewald method
J. Chem. Phys. 103 (1995) pp. 8577-8592
-------- -------- --- Thank You --- -------- --------

Will do ordinary reciprocal space Ewald sum.
Using a Gaussian width (1/beta) of 0.288146 nm for Ewald
Cut-off's:   NS: 0.9   Coulomb: 0.9   LJ: 0.9
Long Range LJ corr.: <C6> 1.5949e-04
System total charge: 0.000
Generated table with 3800 data points for Ewald.
Tabscale = 2000 points/nm
Generated table with 3800 data points for LJ6.
Tabscale = 2000 points/nm
Generated table with 3800 data points for LJ12.
Tabscale = 2000 points/nm
Potential shift: LJ r^-12: 0.000e+00 r^-6: 0.000e+00, Ewald -0.000e+00
Initialized non-bonded Ewald correction tables, spacing: 8.85e-04 size: 2148

Removing pbc first time

NOTE: Thread affinity setting failed. This can cause performance degradation.
      If you think your settings are correct, ask on the gmx-users list.

Center of mass motion removal mode is Linear
We have the following groups for center of mass motion removal:
  0:  rest

++++ PLEASE READ AND CITE THE FOLLOWING REFERENCE ++++
C. Caleman and D. van der Spoel
Picosecond Melting of Ice by an Infrared Laser Pulse: A Simulation Study
Angew. Chem. Int. Ed 47 (2008) pp. 1417-1420
-------- -------- --- Thank You --- -------- --------

There are: 2304 Atoms
There are: 768 VSites
Max number of connections per atom is 8
Total number of connections is 15360
Max number of graph edges per atom is 3
Total number of graph edges is 6144
Initial temperature: 252.517 K

Started mdrun on rank 0 Tue May 24 10:56:55 2016
           Step           Time
              0        0.00000


Grid: 4 x 5 x 4 cells
   Energies (kJ/mol)
           Bond          Morse     Bond-Cross       BA-Cross        LJ (SR)
    1.27933e+03    4.50425e+03    2.54472e+02   -1.28811e+03    9.57737e+03
  Disper. corr.   Coulomb (SR)   Coul. recip.      Potential    Kinetic En.
   -1.76209e+02   -4.38441e+04   -3.58683e+03   -3.32798e+04    7.24105e+03
   Total Energy    Temperature Pres. DC (bar) Pressure (bar)
   -2.60387e+04    2.52105e+02    0.00000e+00    5.62511e+02

           Step           Time
             20        0.01000

Writing checkpoint, step 20 at Tue May 24 10:56:55 2016


   Energies (kJ/mol)
           Bond          Morse     Bond-Cross       BA-Cross        LJ (SR)
    1.14568e+03    4.52093e+03    2.59953e+02   -1.08079e+03    9.54792e+03
  Disper. corr.   Coulomb (SR)   Coul. recip.      Potential    Kinetic En.
   -1.76209e+02   -4.39074e+04   -3.60898e+03   -3.32989e+04    7.33497e+03
   Total Energy    Temperature Pres. DC (bar) Pressure (bar)
   -2.59639e+04    2.55375e+02    0.00000e+00    3.28137e+02

	<======  ###############  ==>
	<====  A V E R A G E S  ====>
	<==  ###############  ======>

	Statistics over 21 steps using 21 frames

   Energies (kJ/mol)
           Bond          Morse     Bond-Cross       BA-Cross        LJ (SR)
    1.21584e+03    4.61922e+03    2.60936e+02   -1.20860e+03    9.55658e+03
  Disper. corr.   Coulomb (SR)   Coul. recip.      Potential    Kinetic En.
   -1.76209e+02   -4.39277e+04   -3.59634e+03   -3.32562e+04    7.25758e+03
   Total Energy    Temperature Pres. DC (bar) Pressure (bar)
   -2.59987e+04    2.52681e+02    0.00000e+00    2.06631e+02

   Total Virial (kJ/mol)
    1.88064e+03   -4.41411e+02   -3.11179e+01
   -4.41411e+02    2.33740e+03   -1.92370e+02
   -3.11179e+01   -1.92370e+02    2.58147e+03

   Pressure (bar)
    6.94405e+02    6.19989e+02    1.96359e+01
    6.19989e+02    1.81039e+02    2.07101e+02
    1.96359e+01    2.07101e+02   -2.55551e+02


	M E G A - F L O P S   A C C O U N T I N G

 NB=Group-cutoff nonbonded kernels    NxN=N-by-N cluster Verlet kernels
 RF=Reaction-Field  VdW=Van der Waals  QSTab=quadratic-spline table
 W3=SPC/TIP3p  W4=TIP4p (single or pairs)
 V&F=Potential and force  V=Potential only  F=Force only

 Computing:                               M-Number         M-Flops  % Flops
-----------------------------------------------------------------------------
 NB VdW [V&F]                            25.576669          25.577     5.6
 NB Elec. [V&F]                         290.178774         290.179    63.2
 Calc Weights                             0.193536           6.967     1.5
 Spread Q Bspline                         4.128768           8.258     1.8
 Gather F Bspline                         4.128768          24.773     5.4
 3D-FFT                                   9.903894          79.231    17.3
 Solve PME                                0.014112           0.903     0.2
 NS-Pairs                                 0.656325          13.783     3.0
 Reset In Box                             0.003840           0.012     0.0
 Shift-X                                  0.129024           0.774     0.2
 CG-CoM                                   0.015360           0.046     0.0
 Bonds                                    0.016128           0.952     0.2
 Morse Potent.                            0.032256           2.677     0.6
 Virial                                   0.065457           1.178     0.3
 Stop-CM                                  0.067584           0.676     0.1
 Calc-Ekin                                0.067584           1.825     0.4
 Virtual Site 3                           0.032256           1.193     0.3
-----------------------------------------------------------------------------
 Total                                                     459.003   100.0
-----------------------------------------------------------------------------


     R E A L   C Y C L E   A N D   T I M E   A C C O U N T I N G

On 1 MPI rank

 Computing:          Num   Num      Call    Wall time         Giga-Cycles
                     Ranks Threads  Count      (s)         total sum    %
-----------------------------------------------------------------------------
 Vsite constr.          1    1         21       0.002          0.007   0.3
 Neighbor search        1    1          5       0.063          0.190   8.2
 Force                  1    1         21       0.503          1.521  65.2
 PME mesh               1    1         21       0.116          0.351  15.0
 Vsite spread           1    1         42       0.003          0.008   0.4
 Write traj.            1    1          2       0.067          0.203   8.7
 Update                 1    1         21       0.002          0.007   0.3
 Rest                                           0.015          0.046   2.0
-----------------------------------------------------------------------------
 Total                                          0.772          2.333 100.0
-----------------------------------------------------------------------------
 Breakdown of PME mesh computation
-----------------------------------------------------------------------------
 PME spread/gather      1    1         42       0.051          0.154   6.6
 PME 3D-FFT             1    1         42       0.052          0.156   6.7
 PME solve Elec         1    1         21       0.013          0.041   1.7
-----------------------------------------------------------------------------

               Core t (s)   Wall t (s)        (%)
       Time:        0.726        0.772       94.0
                 (ns/day)    (hour/ns)
Performance:        1.175       20.421
Finished mdrun on rank 0 Tue May 24 10:56:55 2016
