Log file opened on Mon Feb 17 23:46:04 2014
Host: amd2  pid: 42482  nodeid: 0  nnodes:  1
GROMACS:    gmx mdrun, VERSION 5.0-beta2-dev-20140217-c6c09ba

GROMACS is written by:
Emile Apol         Rossen Apostolov   Herman J.C. Berendsen Par Bjelkmar       
Aldert van Buuren  Rudi van Drunen    Anton Feenstra     Sebastian Fritsch  
Gerrit Groenhof    Christoph Junghans Peter Kasson       Carsten Kutzner    
Per Larsson        Justin A. Lemkul   Magnus Lundborg    Pieter Meulenhoff  
Erik Marklund      Teemu Murtola      Szilard Pall       Sander Pronk       
Roland Schulz      Alexey Shvetsov    Michael Shirts     Alfons Sijbers     
Peter Tieleman     Christian Wennberg Maarten Wolf       
and the project leaders:
Mark Abraham, Berk Hess, Erik Lindahl, and David van der Spoel

Copyright (c) 1991-2000, University of Groningen, The Netherlands.
Copyright (c) 2001-2014, The GROMACS development team at
Uppsala University, Stockholm University and
the Royal Institute of Technology, Sweden.
check out http://www.gromacs.org for more information.

GROMACS is free software; you can redistribute it and/or modify it
under the terms of the GNU Lesser General Public License
as published by the Free Software Foundation; either version 2.1
of the License, or (at your option) any later version.

GROMACS:    gmx mdrun, VERSION 5.0-beta2-dev-20140217-c6c09ba
Executable: /nethome/mark/nfs-git/master-make-reference/build-cmake-reference-amd2/install/bin/gmx
Command line:
  gmx mdrun -notunepme -table ../table -tablep ../tablep

Gromacs version:    VERSION 5.0-beta2-dev-20140217-c6c09ba
GIT SHA1 hash:      c6c09ba49c401bacfa1f816818f6ada094bdd408
Precision:          single
Memory model:       64 bit
MPI library:        none
OpenMP support:     disabled
GPU support:        disabled
invsqrt routine:    (1.0/sqrt(x))
SIMD instructions:  NONE
FFT library:        fftpack (built-in)
RDTSCP usage:       enabled
C++11 compilation:  enabled
TNG support:        enabled
Built on:           Thu Feb  6 17:04:31 CET 2014
Built by:           mark@amd2 [CMAKE]
Build OS/arch:      Linux 3.5.0-45-generic x86_64
Build CPU vendor:   AuthenticAMD
Build CPU brand:    AMD Opteron(tm) Processor 6376
Build CPU family:   21   Model: 2   Stepping: 0
Build CPU features: aes apic avx clfsh cmov cx8 cx16 f16c fma fma4 htt lahf_lm misalignsse mmx msr nonstop_tsc pclmuldq pdpe1gb popcnt pse rdtscp sse2 sse3 sse4a sse4.1 sse4.2 ssse3 xop
C compiler:         /usr/bin/gcc-4.7 GNU 4.7.3
C compiler flags:      -Wextra -Wno-missing-field-initializers -Wno-sign-compare -Wpointer-arith -Wall -Wno-unused -Wunused-value -Wunused-parameter -Wno-unknown-pragmas   -O0 -g
C++ compiler:       /usr/bin/g++-4.7 GNU 4.7.3
C++ compiler flags:    -std=c++0x -Wextra -Wno-missing-field-initializers -Wpointer-arith -Wall -Wno-unused-function -Wno-unknown-pragmas   -O0 -g
Boost version:      1.48.0 (internal)



++++ PLEASE READ AND CITE THE FOLLOWING REFERENCE ++++
B. Hess and C. Kutzner and D. van der Spoel and E. Lindahl
GROMACS 4: Algorithms for highly efficient, load-balanced, and scalable
molecular simulation
J. Chem. Theory Comput. 4 (2008) pp. 435-447
-------- -------- --- Thank You --- -------- --------


++++ PLEASE READ AND CITE THE FOLLOWING REFERENCE ++++
D. van der Spoel, E. Lindahl, B. Hess, G. Groenhof, A. E. Mark and H. J. C.
Berendsen
GROMACS: Fast, Flexible and Free
J. Comp. Chem. 26 (2005) pp. 1701-1719
-------- -------- --- Thank You --- -------- --------


++++ PLEASE READ AND CITE THE FOLLOWING REFERENCE ++++
E. Lindahl and B. Hess and D. van der Spoel
GROMACS 3.0: A package for molecular simulation and trajectory analysis
J. Mol. Mod. 7 (2001) pp. 306-317
-------- -------- --- Thank You --- -------- --------


++++ PLEASE READ AND CITE THE FOLLOWING REFERENCE ++++
H. J. C. Berendsen, D. van der Spoel and R. van Drunen
GROMACS: A message-passing parallel molecular dynamics implementation
Comp. Phys. Comm. 91 (1995) pp. 43-56
-------- -------- --- Thank You --- -------- --------

Input Parameters:
   integrator                     = steep
   nsteps               = 20
   init-step            = 0
   cutoff-scheme                  = Group
   ns-type                        = Grid
   nstlist              = 10
   ndelta               = 2
   nstcomm              = 1
   comm-mode                      = Linear
   nstlog               = 0
   nstxout              = 20
   nstvout              = 20
   nstfout              = 20
   nstcalcenergy        = 1
   nstenergy            = 1
   nstxout-compressed   = 0
   init-t               = 0
   delta-t              = 0.002
   x-compression-precision = 200
   fourierspacing       = 0.12
   nkx                  = 32
   nky                  = 32
   nkz                  = 32
   pme-order            = 4
   ewald-rtol           = 1e-05
   ewald-rtol-lj        = 0.001
   ewald-geometry       = 0
   epsilon-surface      = 0
   optimize-fft                   = FALSE
   lj-pme-comb-rule               = Geometric
   ePBC                           = xyz
   bPeriodicMols                  = FALSE
   bContinuation                  = FALSE
   bShakeSOR                      = TRUE
   etc                            = No
   bPrintNHChains                 = FALSE
   nsttcouple           = -1
   epc                            = No
   epctype                        = Isotropic
   nstpcouple           = -1
   tau-p                = 1
   ref-p (3x3):
      ref-p[    0]={ 0.00000e+00,  0.00000e+00,  0.00000e+00}
      ref-p[    1]={ 0.00000e+00,  0.00000e+00,  0.00000e+00}
      ref-p[    2]={ 0.00000e+00,  0.00000e+00,  0.00000e+00}
   compress (3x3):
      compress[    0]={ 0.00000e+00,  0.00000e+00,  0.00000e+00}
      compress[    1]={ 0.00000e+00,  0.00000e+00,  0.00000e+00}
      compress[    2]={ 0.00000e+00,  0.00000e+00,  0.00000e+00}
   refcoord-scaling               = No
   posres-com (3):
      posres-com[0]= 0.00000e+00
      posres-com[1]= 0.00000e+00
      posres-com[2]= 0.00000e+00
   posres-comB (3):
      posres-comB[0]= 0.00000e+00
      posres-comB[1]= 0.00000e+00
      posres-comB[2]= 0.00000e+00
   verlet-buffer-tolerance = 0.005
   rlist                = 1
   rlistlong            = 1
   nstcalclr            = 0
   rtpi                 = 0.05
   coulombtype                    = Cut-off
   coulomb-modifier               = None
   rcoulomb-switch      = 0
   rcoulomb             = 1
   vdwtype                        = Cut-off
   vdw-modifier                   = None
   rvdw-switch          = 0
   rvdw                 = 1
   epsilon-r            = 1
   epsilon-rf           = 1
   tabext               = 1
   implicit-solvent               = No
   gb-algorithm                   = Still
   gb-epsilon-solvent   = 80
   nstgbradii           = 0
   rgbradii             = 0
   gb-saltconc          = 0
   gb-obc-alpha         = 1
   gb-obc-beta          = 0.8
   gb-obc-gamma         = 4.85
   gb-dielectric-offset = 0.009
   sa-algorithm                   = Ace-approximation
   sa-surface-tension   = 2.05016
   DispCorr                       = No
   bSimTemp                       = FALSE
   free-energy                    = no
   nwall                = 0
   wall-type                      = 9-3
   wall-atomtype[0]     = -1
   wall-atomtype[1]     = -1
   wall-density[0]      = 0
   wall-density[1]      = 0
   wall-ewald-zfac      = 3
   pull                           = no
   rotation                       = FALSE
   disre                          = No
   disre-weighting                = Equal
   disre-mixed                    = FALSE
   dr-fc                = 200
   dr-tau               = 1.25
   nstdisreout          = 20
   orires-fc            = 0
   orires-tau           = 0
   nstorireout          = 0
   dihre-fc             = 0
   em-stepsize          = 0.1
   em-tol               = 0.001
   niter                = 20
   fc-stepsize          = 0
   nstcgsteep           = 200
   nbfgscorr            = 10
   ConstAlg                       = Lincs
   shake-tol            = 0.0001
   lincs-order          = 4
   lincs-warnangle      = 30
   lincs-iter           = 1
   bd-fric              = 0
   ld-seed              = 1993
   cos-accel            = 0
   deform (3x3):
      deform[    0]={ 0.00000e+00,  0.00000e+00,  0.00000e+00}
      deform[    1]={ 0.00000e+00,  0.00000e+00,  0.00000e+00}
      deform[    2]={ 0.00000e+00,  0.00000e+00,  0.00000e+00}
   adress                         = FALSE
   userint1             = 0
   userint2             = 0
   userint3             = 0
   userint4             = 0
   userreal1            = 0
   userreal2            = 0
   userreal3            = 0
   userreal4            = 0
grpopts:
   nrdf:     863.138     2139.86
   ref-t:           0           0
   tau-t:           0           0
anneal:          No          No
ann-npoints:           0           0
   acc:	           0           0           0
   nfreeze:           N           N           N
   energygrp-flags[  0]: 0 0
   energygrp-flags[  1]: 0 0
   efield-x:
      n = 0
   efield-xt:
      n = 0
   efield-y:
      n = 0
   efield-yt:
      n = 0
   efield-z:
      n = 0
   efield-zt:
      n = 0
   eSwapCoords                    = no
   bQMMM                          = FALSE
   QMconstraints        = 0
   QMMMscheme           = 0
   scalefactor          = 1
qm-opts:
   ngQM                 = 0

Detecting CPU SIMD instructions.
Present hardware specification:
Vendor: AuthenticAMD
Brand:  AMD Opteron(tm) Processor 6376                 
Family: 21  Model:  2  Stepping:  0
Features: aes apic avx clfsh cmov cx8 cx16 f16c fma fma4 htt lahf_lm misalignsse mmx msr nonstop_tsc pclmuldq pdpe1gb popcnt pse rdtscp sse2 sse3 sse4a sse4.1 sse4.2 ssse3 xop
SIMD instructions most likely to fit this hardware: AVX_128_FMA
SIMD instructions selected at GROMACS compile time: None


Binary not matching hardware - you might be losing performance.
SIMD instructions most likely to fit this hardware: AVX_128_FMA
SIMD instructions selected at GROMACS compile time: None

Table routines are used for coulomb: FALSE
Table routines are used for vdw:     FALSE
Cut-off's:   NS: 1   Coulomb: 1   LJ: 1
System total charge: 0.000
Generated table with 1000 data points for 1-4 COUL.
Tabscale = 500 points/nm
Generated table with 1000 data points for 1-4 LJ6.
Tabscale = 500 points/nm
Generated table with 1000 data points for 1-4 LJ12.
Tabscale = 500 points/nm

Enabling SPC-like water optimization for 357 molecules.

Potential shift: LJ r^-12: 0.000 r^-6 0.000, Coulomb 0.000
Removing pbc first time

++++ PLEASE READ AND CITE THE FOLLOWING REFERENCE ++++
S. Miyamoto and P. A. Kollman
SETTLE: An Analytical Version of the SHAKE and RATTLE Algorithms for Rigid
Water Models
J. Comp. Chem. 13 (1992) pp. 952-962
-------- -------- --- Thank You --- -------- --------

Initiating Steepest Descents
Max number of connections per atom is 32
Total number of connections is 6180
Max number of graph edges per atom is 3
Total number of graph edges is 1932
Started Steepest Descents on node 0 Mon Feb 17 23:46:04 2014

Steepest Descents:
   Tolerance (Fmax)   =  1.00000e-03
   Number of steps    =           20

Grid: 3 x 4 x 4 cells
           Step           Time         Lambda
              0        0.00000        0.00000

   Energies (kJ/mol)
           Bond          Angle    Proper Dih.  Improper Dih.          LJ-14
    8.57364e+00    4.05719e+02    2.30288e+02    4.97590e+01    0.00000e+00
     Coulomb-14        LJ (SR)   Coulomb (SR)      Potential Pressure (bar)
   -2.98222e+04    2.61091e+03   -1.45122e+04   -4.10291e+04   -2.64905e+04

           Step           Time         Lambda
              1        1.00000        0.00000

           Step           Time         Lambda
              2        2.00000        0.00000

           Step           Time         Lambda
              3        3.00000        0.00000

           Step           Time         Lambda
              4        4.00000        0.00000

           Step           Time         Lambda
              5        5.00000        0.00000

   Energies (kJ/mol)
           Bond          Angle    Proper Dih.  Improper Dih.          LJ-14
    4.26529e+02    2.13626e+02    1.36722e+02    2.06654e+01    0.00000e+00
     Coulomb-14        LJ (SR)   Coulomb (SR)      Potential Pressure (bar)
   -3.00030e+04    2.44645e+03   -1.47893e+04   -4.15482e+04   -2.67143e+04

           Step           Time         Lambda
              6        6.00000        0.00000

           Step           Time         Lambda
              7        7.00000        0.00000

   Energies (kJ/mol)
           Bond          Angle    Proper Dih.  Improper Dih.          LJ-14
    1.39806e+02    2.50208e+02    1.21817e+02    1.87589e+01    0.00000e+00
     Coulomb-14        LJ (SR)   Coulomb (SR)      Potential Pressure (bar)
   -3.00785e+04    2.42802e+03   -1.47183e+04   -4.18382e+04   -2.67288e+04

           Step           Time         Lambda
              8        8.00000        0.00000

   Energies (kJ/mol)
           Bond          Angle    Proper Dih.  Improper Dih.          LJ-14
    2.77123e+02    1.58306e+02    1.04857e+02    1.51825e+01    0.00000e+00
     Coulomb-14        LJ (SR)   Coulomb (SR)      Potential Pressure (bar)
   -3.00941e+04    2.36971e+03   -1.48552e+04   -4.20242e+04   -2.68753e+04

           Step           Time         Lambda
              9        9.00000        0.00000

   Energies (kJ/mol)
           Bond          Angle    Proper Dih.  Improper Dih.          LJ-14
    2.68901e+02    2.35010e+02    9.29294e+01    1.39204e+01    0.00000e+00
     Coulomb-14        LJ (SR)   Coulomb (SR)      Potential Pressure (bar)
   -3.02091e+04    2.32645e+03   -1.48361e+04   -4.21079e+04   -2.69174e+04

           Step           Time         Lambda
             10       10.00000        0.00000

   Energies (kJ/mol)
           Bond          Angle    Proper Dih.  Improper Dih.          LJ-14
    3.21293e+02    1.24100e+02    8.66911e+01    1.26272e+01    0.00000e+00
     Coulomb-14        LJ (SR)   Coulomb (SR)      Potential Pressure (bar)
   -3.01522e+04    2.29319e+03   -1.49955e+04   -4.23097e+04   -2.70488e+04

           Step           Time         Lambda
             11       11.00000        0.00000

           Step           Time         Lambda
             12       12.00000        0.00000

   Energies (kJ/mol)
           Bond          Angle    Proper Dih.  Improper Dih.          LJ-14
    2.20814e+02    1.63545e+02    8.22447e+01    1.23986e+01    0.00000e+00
     Coulomb-14        LJ (SR)   Coulomb (SR)      Potential Pressure (bar)
   -3.02148e+04    2.27489e+03   -1.49728e+04   -4.24338e+04   -2.70612e+04

           Step           Time         Lambda
             13       13.00000        0.00000

   Energies (kJ/mol)
           Bond          Angle    Proper Dih.  Improper Dih.          LJ-14
    3.46149e+02    1.05014e+02    7.58272e+01    1.14867e+01    0.00000e+00
     Coulomb-14        LJ (SR)   Coulomb (SR)      Potential Pressure (bar)
   -3.01789e+04    2.23961e+03   -1.51176e+04   -4.25185e+04   -2.71918e+04

           Step           Time         Lambda
             14       14.00000        0.00000

   Energies (kJ/mol)
           Bond          Angle    Proper Dih.  Improper Dih.          LJ-14
    2.76911e+02    1.71879e+02    7.20896e+01    1.14410e+01    0.00000e+00
     Coulomb-14        LJ (SR)   Coulomb (SR)      Potential Pressure (bar)
   -3.02571e+04    2.22256e+03   -1.50735e+04   -4.25757e+04   -2.71910e+04

           Step           Time         Lambda
             15       15.00000        0.00000

   Energies (kJ/mol)
           Bond          Angle    Proper Dih.  Improper Dih.          LJ-14
    3.96041e+02    9.10556e+01    6.79750e+01    1.08211e+01    0.00000e+00
     Coulomb-14        LJ (SR)   Coulomb (SR)      Potential Pressure (bar)
   -3.01874e+04    2.19646e+03   -1.52353e+04   -4.26604e+04   -2.73217e+04

           Step           Time         Lambda
             16       16.00000        0.00000

           Step           Time         Lambda
             17       17.00000        0.00000

   Energies (kJ/mol)
           Bond          Angle    Proper Dih.  Improper Dih.          LJ-14
    2.41495e+02    1.19653e+02    6.64229e+01    1.08482e+01    0.00000e+00
     Coulomb-14        LJ (SR)   Coulomb (SR)      Potential Pressure (bar)
   -3.02381e+04    2.18942e+03   -1.51944e+04   -4.28046e+04   -2.73081e+04

           Step           Time         Lambda
             18       18.00000        0.00000

   Energies (kJ/mol)
           Bond          Angle    Proper Dih.  Improper Dih.          LJ-14
    4.16700e+02    7.85296e+01    5.98110e+01    1.02441e+01    0.00000e+00
     Coulomb-14        LJ (SR)   Coulomb (SR)      Potential Pressure (bar)
   -3.01961e+04    2.14823e+03   -1.53722e+04   -4.28548e+04   -2.74727e+04

           Step           Time         Lambda
             19       19.00000        0.00000

   Energies (kJ/mol)
           Bond          Angle    Proper Dih.  Improper Dih.          LJ-14
    2.66429e+02    1.30161e+02    5.86268e+01    1.03153e+01    0.00000e+00
     Coulomb-14        LJ (SR)   Coulomb (SR)      Potential Pressure (bar)
   -3.02636e+04    2.14228e+03   -1.53061e+04   -4.29618e+04   -2.74426e+04

           Step           Time         Lambda
             20       20.00000        0.00000


Energy minimization reached the maximum number of steps before the forces
reached the requested precision Fmax < 0.001.

Steepest Descents did not converge to Fmax < 0.001 in 21 steps.
Potential Energy  = -4.2961793e+04
Maximum force     =  3.5871201e+03 on atom 201
Norm of force     =  3.8694400e+02

	M E G A - F L O P S   A C C O U N T I N G

 NB=Group-cutoff nonbonded kernels    NxN=N-by-N cluster Verlet kernels
 RF=Reaction-Field  VdW=Van der Waals  QSTab=quadratic-spline table
 W3=SPC/TIP3p  W4=TIP4p (single or pairs)
 V&F=Potential and force  V=Potential only  F=Force only

 Computing:                               M-Number         M-Flops  % Flops
-----------------------------------------------------------------------------
 NB Elec. [V&F]                          36.800288          36.800    12.9
 NB Elec. [W3,V&F]                       18.201375          18.201     6.4
 NB VdW & Elec. [V&F]                    11.857745          11.858     4.2
 NB VdW & Elec. [W3,V&F]                 21.053024          21.053     7.4
 NB VdW & Elec. [W3-W3,V&F]             132.548878         132.549    46.5
 1,4 nonbonded interactions               0.006048           0.544     0.2
 NS-Pairs                                 2.617028          54.958    19.3
 Reset In Box                             0.009765           0.029     0.0
 Shift-X                                  0.028539           0.171     0.1
 CG-CoM                                   0.028539           0.086     0.0
 Bonds                                    0.005292           0.312     0.1
 Angles                                   0.006804           1.143     0.4
 Propers                                  0.006048           1.385     0.5
 Impropers                                0.002268           0.472     0.2
 Virial                                   0.029484           0.531     0.2
 Settle                                   0.014994           4.843     1.7
-----------------------------------------------------------------------------
 Total                                                     284.935   100.0
-----------------------------------------------------------------------------


     R E A L   C Y C L E   A N D   T I M E   A C C O U N T I N G

On 1 MPI rank

 Computing:          Num   Num      Call    Wall time         Giga-Cycles
                     Nodes Threads  Count      (s)         total sum    %
-----------------------------------------------------------------------------
 Neighbor search        1    1         21       0.119          0.547  19.1
 Force                  1    1         21       0.185          0.851  29.7
 Constraints            1    1         41       0.003          0.012   0.4
 Rest                                           0.316          1.453  50.8
-----------------------------------------------------------------------------
 Total                                          0.622          2.863 100.0
-----------------------------------------------------------------------------

               Core t (s)   Wall t (s)        (%)
       Time:        0.619        0.622       99.5
               (steps/hour)
Performance:       121456.7
Finished mdrun on node 0 Mon Feb 17 23:46:04 2014
