Log file opened on Thu Sep 29 15:49:24 2016
Host: bs-nix64  pid: 28973  rank ID: 0  number of ranks:  1
  :-) GROMACS - gmx mdrun, 2016.1-dev-20160929-d822982 (double precision) (-:

                            GROMACS is written by:
     Emile Apol      Rossen Apostolov  Herman J.C. Berendsen    Par Bjelkmar   
 Aldert van Buuren   Rudi van Drunen     Anton Feenstra    Gerrit Groenhof  
 Christoph Junghans   Anca Hamuraru    Vincent Hindriksen Dimitrios Karkoulis
    Peter Kasson        Jiri Kraus      Carsten Kutzner      Per Larsson    
  Justin A. Lemkul   Magnus Lundborg   Pieter Meulenhoff    Erik Marklund   
   Teemu Murtola       Szilard Pall       Sander Pronk      Roland Schulz   
  Alexey Shvetsov     Michael Shirts     Alfons Sijbers     Peter Tieleman  
  Teemu Virolainen  Christian Wennberg    Maarten Wolf   
                           and the project leaders:
        Mark Abraham, Berk Hess, Erik Lindahl, and David van der Spoel

Copyright (c) 1991-2000, University of Groningen, The Netherlands.
Copyright (c) 2001-2015, The GROMACS development team at
Uppsala University, Stockholm University and
the Royal Institute of Technology, Sweden.
check out http://www.gromacs.org for more information.

GROMACS is free software; you can redistribute it and/or modify it
under the terms of the GNU Lesser General Public License
as published by the Free Software Foundation; either version 2.1
of the License, or (at your option) any later version.

GROMACS:      gmx mdrun, version 2016.1-dev-20160929-d822982 (double precision)
Executable:   /home/jenkins/workspace/Regressiontests_update_2016/gromacs/bin/gmx_d
Data prefix:  /home/jenkins/workspace/Regressiontests_update_2016/gromacs (source tree)
Working dir:  /home/jenkins/workspace/Regressiontests_update_2016/regressiontests/simple/angles125
Command line:
  gmx_d mdrun -notunepme

GROMACS version:    2016.1-dev-20160929-d822982
GIT SHA1 hash:      d8229822b66087b41757cb90223ab96b6af311e5
Branched from:      30ee01e890001287096b747672a6332d120ef570 (1 newer local commits)
Precision:          double
Memory model:       64 bit
MPI library:        none
OpenMP support:     disabled
GPU support:        disabled
SIMD instructions:  NONE
FFT library:        fftpack (built-in)
RDTSCP usage:       disabled
TNG support:        enabled
Hwloc support:      disabled
Tracing support:    disabled
Built on:           Thu Sep 29 15:46:15 CEST 2016
Built by:           jenkins@bs-nix64 [CMAKE]
Build OS/arch:      Linux 3.2.0-110-virtual x86_64
Build CPU vendor:   AMD
Build CPU brand:    AMD Opteron 23xx (Gen 3 Class Opteron)
Build CPU family:   15   Model: 6   Stepping: 1
Build CPU features: apic clfsh cmov cx8 cx16 lahf misalignsse mmx msr popcnt pse sse2 sse3 sse4a x2apic
C compiler:         /home/jenkins/bin/gcc-4.7 GNU 4.7.4
C compiler flags:       -Wundef -Wextra -Wno-missing-field-initializers -Wno-sign-compare -Wpointer-arith -Wall -Wno-unused -Wunused-value -Wunused-parameter -Wno-unknown-pragmas  -O0 -g
C++ compiler:       /home/jenkins/bin/g++-4.7 GNU 4.7.4
C++ compiler flags:     -std=c++0x  -Wundef -Wextra -Wno-missing-field-initializers -Wpointer-arith -Wall -Wno-unused-function -Wno-unknown-pragmas  -O0 -g


Running on 1 node with total 10 cores, 10 logical cores
Hardware detected:
  CPU info:
    Vendor: AMD
    Brand:  AMD Opteron 23xx (Gen 3 Class Opteron)
    Family: 15   Model: 6   Stepping: 1
    Features: apic clfsh cmov cx8 cx16 lahf misalignsse mmx msr popcnt pse sse2 sse3 sse4a x2apic
    SIMD instructions most likely to fit this hardware: SSE2
    SIMD instructions selected at GROMACS compile time: None

  Hardware topology: Basic
    Sockets, cores, and logical processors:
      Socket  0: [   0]
      Socket  1: [   1]
      Socket  2: [   2]
      Socket  3: [   3]
      Socket  4: [   4]
      Socket  5: [   5]
      Socket  6: [   6]
      Socket  7: [   7]
      Socket  8: [   8]
      Socket  9: [   9]


Binary not matching hardware - you might be losing performance.
SIMD instructions most likely to fit this hardware: SSE2
SIMD instructions selected at GROMACS compile time: None


++++ PLEASE READ AND CITE THE FOLLOWING REFERENCE ++++
M. J. Abraham, T. Murtola, R. Schulz, S. Páll, J. C. Smith, B. Hess, E.
Lindahl
GROMACS: High performance molecular simulations through multi-level
parallelism from laptops to supercomputers
SoftwareX 1 (2015) pp. 19-25
-------- -------- --- Thank You --- -------- --------


++++ PLEASE READ AND CITE THE FOLLOWING REFERENCE ++++
S. Páll, M. J. Abraham, C. Kutzner, B. Hess, E. Lindahl
Tackling Exascale Software Challenges in Molecular Dynamics Simulations with
GROMACS
In S. Markidis & E. Laure (Eds.), Solving Software Challenges for Exascale 8759 (2015) pp. 3-27
-------- -------- --- Thank You --- -------- --------


++++ PLEASE READ AND CITE THE FOLLOWING REFERENCE ++++
S. Pronk, S. Páll, R. Schulz, P. Larsson, P. Bjelkmar, R. Apostolov, M. R.
Shirts, J. C. Smith, P. M. Kasson, D. van der Spoel, B. Hess, and E. Lindahl
GROMACS 4.5: a high-throughput and highly parallel open source molecular
simulation toolkit
Bioinformatics 29 (2013) pp. 845-54
-------- -------- --- Thank You --- -------- --------


++++ PLEASE READ AND CITE THE FOLLOWING REFERENCE ++++
B. Hess and C. Kutzner and D. van der Spoel and E. Lindahl
GROMACS 4: Algorithms for highly efficient, load-balanced, and scalable
molecular simulation
J. Chem. Theory Comput. 4 (2008) pp. 435-447
-------- -------- --- Thank You --- -------- --------


++++ PLEASE READ AND CITE THE FOLLOWING REFERENCE ++++
D. van der Spoel, E. Lindahl, B. Hess, G. Groenhof, A. E. Mark and H. J. C.
Berendsen
GROMACS: Fast, Flexible and Free
J. Comp. Chem. 26 (2005) pp. 1701-1719
-------- -------- --- Thank You --- -------- --------


++++ PLEASE READ AND CITE THE FOLLOWING REFERENCE ++++
E. Lindahl and B. Hess and D. van der Spoel
GROMACS 3.0: A package for molecular simulation and trajectory analysis
J. Mol. Mod. 7 (2001) pp. 306-317
-------- -------- --- Thank You --- -------- --------


++++ PLEASE READ AND CITE THE FOLLOWING REFERENCE ++++
H. J. C. Berendsen, D. van der Spoel and R. van Drunen
GROMACS: A message-passing parallel molecular dynamics implementation
Comp. Phys. Comm. 91 (1995) pp. 43-56
-------- -------- --- Thank You --- -------- --------

Input Parameters:
   integrator                     = md
   tinit                          = 0
   dt                             = 0.0002
   nsteps                         = 20
   init-step                      = 0
   simulation-part                = 1
   comm-mode                      = Linear
   nstcomm                        = 1
   bd-fric                        = 0
   ld-seed                        = 1993
   emtol                          = 0.001
   emstep                         = 0.1
   niter                          = 20
   fcstep                         = 0
   nstcgsteep                     = 200
   nbfgscorr                      = 10
   rtpi                           = 0.05
   nstxout                        = 20
   nstvout                        = 20
   nstfout                        = 20
   nstlog                         = 0
   nstcalcenergy                  = 1
   nstenergy                      = 1
   nstxout-compressed             = 0
   compressed-x-precision         = 200
   cutoff-scheme                  = Group
   nstlist                        = 10
   ns-type                        = Grid
   pbc                            = xyz
   periodic-molecules             = false
   verlet-buffer-tolerance        = 0.005
   rlist                          = 0.8
   coulombtype                    = Cut-off
   coulomb-modifier               = None
   rcoulomb-switch                = 0
   rcoulomb                       = 0.8
   epsilon-r                      = 1
   epsilon-rf                     = 1
   vdw-type                       = Cut-off
   vdw-modifier                   = None
   rvdw-switch                    = 0
   rvdw                           = 0.8
   DispCorr                       = No
   table-extension                = 1
   fourierspacing                 = 0.12
   fourier-nx                     = 0
   fourier-ny                     = 0
   fourier-nz                     = 0
   pme-order                      = 4
   ewald-rtol                     = 1e-05
   ewald-rtol-lj                  = 0.001
   lj-pme-comb-rule               = Geometric
   ewald-geometry                 = 0
   epsilon-surface                = 0
   implicit-solvent               = No
   gb-algorithm                   = Still
   nstgbradii                     = 1
   rgbradii                       = 2
   gb-epsilon-solvent             = 80
   gb-saltconc                    = 0
   gb-obc-alpha                   = 1
   gb-obc-beta                    = 0.8
   gb-obc-gamma                   = 4.85
   gb-dielectric-offset           = 0.009
   sa-algorithm                   = Ace-approximation
   sa-surface-tension             = 2.05016
   tcoupl                         = No
   nsttcouple                     = -1
   nh-chain-length                = 0
   print-nose-hoover-chain-variables = false
   pcoupl                         = No
   pcoupltype                     = Isotropic
   nstpcouple                     = -1
   tau-p                          = 0.5
   compressibility (3x3):
      compressibility[    0]={ 0.00000e+00,  0.00000e+00,  0.00000e+00}
      compressibility[    1]={ 0.00000e+00,  0.00000e+00,  0.00000e+00}
      compressibility[    2]={ 0.00000e+00,  0.00000e+00,  0.00000e+00}
   ref-p (3x3):
      ref-p[    0]={ 0.00000e+00,  0.00000e+00,  0.00000e+00}
      ref-p[    1]={ 0.00000e+00,  0.00000e+00,  0.00000e+00}
      ref-p[    2]={ 0.00000e+00,  0.00000e+00,  0.00000e+00}
   refcoord-scaling               = No
   posres-com (3):
      posres-com[0]= 0.00000e+00
      posres-com[1]= 0.00000e+00
      posres-com[2]= 0.00000e+00
   posres-comB (3):
      posres-comB[0]= 0.00000e+00
      posres-comB[1]= 0.00000e+00
      posres-comB[2]= 0.00000e+00
   QMMM                           = false
   QMconstraints                  = 0
   QMMMscheme                     = 0
   MMChargeScaleFactor            = 1
qm-opts:
   ngQM                           = 0
   constraint-algorithm           = Lincs
   continuation                   = false
   Shake-SOR                      = false
   shake-tol                      = 0.0001
   lincs-order                    = 4
   lincs-iter                     = 1
   lincs-warnangle                = 30
   nwall                          = 0
   wall-type                      = 9-3
   wall-r-linpot                  = -1
   wall-atomtype[0]               = -1
   wall-atomtype[1]               = -1
   wall-density[0]                = 0
   wall-density[1]                = 0
   wall-ewald-zfac                = 3
   pull                           = false
   rotation                       = false
   interactiveMD                  = false
   disre                          = No
   disre-weighting                = Equal
   disre-mixed                    = false
   dr-fc                          = 200
   dr-tau                         = 10
   nstdisreout                    = 20
   orire-fc                       = 0
   orire-tau                      = 0
   nstorireout                    = 20
   free-energy                    = no
   cos-acceleration               = 0
   deform (3x3):
      deform[    0]={ 0.00000e+00,  0.00000e+00,  0.00000e+00}
      deform[    1]={ 0.00000e+00,  0.00000e+00,  0.00000e+00}
      deform[    2]={ 0.00000e+00,  0.00000e+00,  0.00000e+00}
   simulated-tempering            = false
   E-x:
      n = 0
   E-xt:
      n = 0
   E-y:
      n = 0
   E-yt:
      n = 0
   E-z:
      n = 0
   E-zt:
      n = 0
   swapcoords                     = no
   userint1                       = 0
   userint2                       = 0
   userint3                       = 0
   userint4                       = 0
   userreal1                      = 0
   userreal2                      = 0
   userreal3                      = 0
   userreal4                      = 0
grpopts:
   nrdf:        1497
   ref-t:           0
   tau-t:           0
annealing:          No
annealing-npoints:           0
   acc:	           0           0           0
   nfreeze:           N           N           N
   energygrp-flags[  0]: 0


NOTE: GROMACS was compiled without OpenMP and (thread-)MPI support, can only use a single CPU core


NOTE: This file uses the deprecated 'group' cutoff_scheme. This will be
removed in a future release when 'verlet' supports all interaction forms.

Table routines are used for coulomb: false
Table routines are used for vdw:     false
Cut-off's:   NS: 0.8   Coulomb: 0.8   LJ: 0.8
System total charge: 0.000
Potential shift: LJ r^-12: 0.000e+00 r^-6: 0.000e+00, Coulomb -0e+00
Removing pbc first time

NOTE: Thread affinity setting failed. This can cause performance degradation.
      If you think your settings are correct, ask on the gmx-users list.

Intra-simulation communication will occur every 1 steps.
Center of mass motion removal mode is Linear
We have the following groups for center of mass motion removal:
  0:  rest
There are: 500 Atoms
Max number of connections per atom is 3
Total number of connections is 1000
Max number of graph edges per atom is 2
Total number of graph edges is 750
Initial temperature: 263.399 K

Started mdrun on rank 0 Thu Sep 29 15:49:24 2016
           Step           Time
              0        0.00000


Grid: 4 x 4 x 4 cells
   Energies (kJ/mol)
          Angle        LJ (SR)   Coulomb (SR)      Potential    Kinetic En.
    1.20699e+03    0.00000e+00    0.00000e+00    1.20699e+03    1.63925e+03
   Total Energy    Temperature Pressure (bar)
    2.84624e+03    2.63402e+02    1.21456e+03

           Step           Time
             20        0.00400

Writing checkpoint, step 20 at Thu Sep 29 15:49:24 2016


   Energies (kJ/mol)
          Angle        LJ (SR)   Coulomb (SR)      Potential    Kinetic En.
    1.03264e+03    0.00000e+00    0.00000e+00    1.03264e+03    1.81355e+03
   Total Energy    Temperature Pressure (bar)
    2.84619e+03    2.91410e+02    1.34371e+03

	<======  ###############  ==>
	<====  A V E R A G E S  ====>
	<==  ###############  ======>

	Statistics over 21 steps using 21 frames

   Energies (kJ/mol)
          Angle        LJ (SR)   Coulomb (SR)      Potential    Kinetic En.
    1.14590e+03    0.00000e+00    0.00000e+00    1.14590e+03    1.70032e+03
   Total Energy    Temperature Pressure (bar)
    2.84622e+03    2.73215e+02    1.25981e+03

   Total Virial (kJ/mol)
   -3.78224e+01    6.44183e+01   -3.56804e+01
    6.44183e+01    1.86529e+02    2.68944e+01
   -3.56804e+01    2.68944e+01   -1.48706e+02

   Pressure (bar)
    1.35705e+03   -7.56671e+01    1.22807e+02
   -7.56671e+01    7.93048e+02   -6.53252e+01
    1.22807e+02   -6.53252e+01    1.62934e+03


	M E G A - F L O P S   A C C O U N T I N G

 NB=Group-cutoff nonbonded kernels    NxN=N-by-N cluster Verlet kernels
 RF=Reaction-Field  VdW=Van der Waals  QSTab=quadratic-spline table
 W3=SPC/TIP3p  W4=TIP4p (single or pairs)
 V&F=Potential and force  V=Potential only  F=Force only

 Computing:                               M-Number         M-Flops  % Flops
-----------------------------------------------------------------------------
 NS-Pairs                                 0.199358           4.187    72.0
 Reset In Box                             0.001500           0.005     0.1
 Shift-X                                  0.021000           0.126     2.2
 CG-CoM                                   0.001500           0.005     0.1
 Angles                                   0.005250           0.882    15.2
 Virial                                   0.011445           0.206     3.5
 Stop-CM                                  0.011000           0.110     1.9
 Calc-Ekin                                0.011000           0.297     5.1
-----------------------------------------------------------------------------
 Total                                                       5.817   100.0
-----------------------------------------------------------------------------


     R E A L   C Y C L E   A N D   T I M E   A C C O U N T I N G

On 1 MPI rank

 Computing:          Num   Num      Call    Wall time         Giga-Cycles
                     Ranks Threads  Count      (s)         total sum    %
-----------------------------------------------------------------------------
 Neighbor search        1    1          3       0.015          0.034  15.1
 Force                  1    1         21       0.003          0.008   3.4
 Write traj.            1    1          2       0.075          0.174  77.8
 Update                 1    1         21       0.001          0.002   0.9
 Rest                                           0.003          0.006   2.9
-----------------------------------------------------------------------------
 Total                                          0.097          0.223 100.0
-----------------------------------------------------------------------------

               Core t (s)   Wall t (s)        (%)
       Time:        0.097        0.097      100.0
                 (ns/day)    (hour/ns)
Performance:        3.747        6.406
Finished mdrun on rank 0 Thu Sep 29 15:49:25 2016
