  :-) GROMACS - gmx mdrun, 2020-dev-20190109-054b62b766 (double precision) (-:

                            GROMACS is written by:
     Emile Apol      Rossen Apostolov      Paul Bauer     Herman J.C. Berendsen
    Par Bjelkmar      Christian Blau   Viacheslav Bolnykh     Kevin Boyd    
 Aldert van Buuren   Rudi van Drunen     Anton Feenstra       Alan Gray     
  Gerrit Groenhof     Anca Hamuraru    Vincent Hindriksen  M. Eric Irrgang  
  Aleksei Iupinov   Christoph Junghans     Joe Jordan     Dimitrios Karkoulis
    Peter Kasson        Jiri Kraus      Carsten Kutzner      Per Larsson    
  Justin A. Lemkul    Viveca Lindahl    Magnus Lundborg     Erik Marklund   
    Pascal Merz     Pieter Meulenhoff    Teemu Murtola       Szilard Pall   
    Sander Pronk      Roland Schulz      Michael Shirts    Alexey Shvetsov  
   Alfons Sijbers     Peter Tieleman      Jon Vincent      Teemu Virolainen 
 Christian Wennberg    Maarten Wolf   
                           and the project leaders:
        Mark Abraham, Berk Hess, Erik Lindahl, and David van der Spoel

Copyright (c) 1991-2000, University of Groningen, The Netherlands.
Copyright (c) 2001-2018, The GROMACS development team at
Uppsala University, Stockholm University and
the Royal Institute of Technology, Sweden.
check out http://www.gromacs.org for more information.

GROMACS is free software; you can redistribute it and/or modify it
under the terms of the GNU Lesser General Public License
as published by the Free Software Foundation; either version 2.1
of the License, or (at your option) any later version.

GROMACS:      gmx mdrun, version 2020-dev-20190109-054b62b766 (double precision)
Executable:   /home/marklocal/git/master/build-cmake-gcc48-double-reference/install/bin/gmx_d
Data prefix:  /home/marklocal/git/master/build-cmake-gcc48-double-reference/install
Working dir:  /home/marklocal/git/regressiontests-master/complex/sw
Process ID:   17678
Command line:
  gmx_d mdrun -nb cpu -notunepme

GROMACS version:    2020-dev-20190109-054b62b766
GIT SHA1 hash:      054b62b7666c944c1937b6ae8d98f4054c4dc241
Precision:          double
Memory model:       64 bit
MPI library:        none
OpenMP support:     disabled
GPU support:        disabled
SIMD instructions:  NONE
FFT library:        fftpack (built-in)
RDTSCP usage:       disabled
TNG support:        enabled
Hwloc support:      hwloc-1.11.9
Tracing support:    disabled
C compiler:         /usr/bin/gcc-4.8 GNU 4.8.5
C compiler flags:       -Wundef -Wextra -Wno-missing-field-initializers -Wno-sign-compare -Wpointer-arith -Wall -Wno-unused -Wunused-value -Wunused-parameter -Wno-unknown-pragmas  -O0 -g
C++ compiler:       /usr/bin/g++-4.8 GNU 4.8.5
C++ compiler flags:     -std=c++11  -Wundef -Wextra -Wno-missing-field-initializers -Wpointer-arith -Wmissing-declarations -Wall -Wno-unknown-pragmas  -O0 -g


Running on 1 node with total 4 cores, 8 logical cores
Hardware detected:
  CPU info:
    Vendor: Intel
    Brand:  Intel(R) Core(TM) i7-3770 CPU @ 3.40GHz
    Family: 6   Model: 58   Stepping: 9
    Features: aes apic avx clfsh cmov cx8 cx16 f16c htt intel lahf mmx msr nonstop_tsc pcid pclmuldq pdcm popcnt pse rdrnd rdtscp sse2 sse3 sse4.1 sse4.2 ssse3 tdt x2apic
  Hardware topology: Full, with devices
    Sockets, cores, and logical processors:
      Socket  0: [   0   4] [   1   5] [   2   6] [   3   7]
    Numa nodes:
      Node  0 (16767389696 bytes mem):   0   1   2   3   4   5   6   7
      Latency:
               0
         0  1.00
    Caches:
      L1: 32768 bytes, linesize 64 bytes, assoc. 8, shared 2 ways
      L2: 262144 bytes, linesize 64 bytes, assoc. 8, shared 2 ways
      L3: 8388608 bytes, linesize 64 bytes, assoc. 16, shared 8 ways
    PCI devices:
      0000:01:00.0  Id: 10de:1183  Class: 0x0300  Numa: 0
      0000:02:00.0  Id: 10de:1401  Class: 0x0300  Numa: 0
      0000:03:00.0  Id: 10ec:8168  Class: 0x0200  Numa: 0
      0000:00:1f.2  Id: 8086:1e02  Class: 0x0106  Numa: 0

Highest SIMD level requested by all nodes in run: AVX_256
SIMD instructions selected at compile time:       None
This program was compiled for different hardware than you are running on,
which could influence performance.
The current CPU can measure timings more accurately than the code in
gmx mdrun was configured to use. This might affect your simulation
speed as accurate timings are needed for load-balancing.
Please consider rebuilding gmx mdrun with the GMX_USE_RDTSCP=ON CMake option.

++++ PLEASE READ AND CITE THE FOLLOWING REFERENCE ++++
M. J. Abraham, T. Murtola, R. Schulz, S. Páll, J. C. Smith, B. Hess, E.
Lindahl
GROMACS: High performance molecular simulations through multi-level
parallelism from laptops to supercomputers
SoftwareX 1 (2015) pp. 19-25
-------- -------- --- Thank You --- -------- --------


++++ PLEASE READ AND CITE THE FOLLOWING REFERENCE ++++
S. Páll, M. J. Abraham, C. Kutzner, B. Hess, E. Lindahl
Tackling Exascale Software Challenges in Molecular Dynamics Simulations with
GROMACS
In S. Markidis & E. Laure (Eds.), Solving Software Challenges for Exascale 8759 (2015) pp. 3-27
-------- -------- --- Thank You --- -------- --------


++++ PLEASE READ AND CITE THE FOLLOWING REFERENCE ++++
S. Pronk, S. Páll, R. Schulz, P. Larsson, P. Bjelkmar, R. Apostolov, M. R.
Shirts, J. C. Smith, P. M. Kasson, D. van der Spoel, B. Hess, and E. Lindahl
GROMACS 4.5: a high-throughput and highly parallel open source molecular
simulation toolkit
Bioinformatics 29 (2013) pp. 845-54
-------- -------- --- Thank You --- -------- --------


++++ PLEASE READ AND CITE THE FOLLOWING REFERENCE ++++
B. Hess and C. Kutzner and D. van der Spoel and E. Lindahl
GROMACS 4: Algorithms for highly efficient, load-balanced, and scalable
molecular simulation
J. Chem. Theory Comput. 4 (2008) pp. 435-447
-------- -------- --- Thank You --- -------- --------


++++ PLEASE READ AND CITE THE FOLLOWING REFERENCE ++++
D. van der Spoel, E. Lindahl, B. Hess, G. Groenhof, A. E. Mark and H. J. C.
Berendsen
GROMACS: Fast, Flexible and Free
J. Comp. Chem. 26 (2005) pp. 1701-1719
-------- -------- --- Thank You --- -------- --------


++++ PLEASE READ AND CITE THE FOLLOWING REFERENCE ++++
E. Lindahl and B. Hess and D. van der Spoel
GROMACS 3.0: A package for molecular simulation and trajectory analysis
J. Mol. Mod. 7 (2001) pp. 306-317
-------- -------- --- Thank You --- -------- --------


++++ PLEASE READ AND CITE THE FOLLOWING REFERENCE ++++
H. J. C. Berendsen, D. van der Spoel and R. van Drunen
GROMACS: A message-passing parallel molecular dynamics implementation
Comp. Phys. Comm. 91 (1995) pp. 43-56
-------- -------- --- Thank You --- -------- --------


++++ PLEASE CITE THE DOI FOR THIS VERSION OF GROMACS ++++
https://doi.org/10.5281/zenodo.2424363
-------- -------- --- Thank You --- -------- --------

Input Parameters:
   integrator                     = md
   tinit                          = 0
   dt                             = 0.002
   nsteps                         = 20
   init-step                      = 0
   simulation-part                = 1
   comm-mode                      = None
   nstcomm                        = 0
   bd-fric                        = 0
   ld-seed                        = 1993
   emtol                          = 0.1
   emstep                         = 0.1
   niter                          = 25
   fcstep                         = 0
   nstcgsteep                     = 200
   nbfgscorr                      = 10
   rtpi                           = 0.05
   nstxout                        = 20
   nstvout                        = 20
   nstfout                        = 0
   nstlog                         = 0
   nstcalcenergy                  = 1
   nstenergy                      = 1
   nstxout-compressed             = 0
   compressed-x-precision         = 200
   cutoff-scheme                  = Verlet
   nstlist                        = 10
   ns-type                        = Grid
   pbc                            = xyz
   periodic-molecules             = false
   verlet-buffer-tolerance        = 0.005
   rlist                          = 0.909
   coulombtype                    = Cut-off
   coulomb-modifier               = Potential-shift
   rcoulomb-switch                = 0
   rcoulomb                       = 0.8
   epsilon-r                      = 1
   epsilon-rf                     = 1
   vdw-type                       = Cut-off
   vdw-modifier                   = Potential-shift
   rvdw-switch                    = 0
   rvdw                           = 0.8
   DispCorr                       = No
   table-extension                = 1
   fourierspacing                 = 0.12
   fourier-nx                     = 32
   fourier-ny                     = 32
   fourier-nz                     = 32
   pme-order                      = 4
   ewald-rtol                     = 1e-05
   ewald-rtol-lj                  = 0.001
   lj-pme-comb-rule               = Geometric
   ewald-geometry                 = 0
   epsilon-surface                = 0
   tcoupl                         = Berendsen
   nsttcouple                     = 10
   nh-chain-length                = 0
   print-nose-hoover-chain-variables = false
   pcoupl                         = No
   pcoupltype                     = Isotropic
   nstpcouple                     = -1
   tau-p                          = 1
   compressibility (3x3):
      compressibility[    0]={ 0.00000e+00,  0.00000e+00,  0.00000e+00}
      compressibility[    1]={ 0.00000e+00,  0.00000e+00,  0.00000e+00}
      compressibility[    2]={ 0.00000e+00,  0.00000e+00,  0.00000e+00}
   ref-p (3x3):
      ref-p[    0]={ 0.00000e+00,  0.00000e+00,  0.00000e+00}
      ref-p[    1]={ 0.00000e+00,  0.00000e+00,  0.00000e+00}
      ref-p[    2]={ 0.00000e+00,  0.00000e+00,  0.00000e+00}
   refcoord-scaling               = No
   posres-com (3):
      posres-com[0]= 0.00000e+00
      posres-com[1]= 0.00000e+00
      posres-com[2]= 0.00000e+00
   posres-comB (3):
      posres-comB[0]= 0.00000e+00
      posres-comB[1]= 0.00000e+00
      posres-comB[2]= 0.00000e+00
   QMMM                           = false
   QMconstraints                  = 0
   QMMMscheme                     = 0
   MMChargeScaleFactor            = 1
qm-opts:
   ngQM                           = 0
   constraint-algorithm           = Lincs
   continuation                   = false
   Shake-SOR                      = true
   shake-tol                      = 0.0001
   lincs-order                    = 4
   lincs-iter                     = 1
   lincs-warnangle                = 30
   nwall                          = 0
   wall-type                      = 9-3
   wall-r-linpot                  = -1
   wall-atomtype[0]               = -1
   wall-atomtype[1]               = -1
   wall-density[0]                = 0
   wall-density[1]                = 0
   wall-ewald-zfac                = 3
   pull                           = false
   awh                            = false
   rotation                       = false
   interactiveMD                  = false
   disre                          = No
   disre-weighting                = Equal
   disre-mixed                    = false
   dr-fc                          = 200
   dr-tau                         = 1.25
   nstdisreout                    = 0
   orire-fc                       = 0
   orire-tau                      = 0
   nstorireout                    = 0
   free-energy                    = no
   cos-acceleration               = 0
   deform (3x3):
      deform[    0]={ 0.00000e+00,  0.00000e+00,  0.00000e+00}
      deform[    1]={ 0.00000e+00,  0.00000e+00,  0.00000e+00}
      deform[    2]={ 0.00000e+00,  0.00000e+00,  0.00000e+00}
   simulated-tempering            = false
   swapcoords                     = no
   userint1                       = 0
   userint2                       = 0
   userint3                       = 0
   userint4                       = 0
   userreal1                      = 0
   userreal2                      = 0
   userreal3                      = 0
   userreal4                      = 0
   applied-forces:
     electric-field:
       x:
         E0                       = 0
         omega                    = 0
         t0                       = 0
         sigma                    = 0
       y:
         E0                       = 0
         omega                    = 0
         t0                       = 0
         sigma                    = 0
       z:
         E0                       = 0
         omega                    = 0
         t0                       = 0
         sigma                    = 0
grpopts:
   nrdf:        1512
   ref-t:      298.15
   tau-t:         0.1
annealing:          No
annealing-npoints:           0
   acc:	           0           0           0
   nfreeze:           N           N           N
   energygrp-flags[  0]: 0


NOTE: GROMACS was compiled without OpenMP and (thread-)MPI support, can only use a single CPU core

Pinning threads with an auto-selected logical core stride of 2
System total charge: 0.000
Potential shift: LJ r^-12: -1.455e+01 r^-6: -3.815e+00, Coulomb -1e+00

Using plain C 4x4 nonbonded short-range kernels

WARNING: Using the slow plain C kernels. This should
not happen during routine usage on supported platforms.

Using a dual 4x4 pair-list setup updated with dynamic pruning:
  outer list: updated every 10 steps, buffer 0.109 nm, rlist 0.909 nm
  inner list: updated every  4 steps, buffer 0.032 nm, rlist 0.832 nm
At tolerance 0.005 kJ/mol/ps per atom, equivalent classical 1x1 list would be:
  outer list: updated every 10 steps, buffer 0.131 nm, rlist 0.931 nm
  inner list: updated every  4 steps, buffer 0.040 nm, rlist 0.840 nm

Using full Lennard-Jones parameter combination matrix

Removing pbc first time

Initializing LINear Constraint Solver

++++ PLEASE READ AND CITE THE FOLLOWING REFERENCE ++++
B. Hess and H. Bekker and H. J. C. Berendsen and J. G. E. M. Fraaije
LINCS: A Linear Constraint Solver for molecular simulations
J. Comp. Chem. 18 (1997) pp. 1463-1472
-------- -------- --- Thank You --- -------- --------

The number of constraints is 432

++++ PLEASE READ AND CITE THE FOLLOWING REFERENCE ++++
H. J. C. Berendsen, J. P. M. Postma, A. DiNola and J. R. Haak
Molecular dynamics with coupling to an external bath
J. Chem. Phys. 81 (1984) pp. 3684-3690
-------- -------- --- Thank You --- -------- --------

There are: 648 Atoms
There are: 216 Shells
There are: 216 VSites

NOTE: there all shells that are connected to particles outside thier own charge group, will not predict shells positions during the run


Constraining the starting coordinates (step 0)

Constraining the coordinates at t0-dt (step 0)
RMS relative constraint deviation after constraining: 3.58e-06
Initial temperature: 215.417 K

Started mdrun on rank 0 Thu Jan 10 17:34:38 2019

           Step           Time
              0        0.00000

step 0: EM did not converge in 25 iterations, RMS force 6.18e+02
   Energies (kJ/mol)
          Angle        LJ (SR)   Coulomb (SR)     Water Pol.      Potential
    7.27580e+01    1.74190e+03   -1.41079e+04    3.46457e+03   -8.82868e+03
    Kinetic En.   Total Energy  Conserved En.    Temperature Pressure (bar)
    1.44095e+03   -7.38773e+03   -7.38773e+03    2.29242e+02    5.24204e+03
   Constr. rmsd
    3.23462e-06

step 1: EM did not converge in 25 iterations, RMS force 6.23e+02
step 2: EM did not converge in 25 iterations, RMS force 6.42e+02
step 3: EM did not converge in 25 iterations, RMS force 6.96e+02
step 4: EM did not converge in 25 iterations, RMS force 7.42e+02
step 5: EM did not converge in 25 iterations, RMS force 8.02e+02
step 6: EM did not converge in 25 iterations, RMS force 6.99e+02
step 7: EM did not converge in 25 iterations, RMS force 7.77e+02
step 8: EM did not converge in 25 iterations, RMS force 7.59e+02
step 9: EM did not converge in 25 iterations, RMS force 7.36e+02
step 10: EM did not converge in 25 iterations, RMS force 7.63e+02
step 11: EM did not converge in 25 iterations, RMS force 6.85e+02
step 12: EM did not converge in 25 iterations, RMS force 7.87e+02
step 13: EM did not converge in 25 iterations, RMS force 7.02e+02
step 14: EM did not converge in 25 iterations, RMS force 7.18e+02
step 15: EM did not converge in 25 iterations, RMS force 7.34e+02
step 16: EM did not converge in 25 iterations, RMS force 8.18e+02
step 17: EM did not converge in 25 iterations, RMS force 6.49e+02
step 18: EM did not converge in 25 iterations, RMS force 7.75e+02
step 19: EM did not converge in 25 iterations, RMS force 7.61e+02
           Step           Time
             20        0.04000

step 20: EM did not converge in 25 iterations, RMS force 7.58e+02
Writing checkpoint, step 20 at Thu Jan 10 17:34:53 2019


   Energies (kJ/mol)
          Angle        LJ (SR)   Coulomb (SR)     Water Pol.      Potential
    4.49483e+02    2.25892e+03   -1.71143e+04    2.43166e+03   -1.19743e+04
    Kinetic En.   Total Energy  Conserved En.    Temperature Pressure (bar)
    3.42808e+03   -8.54618e+03   -8.33422e+03    5.45375e+02    9.25955e+03
   Constr. rmsd
    6.89715e-06

	<======  ###############  ==>
	<====  A V E R A G E S  ====>
	<==  ###############  ======>

	Statistics over 21 steps using 21 frames

   Energies (kJ/mol)
          Angle        LJ (SR)   Coulomb (SR)     Water Pol.      Potential
    3.32952e+02    1.90155e+03   -1.59518e+04    2.87205e+03   -1.08453e+04
    Kinetic En.   Total Energy  Conserved En.    Temperature Pressure (bar)
    2.96059e+03   -7.88469e+03   -7.81673e+03    4.71001e+02    5.65859e+03
   Constr. rmsd
    0.00000e+00

   Total Virial (kJ/mol)
    2.18913e+03   -1.00186e+02    4.89650e+01
   -9.85549e+01   -2.20729e+03   -4.43522e+02
    4.71671e+01   -4.45156e+02   -3.21391e+02

   Pressure (bar)
   -5.99692e+03    6.11441e+02   -3.80613e+02
    6.03049e+02    1.64181e+04    2.20961e+03
   -3.71365e+02    2.21801e+03    6.55459e+03

Fraction of iterations that converged:           0.00 %
Average number of force evaluations per MD step: 25.00


	M E G A - F L O P S   A C C O U N T I N G

 NB=Group-cutoff nonbonded kernels    NxN=N-by-N cluster Verlet kernels
 RF=Reaction-Field  VdW=Van der Waals  QSTab=quadratic-spline table
 W3=SPC/TIP3p  W4=TIP4p (single or pairs)
 V&F=Potential and force  V=Potential only  F=Force only

 Computing:                               M-Number         M-Flops  % Flops
-----------------------------------------------------------------------------
 Pair Search distance check               0.890040           8.010     0.1
 NxN RF Elec. + LJ [V&F]                230.772800       12461.731    95.0
 NxN RF Electrostatics [V&F]             16.639200         599.011     4.6
 Shift-X                                  0.003240           0.019     0.0
 Angles                                   0.113400          19.051     0.1
 Water Pol.                               0.113400           7.031     0.1
 Virial                                   0.590625          10.631     0.1
 Calc-Ekin                                0.023760           0.642     0.0
 Lincs                                    0.009936           0.596     0.0
 Lincs-Mat                                0.059616           0.238     0.0
 Constraint-V                             0.019008           0.152     0.0
 Constraint-Vir                           0.009072           0.218     0.0
 Virtual Site 3                           0.113400           4.196     0.0
-----------------------------------------------------------------------------
 Total                                                   13111.527   100.0
-----------------------------------------------------------------------------


     R E A L   C Y C L E   A N D   T I M E   A C C O U N T I N G

On 1 MPI rank

 Computing:          Num   Num      Call    Wall time         Giga-Cycles
                     Ranks Threads  Count      (s)         total sum    %
-----------------------------------------------------------------------------
 Vsite constr.          1    1         21       0.001          0.002   0.0
 Neighbor search        1    1          3       0.029          0.099   0.2
 Force                  1    1        525      14.454         49.288  97.8
 NB X/F buffer ops.     1    1       1047       0.010          0.036   0.1
 Vsite spread           1    1        525       0.015          0.050   0.1
 Write traj.            1    1          2       0.201          0.685   1.4
 Update                 1    1         21       0.001          0.003   0.0
 Constraints            1    1         23       0.007          0.024   0.0
 Rest                                           0.054          0.185   0.4
-----------------------------------------------------------------------------
 Total                                         14.772         50.373 100.0
-----------------------------------------------------------------------------

               Core t (s)   Wall t (s)        (%)
       Time:       14.771       14.772      100.0
                 (ns/day)    (hour/ns)
Performance:        0.246       97.697
Finished mdrun on rank 0 Thu Jan 10 17:34:53 2019

