  :-) GROMACS - gmx mdrun, 2020-dev-20190109-054b62b766 (double precision) (-:

                            GROMACS is written by:
     Emile Apol      Rossen Apostolov      Paul Bauer     Herman J.C. Berendsen
    Par Bjelkmar      Christian Blau   Viacheslav Bolnykh     Kevin Boyd    
 Aldert van Buuren   Rudi van Drunen     Anton Feenstra       Alan Gray     
  Gerrit Groenhof     Anca Hamuraru    Vincent Hindriksen  M. Eric Irrgang  
  Aleksei Iupinov   Christoph Junghans     Joe Jordan     Dimitrios Karkoulis
    Peter Kasson        Jiri Kraus      Carsten Kutzner      Per Larsson    
  Justin A. Lemkul    Viveca Lindahl    Magnus Lundborg     Erik Marklund   
    Pascal Merz     Pieter Meulenhoff    Teemu Murtola       Szilard Pall   
    Sander Pronk      Roland Schulz      Michael Shirts    Alexey Shvetsov  
   Alfons Sijbers     Peter Tieleman      Jon Vincent      Teemu Virolainen 
 Christian Wennberg    Maarten Wolf   
                           and the project leaders:
        Mark Abraham, Berk Hess, Erik Lindahl, and David van der Spoel

Copyright (c) 1991-2000, University of Groningen, The Netherlands.
Copyright (c) 2001-2018, The GROMACS development team at
Uppsala University, Stockholm University and
the Royal Institute of Technology, Sweden.
check out http://www.gromacs.org for more information.

GROMACS is free software; you can redistribute it and/or modify it
under the terms of the GNU Lesser General Public License
as published by the Free Software Foundation; either version 2.1
of the License, or (at your option) any later version.

GROMACS:      gmx mdrun, version 2020-dev-20190109-054b62b766 (double precision)
Executable:   /home/marklocal/git/master/build-cmake-gcc48-double-reference/install/bin/gmx_d
Data prefix:  /home/marklocal/git/master/build-cmake-gcc48-double-reference/install
Working dir:  /home/marklocal/git/regressiontests-master/complex/aminoacids
Process ID:   16672
Command line:
  gmx_d mdrun -nb cpu -notunepme

GROMACS version:    2020-dev-20190109-054b62b766
GIT SHA1 hash:      054b62b7666c944c1937b6ae8d98f4054c4dc241
Precision:          double
Memory model:       64 bit
MPI library:        none
OpenMP support:     disabled
GPU support:        disabled
SIMD instructions:  NONE
FFT library:        fftpack (built-in)
RDTSCP usage:       disabled
TNG support:        enabled
Hwloc support:      hwloc-1.11.9
Tracing support:    disabled
C compiler:         /usr/bin/gcc-4.8 GNU 4.8.5
C compiler flags:       -Wundef -Wextra -Wno-missing-field-initializers -Wno-sign-compare -Wpointer-arith -Wall -Wno-unused -Wunused-value -Wunused-parameter -Wno-unknown-pragmas  -O0 -g
C++ compiler:       /usr/bin/g++-4.8 GNU 4.8.5
C++ compiler flags:     -std=c++11  -Wundef -Wextra -Wno-missing-field-initializers -Wpointer-arith -Wmissing-declarations -Wall -Wno-unknown-pragmas  -O0 -g


Running on 1 node with total 4 cores, 8 logical cores
Hardware detected:
  CPU info:
    Vendor: Intel
    Brand:  Intel(R) Core(TM) i7-3770 CPU @ 3.40GHz
    Family: 6   Model: 58   Stepping: 9
    Features: aes apic avx clfsh cmov cx8 cx16 f16c htt intel lahf mmx msr nonstop_tsc pcid pclmuldq pdcm popcnt pse rdrnd rdtscp sse2 sse3 sse4.1 sse4.2 ssse3 tdt x2apic
  Hardware topology: Full, with devices
    Sockets, cores, and logical processors:
      Socket  0: [   0   4] [   1   5] [   2   6] [   3   7]
    Numa nodes:
      Node  0 (16767393792 bytes mem):   0   1   2   3   4   5   6   7
      Latency:
               0
         0  1.00
    Caches:
      L1: 32768 bytes, linesize 64 bytes, assoc. 8, shared 2 ways
      L2: 262144 bytes, linesize 64 bytes, assoc. 8, shared 2 ways
      L3: 8388608 bytes, linesize 64 bytes, assoc. 16, shared 8 ways
    PCI devices:
      0000:01:00.0  Id: 10de:1183  Class: 0x0300  Numa: 0
      0000:02:00.0  Id: 10de:1401  Class: 0x0300  Numa: 0
      0000:03:00.0  Id: 10ec:8168  Class: 0x0200  Numa: 0
      0000:00:1f.2  Id: 8086:1e02  Class: 0x0106  Numa: 0

Highest SIMD level requested by all nodes in run: AVX_256
SIMD instructions selected at compile time:       None
This program was compiled for different hardware than you are running on,
which could influence performance.
The current CPU can measure timings more accurately than the code in
gmx mdrun was configured to use. This might affect your simulation
speed as accurate timings are needed for load-balancing.
Please consider rebuilding gmx mdrun with the GMX_USE_RDTSCP=ON CMake option.

++++ PLEASE READ AND CITE THE FOLLOWING REFERENCE ++++
M. J. Abraham, T. Murtola, R. Schulz, S. Páll, J. C. Smith, B. Hess, E.
Lindahl
GROMACS: High performance molecular simulations through multi-level
parallelism from laptops to supercomputers
SoftwareX 1 (2015) pp. 19-25
-------- -------- --- Thank You --- -------- --------


++++ PLEASE READ AND CITE THE FOLLOWING REFERENCE ++++
S. Páll, M. J. Abraham, C. Kutzner, B. Hess, E. Lindahl
Tackling Exascale Software Challenges in Molecular Dynamics Simulations with
GROMACS
In S. Markidis & E. Laure (Eds.), Solving Software Challenges for Exascale 8759 (2015) pp. 3-27
-------- -------- --- Thank You --- -------- --------


++++ PLEASE READ AND CITE THE FOLLOWING REFERENCE ++++
S. Pronk, S. Páll, R. Schulz, P. Larsson, P. Bjelkmar, R. Apostolov, M. R.
Shirts, J. C. Smith, P. M. Kasson, D. van der Spoel, B. Hess, and E. Lindahl
GROMACS 4.5: a high-throughput and highly parallel open source molecular
simulation toolkit
Bioinformatics 29 (2013) pp. 845-54
-------- -------- --- Thank You --- -------- --------


++++ PLEASE READ AND CITE THE FOLLOWING REFERENCE ++++
B. Hess and C. Kutzner and D. van der Spoel and E. Lindahl
GROMACS 4: Algorithms for highly efficient, load-balanced, and scalable
molecular simulation
J. Chem. Theory Comput. 4 (2008) pp. 435-447
-------- -------- --- Thank You --- -------- --------


++++ PLEASE READ AND CITE THE FOLLOWING REFERENCE ++++
D. van der Spoel, E. Lindahl, B. Hess, G. Groenhof, A. E. Mark and H. J. C.
Berendsen
GROMACS: Fast, Flexible and Free
J. Comp. Chem. 26 (2005) pp. 1701-1719
-------- -------- --- Thank You --- -------- --------


++++ PLEASE READ AND CITE THE FOLLOWING REFERENCE ++++
E. Lindahl and B. Hess and D. van der Spoel
GROMACS 3.0: A package for molecular simulation and trajectory analysis
J. Mol. Mod. 7 (2001) pp. 306-317
-------- -------- --- Thank You --- -------- --------


++++ PLEASE READ AND CITE THE FOLLOWING REFERENCE ++++
H. J. C. Berendsen, D. van der Spoel and R. van Drunen
GROMACS: A message-passing parallel molecular dynamics implementation
Comp. Phys. Comm. 91 (1995) pp. 43-56
-------- -------- --- Thank You --- -------- --------


++++ PLEASE CITE THE DOI FOR THIS VERSION OF GROMACS ++++
https://doi.org/10.5281/zenodo.2424363
-------- -------- --- Thank You --- -------- --------

Input Parameters:
   integrator                     = md
   tinit                          = 0
   dt                             = 0.002
   nsteps                         = 10
   init-step                      = 0
   simulation-part                = 1
   comm-mode                      = None
   nstcomm                        = 0
   bd-fric                        = 0
   ld-seed                        = 1993
   emtol                          = 20
   emstep                         = 0.01
   niter                          = 20
   fcstep                         = 0
   nstcgsteep                     = 200
   nbfgscorr                      = 10
   rtpi                           = 0.05
   nstxout                        = 10
   nstvout                        = 10
   nstfout                        = 10
   nstlog                         = 0
   nstcalcenergy                  = 10
   nstenergy                      = 10
   nstxout-compressed             = 0
   compressed-x-precision         = 1000
   cutoff-scheme                  = Verlet
   nstlist                        = 10
   ns-type                        = Grid
   pbc                            = xyz
   periodic-molecules             = false
   verlet-buffer-tolerance        = 0.005
   rlist                          = 5.016
   coulombtype                    = Cut-off
   coulomb-modifier               = Potential-shift
   rcoulomb-switch                = 0
   rcoulomb                       = 5
   epsilon-r                      = 1
   epsilon-rf                     = 1
   vdw-type                       = Cut-off
   vdw-modifier                   = Potential-shift
   rvdw-switch                    = 0
   rvdw                           = 5
   DispCorr                       = No
   table-extension                = 1
   fourierspacing                 = 0.12
   fourier-nx                     = 0
   fourier-ny                     = 0
   fourier-nz                     = 0
   pme-order                      = 4
   ewald-rtol                     = 1e-05
   ewald-rtol-lj                  = 0.001
   lj-pme-comb-rule               = Geometric
   ewald-geometry                 = 0
   epsilon-surface                = 0
   tcoupl                         = V-rescale
   nsttcouple                     = 10
   nh-chain-length                = 0
   print-nose-hoover-chain-variables = false
   pcoupl                         = No
   pcoupltype                     = Isotropic
   nstpcouple                     = -1
   tau-p                          = 1
   compressibility (3x3):
      compressibility[    0]={ 0.00000e+00,  0.00000e+00,  0.00000e+00}
      compressibility[    1]={ 0.00000e+00,  0.00000e+00,  0.00000e+00}
      compressibility[    2]={ 0.00000e+00,  0.00000e+00,  0.00000e+00}
   ref-p (3x3):
      ref-p[    0]={ 0.00000e+00,  0.00000e+00,  0.00000e+00}
      ref-p[    1]={ 0.00000e+00,  0.00000e+00,  0.00000e+00}
      ref-p[    2]={ 0.00000e+00,  0.00000e+00,  0.00000e+00}
   refcoord-scaling               = No
   posres-com (3):
      posres-com[0]= 0.00000e+00
      posres-com[1]= 0.00000e+00
      posres-com[2]= 0.00000e+00
   posres-comB (3):
      posres-comB[0]= 0.00000e+00
      posres-comB[1]= 0.00000e+00
      posres-comB[2]= 0.00000e+00
   QMMM                           = false
   QMconstraints                  = 0
   QMMMscheme                     = 0
   MMChargeScaleFactor            = 1
qm-opts:
   ngQM                           = 0
   constraint-algorithm           = Lincs
   continuation                   = false
   Shake-SOR                      = false
   shake-tol                      = 0.0001
   lincs-order                    = 3
   lincs-iter                     = 2
   lincs-warnangle                = 30
   nwall                          = 0
   wall-type                      = 9-3
   wall-r-linpot                  = -1
   wall-atomtype[0]               = -1
   wall-atomtype[1]               = -1
   wall-density[0]                = 0
   wall-density[1]                = 0
   wall-ewald-zfac                = 3
   pull                           = false
   awh                            = false
   rotation                       = false
   interactiveMD                  = false
   disre                          = No
   disre-weighting                = Equal
   disre-mixed                    = false
   dr-fc                          = 200
   dr-tau                         = 0
   nstdisreout                    = 20
   orire-fc                       = 0
   orire-tau                      = 0
   nstorireout                    = 20
   free-energy                    = no
   cos-acceleration               = 0
   deform (3x3):
      deform[    0]={ 0.00000e+00,  0.00000e+00,  0.00000e+00}
      deform[    1]={ 0.00000e+00,  0.00000e+00,  0.00000e+00}
      deform[    2]={ 0.00000e+00,  0.00000e+00,  0.00000e+00}
   simulated-tempering            = false
   swapcoords                     = no
   userint1                       = 0
   userint2                       = 0
   userint3                       = 0
   userint4                       = 0
   userreal1                      = 0
   userreal2                      = 0
   userreal3                      = 0
   userreal4                      = 0
   applied-forces:
     electric-field:
       x:
         E0                       = 0
         omega                    = 0
         t0                       = 0
         sigma                    = 0
       y:
         E0                       = 0
         omega                    = 0
         t0                       = 0
         sigma                    = 0
       z:
         E0                       = 0
         omega                    = 0
         t0                       = 0
         sigma                    = 0
grpopts:
   nrdf:        2537
   ref-t:         300
   tau-t:         0.1
annealing:          No
annealing-npoints:           0
   acc:	           0           0           0
   nfreeze:           N           N           N
   energygrp-flags[  0]: 0

Changing nstlist from 10 to 100, rlist from 5.016 to 5.211


NOTE: GROMACS was compiled without OpenMP and (thread-)MPI support, can only use a single CPU core

Pinning threads with an auto-selected logical core stride of 2
System total charge: 0.000
Potential shift: LJ r^-12: -4.096e-09 r^-6: -6.400e-05, Coulomb -2e-01
Generated table with 12422 data points for 1-4 COUL.
Tabscale = 2000 points/nm
Generated table with 12422 data points for 1-4 LJ6.
Tabscale = 2000 points/nm
Generated table with 12422 data points for 1-4 LJ12.
Tabscale = 2000 points/nm

Using plain C 4x4 nonbonded short-range kernels

WARNING: Using the slow plain C kernels. This should
not happen during routine usage on supported platforms.

Using a dual 4x4 pair-list setup updated with dynamic pruning:
  outer list: updated every 100 steps, buffer 0.211 nm, rlist 5.211 nm
  inner list: updated every   5 steps, buffer 0.002 nm, rlist 5.002 nm
At tolerance 0.005 kJ/mol/ps per atom, equivalent classical 1x1 list would be:
  outer list: updated every 100 steps, buffer 0.349 nm, rlist 5.349 nm
  inner list: updated every   5 steps, buffer 0.016 nm, rlist 5.016 nm

Using Lorentz-Berthelot Lennard-Jones combination rule

Removing pbc first time

Initializing LINear Constraint Solver

++++ PLEASE READ AND CITE THE FOLLOWING REFERENCE ++++
B. Hess and H. Bekker and H. J. C. Berendsen and J. G. E. M. Fraaije
LINCS: A Linear Constraint Solver for molecular simulations
J. Comp. Chem. 18 (1997) pp. 1463-1472
-------- -------- --- Thank You --- -------- --------

The number of constraints is 484

++++ PLEASE READ AND CITE THE FOLLOWING REFERENCE ++++
G. Bussi, D. Donadio and M. Parrinello
Canonical sampling through velocity rescaling
J. Chem. Phys. 126 (2007) pp. 014101
-------- -------- --- Thank You --- -------- --------

There are: 1007 Atoms

Constraining the starting coordinates (step 0)

Constraining the coordinates at t0-dt (step 0)
RMS relative constraint deviation after constraining: 7.97e-09
Initial temperature: 305.424 K

Started mdrun on rank 0 Thu Jan 10 10:36:44 2019

           Step           Time
              0        0.00000

   Energies (kJ/mol)
           Bond            U-B    Proper Dih.  Improper Dih.      CMAP Dih.
    8.49569e+02    2.38782e+03    1.86323e+03    1.57600e+02   -3.65167e+02
          LJ-14     Coulomb-14        LJ (SR)   Coulomb (SR)      Potential
    9.32331e+02    1.40818e+04   -1.22299e+03   -2.00907e+04   -1.40649e+03
    Kinetic En.   Total Energy  Conserved En.    Temperature Pressure (bar)
    3.19548e+03    1.78899e+03    1.78899e+03    3.02979e+02   -2.73366e+01
   Constr. rmsd
    6.76727e-09

           Step           Time
             10        0.02000

Writing checkpoint, step 10 at Thu Jan 10 10:36:45 2019


   Energies (kJ/mol)
           Bond            U-B    Proper Dih.  Improper Dih.      CMAP Dih.
    9.60991e+02    2.29140e+03    1.85908e+03    1.51741e+02   -3.94452e+02
          LJ-14     Coulomb-14        LJ (SR)   Coulomb (SR)      Potential
    8.96778e+02    1.40933e+04   -1.26011e+03   -2.00024e+04   -1.40368e+03
    Kinetic En.   Total Energy  Conserved En.    Temperature Pressure (bar)
    3.18924e+03    1.78556e+03    1.78298e+03    3.02387e+02   -1.13390e+01
   Constr. rmsd
    1.14579e-08

	<======  ###############  ==>
	<====  A V E R A G E S  ====>
	<==  ###############  ======>

	Statistics over 11 steps using 2 frames

   Energies (kJ/mol)
           Bond            U-B    Proper Dih.  Improper Dih.      CMAP Dih.
    9.05280e+02    2.33961e+03    1.86116e+03    1.54670e+02   -3.79810e+02
          LJ-14     Coulomb-14        LJ (SR)   Coulomb (SR)      Potential
    9.14554e+02    1.40876e+04   -1.24155e+03   -2.00466e+04   -1.40509e+03
    Kinetic En.   Total Energy  Conserved En.    Temperature Pressure (bar)
    3.19236e+03    1.78728e+03    1.78598e+03    3.02683e+02   -1.93378e+01
   Constr. rmsd
    0.00000e+00

   Total Virial (kJ/mol)
    1.07960e+03    1.07703e+02   -6.26912e+01
    1.07703e+02    1.65068e+03    4.63260e+01
   -1.46748e+01   -8.73414e+01    2.78711e+03

   Pressure (bar)
   -6.70244e-01   -2.15257e+00    1.50902e+00
   -2.15257e+00   -1.49535e+01   -1.70087e+00
    3.10931e-01    1.63437e+00   -4.23896e+01


	M E G A - F L O P S   A C C O U N T I N G

 NB=Group-cutoff nonbonded kernels    NxN=N-by-N cluster Verlet kernels
 RF=Reaction-Field  VdW=Van der Waals  QSTab=quadratic-spline table
 W3=SPC/TIP3p  W4=TIP4p (single or pairs)
 V&F=Potential and force  V=Potential only  F=Force only

 Computing:                               M-Number         M-Flops  % Flops
-----------------------------------------------------------------------------
 Pair Search distance check               0.009960           0.090     0.0
 NxN RF Elec. + LJ [F]                    4.820976         183.197    71.3
 NxN RF Elec. + LJ [V&F]                  1.071328          57.852    22.5
 NxN RF Electrostatics [F]                0.025344           0.786     0.3
 NxN RF Electrostatics [V&F]              0.005632           0.203     0.1
 1,4 nonbonded interactions               0.029183           2.626     1.0
 Shift-X                                  0.001007           0.006     0.0
 Bonds                                    0.006017           0.355     0.1
 Propers                                  0.025916           5.935     2.3
 Impropers                                0.001870           0.389     0.2
 Virial                                   0.002104           0.038     0.0
 Calc-Ekin                                0.004028           0.109     0.0
 Lincs                                    0.006292           0.378     0.1
 Lincs-Mat                                0.024050           0.096     0.0
 Constraint-V                             0.011616           0.093     0.0
 Constraint-Vir                           0.000968           0.023     0.0
 CMAP                                     0.000682           1.159     0.5
 Urey-Bradley                             0.020405           3.734     1.5
-----------------------------------------------------------------------------
 Total                                                     257.068   100.0
-----------------------------------------------------------------------------


     R E A L   C Y C L E   A N D   T I M E   A C C O U N T I N G

On 1 MPI rank

 Computing:          Num   Num      Call    Wall time         Giga-Cycles
                     Ranks Threads  Count      (s)         total sum    %
-----------------------------------------------------------------------------
 Neighbor search        1    1          1       0.003          0.010   0.5
 Force                  1    1         11       0.415          1.414  72.1
 NB X/F buffer ops.     1    1         21       0.000          0.001   0.0
 Write traj.            1    1          2       0.152          0.519  26.5
 Update                 1    1         11       0.000          0.001   0.1
 Constraints            1    1         13       0.004          0.015   0.7
 Rest                                           0.000          0.002   0.1
-----------------------------------------------------------------------------
 Total                                          0.575          1.961 100.0
-----------------------------------------------------------------------------

               Core t (s)   Wall t (s)        (%)
       Time:        0.575        0.575       99.9
                 (ns/day)    (hour/ns)
Performance:        3.305        7.262
Finished mdrun on rank 0 Thu Jan 10 10:36:45 2019

